Building DAG of jobs...
Using shell: /usr/bin/bash
Provided cluster nodes: 5000
Job stats:
job                      count    min threads    max threads
---------------------  -------  -------------  -------------
all                          1              1              1
bcftools_mpileup_call       10             24             24
total                       11              1             24

Select jobs to execute...

[Sun Apr  2 13:35:30 2023]
Job 7: --- Generate AllSites vcf/bcf using BCFtools (mpileup/call) ---
Reason: Missing output files: bcf/daphnia_init_10pops_HiC_scaffold_7.bcf


    bcftools mpileup -Ou -f ref/Dgaleata_M5_PBasm.FINAL.fasta -b list/pops/realignedBAM_10pops.list -r HiC_scaffold_7 -a AD,DP,SP --threads 24 | bcftools call -m -Ob -f GQ -o bcf/daphnia_init_10pops_HiC_scaffold_7.bcf --threads 24 2> log/daphnia_init_10pops_HiC_scaffold_7.bcf.log
    
Submitted job 7 with external jobid 'Submitted batch job 120335'.

[Sun Apr  2 13:35:31 2023]
Job 3: --- Generate AllSites vcf/bcf using BCFtools (mpileup/call) ---
Reason: Missing output files: bcf/daphnia_init_10pops_HiC_scaffold_3.bcf


    bcftools mpileup -Ou -f ref/Dgaleata_M5_PBasm.FINAL.fasta -b list/pops/realignedBAM_10pops.list -r HiC_scaffold_3 -a AD,DP,SP --threads 24 | bcftools call -m -Ob -f GQ -o bcf/daphnia_init_10pops_HiC_scaffold_3.bcf --threads 24 2> log/daphnia_init_10pops_HiC_scaffold_3.bcf.log
    
Submitted job 3 with external jobid 'Submitted batch job 120336'.

[Sun Apr  2 13:35:31 2023]
Job 9: --- Generate AllSites vcf/bcf using BCFtools (mpileup/call) ---
Reason: Missing output files: bcf/daphnia_init_10pops_HiC_scaffold_9.bcf


    bcftools mpileup -Ou -f ref/Dgaleata_M5_PBasm.FINAL.fasta -b list/pops/realignedBAM_10pops.list -r HiC_scaffold_9 -a AD,DP,SP --threads 24 | bcftools call -m -Ob -f GQ -o bcf/daphnia_init_10pops_HiC_scaffold_9.bcf --threads 24 2> log/daphnia_init_10pops_HiC_scaffold_9.bcf.log
    
Submitted job 9 with external jobid 'Submitted batch job 120337'.

[Sun Apr  2 13:35:31 2023]
Job 4: --- Generate AllSites vcf/bcf using BCFtools (mpileup/call) ---
Reason: Missing output files: bcf/daphnia_init_10pops_HiC_scaffold_4.bcf


    bcftools mpileup -Ou -f ref/Dgaleata_M5_PBasm.FINAL.fasta -b list/pops/realignedBAM_10pops.list -r HiC_scaffold_4 -a AD,DP,SP --threads 24 | bcftools call -m -Ob -f GQ -o bcf/daphnia_init_10pops_HiC_scaffold_4.bcf --threads 24 2> log/daphnia_init_10pops_HiC_scaffold_4.bcf.log
    
Submitted job 4 with external jobid 'Submitted batch job 120338'.

[Sun Apr  2 13:35:31 2023]
Job 1: --- Generate AllSites vcf/bcf using BCFtools (mpileup/call) ---
Reason: Missing output files: bcf/daphnia_init_10pops_HiC_scaffold_1.bcf


    bcftools mpileup -Ou -f ref/Dgaleata_M5_PBasm.FINAL.fasta -b list/pops/realignedBAM_10pops.list -r HiC_scaffold_1 -a AD,DP,SP --threads 24 | bcftools call -m -Ob -f GQ -o bcf/daphnia_init_10pops_HiC_scaffold_1.bcf --threads 24 2> log/daphnia_init_10pops_HiC_scaffold_1.bcf.log
    
Submitted job 1 with external jobid 'Submitted batch job 120339'.

[Sun Apr  2 13:35:31 2023]
Job 6: --- Generate AllSites vcf/bcf using BCFtools (mpileup/call) ---
Reason: Missing output files: bcf/daphnia_init_10pops_HiC_scaffold_6.bcf


    bcftools mpileup -Ou -f ref/Dgaleata_M5_PBasm.FINAL.fasta -b list/pops/realignedBAM_10pops.list -r HiC_scaffold_6 -a AD,DP,SP --threads 24 | bcftools call -m -Ob -f GQ -o bcf/daphnia_init_10pops_HiC_scaffold_6.bcf --threads 24 2> log/daphnia_init_10pops_HiC_scaffold_6.bcf.log
    
Submitted job 6 with external jobid 'Submitted batch job 120340'.

[Sun Apr  2 13:35:31 2023]
Job 2: --- Generate AllSites vcf/bcf using BCFtools (mpileup/call) ---
Reason: Missing output files: bcf/daphnia_init_10pops_HiC_scaffold_2.bcf


    bcftools mpileup -Ou -f ref/Dgaleata_M5_PBasm.FINAL.fasta -b list/pops/realignedBAM_10pops.list -r HiC_scaffold_2 -a AD,DP,SP --threads 24 | bcftools call -m -Ob -f GQ -o bcf/daphnia_init_10pops_HiC_scaffold_2.bcf --threads 24 2> log/daphnia_init_10pops_HiC_scaffold_2.bcf.log
    
Submitted job 2 with external jobid 'Submitted batch job 120341'.

[Sun Apr  2 13:35:31 2023]
Job 8: --- Generate AllSites vcf/bcf using BCFtools (mpileup/call) ---
Reason: Missing output files: bcf/daphnia_init_10pops_HiC_scaffold_8.bcf


    bcftools mpileup -Ou -f ref/Dgaleata_M5_PBasm.FINAL.fasta -b list/pops/realignedBAM_10pops.list -r HiC_scaffold_8 -a AD,DP,SP --threads 24 | bcftools call -m -Ob -f GQ -o bcf/daphnia_init_10pops_HiC_scaffold_8.bcf --threads 24 2> log/daphnia_init_10pops_HiC_scaffold_8.bcf.log
    
Submitted job 8 with external jobid 'Submitted batch job 120342'.

[Sun Apr  2 13:35:31 2023]
Job 10: --- Generate AllSites vcf/bcf using BCFtools (mpileup/call) ---
Reason: Missing output files: bcf/daphnia_init_10pops_HiC_scaffold_10.bcf


    bcftools mpileup -Ou -f ref/Dgaleata_M5_PBasm.FINAL.fasta -b list/pops/realignedBAM_10pops.list -r HiC_scaffold_10 -a AD,DP,SP --threads 24 | bcftools call -m -Ob -f GQ -o bcf/daphnia_init_10pops_HiC_scaffold_10.bcf --threads 24 2> log/daphnia_init_10pops_HiC_scaffold_10.bcf.log
    
Submitted job 10 with external jobid 'Submitted batch job 120343'.

[Sun Apr  2 13:35:31 2023]
Job 5: --- Generate AllSites vcf/bcf using BCFtools (mpileup/call) ---
Reason: Missing output files: bcf/daphnia_init_10pops_HiC_scaffold_5.bcf


    bcftools mpileup -Ou -f ref/Dgaleata_M5_PBasm.FINAL.fasta -b list/pops/realignedBAM_10pops.list -r HiC_scaffold_5 -a AD,DP,SP --threads 24 | bcftools call -m -Ob -f GQ -o bcf/daphnia_init_10pops_HiC_scaffold_5.bcf --threads 24 2> log/daphnia_init_10pops_HiC_scaffold_5.bcf.log
    
Submitted job 5 with external jobid 'Submitted batch job 120344'.
[Tue Apr  4 00:20:55 2023]
Finished job 7.
1 of 11 steps (9%) done
[Tue Apr  4 15:12:37 2023]
Finished job 9.
2 of 11 steps (18%) done
[Tue Apr  4 15:52:43 2023]
Finished job 5.
3 of 11 steps (27%) done
[Tue Apr  4 17:16:30 2023]
Finished job 6.
4 of 11 steps (36%) done
[Tue Apr  4 17:28:45 2023]
Finished job 1.
5 of 11 steps (45%) done
[Tue Apr  4 17:36:31 2023]
Finished job 10.
6 of 11 steps (55%) done
[Tue Apr  4 17:43:11 2023]
Finished job 3.
7 of 11 steps (64%) done
[Tue Apr  4 18:02:51 2023]
Finished job 8.
8 of 11 steps (73%) done
[Tue Apr  4 23:36:19 2023]
Finished job 2.
9 of 11 steps (82%) done
[Wed Apr  5 02:06:08 2023]
Finished job 4.
10 of 11 steps (91%) done
Select jobs to execute...

[Wed Apr  5 02:06:08 2023]
localrule all:
    input: bcf/daphnia_init_10pops_HiC_scaffold_1.bcf, bcf/daphnia_init_10pops_HiC_scaffold_2.bcf, bcf/daphnia_init_10pops_HiC_scaffold_3.bcf, bcf/daphnia_init_10pops_HiC_scaffold_4.bcf, bcf/daphnia_init_10pops_HiC_scaffold_5.bcf, bcf/daphnia_init_10pops_HiC_scaffold_6.bcf, bcf/daphnia_init_10pops_HiC_scaffold_7.bcf, bcf/daphnia_init_10pops_HiC_scaffold_8.bcf, bcf/daphnia_init_10pops_HiC_scaffold_9.bcf, bcf/daphnia_init_10pops_HiC_scaffold_10.bcf
    jobid: 0
    reason: Input files updated by another job: bcf/daphnia_init_10pops_HiC_scaffold_2.bcf, bcf/daphnia_init_10pops_HiC_scaffold_1.bcf, bcf/daphnia_init_10pops_HiC_scaffold_7.bcf, bcf/daphnia_init_10pops_HiC_scaffold_9.bcf, bcf/daphnia_init_10pops_HiC_scaffold_5.bcf, bcf/daphnia_init_10pops_HiC_scaffold_10.bcf, bcf/daphnia_init_10pops_HiC_scaffold_3.bcf, bcf/daphnia_init_10pops_HiC_scaffold_6.bcf, bcf/daphnia_init_10pops_HiC_scaffold_4.bcf, bcf/daphnia_init_10pops_HiC_scaffold_8.bcf
    resources: mem_mb=57139, mem_mib=54492, disk_mb=57139, disk_mib=54492, tmpdir=/tmp, partition=std, mem=1, walltime=240:00:00

[Wed Apr  5 02:06:08 2023]
Finished job 0.
11 of 11 steps (100%) done
Complete log: .snakemake/log/2023-04-02T133530.133059.snakemake.log
