Building DAG of jobs...
Using shell: /usr/bin/bash
Provided cluster nodes: 5000
Job stats:
job                      count    min threads    max threads
---------------------  -------  -------------  -------------
all                          1              1              1
bcftools_mpileup_call       10             24             24
total                       11              1             24

Select jobs to execute...

[Sun Apr  2 12:32:14 2023]
Job 5: --- Generate AllSites vcf/bcf using BCFtools (mpileup/call) ---
Reason: Missing output files: bcf/daphnia_init_lacustris_HiC_scaffold_1.bcf


    bcftools mpileup -Ou -f ref/Dgaleata_M5_PBasm.FINAL.fasta -b list/pops/realignedBAM_test.list -r HiC_scaffold_1 -a AD,DP,SP --threads 24 | bcftools call -m -Ob -f GQ -o bcf/daphnia_init_lacustris_HiC_scaffold_1.bcf --threads 24 2> log/daphnia_init_lacustris_HiC_scaffold_1.bcf.log
    
Submitted job 5 with external jobid 'Submitted batch job 120254'.

[Sun Apr  2 12:32:15 2023]
Job 1: --- Generate AllSites vcf/bcf using BCFtools (mpileup/call) ---
Reason: Missing output files: bcf/daphnia_init_cucullata_HiC_scaffold_1.bcf


    bcftools mpileup -Ou -f ref/Dgaleata_M5_PBasm.FINAL.fasta -b list/pops/realignedBAM_test.list -r HiC_scaffold_1 -a AD,DP,SP --threads 24 | bcftools call -m -Ob -f GQ -o bcf/daphnia_init_cucullata_HiC_scaffold_1.bcf --threads 24 2> log/daphnia_init_cucullata_HiC_scaffold_1.bcf.log
    
Submitted job 1 with external jobid 'Submitted batch job 120255'.

[Sun Apr  2 12:32:15 2023]
Job 7: --- Generate AllSites vcf/bcf using BCFtools (mpileup/call) ---
Reason: Missing output files: bcf/daphnia_init_longispina_HiC_scaffold_1.bcf


    bcftools mpileup -Ou -f ref/Dgaleata_M5_PBasm.FINAL.fasta -b list/pops/realignedBAM_test.list -r HiC_scaffold_1 -a AD,DP,SP --threads 24 | bcftools call -m -Ob -f GQ -o bcf/daphnia_init_longispina_HiC_scaffold_1.bcf --threads 24 2> log/daphnia_init_longispina_HiC_scaffold_1.bcf.log
    
Submitted job 7 with external jobid 'Submitted batch job 120256'.

[Sun Apr  2 12:32:15 2023]
Job 3: --- Generate AllSites vcf/bcf using BCFtools (mpileup/call) ---
Reason: Missing output files: bcf/daphnia_init_dentifera_HiC_scaffold_1.bcf


    bcftools mpileup -Ou -f ref/Dgaleata_M5_PBasm.FINAL.fasta -b list/pops/realignedBAM_test.list -r HiC_scaffold_1 -a AD,DP,SP --threads 24 | bcftools call -m -Ob -f GQ -o bcf/daphnia_init_dentifera_HiC_scaffold_1.bcf --threads 24 2> log/daphnia_init_dentifera_HiC_scaffold_1.bcf.log
    
Submitted job 3 with external jobid 'Submitted batch job 120257'.

[Sun Apr  2 12:32:15 2023]
Job 9: --- Generate AllSites vcf/bcf using BCFtools (mpileup/call) ---
Reason: Missing output files: bcf/daphnia_init_umbra_HiC_scaffold_1.bcf


    bcftools mpileup -Ou -f ref/Dgaleata_M5_PBasm.FINAL.fasta -b list/pops/realignedBAM_test.list -r HiC_scaffold_1 -a AD,DP,SP --threads 24 | bcftools call -m -Ob -f GQ -o bcf/daphnia_init_umbra_HiC_scaffold_1.bcf --threads 24 2> log/daphnia_init_umbra_HiC_scaffold_1.bcf.log
    
Submitted job 9 with external jobid 'Submitted batch job 120258'.

[Sun Apr  2 12:32:15 2023]
Job 4: --- Generate AllSites vcf/bcf using BCFtools (mpileup/call) ---
Reason: Missing output files: bcf/daphnia_init_galeata_HiC_scaffold_1.bcf


    bcftools mpileup -Ou -f ref/Dgaleata_M5_PBasm.FINAL.fasta -b list/pops/realignedBAM_test.list -r HiC_scaffold_1 -a AD,DP,SP --threads 24 | bcftools call -m -Ob -f GQ -o bcf/daphnia_init_galeata_HiC_scaffold_1.bcf --threads 24 2> log/daphnia_init_galeata_HiC_scaffold_1.bcf.log
    
Submitted job 4 with external jobid 'Submitted batch job 120259'.

[Sun Apr  2 12:32:15 2023]
Job 6: --- Generate AllSites vcf/bcf using BCFtools (mpileup/call) ---
Reason: Missing output files: bcf/daphnia_init_longispinaFIN_HiC_scaffold_1.bcf


    bcftools mpileup -Ou -f ref/Dgaleata_M5_PBasm.FINAL.fasta -b list/pops/realignedBAM_test.list -r HiC_scaffold_1 -a AD,DP,SP --threads 24 | bcftools call -m -Ob -f GQ -o bcf/daphnia_init_longispinaFIN_HiC_scaffold_1.bcf --threads 24 2> log/daphnia_init_longispinaFIN_HiC_scaffold_1.bcf.log
    
Submitted job 6 with external jobid 'Submitted batch job 120260'.

[Sun Apr  2 12:32:15 2023]
Job 2: --- Generate AllSites vcf/bcf using BCFtools (mpileup/call) ---
Reason: Missing output files: bcf/daphnia_init_curvirostris_HiC_scaffold_1.bcf


    bcftools mpileup -Ou -f ref/Dgaleata_M5_PBasm.FINAL.fasta -b list/pops/realignedBAM_test.list -r HiC_scaffold_1 -a AD,DP,SP --threads 24 | bcftools call -m -Ob -f GQ -o bcf/daphnia_init_curvirostris_HiC_scaffold_1.bcf --threads 24 2> log/daphnia_init_curvirostris_HiC_scaffold_1.bcf.log
    
Submitted job 2 with external jobid 'Submitted batch job 120261'.

[Sun Apr  2 12:32:15 2023]
Job 8: --- Generate AllSites vcf/bcf using BCFtools (mpileup/call) ---
Reason: Missing output files: bcf/daphnia_init_mendotae_HiC_scaffold_1.bcf


    bcftools mpileup -Ou -f ref/Dgaleata_M5_PBasm.FINAL.fasta -b list/pops/realignedBAM_test.list -r HiC_scaffold_1 -a AD,DP,SP --threads 24 | bcftools call -m -Ob -f GQ -o bcf/daphnia_init_mendotae_HiC_scaffold_1.bcf --threads 24 2> log/daphnia_init_mendotae_HiC_scaffold_1.bcf.log
    
Submitted job 8 with external jobid 'Submitted batch job 120262'.

[Sun Apr  2 12:32:15 2023]
Job 10: --- Generate AllSites vcf/bcf using BCFtools (mpileup/call) ---
Reason: Missing output files: bcf/daphnia_init_zschokkei_HiC_scaffold_1.bcf


    bcftools mpileup -Ou -f ref/Dgaleata_M5_PBasm.FINAL.fasta -b list/pops/realignedBAM_test.list -r HiC_scaffold_1 -a AD,DP,SP --threads 24 | bcftools call -m -Ob -f GQ -o bcf/daphnia_init_zschokkei_HiC_scaffold_1.bcf --threads 24 2> log/daphnia_init_zschokkei_HiC_scaffold_1.bcf.log
    
Submitted job 10 with external jobid 'Submitted batch job 120263'.
slurmstepd-n011: error: *** JOB 120253 ON n011 CANCELLED AT 2023-04-02T12:35:25 ***
