Building DAG of jobs...
Using shell: /usr/bin/bash
Provided cluster nodes: 5000
Job stats:
job          count    min threads    max threads
---------  -------  -------------  -------------
all              1              1              1
map_reads        3             12             12
total            4              1             12

Select jobs to execute...

[Wed Feb  1 16:03:38 2023]
Job 1:  Simple example for mapping with bbmap and sam2bam using samtools 
Reason: Missing output files: results/mapped/A.bam; Set of input files has changed since last execution


    bbmap.sh -Xmx120g in=data/samples/A.fastq ref=/scratch/c7701178/snakemake/ref/genome.fa out=stdout.sam | samtools view -Sb - > results/mapped/A.bam
    
Submitted job 1 with external jobid 'Submitted batch job 3176'.

[Wed Feb  1 16:03:39 2023]
Job 2:  Simple example for mapping with bbmap and sam2bam using samtools 
Reason: Missing output files: results/mapped/B.bam


    bbmap.sh -Xmx120g in=data/samples/B.fastq ref=/scratch/c7701178/snakemake/ref/genome.fa out=stdout.sam | samtools view -Sb - > results/mapped/B.bam
    
Submitted job 2 with external jobid 'Submitted batch job 3177'.

[Wed Feb  1 16:03:39 2023]
Job 3:  Simple example for mapping with bbmap and sam2bam using samtools 
Reason: Missing output files: results/mapped/C.bam


    bbmap.sh -Xmx120g in=data/samples/C.fastq ref=/scratch/c7701178/snakemake/ref/genome.fa out=stdout.sam | samtools view -Sb - > results/mapped/C.bam
    
Submitted job 3 with external jobid 'Submitted batch job 3178'.
[Wed Feb  1 16:03:48 2023]
Finished job 1.
1 of 4 steps (25%) done
[Wed Feb  1 16:03:49 2023]
Finished job 2.
2 of 4 steps (50%) done
[Wed Feb  1 16:03:50 2023]
Finished job 3.
3 of 4 steps (75%) done
Select jobs to execute...

[Wed Feb  1 16:03:50 2023]
localrule all:
    input: results/mapped/A.bam, results/mapped/B.bam, results/mapped/C.bam
    jobid: 0
    reason: Input files updated by another job: results/mapped/A.bam, results/mapped/B.bam, results/mapped/C.bam
    resources: mem_mb=1000, mem_mib=954, disk_mb=1000, disk_mib=954, tmpdir=/tmp, partition=std, mem=1, walltime=240:00:00

[Wed Feb  1 16:03:50 2023]
Finished job 0.
4 of 4 steps (100%) done
Complete log: .snakemake/log/2023-02-01T160337.366179.snakemake.log
