Building DAG of jobs...
Using shell: /usr/bin/bash
Provided cluster nodes: 5000
Job stats:
job                      count    min threads    max threads
---------------------  -------  -------------  -------------
all                          1              1              1
bcftools_mpileup_call        2             24             24
total                        3              1             24

Select jobs to execute...

[Wed Apr  5 16:08:24 2023]
Job 1: --- Generate AllSites vcf/bcf using BCFtools (mpileup/call) ---
Reason: Missing output files: bcf/daphnia_init_10pops_HiC_scaffold_11.bcf


    bcftools mpileup -Ou -f ref/Dgaleata_M5_PBasm.FINAL.fasta -b list/pops/realignedBAM_10pops.list -r HiC_scaffold_11 -a AD,DP,SP --threads 24 | bcftools call -m -Ob -f GQ -o bcf/daphnia_init_10pops_HiC_scaffold_11.bcf --threads 24 2> log/daphnia_init_10pops10pops__HiC_scaffold_11.bcf.log
    
Submitted job 1 with external jobid 'Submitted batch job 122265'.

[Wed Apr  5 16:08:25 2023]
Job 2: --- Generate AllSites vcf/bcf using BCFtools (mpileup/call) ---
Reason: Missing output files: bcf/daphnia_init_10pops_HiC_scaffold_12.bcf


    bcftools mpileup -Ou -f ref/Dgaleata_M5_PBasm.FINAL.fasta -b list/pops/realignedBAM_10pops.list -r HiC_scaffold_12 -a AD,DP,SP --threads 24 | bcftools call -m -Ob -f GQ -o bcf/daphnia_init_10pops_HiC_scaffold_12.bcf --threads 24 2> log/daphnia_init_10pops10pops__HiC_scaffold_12.bcf.log
    
Submitted job 2 with external jobid 'Submitted batch job 122266'.
[Wed Apr  5 23:49:23 2023]
Finished job 1.
1 of 3 steps (33%) done
[Thu Apr  6 01:58:32 2023]
Finished job 2.
2 of 3 steps (67%) done
Select jobs to execute...

[Thu Apr  6 01:58:32 2023]
localrule all:
    input: bcf/daphnia_init_10pops_HiC_scaffold_11.bcf, bcf/daphnia_init_10pops_HiC_scaffold_12.bcf
    jobid: 0
    reason: Input files updated by another job: bcf/daphnia_init_10pops_HiC_scaffold_11.bcf, bcf/daphnia_init_10pops_HiC_scaffold_12.bcf
    resources: mem_mb=1000, mem_mib=954, disk_mb=1000, disk_mib=954, tmpdir=/tmp, partition=std, mem=1, walltime=120:00:00

[Thu Apr  6 01:58:32 2023]
Finished job 0.
3 of 3 steps (100%) done
Complete log: .snakemake/log/2023-04-05T160823.083388.snakemake.log
