Building DAG of jobs...
Using shell: /usr/bin/bash
Provided cluster nodes: 5000
Job stats:
job                      count    min threads    max threads
---------------------  -------  -------------  -------------
all                          1              1              1
bcftools_mpileup_call        1             24             24
total                        2              1             24

Select jobs to execute...

[Sat Apr  1 00:27:01 2023]
Job 1: --- Generate AllSites vcf/bcf using BCFtools (mpileup/call) ---
Reason: Missing output files: bcf/daphnia_init_cucullata_HiC_scaffold_1.bcf


    bcftools mpileup -Ou -f ref/Dgaleata_M5_PBasm.FINAL.fasta -b list/realignedBAM_cucullata_HiC_scaffold.list -r 1 -a AD,DP,SP --threads 24 | bcftools call -m -Ob -f GQ -o bcf/daphnia_init_cucullata_HiC_scaffold_1.bcf --threads 24 2> log/daphnia_init_cucullata_HiC_scaffold_1.bcf.log
    
Submitted job 1 with external jobid 'Submitted batch job 119187'.
[Sat Apr  1 00:27:11 2023]
Error in rule bcftools_mpileup_call:
    jobid: 1
    input: ref/Dgaleata_M5_PBasm.FINAL.fasta
    output: bcf/daphnia_init_cucullata_HiC_scaffold_1.bcf
    log: log/daphnia_init_cucullata_HiC_scaffold_1.bcf.log (check log file(s) for error details)
    shell:
        
    bcftools mpileup -Ou -f ref/Dgaleata_M5_PBasm.FINAL.fasta -b list/realignedBAM_cucullata_HiC_scaffold.list -r 1 -a AD,DP,SP --threads 24 | bcftools call -m -Ob -f GQ -o bcf/daphnia_init_cucullata_HiC_scaffold_1.bcf --threads 24 2> log/daphnia_init_cucullata_HiC_scaffold_1.bcf.log
    
        (one of the commands exited with non-zero exit code; note that snakemake uses bash strict mode!)
    cluster_jobid: Submitted batch job 119187

Error executing rule bcftools_mpileup_call on cluster (jobid: 1, external: Submitted batch job 119187, jobscript: /gpfs/gpfs1/scratch/c7701178/mach2/DAPHNIA/daphnia_snakemake_SLURM/.snakemake/tmp.4go0u_h7/snakejob.bcftools_mpileup_call.1.sh). For error details see the cluster log and the log files of the involved rule(s).
Exiting because a job execution failed. Look above for error message
Complete log: .snakemake/log/2023-04-01T002701.359076.snakemake.log
