Building DAG of jobs...
Using shell: /usr/bin/bash
Provided cluster nodes: 5000
Job stats:
job                 count    min threads    max threads
----------------  -------  -------------  -------------
all                     1              1              1
angsd_SAF_POP           3              6              6
onedsfs_folded          3              6              6
sfs2theta              11             12             12
theta_stat_SW          11             12             12
theta_stat_chrom       11             12             12
total                  40              1             12

Select jobs to execute...

[Tue Apr 25 16:21:03 2023]
Job 33:  calculate theta estimates for each site 
Reason: Missing output files: saf/POPS/PRE_long_LC_8_8_276.GL2.sfs2theta.done


    realSFS saf2theta saf/POPS/PRE_long_LC_8_8_276.GL2.saf.idx -sfs saf/POPS/PRE_long_LC_8_8_276.GL2.1D.sfs -outname saf/POPS/PRE_long_LC_8_8_276.GL2 2> log/saf_POPS/PRE_long_LC_8_8_276.GL2.sfs2theta.log 2> log/saf_POPS/PRE_long_LC_8_8_276.GL2.sfs2theta.log
    
Submitted job 33 with external jobid 'Submitted batch job 142045'.

[Tue Apr 25 16:21:04 2023]
Job 28:  calculate theta estimates for each site 
Reason: Missing output files: saf/POPS/hatched_gal_LC_22_22_1161.GL2.sfs2theta.done


    realSFS saf2theta saf/POPS/hatched_gal_LC_22_22_1161.GL2.saf.idx -sfs saf/POPS/hatched_gal_LC_22_22_1161.GL2.1D.sfs -outname saf/POPS/hatched_gal_LC_22_22_1161.GL2 2> log/saf_POPS/hatched_gal_LC_22_22_1161.GL2.sfs2theta.log 2> log/saf_POPS/hatched_gal_LC_22_22_1161.GL2.sfs2theta.log
    
Submitted job 28 with external jobid 'Submitted batch job 142046'.

[Tue Apr 25 16:21:04 2023]
Job 9:  Compute site allele frequency likelihood (.saf.idx) for each population using angsd 
Reason: Missing output files: saf/POPS/PEL_cuc_LC_8_8_215.GL2.saf.idx.done


    angsd -b list/saf/PEL_cuc_LC.list -ref ref/Dgaleata_M5_PBasm.FINAL.fasta -anc ref/Dgaleata_M5_PBasm.FINAL.fasta -out saf/POPS/PEL_cuc_LC_8_8_215.GL2 -uniqueOnly 1 -remove_bads 1 -only_proper_pairs 1 -trim 0 -C 50 -minQ 20 -minMapQ 30 -minInd 8 -setMinDepth 8 -setMaxDepth 215 -GL 2 -doCounts 1 -doSaf 1 2> log/saf_POPS/PEL_cuc_LC_8_8_215.GL2.saf.idx.log
    
Submitted job 9 with external jobid 'Submitted batch job 142047'.

[Tue Apr 25 16:21:04 2023]
Job 30:  calculate theta estimates for each site 
Reason: Missing output files: saf/POPS/longREF9_9_9_393.GL2.sfs2theta.done


    realSFS saf2theta saf/POPS/longREF9_9_9_393.GL2.saf.idx -sfs saf/POPS/longREF9_9_9_393.GL2.1D.sfs -outname saf/POPS/longREF9_9_9_393.GL2 2> log/saf_POPS/longREF9_9_9_393.GL2.sfs2theta.log 2> log/saf_POPS/longREF9_9_9_393.GL2.sfs2theta.log
    
Submitted job 30 with external jobid 'Submitted batch job 142048'.

[Tue Apr 25 16:21:04 2023]
Job 32:  calculate theta estimates for each site 
Reason: Missing output files: saf/POPS/PEL_long_LC_17_17_480.GL2.sfs2theta.done


    realSFS saf2theta saf/POPS/PEL_long_LC_17_17_480.GL2.saf.idx -sfs saf/POPS/PEL_long_LC_17_17_480.GL2.1D.sfs -outname saf/POPS/PEL_long_LC_17_17_480.GL2 2> log/saf_POPS/PEL_long_LC_17_17_480.GL2.sfs2theta.log 2> log/saf_POPS/PEL_long_LC_17_17_480.GL2.sfs2theta.log
    
Submitted job 32 with external jobid 'Submitted batch job 142049'.

[Tue Apr 25 16:21:04 2023]
Job 1:  Compute site allele frequency likelihood (.saf.idx) for each population using angsd 
Reason: Missing output files: saf/POPS/ALL_gal_LC_100_100_5343.GL2.saf.idx.done


    angsd -b list/saf/ALL_gal_LC.list -ref ref/Dgaleata_M5_PBasm.FINAL.fasta -anc ref/Dgaleata_M5_PBasm.FINAL.fasta -out saf/POPS/ALL_gal_LC_100_100_5343.GL2 -uniqueOnly 1 -remove_bads 1 -only_proper_pairs 1 -trim 0 -C 50 -minQ 20 -minMapQ 30 -minInd 100 -setMinDepth 100 -setMaxDepth 5343 -GL 2 -doCounts 1 -doSaf 1 2> log/saf_POPS/ALL_gal_LC_100_100_5343.GL2.saf.idx.log
    
Submitted job 1 with external jobid 'Submitted batch job 142050'.

[Tue Apr 25 16:21:04 2023]
Job 25:  calculate theta estimates for each site 
Reason: Missing output files: saf/POPS/curvirostris_8_8_82.GL2.sfs2theta.done


    realSFS saf2theta saf/POPS/curvirostris_8_8_82.GL2.saf.idx -sfs saf/POPS/curvirostris_8_8_82.GL2.1D.sfs -outname saf/POPS/curvirostris_8_8_82.GL2 2> log/saf_POPS/curvirostris_8_8_82.GL2.sfs2theta.log 2> log/saf_POPS/curvirostris_8_8_82.GL2.sfs2theta.log
    
Submitted job 25 with external jobid 'Submitted batch job 142051'.

[Tue Apr 25 16:21:04 2023]
Job 27:  calculate theta estimates for each site 
Reason: Missing output files: saf/POPS/galREF9_9_9_467.GL2.sfs2theta.done


    realSFS saf2theta saf/POPS/galREF9_9_9_467.GL2.saf.idx -sfs saf/POPS/galREF9_9_9_467.GL2.1D.sfs -outname saf/POPS/galREF9_9_9_467.GL2 2> log/saf_POPS/galREF9_9_9_467.GL2.sfs2theta.log 2> log/saf_POPS/galREF9_9_9_467.GL2.sfs2theta.log
    
Submitted job 27 with external jobid 'Submitted batch job 142052'.

[Tue Apr 25 16:21:04 2023]
Job 4:  Compute site allele frequency likelihood (.saf.idx) for each population using angsd 
Reason: Missing output files: saf/POPS/EGGS_gal_LC_78_78_4182.GL2.saf.idx.done


    angsd -b list/saf/EGGS_gal_LC.list -ref ref/Dgaleata_M5_PBasm.FINAL.fasta -anc ref/Dgaleata_M5_PBasm.FINAL.fasta -out saf/POPS/EGGS_gal_LC_78_78_4182.GL2 -uniqueOnly 1 -remove_bads 1 -only_proper_pairs 1 -trim 0 -C 50 -minQ 20 -minMapQ 30 -minInd 78 -setMinDepth 78 -setMaxDepth 4182 -GL 2 -doCounts 1 -doSaf 1 2> log/saf_POPS/EGGS_gal_LC_78_78_4182.GL2.saf.idx.log
    
Submitted job 4 with external jobid 'Submitted batch job 142053'.

[Tue Apr 25 16:21:04 2023]
Job 29:  calculate theta estimates for each site 
Reason: Missing output files: saf/POPS/longREF7_7_7_317.GL2.sfs2theta.done


    realSFS saf2theta saf/POPS/longREF7_7_7_317.GL2.saf.idx -sfs saf/POPS/longREF7_7_7_317.GL2.1D.sfs -outname saf/POPS/longREF7_7_7_317.GL2 2> log/saf_POPS/longREF7_7_7_317.GL2.sfs2theta.log 2> log/saf_POPS/longREF7_7_7_317.GL2.sfs2theta.log
    
Submitted job 29 with external jobid 'Submitted batch job 142054'.

[Tue Apr 25 16:21:04 2023]
Job 24:  calculate theta estimates for each site 
Reason: Missing output files: saf/POPS/cucREF7_7_7_284.GL2.sfs2theta.done


    realSFS saf2theta saf/POPS/cucREF7_7_7_284.GL2.saf.idx -sfs saf/POPS/cucREF7_7_7_284.GL2.1D.sfs -outname saf/POPS/cucREF7_7_7_284.GL2 2> log/saf_POPS/cucREF7_7_7_284.GL2.sfs2theta.log 2> log/saf_POPS/cucREF7_7_7_284.GL2.sfs2theta.log
    
Submitted job 24 with external jobid 'Submitted batch job 142055'.
[Tue Apr 25 16:21:39 2023]
Finished job 25.
1 of 40 steps (2%) done
Select jobs to execute...

[Tue Apr 25 16:21:39 2023]
Job 47:  Estimate Tajimas D and other statistics using a sliding window analysis 
Reason: Missing output files: saf/POPS/curvirostris_8_8_82.GL2.theta_stats_Window10kb.done; Input files updated by another job: saf/POPS/curvirostris_8_8_82.GL2.sfs2theta.done


    thetaStat do_stat saf/POPS/curvirostris_8_8_82.GL2.thetas.idx -win 10000 -step 1000 -outnames saf/POPS/curvirostris_8_8_82.GL2.theta_stats_Window10kb 2> log/saf_POPS/curvirostris_8_8_82.GL2.theta_stats_Window10kb.log
    
Submitted job 47 with external jobid 'Submitted batch job 142056'.

[Tue Apr 25 16:21:39 2023]
Job 36:  Estimate Tajimas D and other statistics 
Reason: Missing output files: saf/POPS/curvirostris_8_8_82.GL2.theta_stats_chrom.done; Input files updated by another job: saf/POPS/curvirostris_8_8_82.GL2.sfs2theta.done


    thetaStat do_stat saf/POPS/curvirostris_8_8_82.GL2.thetas.idx 2> log/saf_POPS/curvirostris_8_8_82.GL2.theta_stats_chrom.log
    
Submitted job 36 with external jobid 'Submitted batch job 142057'.
[Tue Apr 25 16:22:14 2023]
Finished job 47.
2 of 40 steps (5%) done
[Tue Apr 25 16:22:15 2023]
Finished job 36.
3 of 40 steps (8%) done
[Tue Apr 25 16:22:44 2023]
Finished job 24.
4 of 40 steps (10%) done
Select jobs to execute...

[Tue Apr 25 16:22:44 2023]
Job 46:  Estimate Tajimas D and other statistics using a sliding window analysis 
Reason: Missing output files: saf/POPS/cucREF7_7_7_284.GL2.theta_stats_Window10kb.done; Input files updated by another job: saf/POPS/cucREF7_7_7_284.GL2.sfs2theta.done


    thetaStat do_stat saf/POPS/cucREF7_7_7_284.GL2.thetas.idx -win 10000 -step 1000 -outnames saf/POPS/cucREF7_7_7_284.GL2.theta_stats_Window10kb 2> log/saf_POPS/cucREF7_7_7_284.GL2.theta_stats_Window10kb.log
    
Submitted job 46 with external jobid 'Submitted batch job 142058'.

[Tue Apr 25 16:22:44 2023]
Job 35:  Estimate Tajimas D and other statistics 
Reason: Missing output files: saf/POPS/cucREF7_7_7_284.GL2.theta_stats_chrom.done; Input files updated by another job: saf/POPS/cucREF7_7_7_284.GL2.sfs2theta.done


    thetaStat do_stat saf/POPS/cucREF7_7_7_284.GL2.thetas.idx 2> log/saf_POPS/cucREF7_7_7_284.GL2.theta_stats_chrom.log
    
Submitted job 35 with external jobid 'Submitted batch job 142059'.
[Tue Apr 25 16:23:02 2023]
Finished job 29.
5 of 40 steps (12%) done
Select jobs to execute...

[Tue Apr 25 16:23:02 2023]
Job 51:  Estimate Tajimas D and other statistics using a sliding window analysis 
Reason: Missing output files: saf/POPS/longREF7_7_7_317.GL2.theta_stats_Window10kb.done; Input files updated by another job: saf/POPS/longREF7_7_7_317.GL2.sfs2theta.done


    thetaStat do_stat saf/POPS/longREF7_7_7_317.GL2.thetas.idx -win 10000 -step 1000 -outnames saf/POPS/longREF7_7_7_317.GL2.theta_stats_Window10kb 2> log/saf_POPS/longREF7_7_7_317.GL2.theta_stats_Window10kb.log
    
Submitted job 51 with external jobid 'Submitted batch job 142060'.

[Tue Apr 25 16:23:02 2023]
Job 40:  Estimate Tajimas D and other statistics 
Reason: Missing output files: saf/POPS/longREF7_7_7_317.GL2.theta_stats_chrom.done; Input files updated by another job: saf/POPS/longREF7_7_7_317.GL2.sfs2theta.done


    thetaStat do_stat saf/POPS/longREF7_7_7_317.GL2.thetas.idx 2> log/saf_POPS/longREF7_7_7_317.GL2.theta_stats_chrom.log
    
Submitted job 40 with external jobid 'Submitted batch job 142061'.
[Tue Apr 25 16:23:16 2023]
Finished job 33.
6 of 40 steps (15%) done
Select jobs to execute...

[Tue Apr 25 16:23:16 2023]
Job 55:  Estimate Tajimas D and other statistics using a sliding window analysis 
Reason: Missing output files: saf/POPS/PRE_long_LC_8_8_276.GL2.theta_stats_Window10kb.done; Input files updated by another job: saf/POPS/PRE_long_LC_8_8_276.GL2.sfs2theta.done


    thetaStat do_stat saf/POPS/PRE_long_LC_8_8_276.GL2.thetas.idx -win 10000 -step 1000 -outnames saf/POPS/PRE_long_LC_8_8_276.GL2.theta_stats_Window10kb 2> log/saf_POPS/PRE_long_LC_8_8_276.GL2.theta_stats_Window10kb.log
    
Submitted job 55 with external jobid 'Submitted batch job 142062'.

[Tue Apr 25 16:23:16 2023]
Job 44:  Estimate Tajimas D and other statistics 
Reason: Missing output files: saf/POPS/PRE_long_LC_8_8_276.GL2.theta_stats_chrom.done; Input files updated by another job: saf/POPS/PRE_long_LC_8_8_276.GL2.sfs2theta.done


    thetaStat do_stat saf/POPS/PRE_long_LC_8_8_276.GL2.thetas.idx 2> log/saf_POPS/PRE_long_LC_8_8_276.GL2.theta_stats_chrom.log
    
Submitted job 44 with external jobid 'Submitted batch job 142063'.
[Tue Apr 25 16:23:19 2023]
Finished job 30.
7 of 40 steps (18%) done
Select jobs to execute...

[Tue Apr 25 16:23:19 2023]
Job 41:  Estimate Tajimas D and other statistics 
Reason: Missing output files: saf/POPS/longREF9_9_9_393.GL2.theta_stats_chrom.done; Input files updated by another job: saf/POPS/longREF9_9_9_393.GL2.sfs2theta.done


    thetaStat do_stat saf/POPS/longREF9_9_9_393.GL2.thetas.idx 2> log/saf_POPS/longREF9_9_9_393.GL2.theta_stats_chrom.log
    
Submitted job 41 with external jobid 'Submitted batch job 142064'.

[Tue Apr 25 16:23:19 2023]
Job 52:  Estimate Tajimas D and other statistics using a sliding window analysis 
Reason: Missing output files: saf/POPS/longREF9_9_9_393.GL2.theta_stats_Window10kb.done; Input files updated by another job: saf/POPS/longREF9_9_9_393.GL2.sfs2theta.done


    thetaStat do_stat saf/POPS/longREF9_9_9_393.GL2.thetas.idx -win 10000 -step 1000 -outnames saf/POPS/longREF9_9_9_393.GL2.theta_stats_Window10kb 2> log/saf_POPS/longREF9_9_9_393.GL2.theta_stats_Window10kb.log
    
Submitted job 52 with external jobid 'Submitted batch job 142065'.
[Tue Apr 25 16:23:24 2023]
Finished job 46.
8 of 40 steps (20%) done
[Tue Apr 25 16:23:25 2023]
Finished job 35.
9 of 40 steps (22%) done
[Tue Apr 25 16:23:40 2023]
Finished job 40.
10 of 40 steps (25%) done
[Tue Apr 25 16:23:43 2023]
Finished job 32.
11 of 40 steps (28%) done
Select jobs to execute...

[Tue Apr 25 16:23:43 2023]
Job 54:  Estimate Tajimas D and other statistics using a sliding window analysis 
Reason: Missing output files: saf/POPS/PEL_long_LC_17_17_480.GL2.theta_stats_Window10kb.done; Input files updated by another job: saf/POPS/PEL_long_LC_17_17_480.GL2.sfs2theta.done


    thetaStat do_stat saf/POPS/PEL_long_LC_17_17_480.GL2.thetas.idx -win 10000 -step 1000 -outnames saf/POPS/PEL_long_LC_17_17_480.GL2.theta_stats_Window10kb 2> log/saf_POPS/PEL_long_LC_17_17_480.GL2.theta_stats_Window10kb.log
    
Submitted job 54 with external jobid 'Submitted batch job 142066'.

[Tue Apr 25 16:23:43 2023]
Job 43:  Estimate Tajimas D and other statistics 
Reason: Missing output files: saf/POPS/PEL_long_LC_17_17_480.GL2.theta_stats_chrom.done; Input files updated by another job: saf/POPS/PEL_long_LC_17_17_480.GL2.sfs2theta.done


    thetaStat do_stat saf/POPS/PEL_long_LC_17_17_480.GL2.thetas.idx 2> log/saf_POPS/PEL_long_LC_17_17_480.GL2.theta_stats_chrom.log
    
Submitted job 43 with external jobid 'Submitted batch job 142067'.
[Tue Apr 25 16:23:58 2023]
Finished job 55.
12 of 40 steps (30%) done
[Tue Apr 25 16:23:59 2023]
Finished job 44.
13 of 40 steps (32%) done
[Tue Apr 25 16:24:00 2023]
Finished job 41.
14 of 40 steps (35%) done
[Tue Apr 25 16:24:01 2023]
Finished job 52.
15 of 40 steps (38%) done
[Tue Apr 25 16:24:02 2023]
Finished job 51.
16 of 40 steps (40%) done
[Tue Apr 25 16:24:17 2023]
Finished job 54.
17 of 40 steps (42%) done
[Tue Apr 25 16:24:18 2023]
Finished job 43.
18 of 40 steps (45%) done
[Tue Apr 25 16:24:22 2023]
Finished job 27.
19 of 40 steps (48%) done
Select jobs to execute...

[Tue Apr 25 16:24:22 2023]
Job 49:  Estimate Tajimas D and other statistics using a sliding window analysis 
Reason: Missing output files: saf/POPS/galREF9_9_9_467.GL2.theta_stats_Window10kb.done; Input files updated by another job: saf/POPS/galREF9_9_9_467.GL2.sfs2theta.done


    thetaStat do_stat saf/POPS/galREF9_9_9_467.GL2.thetas.idx -win 10000 -step 1000 -outnames saf/POPS/galREF9_9_9_467.GL2.theta_stats_Window10kb 2> log/saf_POPS/galREF9_9_9_467.GL2.theta_stats_Window10kb.log
    
Submitted job 49 with external jobid 'Submitted batch job 142068'.

[Tue Apr 25 16:24:22 2023]
Job 38:  Estimate Tajimas D and other statistics 
Reason: Missing output files: saf/POPS/galREF9_9_9_467.GL2.theta_stats_chrom.done; Input files updated by another job: saf/POPS/galREF9_9_9_467.GL2.sfs2theta.done


    thetaStat do_stat saf/POPS/galREF9_9_9_467.GL2.thetas.idx 2> log/saf_POPS/galREF9_9_9_467.GL2.theta_stats_chrom.log
    
Submitted job 38 with external jobid 'Submitted batch job 142069'.
[Tue Apr 25 16:24:49 2023]
Finished job 38.
20 of 40 steps (50%) done
[Tue Apr 25 16:25:03 2023]
Finished job 49.
21 of 40 steps (52%) done
[Tue Apr 25 16:26:22 2023]
Finished job 28.
22 of 40 steps (55%) done
Select jobs to execute...

[Tue Apr 25 16:26:22 2023]
Job 50:  Estimate Tajimas D and other statistics using a sliding window analysis 
Reason: Missing output files: saf/POPS/hatched_gal_LC_22_22_1161.GL2.theta_stats_Window10kb.done; Input files updated by another job: saf/POPS/hatched_gal_LC_22_22_1161.GL2.sfs2theta.done


    thetaStat do_stat saf/POPS/hatched_gal_LC_22_22_1161.GL2.thetas.idx -win 10000 -step 1000 -outnames saf/POPS/hatched_gal_LC_22_22_1161.GL2.theta_stats_Window10kb 2> log/saf_POPS/hatched_gal_LC_22_22_1161.GL2.theta_stats_Window10kb.log
    
Submitted job 50 with external jobid 'Submitted batch job 142071'.

[Tue Apr 25 16:26:22 2023]
Job 39:  Estimate Tajimas D and other statistics 
Reason: Missing output files: saf/POPS/hatched_gal_LC_22_22_1161.GL2.theta_stats_chrom.done; Input files updated by another job: saf/POPS/hatched_gal_LC_22_22_1161.GL2.sfs2theta.done


    thetaStat do_stat saf/POPS/hatched_gal_LC_22_22_1161.GL2.thetas.idx 2> log/saf_POPS/hatched_gal_LC_22_22_1161.GL2.theta_stats_chrom.log
    
Submitted job 39 with external jobid 'Submitted batch job 142072'.
[Tue Apr 25 16:26:50 2023]
Finished job 39.
23 of 40 steps (57%) done
[Tue Apr 25 16:27:03 2023]
Finished job 50.
24 of 40 steps (60%) done
[Tue Apr 25 18:34:48 2023]
Error in rule angsd_SAF_POP:
    jobid: 9
    input: ref/Dgaleata_M5_PBasm.FINAL.fasta, list/saf/PEL_cuc_LC.list
    output: saf/POPS/PEL_cuc_LC_8_8_215.GL2.saf.idx.done
    log: log/saf_POPS/PEL_cuc_LC_8_8_215.GL2.saf.idx.log (check log file(s) for error details)
    shell:
        
    angsd -b list/saf/PEL_cuc_LC.list -ref ref/Dgaleata_M5_PBasm.FINAL.fasta -anc ref/Dgaleata_M5_PBasm.FINAL.fasta -out saf/POPS/PEL_cuc_LC_8_8_215.GL2 -uniqueOnly 1 -remove_bads 1 -only_proper_pairs 1 -trim 0 -C 50 -minQ 20 -minMapQ 30 -minInd 8 -setMinDepth 8 -setMaxDepth 215 -GL 2 -doCounts 1 -doSaf 1 2> log/saf_POPS/PEL_cuc_LC_8_8_215.GL2.saf.idx.log
    
        (one of the commands exited with non-zero exit code; note that snakemake uses bash strict mode!)
    cluster_jobid: Submitted batch job 142047

Error executing rule angsd_SAF_POP on cluster (jobid: 9, external: Submitted batch job 142047, jobscript: /gpfs/gpfs1/scratch/c7701178/mach2/DAPHNIA/Daphnia_RestEggs_snakemake_pbs_2.0_HiC_SLURM/.snakemake/tmp.n2nkadtt/snakejob.angsd_SAF_POP.9.sh). For error details see the cluster log and the log files of the involved rule(s).
[Tue Apr 25 23:31:01 2023]
Finished job 4.
25 of 40 steps (62%) done
Select jobs to execute...

[Tue Apr 25 23:31:01 2023]
Job 15:  Optimize .saf.idx and calculate 1dsfs's using realSFS and fold for theta estimates 
Reason: Missing output files: saf/POPS/EGGS_gal_LC_78_78_4182.GL2.1D.sfs; Input files updated by another job: saf/POPS/EGGS_gal_LC_78_78_4182.GL2.saf.idx.done


    realSFS saf/POPS/EGGS_gal_LC_78_78_4182.GL2.saf.idx -fold 1 > saf/POPS/EGGS_gal_LC_78_78_4182.GL2.1D.sfs 2> log/saf_POPS/EGGS_gal_LC_78_78_4182.GL2.1D.sfs.log
    
Submitted job 15 with external jobid 'Submitted batch job 142210'.
[Wed Apr 26 01:35:27 2023]
Finished job 15.
26 of 40 steps (65%) done
Select jobs to execute...

[Wed Apr 26 01:35:27 2023]
Job 26:  calculate theta estimates for each site 
Reason: Missing output files: saf/POPS/EGGS_gal_LC_78_78_4182.GL2.sfs2theta.done; Input files updated by another job: saf/POPS/EGGS_gal_LC_78_78_4182.GL2.1D.sfs, saf/POPS/EGGS_gal_LC_78_78_4182.GL2.saf.idx.done


    realSFS saf2theta saf/POPS/EGGS_gal_LC_78_78_4182.GL2.saf.idx -sfs saf/POPS/EGGS_gal_LC_78_78_4182.GL2.1D.sfs -outname saf/POPS/EGGS_gal_LC_78_78_4182.GL2 2> log/saf_POPS/EGGS_gal_LC_78_78_4182.GL2.sfs2theta.log 2> log/saf_POPS/EGGS_gal_LC_78_78_4182.GL2.sfs2theta.log
    
Submitted job 26 with external jobid 'Submitted batch job 142667'.
[Wed Apr 26 01:46:59 2023]
Finished job 1.
27 of 40 steps (68%) done
Select jobs to execute...

[Wed Apr 26 01:46:59 2023]
Job 12:  Optimize .saf.idx and calculate 1dsfs's using realSFS and fold for theta estimates 
Reason: Missing output files: saf/POPS/ALL_gal_LC_100_100_5343.GL2.1D.sfs; Input files updated by another job: saf/POPS/ALL_gal_LC_100_100_5343.GL2.saf.idx.done


    realSFS saf/POPS/ALL_gal_LC_100_100_5343.GL2.saf.idx -fold 1 > saf/POPS/ALL_gal_LC_100_100_5343.GL2.1D.sfs 2> log/saf_POPS/ALL_gal_LC_100_100_5343.GL2.1D.sfs.log
    
Submitted job 12 with external jobid 'Submitted batch job 142695'.
[Wed Apr 26 01:47:22 2023]
Finished job 26.
28 of 40 steps (70%) done
Select jobs to execute...

[Wed Apr 26 01:47:22 2023]
Job 37:  Estimate Tajimas D and other statistics 
Reason: Missing output files: saf/POPS/EGGS_gal_LC_78_78_4182.GL2.theta_stats_chrom.done; Input files updated by another job: saf/POPS/EGGS_gal_LC_78_78_4182.GL2.sfs2theta.done


    thetaStat do_stat saf/POPS/EGGS_gal_LC_78_78_4182.GL2.thetas.idx 2> log/saf_POPS/EGGS_gal_LC_78_78_4182.GL2.theta_stats_chrom.log
    
Submitted job 37 with external jobid 'Submitted batch job 142696'.

[Wed Apr 26 01:47:22 2023]
Job 48:  Estimate Tajimas D and other statistics using a sliding window analysis 
Reason: Missing output files: saf/POPS/EGGS_gal_LC_78_78_4182.GL2.theta_stats_Window10kb.done; Input files updated by another job: saf/POPS/EGGS_gal_LC_78_78_4182.GL2.sfs2theta.done


    thetaStat do_stat saf/POPS/EGGS_gal_LC_78_78_4182.GL2.thetas.idx -win 10000 -step 1000 -outnames saf/POPS/EGGS_gal_LC_78_78_4182.GL2.theta_stats_Window10kb 2> log/saf_POPS/EGGS_gal_LC_78_78_4182.GL2.theta_stats_Window10kb.log
    
Submitted job 48 with external jobid 'Submitted batch job 142697'.
[Wed Apr 26 01:47:57 2023]
Finished job 37.
29 of 40 steps (72%) done
[Wed Apr 26 01:48:09 2023]
Finished job 48.
30 of 40 steps (75%) done
[Wed Apr 26 02:12:41 2023]
Finished job 12.
31 of 40 steps (78%) done
Select jobs to execute...

[Wed Apr 26 02:12:41 2023]
Job 23:  calculate theta estimates for each site 
Reason: Missing output files: saf/POPS/ALL_gal_LC_100_100_5343.GL2.sfs2theta.done; Input files updated by another job: saf/POPS/ALL_gal_LC_100_100_5343.GL2.saf.idx.done, saf/POPS/ALL_gal_LC_100_100_5343.GL2.1D.sfs


    realSFS saf2theta saf/POPS/ALL_gal_LC_100_100_5343.GL2.saf.idx -sfs saf/POPS/ALL_gal_LC_100_100_5343.GL2.1D.sfs -outname saf/POPS/ALL_gal_LC_100_100_5343.GL2 2> log/saf_POPS/ALL_gal_LC_100_100_5343.GL2.sfs2theta.log 2> log/saf_POPS/ALL_gal_LC_100_100_5343.GL2.sfs2theta.log
    
Submitted job 23 with external jobid 'Submitted batch job 142700'.
[Wed Apr 26 02:28:02 2023]
Finished job 23.
32 of 40 steps (80%) done
Select jobs to execute...

[Wed Apr 26 02:28:02 2023]
Job 45:  Estimate Tajimas D and other statistics using a sliding window analysis 
Reason: Missing output files: saf/POPS/ALL_gal_LC_100_100_5343.GL2.theta_stats_Window10kb.done; Input files updated by another job: saf/POPS/ALL_gal_LC_100_100_5343.GL2.sfs2theta.done


    thetaStat do_stat saf/POPS/ALL_gal_LC_100_100_5343.GL2.thetas.idx -win 10000 -step 1000 -outnames saf/POPS/ALL_gal_LC_100_100_5343.GL2.theta_stats_Window10kb 2> log/saf_POPS/ALL_gal_LC_100_100_5343.GL2.theta_stats_Window10kb.log
    
Submitted job 45 with external jobid 'Submitted batch job 142702'.

[Wed Apr 26 02:28:02 2023]
Job 34:  Estimate Tajimas D and other statistics 
Reason: Missing output files: saf/POPS/ALL_gal_LC_100_100_5343.GL2.theta_stats_chrom.done; Input files updated by another job: saf/POPS/ALL_gal_LC_100_100_5343.GL2.sfs2theta.done


    thetaStat do_stat saf/POPS/ALL_gal_LC_100_100_5343.GL2.thetas.idx 2> log/saf_POPS/ALL_gal_LC_100_100_5343.GL2.theta_stats_chrom.log
    
Submitted job 34 with external jobid 'Submitted batch job 142703'.
[Wed Apr 26 02:28:35 2023]
Finished job 34.
33 of 40 steps (82%) done
[Wed Apr 26 02:28:45 2023]
Finished job 45.
34 of 40 steps (85%) done
Exiting because a job execution failed. Look above for error message
Complete log: .snakemake/log/2023-04-25T162101.943684.snakemake.log
