Building DAG of jobs...
Using shell: /usr/bin/bash
Provided cluster nodes: 5000
Job stats:
job             count    min threads    max threads
------------  -------  -------------  -------------
all                 1              1              1
bcf2vcf             1              2              2
plot_INFODP         1              2              2
stats_DP_vcf        1              2              2
total               4              1              2

Select jobs to execute...

[Tue Jun  6 10:34:53 2023]
Job 61:  --- Convert bcf 2 uncompressed vcf for downstream analysis --- 
Reason: Missing output files: ancestry/LC/data/angsd_GL2_minInd202_maf0.05_minDepth202_maxDepth9051.vcf.gz


    bcftools index -f --csi ancestry/LC/data/angsd_GL2_minInd202_maf0.05_minDepth202_maxDepth9051.bcf --threads 2 &&
    bcftools convert -Oz -o ancestry/LC/data/angsd_GL2_minInd202_maf0.05_minDepth202_maxDepth9051.vcf.gz ancestry/LC/data/angsd_GL2_minInd202_maf0.05_minDepth202_maxDepth9051.bcf --threads 2 2> log/LC/angsd_GL2_minInd202_maf0.05_minDepth202_maxDepth9051_BCF2VCF.log
    
Submitted job 61 with external jobid 'Submitted batch job 191955'.
[Tue Jun  6 10:37:03 2023]
Finished job 61.
1 of 4 steps (25%) done
Select jobs to execute...

[Tue Jun  6 10:37:03 2023]
Job 62:  Count sites of raw vcf and for each site print DP values 
Reason: Missing output files: ancestry/LC/data/angsd_GL2_minInd202_maf0.05_minDepth202_maxDepth9051_nbrSites.txt, ancestry/LC/data/angsd_GL2_minInd202_maf0.05_minDepth202_maxDepth9051_INFODP.txt; Input files updated by another job: ancestry/LC/data/angsd_GL2_minInd202_maf0.05_minDepth202_maxDepth9051.vcf.gz


    bcftools view -H ancestry/LC/data/angsd_GL2_minInd202_maf0.05_minDepth202_maxDepth9051.vcf.gz | wc -l > ancestry/LC/data/angsd_GL2_minInd202_maf0.05_minDepth202_maxDepth9051_nbrSites.txt &&
    bcftools query ancestry/LC/data/angsd_GL2_minInd202_maf0.05_minDepth202_maxDepth9051.vcf.gz -f'%DP
' > ancestry/LC/data/angsd_GL2_minInd202_maf0.05_minDepth202_maxDepth9051_INFODP.txt 2> log/angsd_GL2_minInd202_maf0.05_minDepth202_maxDepth9051_statsVCF.log 
    
Submitted job 62 with external jobid 'Submitted batch job 191956'.
[Tue Jun  6 10:39:43 2023]
Finished job 62.
2 of 4 steps (50%) done
Select jobs to execute...

[Tue Jun  6 10:39:43 2023]
Job 63:  Plot INFO/DP values 
Reason: Missing output files: ancestry/LC/data/angsd_GL2_minInd202_maf0.05_minDepth202_maxDepth9051_INFODP.pdf, ancestry/LC/data/angsd_GL2_minInd202_maf0.05_minDepth202_maxDepth9051_INFODP.stats.txt; Input files updated by another job: ancestry/LC/data/angsd_GL2_minInd202_maf0.05_minDepth202_maxDepth9051_INFODP.txt


    Rscript scripts/plot_INFODP.R ancestry/LC/data/angsd_GL2_minInd202_maf0.05_minDepth202_maxDepth9051_INFODP.txt ancestry/LC/data/angsd_GL2_minInd202_maf0.05_minDepth202_maxDepth9051_INFODP.pdf ancestry/LC/data/angsd_GL2_minInd202_maf0.05_minDepth202_maxDepth9051_INFODP.stats.txt 2> log/angsd_GL2_minInd202_maf0.05_minDepth202_maxDepth9051_plot_INFODP.log
    
Submitted job 63 with external jobid 'Submitted batch job 191957'.
[Tue Jun  6 10:39:53 2023]
Error in rule plot_INFODP:
    jobid: 63
    input: ancestry/LC/data/angsd_GL2_minInd202_maf0.05_minDepth202_maxDepth9051_INFODP.txt
    output: ancestry/LC/data/angsd_GL2_minInd202_maf0.05_minDepth202_maxDepth9051_INFODP.pdf, ancestry/LC/data/angsd_GL2_minInd202_maf0.05_minDepth202_maxDepth9051_INFODP.stats.txt
    log: log/angsd_GL2_minInd202_maf0.05_minDepth202_maxDepth9051_plot_INFODP.log (check log file(s) for error details)
    shell:
        
    Rscript scripts/plot_INFODP.R ancestry/LC/data/angsd_GL2_minInd202_maf0.05_minDepth202_maxDepth9051_INFODP.txt ancestry/LC/data/angsd_GL2_minInd202_maf0.05_minDepth202_maxDepth9051_INFODP.pdf ancestry/LC/data/angsd_GL2_minInd202_maf0.05_minDepth202_maxDepth9051_INFODP.stats.txt 2> log/angsd_GL2_minInd202_maf0.05_minDepth202_maxDepth9051_plot_INFODP.log
    
        (one of the commands exited with non-zero exit code; note that snakemake uses bash strict mode!)
    cluster_jobid: Submitted batch job 191957

Error executing rule plot_INFODP on cluster (jobid: 63, external: Submitted batch job 191957, jobscript: /gpfs/gpfs1/scratch/c7701178/mach2/DAPHNIA/Daphnia_RestEggs_snakemake_pbs_2.0_HiC_SLURM/.snakemake/tmp.mi67zg99/snakejob.plot_INFODP.63.sh). For error details see the cluster log and the log files of the involved rule(s).
Exiting because a job execution failed. Look above for error message
Complete log: .snakemake/log/2023-06-06T103452.517860.snakemake.log
