Building DAG of jobs...
Using shell: /usr/bin/bash
Provided cluster nodes: 5000
Job stats:
job                            count    min threads    max threads
---------------------------  -------  -------------  -------------
all                                1              1              1
get_mafs_POP_random10fixed         3              2              2
get_mafs_POP_randomSNP             3              2              2
get_mafs_POP_randomSite            3              2              2
get_mafs_POP_randomoutliers        3              2              2
get_mafs_POP_top10NOTfixed         3              2              2
total                             16              1              2

Select jobs to execute...

[Wed May  3 13:32:12 2023]
Job 103:  Compute site allele frequency likelihood (.saf.idx) for each population using angsd 
Reason: Code has changed since last execution


    angsd sites index list/mafs/PRE_long_LC_vs_PEL_long_LC_1000random_fst_outliers_sorted.tsv &&
    angsd -b list/saf/PEL_long_LC.list -ref ref/Dgaleata_M5_PBasm.FINAL.fasta -anc ref/Dgaleata_M5_PBasm.FINAL.fasta -out mafs/PEL_long_LC_1000random_fst_outliers -doSaf 1 -GL 2 -doGlf 2 -doMaf 1 -doMajorMinor 3 -doPost 1 -doBcf 1 -doCounts 1 -doDepth 1 -dumpCounts 1 -uniqueOnly 1 -remove_bads 1 -only_proper_pairs 1 -trim 0 -C 50 -minQ 20 -minMapQ 30 -minInd 8 -sites list/mafs/PRE_long_LC_vs_PEL_long_LC_1000random_fst_outliers_sorted.tsv -rf list/mafs/PRE_long_LC_vs_PEL_long_LC_1000random_fst_outliers_sorted.tsv 2> log/mafs/PEL_long_LC_1000random_fst_outliers.mafs.log
    
Submitted job 103 with external jobid 'Submitted batch job 149754'.

[Wed May  3 13:32:12 2023]
Job 96:  Compute site allele frequency likelihood (.saf.idx) for each population using angsd 
Reason: Code has changed since last execution


    angsd sites index list/mafs/PRE_long_LC_vs_ALL_gal_vs_PEL_long_LC_1000random_SNPs_sorted.tsv &&
    angsd -b list/saf/ALL_gal_LC.list -ref ref/Dgaleata_M5_PBasm.FINAL.fasta -anc ref/Dgaleata_M5_PBasm.FINAL.fasta -out mafs/ALL_gal_LC_1000random_SNPs -doSaf 1 -GL 2 -doGlf 2 -doMaf 1 -doMajorMinor 3 -doPost 1 -doBcf 1 -doCounts 1 -doDepth 1 -dumpCounts 1 -uniqueOnly 1 -remove_bads 1 -only_proper_pairs 1 -trim 0 -C 50 -minQ 20 -minMapQ 30 -minInd 8 -sites list/mafs/PRE_long_LC_vs_ALL_gal_vs_PEL_long_LC_1000random_SNPs_sorted.tsv -rf list/mafs/PRE_long_LC_vs_ALL_gal_vs_PEL_long_LC_1000random_SNPs_sorted.chr 2> log/mafs/ALL_gal_LC_1000random_SNPs.mafs.log
    
Submitted job 96 with external jobid 'Submitted batch job 149755'.

[Wed May  3 13:32:12 2023]
Job 105:  Compute site allele frequency likelihood (.saf.idx) for each population using angsd 
Reason: Missing output files: mafs/ALL_gal_LC_top10_NOTfixed_fst_outliers.mafs.done; Code has changed since last execution


    angsd sites index list/mafs/PRE_long_LC_vs_PEL_long_LC_top10_NOTfixed_fst_outliers_sorted.tsv &&
    angsd -b list/saf/ALL_gal_LC.list -ref ref/Dgaleata_M5_PBasm.FINAL.fasta -anc ref/Dgaleata_M5_PBasm.FINAL.fasta -out mafs/ALL_gal_LC_top10_NOTfixed_fst_outliers -doSaf 1 -GL 2 -doGlf 2 -doMaf 1 -doMajorMinor 3 -doPost 1 -doBcf 1 -doCounts 1 -doDepth 1 -dumpCounts 1 -uniqueOnly 1 -remove_bads 1 -only_proper_pairs 1 -trim 0 -C 50 -minQ 20 -minMapQ 30 -minInd 8 -sites list/mafs/PRE_long_LC_vs_PEL_long_LC_top10_NOTfixed_fst_outliers_sorted.tsv -rf list/mafs/PRE_long_LC_vs_PEL_long_LC_top10_NOTfixed_fst_outliers_sorted.tsv 2> log/mafs/ALL_gal_LC_top10_NOTfixed_fst_outliers.mafs.log
    
Submitted job 105 with external jobid 'Submitted batch job 149756'.

[Wed May  3 13:32:12 2023]
Job 98:  Compute site allele frequency likelihood (.saf.idx) for each population using angsd 
Reason: Missing output files: mafs/PRE_long_LC_1000random_sites.mafs.done; Code has changed since last execution


    angsd sites index list/mafs/PRE_long_LC_vs_ALL_gal_vs_PEL_long_LC_1000random_sites_sorted.tsv &&
    angsd -b list/saf/PRE_long_LC.list -ref ref/Dgaleata_M5_PBasm.FINAL.fasta -anc ref/Dgaleata_M5_PBasm.FINAL.fasta -out mafs/PRE_long_LC_1000random_sites -doSaf 1 -GL 2 -doGlf 2 -doMaf 1 -doMajorMinor 3 -doPost 1 -doBcf 1 -doCounts 1 -doDepth 1 -dumpCounts 1 -uniqueOnly 1 -remove_bads 1 -only_proper_pairs 1 -trim 0 -C 50 -minQ 20 -minMapQ 30 -minInd 8 -sites list/mafs/PRE_long_LC_vs_ALL_gal_vs_PEL_long_LC_1000random_sites_sorted.tsv -rf list/mafs/PRE_long_LC_vs_ALL_gal_vs_PEL_long_LC_1000random_sites_sorted.chr 2> log/mafs/PRE_long_LC_1000random_sites.mafs.log
    
Submitted job 98 with external jobid 'Submitted batch job 149757'.

[Wed May  3 13:32:13 2023]
Job 107:  Compute site allele frequency likelihood (.saf.idx) for each population using angsd 
Reason: Code has changed since last execution


    angsd sites index list/mafs/PRE_long_LC_vs_PEL_long_LC_10random_fixed_fst_outliers_sorted.tsv &&
    angsd -b list/saf/PRE_long_LC.list -ref ref/Dgaleata_M5_PBasm.FINAL.fasta -anc ref/Dgaleata_M5_PBasm.FINAL.fasta -out mafs/PRE_long_LC_10random_fixed_fst_outliers -doSaf 1 -GL 2 -doGlf 2 -doMaf 1 -doMajorMinor 3 -doPost 1 -doBcf 1 -doCounts 1 -doDepth 1 -dumpCounts 1 -uniqueOnly 1 -remove_bads 1 -only_proper_pairs 1 -trim 0 -C 50 -minQ 20 -minMapQ 30 -minInd 8 -sites list/mafs/PRE_long_LC_vs_PEL_long_LC_10random_fixed_fst_outliers_sorted.tsv -rf list/mafs/PRE_long_LC_vs_PEL_long_LC_10random_fixed_fst_outliers_sorted.tsv 2> log/mafs/PRE_long_LC_10random_fixed_fst_outliers.mafs.log
    
Submitted job 107 with external jobid 'Submitted batch job 149758'.

[Wed May  3 13:32:13 2023]
Job 100:  Compute site allele frequency likelihood (.saf.idx) for each population using angsd 
Reason: Code has changed since last execution


    angsd sites index list/mafs/PRE_long_LC_vs_ALL_gal_vs_PEL_long_LC_1000random_sites_sorted.tsv &&
    angsd -b list/saf/PEL_long_LC.list -ref ref/Dgaleata_M5_PBasm.FINAL.fasta -anc ref/Dgaleata_M5_PBasm.FINAL.fasta -out mafs/PEL_long_LC_1000random_sites -doSaf 1 -GL 2 -doGlf 2 -doMaf 1 -doMajorMinor 3 -doPost 1 -doBcf 1 -doCounts 1 -doDepth 1 -dumpCounts 1 -uniqueOnly 1 -remove_bads 1 -only_proper_pairs 1 -trim 0 -C 50 -minQ 20 -minMapQ 30 -minInd 8 -sites list/mafs/PRE_long_LC_vs_ALL_gal_vs_PEL_long_LC_1000random_sites_sorted.tsv -rf list/mafs/PRE_long_LC_vs_ALL_gal_vs_PEL_long_LC_1000random_sites_sorted.chr 2> log/mafs/PEL_long_LC_1000random_sites.mafs.log
    
Submitted job 100 with external jobid 'Submitted batch job 149759'.

[Wed May  3 13:32:13 2023]
Job 109:  Compute site allele frequency likelihood (.saf.idx) for each population using angsd 
Reason: Code has changed since last execution


    angsd sites index list/mafs/PRE_long_LC_vs_PEL_long_LC_10random_fixed_fst_outliers_sorted.tsv &&
    angsd -b list/saf/PEL_long_LC.list -ref ref/Dgaleata_M5_PBasm.FINAL.fasta -anc ref/Dgaleata_M5_PBasm.FINAL.fasta -out mafs/PEL_long_LC_10random_fixed_fst_outliers -doSaf 1 -GL 2 -doGlf 2 -doMaf 1 -doMajorMinor 3 -doPost 1 -doBcf 1 -doCounts 1 -doDepth 1 -dumpCounts 1 -uniqueOnly 1 -remove_bads 1 -only_proper_pairs 1 -trim 0 -C 50 -minQ 20 -minMapQ 30 -minInd 8 -sites list/mafs/PRE_long_LC_vs_PEL_long_LC_10random_fixed_fst_outliers_sorted.tsv -rf list/mafs/PRE_long_LC_vs_PEL_long_LC_10random_fixed_fst_outliers_sorted.tsv 2> log/mafs/PEL_long_LC_10random_fixed_fst_outliers.mafs.log
    
Submitted job 109 with external jobid 'Submitted batch job 149760'.

[Wed May  3 13:32:13 2023]
Job 102:  Compute site allele frequency likelihood (.saf.idx) for each population using angsd 
Reason: Code has changed since last execution


    angsd sites index list/mafs/PRE_long_LC_vs_PEL_long_LC_1000random_fst_outliers_sorted.tsv &&
    angsd -b list/saf/ALL_gal_LC.list -ref ref/Dgaleata_M5_PBasm.FINAL.fasta -anc ref/Dgaleata_M5_PBasm.FINAL.fasta -out mafs/ALL_gal_LC_1000random_fst_outliers -doSaf 1 -GL 2 -doGlf 2 -doMaf 1 -doMajorMinor 3 -doPost 1 -doBcf 1 -doCounts 1 -doDepth 1 -dumpCounts 1 -uniqueOnly 1 -remove_bads 1 -only_proper_pairs 1 -trim 0 -C 50 -minQ 20 -minMapQ 30 -minInd 8 -sites list/mafs/PRE_long_LC_vs_PEL_long_LC_1000random_fst_outliers_sorted.tsv -rf list/mafs/PRE_long_LC_vs_PEL_long_LC_1000random_fst_outliers_sorted.tsv 2> log/mafs/ALL_gal_LC_1000random_fst_outliers.mafs.log
    
Submitted job 102 with external jobid 'Submitted batch job 149761'.

[Wed May  3 13:32:13 2023]
Job 95:  Compute site allele frequency likelihood (.saf.idx) for each population using angsd 
Reason: Code has changed since last execution


    angsd sites index list/mafs/PRE_long_LC_vs_ALL_gal_vs_PEL_long_LC_1000random_SNPs_sorted.tsv &&
    angsd -b list/saf/PRE_long_LC.list -ref ref/Dgaleata_M5_PBasm.FINAL.fasta -anc ref/Dgaleata_M5_PBasm.FINAL.fasta -out mafs/PRE_long_LC_1000random_SNPs -doSaf 1 -GL 2 -doGlf 2 -doMaf 1 -doMajorMinor 3 -doPost 1 -doBcf 1 -doCounts 1 -doDepth 1 -dumpCounts 1 -uniqueOnly 1 -remove_bads 1 -only_proper_pairs 1 -trim 0 -C 50 -minQ 20 -minMapQ 30 -minInd 8 -sites list/mafs/PRE_long_LC_vs_ALL_gal_vs_PEL_long_LC_1000random_SNPs_sorted.tsv -rf list/mafs/PRE_long_LC_vs_ALL_gal_vs_PEL_long_LC_1000random_SNPs_sorted.chr 2> log/mafs/PRE_long_LC_1000random_SNPs.mafs.log
    
Submitted job 95 with external jobid 'Submitted batch job 149762'.

[Wed May  3 13:32:13 2023]
Job 104:  Compute site allele frequency likelihood (.saf.idx) for each population using angsd 
Reason: Code has changed since last execution


    angsd sites index list/mafs/PRE_long_LC_vs_PEL_long_LC_top10_NOTfixed_fst_outliers_sorted.tsv &&
    angsd -b list/saf/PRE_long_LC.list -ref ref/Dgaleata_M5_PBasm.FINAL.fasta -anc ref/Dgaleata_M5_PBasm.FINAL.fasta -out mafs/PRE_long_LC_top10_NOTfixed_fst_outliers -doSaf 1 -GL 2 -doGlf 2 -doMaf 1 -doMajorMinor 3 -doPost 1 -doBcf 1 -doCounts 1 -doDepth 1 -dumpCounts 1 -uniqueOnly 1 -remove_bads 1 -only_proper_pairs 1 -trim 0 -C 50 -minQ 20 -minMapQ 30 -minInd 8 -sites list/mafs/PRE_long_LC_vs_PEL_long_LC_top10_NOTfixed_fst_outliers_sorted.tsv -rf list/mafs/PRE_long_LC_vs_PEL_long_LC_top10_NOTfixed_fst_outliers_sorted.tsv 2> log/mafs/PRE_long_LC_top10_NOTfixed_fst_outliers.mafs.log
    
Submitted job 104 with external jobid 'Submitted batch job 149763'.

[Wed May  3 13:32:13 2023]
Job 97:  Compute site allele frequency likelihood (.saf.idx) for each population using angsd 
Reason: Code has changed since last execution


    angsd sites index list/mafs/PRE_long_LC_vs_ALL_gal_vs_PEL_long_LC_1000random_SNPs_sorted.tsv &&
    angsd -b list/saf/PEL_long_LC.list -ref ref/Dgaleata_M5_PBasm.FINAL.fasta -anc ref/Dgaleata_M5_PBasm.FINAL.fasta -out mafs/PEL_long_LC_1000random_SNPs -doSaf 1 -GL 2 -doGlf 2 -doMaf 1 -doMajorMinor 3 -doPost 1 -doBcf 1 -doCounts 1 -doDepth 1 -dumpCounts 1 -uniqueOnly 1 -remove_bads 1 -only_proper_pairs 1 -trim 0 -C 50 -minQ 20 -minMapQ 30 -minInd 8 -sites list/mafs/PRE_long_LC_vs_ALL_gal_vs_PEL_long_LC_1000random_SNPs_sorted.tsv -rf list/mafs/PRE_long_LC_vs_ALL_gal_vs_PEL_long_LC_1000random_SNPs_sorted.chr 2> log/mafs/PEL_long_LC_1000random_SNPs.mafs.log
    
Submitted job 97 with external jobid 'Submitted batch job 149764'.

[Wed May  3 13:32:13 2023]
Job 106:  Compute site allele frequency likelihood (.saf.idx) for each population using angsd 
Reason: Code has changed since last execution


    angsd sites index list/mafs/PRE_long_LC_vs_PEL_long_LC_top10_NOTfixed_fst_outliers_sorted.tsv &&
    angsd -b list/saf/PEL_long_LC.list -ref ref/Dgaleata_M5_PBasm.FINAL.fasta -anc ref/Dgaleata_M5_PBasm.FINAL.fasta -out mafs/PEL_long_LC_top10_NOTfixed_fst_outliers -doSaf 1 -GL 2 -doGlf 2 -doMaf 1 -doMajorMinor 3 -doPost 1 -doBcf 1 -doCounts 1 -doDepth 1 -dumpCounts 1 -uniqueOnly 1 -remove_bads 1 -only_proper_pairs 1 -trim 0 -C 50 -minQ 20 -minMapQ 30 -minInd 8 -sites list/mafs/PRE_long_LC_vs_PEL_long_LC_top10_NOTfixed_fst_outliers_sorted.tsv -rf list/mafs/PRE_long_LC_vs_PEL_long_LC_top10_NOTfixed_fst_outliers_sorted.tsv 2> log/mafs/PEL_long_LC_top10_NOTfixed_fst_outliers.mafs.log
    
Submitted job 106 with external jobid 'Submitted batch job 149765'.

[Wed May  3 13:32:13 2023]
Job 99:  Compute site allele frequency likelihood (.saf.idx) for each population using angsd 
Reason: Code has changed since last execution


    angsd sites index list/mafs/PRE_long_LC_vs_ALL_gal_vs_PEL_long_LC_1000random_sites_sorted.tsv &&
    angsd -b list/saf/ALL_gal_LC.list -ref ref/Dgaleata_M5_PBasm.FINAL.fasta -anc ref/Dgaleata_M5_PBasm.FINAL.fasta -out mafs/ALL_gal_LC_1000random_sites -doSaf 1 -GL 2 -doGlf 2 -doMaf 1 -doMajorMinor 3 -doPost 1 -doBcf 1 -doCounts 1 -doDepth 1 -dumpCounts 1 -uniqueOnly 1 -remove_bads 1 -only_proper_pairs 1 -trim 0 -C 50 -minQ 20 -minMapQ 30 -minInd 8 -sites list/mafs/PRE_long_LC_vs_ALL_gal_vs_PEL_long_LC_1000random_sites_sorted.tsv -rf list/mafs/PRE_long_LC_vs_ALL_gal_vs_PEL_long_LC_1000random_sites_sorted.chr 2> log/mafs/ALL_gal_LC_1000random_sites.mafs.log
    
Submitted job 99 with external jobid 'Submitted batch job 149766'.

[Wed May  3 13:32:13 2023]
Job 108:  Compute site allele frequency likelihood (.saf.idx) for each population using angsd 
Reason: Code has changed since last execution


    angsd sites index list/mafs/PRE_long_LC_vs_PEL_long_LC_10random_fixed_fst_outliers_sorted.tsv &&
    angsd -b list/saf/ALL_gal_LC.list -ref ref/Dgaleata_M5_PBasm.FINAL.fasta -anc ref/Dgaleata_M5_PBasm.FINAL.fasta -out mafs/ALL_gal_LC_10random_fixed_fst_outliers -doSaf 1 -GL 2 -doGlf 2 -doMaf 1 -doMajorMinor 3 -doPost 1 -doBcf 1 -doCounts 1 -doDepth 1 -dumpCounts 1 -uniqueOnly 1 -remove_bads 1 -only_proper_pairs 1 -trim 0 -C 50 -minQ 20 -minMapQ 30 -minInd 8 -sites list/mafs/PRE_long_LC_vs_PEL_long_LC_10random_fixed_fst_outliers_sorted.tsv -rf list/mafs/PRE_long_LC_vs_PEL_long_LC_10random_fixed_fst_outliers_sorted.tsv 2> log/mafs/ALL_gal_LC_10random_fixed_fst_outliers.mafs.log
    
Submitted job 108 with external jobid 'Submitted batch job 149767'.

[Wed May  3 13:32:13 2023]
Job 101:  Compute site allele frequency likelihood (.saf.idx) for each population using angsd 
Reason: Code has changed since last execution


    angsd sites index list/mafs/PRE_long_LC_vs_PEL_long_LC_1000random_fst_outliers_sorted.tsv &&
    angsd -b list/saf/PRE_long_LC.list -ref ref/Dgaleata_M5_PBasm.FINAL.fasta -anc ref/Dgaleata_M5_PBasm.FINAL.fasta -out mafs/PRE_long_LC_1000random_fst_outliers -doSaf 1 -GL 2 -doGlf 2 -doMaf 1 -doMajorMinor 3 -doPost 1 -doBcf 1 -doCounts 1 -doDepth 1 -dumpCounts 1 -uniqueOnly 1 -remove_bads 1 -only_proper_pairs 1 -trim 0 -C 50 -minQ 20 -minMapQ 30 -minInd 8 -sites list/mafs/PRE_long_LC_vs_PEL_long_LC_1000random_fst_outliers_sorted.tsv -rf list/mafs/PRE_long_LC_vs_PEL_long_LC_1000random_fst_outliers_sorted.tsv 2> log/mafs/PRE_long_LC_1000random_fst_outliers.mafs.log
    
Submitted job 101 with external jobid 'Submitted batch job 149768'.
[Wed May  3 13:56:02 2023]
Finished job 98.
1 of 16 steps (6%) done
[Wed May  3 13:58:48 2023]
Finished job 95.
2 of 16 steps (12%) done
[Wed May  3 14:10:52 2023]
Finished job 107.
3 of 16 steps (19%) done
[Wed May  3 14:10:53 2023]
Finished job 100.
4 of 16 steps (25%) done
[Wed May  3 14:18:37 2023]
Finished job 104.
5 of 16 steps (31%) done
[Wed May  3 14:18:38 2023]
Finished job 97.
6 of 16 steps (38%) done
[Wed May  3 14:36:38 2023]
Finished job 109.
7 of 16 steps (44%) done
[Wed May  3 14:43:11 2023]
Finished job 106.
8 of 16 steps (50%) done
slurmstepd-n026: error: *** JOB 149751 ON n026 CANCELLED AT 2023-05-03T17:44:09 ***
