Building DAG of jobs...
Using shell: /usr/bin/bash
Provided cluster nodes: 5000
Job stats:
job                     count    min threads    max threads
--------------------  -------  -------------  -------------
Fst_global_3pops            1              2              2
Fst_index_3pops             1              4              4
Fst_windows_3pops           3              2              2
all                         1              1              1
twodsfs_folded_sites       11              2              2
total                      17              1              4

Select jobs to execute...

[Wed May 31 16:39:20 2023]
Job 32:  Optimize .saf.idx and calculate all pairwise 2dsfs's (joint site frequency spectra) using realSFS and fold for FST 
Reason: Missing output files: saf/POPS/sites/longREF7_vs_cucREF7.sites.2D.sfs

 
    module load singularity/3.8.7-python-3.10.8-gcc-8.5.0-e6f6onc
    singularity exec --home $PWD:$HOME /scratch/c7701178/bio/angsd+ngsrelate.sif /opt/angsd-0.939/misc/realSFS saf/POPS/sites/longREF7*.GL2.sites.saf.idx saf/POPS/sites/cucREF7*.GL2.sites.saf.idx -fold 1 > saf/POPS/sites/longREF7_vs_cucREF7.sites.2D.sfs 2> log/saf_POPS/sites/longREF7_vs_cucREF7.sites.2D.sfs.log
    
Submitted job 32 with external jobid 'Submitted batch job 187596'.

[Wed May 31 16:39:21 2023]
Job 33:  Optimize .saf.idx and calculate all pairwise 2dsfs's (joint site frequency spectra) using realSFS and fold for FST 
Reason: Missing output files: saf/POPS/sites/galREF9_vs_cucREF7.sites.2D.sfs

 
    module load singularity/3.8.7-python-3.10.8-gcc-8.5.0-e6f6onc
    singularity exec --home $PWD:$HOME /scratch/c7701178/bio/angsd+ngsrelate.sif /opt/angsd-0.939/misc/realSFS saf/POPS/sites/galREF9*.GL2.sites.saf.idx saf/POPS/sites/cucREF7*.GL2.sites.saf.idx -fold 1 > saf/POPS/sites/galREF9_vs_cucREF7.sites.2D.sfs 2> log/saf_POPS/sites/galREF9_vs_cucREF7.sites.2D.sfs.log
    
Submitted job 33 with external jobid 'Submitted batch job 187597'.

[Wed May 31 16:39:21 2023]
Job 25:  Optimize .saf.idx and calculate all pairwise 2dsfs's (joint site frequency spectra) using realSFS and fold for FST 
Reason: Missing output files: saf/POPS/sites/PRE_long_LC_vs_ALL_gal_LC.sites.2D.sfs

 
    module load singularity/3.8.7-python-3.10.8-gcc-8.5.0-e6f6onc
    singularity exec --home $PWD:$HOME /scratch/c7701178/bio/angsd+ngsrelate.sif /opt/angsd-0.939/misc/realSFS saf/POPS/sites/PRE_long_LC*.GL2.sites.saf.idx saf/POPS/sites/ALL_gal_LC*.GL2.sites.saf.idx -fold 1 > saf/POPS/sites/PRE_long_LC_vs_ALL_gal_LC.sites.2D.sfs 2> log/saf_POPS/sites/PRE_long_LC_vs_ALL_gal_LC.sites.2D.sfs.log
    
Submitted job 25 with external jobid 'Submitted batch job 187598'.

[Wed May 31 16:39:21 2023]
Job 23:  Optimize .saf.idx and calculate all pairwise 2dsfs's (joint site frequency spectra) using realSFS and fold for FST 
Reason: Missing output files: saf/POPS/sites/PRE_long_LC_vs_PEL_long_LC.sites.2D.sfs

 
    module load singularity/3.8.7-python-3.10.8-gcc-8.5.0-e6f6onc
    singularity exec --home $PWD:$HOME /scratch/c7701178/bio/angsd+ngsrelate.sif /opt/angsd-0.939/misc/realSFS saf/POPS/sites/PRE_long_LC*.GL2.sites.saf.idx saf/POPS/sites/PEL_long_LC*.GL2.sites.saf.idx -fold 1 > saf/POPS/sites/PRE_long_LC_vs_PEL_long_LC.sites.2D.sfs 2> log/saf_POPS/sites/PRE_long_LC_vs_PEL_long_LC.sites.2D.sfs.log
    
Submitted job 23 with external jobid 'Submitted batch job 187599'.

[Wed May 31 16:39:21 2023]
Job 27:  Optimize .saf.idx and calculate all pairwise 2dsfs's (joint site frequency spectra) using realSFS and fold for FST 
Reason: Missing output files: saf/POPS/sites/PEL_long_LC_vs_PEL_cuc_LC.sites.2D.sfs

 
    module load singularity/3.8.7-python-3.10.8-gcc-8.5.0-e6f6onc
    singularity exec --home $PWD:$HOME /scratch/c7701178/bio/angsd+ngsrelate.sif /opt/angsd-0.939/misc/realSFS saf/POPS/sites/PEL_long_LC*.GL2.sites.saf.idx saf/POPS/sites/PEL_cuc_LC*.GL2.sites.saf.idx -fold 1 > saf/POPS/sites/PEL_long_LC_vs_PEL_cuc_LC.sites.2D.sfs 2> log/saf_POPS/sites/PEL_long_LC_vs_PEL_cuc_LC.sites.2D.sfs.log
    
Submitted job 27 with external jobid 'Submitted batch job 187600'.

[Wed May 31 16:39:21 2023]
Job 29:  Optimize .saf.idx and calculate all pairwise 2dsfs's (joint site frequency spectra) using realSFS and fold for FST 
Reason: Missing output files: saf/POPS/sites/longREF9_vs_galREF9.sites.2D.sfs

 
    module load singularity/3.8.7-python-3.10.8-gcc-8.5.0-e6f6onc
    singularity exec --home $PWD:$HOME /scratch/c7701178/bio/angsd+ngsrelate.sif /opt/angsd-0.939/misc/realSFS saf/POPS/sites/longREF9*.GL2.sites.saf.idx saf/POPS/sites/galREF9*.GL2.sites.saf.idx -fold 1 > saf/POPS/sites/longREF9_vs_galREF9.sites.2D.sfs 2> log/saf_POPS/sites/longREF9_vs_galREF9.sites.2D.sfs.log
    
Submitted job 29 with external jobid 'Submitted batch job 187601'.

[Wed May 31 16:39:21 2023]
Job 31:  Optimize .saf.idx and calculate all pairwise 2dsfs's (joint site frequency spectra) using realSFS and fold for FST 
Reason: Missing output files: saf/POPS/sites/longREF7_vs_galREF9.sites.2D.sfs

 
    module load singularity/3.8.7-python-3.10.8-gcc-8.5.0-e6f6onc
    singularity exec --home $PWD:$HOME /scratch/c7701178/bio/angsd+ngsrelate.sif /opt/angsd-0.939/misc/realSFS saf/POPS/sites/longREF7*.GL2.sites.saf.idx saf/POPS/sites/galREF9*.GL2.sites.saf.idx -fold 1 > saf/POPS/sites/longREF7_vs_galREF9.sites.2D.sfs 2> log/saf_POPS/sites/longREF7_vs_galREF9.sites.2D.sfs.log
    
Submitted job 31 with external jobid 'Submitted batch job 187602'.

[Wed May 31 16:39:21 2023]
Job 24:  Optimize .saf.idx and calculate all pairwise 2dsfs's (joint site frequency spectra) using realSFS and fold for FST 
Reason: Missing output files: saf/POPS/sites/PRE_long_LC_vs_PEL_cuc_LC.sites.2D.sfs

 
    module load singularity/3.8.7-python-3.10.8-gcc-8.5.0-e6f6onc
    singularity exec --home $PWD:$HOME /scratch/c7701178/bio/angsd+ngsrelate.sif /opt/angsd-0.939/misc/realSFS saf/POPS/sites/PRE_long_LC*.GL2.sites.saf.idx saf/POPS/sites/PEL_cuc_LC*.GL2.sites.saf.idx -fold 1 > saf/POPS/sites/PRE_long_LC_vs_PEL_cuc_LC.sites.2D.sfs 2> log/saf_POPS/sites/PRE_long_LC_vs_PEL_cuc_LC.sites.2D.sfs.log
    
Submitted job 24 with external jobid 'Submitted batch job 187603'.

[Wed May 31 16:39:21 2023]
Job 26:  Optimize .saf.idx and calculate all pairwise 2dsfs's (joint site frequency spectra) using realSFS and fold for FST 
Reason: Missing output files: saf/POPS/sites/ALL_gal_LC_vs_PEL_long_LC.sites.2D.sfs

 
    module load singularity/3.8.7-python-3.10.8-gcc-8.5.0-e6f6onc
    singularity exec --home $PWD:$HOME /scratch/c7701178/bio/angsd+ngsrelate.sif /opt/angsd-0.939/misc/realSFS saf/POPS/sites/ALL_gal_LC*.GL2.sites.saf.idx saf/POPS/sites/PEL_long_LC*.GL2.sites.saf.idx -fold 1 > saf/POPS/sites/ALL_gal_LC_vs_PEL_long_LC.sites.2D.sfs 2> log/saf_POPS/sites/ALL_gal_LC_vs_PEL_long_LC.sites.2D.sfs.log
    
Submitted job 26 with external jobid 'Submitted batch job 187604'.

[Wed May 31 16:39:22 2023]
Job 28:  Optimize .saf.idx and calculate all pairwise 2dsfs's (joint site frequency spectra) using realSFS and fold for FST 
Reason: Missing output files: saf/POPS/sites/ALL_gal_LC_vs_PEL_cuc_LC.sites.2D.sfs

 
    module load singularity/3.8.7-python-3.10.8-gcc-8.5.0-e6f6onc
    singularity exec --home $PWD:$HOME /scratch/c7701178/bio/angsd+ngsrelate.sif /opt/angsd-0.939/misc/realSFS saf/POPS/sites/ALL_gal_LC*.GL2.sites.saf.idx saf/POPS/sites/PEL_cuc_LC*.GL2.sites.saf.idx -fold 1 > saf/POPS/sites/ALL_gal_LC_vs_PEL_cuc_LC.sites.2D.sfs 2> log/saf_POPS/sites/ALL_gal_LC_vs_PEL_cuc_LC.sites.2D.sfs.log
    
Submitted job 28 with external jobid 'Submitted batch job 187605'.

[Wed May 31 16:39:22 2023]
Job 30:  Optimize .saf.idx and calculate all pairwise 2dsfs's (joint site frequency spectra) using realSFS and fold for FST 
Reason: Missing output files: saf/POPS/sites/longREF9_vs_cucREF7.sites.2D.sfs

 
    module load singularity/3.8.7-python-3.10.8-gcc-8.5.0-e6f6onc
    singularity exec --home $PWD:$HOME /scratch/c7701178/bio/angsd+ngsrelate.sif /opt/angsd-0.939/misc/realSFS saf/POPS/sites/longREF9*.GL2.sites.saf.idx saf/POPS/sites/cucREF7*.GL2.sites.saf.idx -fold 1 > saf/POPS/sites/longREF9_vs_cucREF7.sites.2D.sfs 2> log/saf_POPS/sites/longREF9_vs_cucREF7.sites.2D.sfs.log
    
Submitted job 30 with external jobid 'Submitted batch job 187606'.
[Wed May 31 16:39:55 2023]
Finished job 29.
1 of 17 steps (6%) done
[Wed May 31 16:39:56 2023]
Finished job 31.
2 of 17 steps (12%) done
[Wed May 31 16:40:00 2023]
Finished job 30.
3 of 17 steps (18%) done
[Wed May 31 16:40:10 2023]
Finished job 32.
4 of 17 steps (24%) done
[Wed May 31 16:40:11 2023]
Finished job 33.
5 of 17 steps (29%) done
[Wed May 31 16:40:13 2023]
Finished job 23.
6 of 17 steps (35%) done
[Wed May 31 16:40:15 2023]
Finished job 24.
7 of 17 steps (41%) done
[Wed May 31 16:40:28 2023]
Finished job 27.
8 of 17 steps (47%) done
[Wed May 31 16:42:52 2023]
Finished job 25.
9 of 17 steps (53%) done
[Wed May 31 16:42:54 2023]
Finished job 28.
10 of 17 steps (59%) done
[Wed May 31 16:46:15 2023]
Finished job 26.
11 of 17 steps (65%) done
Select jobs to execute...

[Wed May 31 16:46:15 2023]
Job 34:  Index fst for easy window analysis 
Reason: Missing output files: saf/POPS/sites/3pops/PRE_long_LC_vs_ALL_gal_LC_vs_PEL_long_LC.sites.fstIndex.done; Input files updated by another job: saf/POPS/sites/PRE_long_LC_vs_PEL_long_LC.sites.2D.sfs, saf/POPS/sites/ALL_gal_LC_vs_PEL_long_LC.sites.2D.sfs, saf/POPS/sites/PRE_long_LC_vs_ALL_gal_LC.sites.2D.sfs


    module load singularity/3.8.7-python-3.10.8-gcc-8.5.0-e6f6onc
    singularity exec --home $PWD:$HOME /scratch/c7701178/bio/angsd+ngsrelate.sif /opt/angsd-0.939/misc/realSFS fst index saf/POPS/sites/PRE_long_LC*.GL2.sites.saf.idx saf/POPS/sites/ALL_gal_LC*.GL2.sites.saf.idx saf/POPS/sites/PEL_long_LC*.GL2.sites.saf.idx -sfs saf/POPS/sites/PRE_long_LC_vs_ALL_gal_LC.sites.2D.sfs -sfs saf/POPS/sites/PRE_long_LC_vs_PEL_long_LC.sites.2D.sfs -sfs saf/POPS/sites/ALL_gal_LC_vs_PEL_long_LC.sites.2D.sfs -fstout saf/POPS/sites/3pops/PRE_long_LC_vs_ALL_gal_LC_vs_PEL_long_LC.sites -whichFst 1 2> log/saf_POPS/sites/3pops/PRE_long_LC_vs_ALL_gal_LC_vs_PEL_long_LC.sites.fstIndex.log
    
Submitted job 34 with external jobid 'Submitted batch job 187607'.
[Wed May 31 16:46:55 2023]
Finished job 34.
12 of 17 steps (71%) done
Select jobs to execute...

[Wed May 31 16:46:55 2023]
Job 35:  Get the global Fst estimate 
Reason: Missing output files: saf/POPS/sites/3pops/PRE_long_LC_vs_ALL_gal_LC_vs_PEL_long_LC.sites.fst.global.tsv; Input files updated by another job: saf/POPS/sites/3pops/PRE_long_LC_vs_ALL_gal_LC_vs_PEL_long_LC.sites.fstIndex.done


    module load singularity/3.8.7-python-3.10.8-gcc-8.5.0-e6f6onc
    singularity exec --home $PWD:$HOME /scratch/c7701178/bio/angsd+ngsrelate.sif /opt/angsd-0.939/misc/realSFS fst stats saf/POPS/sites/3pops/PRE_long_LC_vs_ALL_gal_LC_vs_PEL_long_LC.sites.fst.idx > saf/POPS/sites/3pops/PRE_long_LC_vs_ALL_gal_LC_vs_PEL_long_LC.sites.fst.global.tsv 2> log/saf_POPS/sites/3pops/PRE_long_LC_vs_ALL_gal_LC_vs_PEL_long_LC.sites.fst_Global.log
    
Submitted job 35 with external jobid 'Submitted batch job 187608'.

[Wed May 31 16:46:55 2023]
Job 36:  Get the Fst estimates per window 
Reason: Missing output files: saf/POPS/sites/3pops/PRE_long_LC_vs_ALL_gal_LC_vs_PEL_long_LC.sites.fst.Window10kb.type1.tsv; Input files updated by another job: saf/POPS/sites/3pops/PRE_long_LC_vs_ALL_gal_LC_vs_PEL_long_LC.sites.fstIndex.done


      module load singularity/3.8.7-python-3.10.8-gcc-8.5.0-e6f6onc
    singularity exec --home $PWD:$HOME /scratch/c7701178/bio/angsd+ngsrelate.sif /opt/angsd-0.939/misc/realSFS fst stats2 saf/POPS/sites/3pops/PRE_long_LC_vs_ALL_gal_LC_vs_PEL_long_LC.sites.fst.idx -win 10000 -step 1000 -type 1 > saf/POPS/sites/3pops/PRE_long_LC_vs_ALL_gal_LC_vs_PEL_long_LC.sites.fst.Window10kb.type1.tsv 2> log/saf_POPS/sites/3pops/PRE_long_LC_vs_ALL_gal_LC_vs_PEL_long_LC.sites.fst.Window10kb.type1.log
    
Submitted job 36 with external jobid 'Submitted batch job 187609'.

[Wed May 31 16:46:55 2023]
Job 37:  Get the Fst estimates per window 
Reason: Missing output files: saf/POPS/sites/3pops/PRE_long_LC_vs_ALL_gal_LC_vs_PEL_long_LC.sites.fst.Window10kb.type2.tsv; Input files updated by another job: saf/POPS/sites/3pops/PRE_long_LC_vs_ALL_gal_LC_vs_PEL_long_LC.sites.fstIndex.done


      module load singularity/3.8.7-python-3.10.8-gcc-8.5.0-e6f6onc
    singularity exec --home $PWD:$HOME /scratch/c7701178/bio/angsd+ngsrelate.sif /opt/angsd-0.939/misc/realSFS fst stats2 saf/POPS/sites/3pops/PRE_long_LC_vs_ALL_gal_LC_vs_PEL_long_LC.sites.fst.idx -win 10000 -step 1000 -type 2 > saf/POPS/sites/3pops/PRE_long_LC_vs_ALL_gal_LC_vs_PEL_long_LC.sites.fst.Window10kb.type2.tsv 2> log/saf_POPS/sites/3pops/PRE_long_LC_vs_ALL_gal_LC_vs_PEL_long_LC.sites.fst.Window10kb.type2.log
    
Submitted job 37 with external jobid 'Submitted batch job 187610'.

[Wed May 31 16:46:55 2023]
Job 38:  Get the Fst estimates per window 
Reason: Missing output files: saf/POPS/sites/3pops/PRE_long_LC_vs_ALL_gal_LC_vs_PEL_long_LC.sites.fst.Window10kb.type3.tsv; Input files updated by another job: saf/POPS/sites/3pops/PRE_long_LC_vs_ALL_gal_LC_vs_PEL_long_LC.sites.fstIndex.done


      module load singularity/3.8.7-python-3.10.8-gcc-8.5.0-e6f6onc
    singularity exec --home $PWD:$HOME /scratch/c7701178/bio/angsd+ngsrelate.sif /opt/angsd-0.939/misc/realSFS fst stats2 saf/POPS/sites/3pops/PRE_long_LC_vs_ALL_gal_LC_vs_PEL_long_LC.sites.fst.idx -win 10000 -step 1000 -type 3 > saf/POPS/sites/3pops/PRE_long_LC_vs_ALL_gal_LC_vs_PEL_long_LC.sites.fst.Window10kb.type3.tsv 2> log/saf_POPS/sites/3pops/PRE_long_LC_vs_ALL_gal_LC_vs_PEL_long_LC.sites.fst.Window10kb.type3.log
    
Submitted job 38 with external jobid 'Submitted batch job 187611'.
[Wed May 31 16:47:18 2023]
Finished job 35.
13 of 17 steps (76%) done
[Wed May 31 16:47:19 2023]
Finished job 36.
14 of 17 steps (82%) done
[Wed May 31 16:47:20 2023]
Finished job 37.
15 of 17 steps (88%) done
[Wed May 31 16:47:21 2023]
Finished job 38.
16 of 17 steps (94%) done
Select jobs to execute...

[Wed May 31 16:47:21 2023]
localrule all:
    input: saf/POPS/ALL_gal_LC_100_100_5343.GL2.saf.idx.done, saf/POPS/cucREF7_7_7_284.GL2.saf.idx.done, saf/POPS/curvirostris_8_8_82.GL2.saf.idx.done, saf/POPS/EGGS_gal_LC_78_78_4182.GL2.saf.idx.done, saf/POPS/galREF9_9_9_467.GL2.saf.idx.done, saf/POPS/hatched_gal_LC_22_22_1161.GL2.saf.idx.done, saf/POPS/longREF7_7_7_317.GL2.saf.idx.done, saf/POPS/longREF9_9_9_393.GL2.saf.idx.done, saf/POPS/PEL_cuc_LC_8_8_215.GL2.saf.idx.done, saf/POPS/PEL_long_LC_17_17_480.GL2.saf.idx.done, saf/POPS/PRE_long_LC_8_8_276.GL2.saf.idx.done, saf/POPS/ALL_gal_LC_100_100_5343.GL2.1D.sfs, saf/POPS/cucREF7_7_7_284.GL2.1D.sfs, saf/POPS/curvirostris_8_8_82.GL2.1D.sfs, saf/POPS/EGGS_gal_LC_78_78_4182.GL2.1D.sfs, saf/POPS/galREF9_9_9_467.GL2.1D.sfs, saf/POPS/hatched_gal_LC_22_22_1161.GL2.1D.sfs, saf/POPS/longREF7_7_7_317.GL2.1D.sfs, saf/POPS/longREF9_9_9_393.GL2.1D.sfs, saf/POPS/PEL_cuc_LC_8_8_215.GL2.1D.sfs, saf/POPS/PEL_long_LC_17_17_480.GL2.1D.sfs, saf/POPS/PRE_long_LC_8_8_276.GL2.1D.sfs, saf/POPS/ALL_gal_LC_100_100_5343.GL2.sfs2theta.done, saf/POPS/cucREF7_7_7_284.GL2.sfs2theta.done, saf/POPS/curvirostris_8_8_82.GL2.sfs2theta.done, saf/POPS/EGGS_gal_LC_78_78_4182.GL2.sfs2theta.done, saf/POPS/galREF9_9_9_467.GL2.sfs2theta.done, saf/POPS/hatched_gal_LC_22_22_1161.GL2.sfs2theta.done, saf/POPS/longREF7_7_7_317.GL2.sfs2theta.done, saf/POPS/longREF9_9_9_393.GL2.sfs2theta.done, saf/POPS/PEL_cuc_LC_8_8_215.GL2.sfs2theta.done, saf/POPS/PEL_long_LC_17_17_480.GL2.sfs2theta.done, saf/POPS/PRE_long_LC_8_8_276.GL2.sfs2theta.done, saf/POPS/ALL_gal_LC_100_100_5343.GL2.theta_stats_chrom.done, saf/POPS/cucREF7_7_7_284.GL2.theta_stats_chrom.done, saf/POPS/curvirostris_8_8_82.GL2.theta_stats_chrom.done, saf/POPS/EGGS_gal_LC_78_78_4182.GL2.theta_stats_chrom.done, saf/POPS/galREF9_9_9_467.GL2.theta_stats_chrom.done, saf/POPS/hatched_gal_LC_22_22_1161.GL2.theta_stats_chrom.done, saf/POPS/longREF7_7_7_317.GL2.theta_stats_chrom.done, saf/POPS/longREF9_9_9_393.GL2.theta_stats_chrom.done, saf/POPS/PEL_cuc_LC_8_8_215.GL2.theta_stats_chrom.done, saf/POPS/PEL_long_LC_17_17_480.GL2.theta_stats_chrom.done, saf/POPS/PRE_long_LC_8_8_276.GL2.theta_stats_chrom.done, saf/POPS/ALL_gal_LC_100_100_5343.GL2.theta_stats_Window10kb.done, saf/POPS/cucREF7_7_7_284.GL2.theta_stats_Window10kb.done, saf/POPS/curvirostris_8_8_82.GL2.theta_stats_Window10kb.done, saf/POPS/EGGS_gal_LC_78_78_4182.GL2.theta_stats_Window10kb.done, saf/POPS/galREF9_9_9_467.GL2.theta_stats_Window10kb.done, saf/POPS/hatched_gal_LC_22_22_1161.GL2.theta_stats_Window10kb.done, saf/POPS/longREF7_7_7_317.GL2.theta_stats_Window10kb.done, saf/POPS/longREF9_9_9_393.GL2.theta_stats_Window10kb.done, saf/POPS/PEL_cuc_LC_8_8_215.GL2.theta_stats_Window10kb.done, saf/POPS/PEL_long_LC_17_17_480.GL2.theta_stats_Window10kb.done, saf/POPS/PRE_long_LC_8_8_276.GL2.theta_stats_Window10kb.done, saf/POPS/PRE_long_LC_vs_PEL_long_LC_2D.sfs, saf/POPS/PRE_long_LC_vs_PEL_cuc_LC_2D.sfs, saf/POPS/PRE_long_LC_vs_ALL_gal_LC_2D.sfs, saf/POPS/ALL_gal_LC_vs_PEL_long_LC_2D.sfs, saf/POPS/PEL_long_LC_vs_PEL_cuc_LC_2D.sfs, saf/POPS/ALL_gal_LC_vs_PEL_cuc_LC_2D.sfs, saf/POPS/longREF9_vs_galREF9_2D.sfs, saf/POPS/longREF9_vs_cucREF7_2D.sfs, saf/POPS/longREF7_vs_galREF9_2D.sfs, saf/POPS/longREF7_vs_cucREF7_2D.sfs, saf/POPS/galREF9_vs_cucREF7_2D.sfs, saf/POPS/2pops/PRE_long_LC_vs_PEL_long_LC.fstIndex.done, saf/POPS/2pops/PRE_long_LC_vs_PEL_cuc_LC.fstIndex.done, saf/POPS/2pops/PRE_long_LC_vs_ALL_gal_LC.fstIndex.done, saf/POPS/2pops/ALL_gal_LC_vs_PEL_long_LC.fstIndex.done, saf/POPS/2pops/PEL_long_LC_vs_PEL_cuc_LC.fstIndex.done, saf/POPS/2pops/ALL_gal_LC_vs_PEL_cuc_LC.fstIndex.done, saf/POPS/2pops/longREF9_vs_galREF9.fstIndex.done, saf/POPS/2pops/longREF9_vs_cucREF7.fstIndex.done, saf/POPS/2pops/longREF7_vs_galREF9.fstIndex.done, saf/POPS/2pops/longREF7_vs_cucREF7.fstIndex.done, saf/POPS/2pops/galREF9_vs_cucREF7.fstIndex.done, saf/POPS/3pops/PRE_long_LC_vs_ALL_gal_LC_vs_PEL_long_LC.fstIndex.done, saf/POPS/2pops/PRE_long_LC_vs_PEL_long_LC.fst.global.tsv, saf/POPS/2pops/PRE_long_LC_vs_PEL_cuc_LC.fst.global.tsv, saf/POPS/2pops/PRE_long_LC_vs_ALL_gal_LC.fst.global.tsv, saf/POPS/2pops/ALL_gal_LC_vs_PEL_long_LC.fst.global.tsv, saf/POPS/2pops/PEL_long_LC_vs_PEL_cuc_LC.fst.global.tsv, saf/POPS/2pops/ALL_gal_LC_vs_PEL_cuc_LC.fst.global.tsv, saf/POPS/2pops/longREF9_vs_galREF9.fst.global.tsv, saf/POPS/2pops/longREF9_vs_cucREF7.fst.global.tsv, saf/POPS/2pops/longREF7_vs_galREF9.fst.global.tsv, saf/POPS/2pops/longREF7_vs_cucREF7.fst.global.tsv, saf/POPS/2pops/galREF9_vs_cucREF7.fst.global.tsv, saf/POPS/2pops/PRE_long_LC_vs_PEL_long_LC.fst.Window10kb.type1.tsv, saf/POPS/2pops/PRE_long_LC_vs_PEL_cuc_LC.fst.Window10kb.type1.tsv, saf/POPS/2pops/PRE_long_LC_vs_ALL_gal_LC.fst.Window10kb.type1.tsv, saf/POPS/2pops/ALL_gal_LC_vs_PEL_long_LC.fst.Window10kb.type1.tsv, saf/POPS/2pops/PEL_long_LC_vs_PEL_cuc_LC.fst.Window10kb.type1.tsv, saf/POPS/2pops/ALL_gal_LC_vs_PEL_cuc_LC.fst.Window10kb.type1.tsv, saf/POPS/2pops/longREF9_vs_galREF9.fst.Window10kb.type1.tsv, saf/POPS/2pops/longREF9_vs_cucREF7.fst.Window10kb.type1.tsv, saf/POPS/2pops/longREF7_vs_galREF9.fst.Window10kb.type1.tsv, saf/POPS/2pops/longREF7_vs_cucREF7.fst.Window10kb.type1.tsv, saf/POPS/2pops/galREF9_vs_cucREF7.fst.Window10kb.type1.tsv, saf/POPS/3pops/PRE_long_LC_vs_ALL_gal_LC_vs_PEL_long_LC.fst.global.tsv, saf/POPS/3pops/PRE_long_LC_vs_ALL_gal_LC_vs_PEL_long_LC.fst.Window10kb.type1.tsv, saf/POPS/3pops/PRE_long_LC_vs_ALL_gal_LC_vs_PEL_long_LC.fst.Window10kb.type2.tsv, saf/POPS/3pops/PRE_long_LC_vs_ALL_gal_LC_vs_PEL_long_LC.fst.Window10kb.type3.tsv, saf/POPS/2pops/PRE_long_LC_vs_PEL_long_LC.A_B.tsv.gz, saf/POPS/2pops/PRE_long_LC_vs_PEL_cuc_LC.A_B.tsv.gz, saf/POPS/2pops/PRE_long_LC_vs_ALL_gal_LC.A_B.tsv.gz, saf/POPS/2pops/ALL_gal_LC_vs_PEL_long_LC.A_B.tsv.gz, saf/POPS/2pops/PEL_long_LC_vs_PEL_cuc_LC.A_B.tsv.gz, saf/POPS/2pops/ALL_gal_LC_vs_PEL_cuc_LC.A_B.tsv.gz, saf/POPS/2pops/longREF9_vs_galREF9.A_B.tsv.gz, saf/POPS/2pops/longREF9_vs_cucREF7.A_B.tsv.gz, saf/POPS/2pops/longREF7_vs_galREF9.A_B.tsv.gz, saf/POPS/2pops/longREF7_vs_cucREF7.A_B.tsv.gz, saf/POPS/2pops/galREF9_vs_cucREF7.A_B.tsv.gz, saf/POPS/3pops/PRE_long_LC_vs_ALL_gal_LC_vs_PEL_long_LC.A_B.tsv.gz, ngsRelate/PEL_cuc_LC.glf3.freq, ngsRelate/PEL_long_LC.glf3.freq, ngsRelate/PRE_long_LC.glf3.freq, ngsRelate/PEL_F1_LC.glf3.freq, saf/POPS/sites/ALL_gal_LC_100_100_5343.GL2.sites.saf.idx.done, saf/POPS/sites/cucREF7_7_7_284.GL2.sites.saf.idx.done, saf/POPS/sites/curvirostris_8_8_82.GL2.sites.saf.idx.done, saf/POPS/sites/EGGS_gal_LC_78_78_4182.GL2.sites.saf.idx.done, saf/POPS/sites/galREF9_9_9_467.GL2.sites.saf.idx.done, saf/POPS/sites/hatched_gal_LC_22_22_1161.GL2.sites.saf.idx.done, saf/POPS/sites/longREF7_7_7_317.GL2.sites.saf.idx.done, saf/POPS/sites/longREF9_9_9_393.GL2.sites.saf.idx.done, saf/POPS/sites/PEL_cuc_LC_8_8_215.GL2.sites.saf.idx.done, saf/POPS/sites/PEL_long_LC_17_17_480.GL2.sites.saf.idx.done, saf/POPS/sites/PRE_long_LC_8_8_276.GL2.sites.saf.idx.done, saf/POPS/sites/ALL_gal_LC_100_100_5343.GL2.sites.1D.sfs, saf/POPS/sites/cucREF7_7_7_284.GL2.sites.1D.sfs, saf/POPS/sites/curvirostris_8_8_82.GL2.sites.1D.sfs, saf/POPS/sites/EGGS_gal_LC_78_78_4182.GL2.sites.1D.sfs, saf/POPS/sites/galREF9_9_9_467.GL2.sites.1D.sfs, saf/POPS/sites/hatched_gal_LC_22_22_1161.GL2.sites.1D.sfs, saf/POPS/sites/longREF7_7_7_317.GL2.sites.1D.sfs, saf/POPS/sites/longREF9_9_9_393.GL2.sites.1D.sfs, saf/POPS/sites/PEL_cuc_LC_8_8_215.GL2.sites.1D.sfs, saf/POPS/sites/PEL_long_LC_17_17_480.GL2.sites.1D.sfs, saf/POPS/sites/PRE_long_LC_8_8_276.GL2.sites.1D.sfs, saf/POPS/sites/PRE_long_LC_vs_PEL_long_LC.sites.2D.sfs, saf/POPS/sites/PRE_long_LC_vs_PEL_cuc_LC.sites.2D.sfs, saf/POPS/sites/PRE_long_LC_vs_ALL_gal_LC.sites.2D.sfs, saf/POPS/sites/ALL_gal_LC_vs_PEL_long_LC.sites.2D.sfs, saf/POPS/sites/PEL_long_LC_vs_PEL_cuc_LC.sites.2D.sfs, saf/POPS/sites/ALL_gal_LC_vs_PEL_cuc_LC.sites.2D.sfs, saf/POPS/sites/longREF9_vs_galREF9.sites.2D.sfs, saf/POPS/sites/longREF9_vs_cucREF7.sites.2D.sfs, saf/POPS/sites/longREF7_vs_galREF9.sites.2D.sfs, saf/POPS/sites/longREF7_vs_cucREF7.sites.2D.sfs, saf/POPS/sites/galREF9_vs_cucREF7.sites.2D.sfs, saf/POPS/sites/3pops/PRE_long_LC_vs_ALL_gal_LC_vs_PEL_long_LC.sites.fstIndex.done, saf/POPS/sites/3pops/PRE_long_LC_vs_ALL_gal_LC_vs_PEL_long_LC.sites.fst.global.tsv, saf/POPS/sites/3pops/PRE_long_LC_vs_ALL_gal_LC_vs_PEL_long_LC.sites.fst.Window10kb.type1.tsv, saf/POPS/sites/3pops/PRE_long_LC_vs_ALL_gal_LC_vs_PEL_long_LC.sites.fst.Window10kb.type2.tsv, saf/POPS/sites/3pops/PRE_long_LC_vs_ALL_gal_LC_vs_PEL_long_LC.sites.fst.Window10kb.type3.tsv
    jobid: 0
    reason: Input files updated by another job: saf/POPS/sites/ALL_gal_LC_vs_PEL_cuc_LC.sites.2D.sfs, saf/POPS/sites/longREF9_vs_galREF9.sites.2D.sfs, saf/POPS/sites/PEL_long_LC_vs_PEL_cuc_LC.sites.2D.sfs, saf/POPS/sites/PRE_long_LC_vs_PEL_cuc_LC.sites.2D.sfs, saf/POPS/sites/3pops/PRE_long_LC_vs_ALL_gal_LC_vs_PEL_long_LC.sites.fst.Window10kb.type3.tsv, saf/POPS/sites/longREF7_vs_galREF9.sites.2D.sfs, saf/POPS/sites/3pops/PRE_long_LC_vs_ALL_gal_LC_vs_PEL_long_LC.sites.fst.Window10kb.type2.tsv, saf/POPS/sites/PRE_long_LC_vs_ALL_gal_LC.sites.2D.sfs, saf/POPS/sites/galREF9_vs_cucREF7.sites.2D.sfs, saf/POPS/sites/ALL_gal_LC_vs_PEL_long_LC.sites.2D.sfs, saf/POPS/sites/3pops/PRE_long_LC_vs_ALL_gal_LC_vs_PEL_long_LC.sites.fstIndex.done, saf/POPS/sites/3pops/PRE_long_LC_vs_ALL_gal_LC_vs_PEL_long_LC.sites.fst.Window10kb.type1.tsv, saf/POPS/sites/longREF7_vs_cucREF7.sites.2D.sfs, saf/POPS/sites/PRE_long_LC_vs_PEL_long_LC.sites.2D.sfs, saf/POPS/sites/longREF9_vs_cucREF7.sites.2D.sfs, saf/POPS/sites/3pops/PRE_long_LC_vs_ALL_gal_LC_vs_PEL_long_LC.sites.fst.global.tsv
    resources: mem_mb=1000, mem_mib=954, disk_mb=4226, disk_mib=4031, tmpdir=/tmp, partition=std, walltime=120:00:00

[Wed May 31 16:47:21 2023]
Finished job 0.
17 of 17 steps (100%) done
Complete log: .snakemake/log/2023-05-31T163919.391299.snakemake.log
