Building DAG of jobs...
Using shell: /usr/bin/bash
Provided cluster nodes: 5000
Job stats:
job              count    min threads    max threads
-------------  -------  -------------  -------------
all                  1              1              1
angsd_SAF_POP       11             12             12
total               12              1             12

Select jobs to execute...

[Mon Apr 24 17:03:25 2023]
Job 11:  Compute site allele frequency likelihood (.saf.idx) for each population using angsd 
Reason: Missing output files: saf/POPS/PRE_long_LC_8_8_276.GL2.saf.idx.done


    angsd -b list/saf/PRE_long_LC.list -ref ref/Dgaleata_M5_PBasm.FINAL.fasta -anc ref/Dgaleata_M5_PBasm.FINAL.fasta -out saf/POPS/PRE_long_LC_8_8_276.GL2 -uniqueOnly 1 -remove_bads 1 -only_proper_pairs 1 -trim 0 -C 50 -minQ 20 -minMapQ 30 -minInd 8 -setMinDepth 8 -setMaxDepth 276 -GL 2 -doCounts 1 -doSaf 1 2> log/saf_POPS/PRE_long_LC_8_8_276.GL2.saf.idx.log
    
Submitted job 11 with external jobid 'Submitted batch job 141341'.

[Mon Apr 24 17:03:26 2023]
Job 2:  Compute site allele frequency likelihood (.saf.idx) for each population using angsd 
Reason: Missing output files: saf/POPS/cucREF7_7_7_284.GL2.saf.idx.done


    angsd -b list/saf/cucREF7.list -ref ref/Dgaleata_M5_PBasm.FINAL.fasta -anc ref/Dgaleata_M5_PBasm.FINAL.fasta -out saf/POPS/cucREF7_7_7_284.GL2 -uniqueOnly 1 -remove_bads 1 -only_proper_pairs 1 -trim 0 -C 50 -minQ 20 -minMapQ 30 -minInd 7 -setMinDepth 7 -setMaxDepth 284 -GL 2 -doCounts 1 -doSaf 1 2> log/saf_POPS/cucREF7_7_7_284.GL2.saf.idx.log
    
Submitted job 2 with external jobid 'Submitted batch job 141342'.

[Mon Apr 24 17:03:26 2023]
Job 8:  Compute site allele frequency likelihood (.saf.idx) for each population using angsd 
Reason: Missing output files: saf/POPS/longREF9_9_9_393.GL2.saf.idx.done


    angsd -b list/saf/longREF9.list -ref ref/Dgaleata_M5_PBasm.FINAL.fasta -anc ref/Dgaleata_M5_PBasm.FINAL.fasta -out saf/POPS/longREF9_9_9_393.GL2 -uniqueOnly 1 -remove_bads 1 -only_proper_pairs 1 -trim 0 -C 50 -minQ 20 -minMapQ 30 -minInd 9 -setMinDepth 9 -setMaxDepth 393 -GL 2 -doCounts 1 -doSaf 1 2> log/saf_POPS/longREF9_9_9_393.GL2.saf.idx.log
    
Submitted job 8 with external jobid 'Submitted batch job 141343'.

[Mon Apr 24 17:03:26 2023]
Job 10:  Compute site allele frequency likelihood (.saf.idx) for each population using angsd 
Reason: Missing output files: saf/POPS/PEL_long_LC_17_17_480.GL2.saf.idx.done


    angsd -b list/saf/PEL_long_LC.list -ref ref/Dgaleata_M5_PBasm.FINAL.fasta -anc ref/Dgaleata_M5_PBasm.FINAL.fasta -out saf/POPS/PEL_long_LC_17_17_480.GL2 -uniqueOnly 1 -remove_bads 1 -only_proper_pairs 1 -trim 0 -C 50 -minQ 20 -minMapQ 30 -minInd 17 -setMinDepth 17 -setMaxDepth 480 -GL 2 -doCounts 1 -doSaf 1 2> log/saf_POPS/PEL_long_LC_17_17_480.GL2.saf.idx.log
    
Submitted job 10 with external jobid 'Submitted batch job 141344'.

[Mon Apr 24 17:03:26 2023]
Job 5:  Compute site allele frequency likelihood (.saf.idx) for each population using angsd 
Reason: Missing output files: saf/POPS/galREF9_9_9_467.GL2.saf.idx.done


    angsd -b list/saf/galREF9.list -ref ref/Dgaleata_M5_PBasm.FINAL.fasta -anc ref/Dgaleata_M5_PBasm.FINAL.fasta -out saf/POPS/galREF9_9_9_467.GL2 -uniqueOnly 1 -remove_bads 1 -only_proper_pairs 1 -trim 0 -C 50 -minQ 20 -minMapQ 30 -minInd 9 -setMinDepth 9 -setMaxDepth 467 -GL 2 -doCounts 1 -doSaf 1 2> log/saf_POPS/galREF9_9_9_467.GL2.saf.idx.log
    
Submitted job 5 with external jobid 'Submitted batch job 141345'.

[Mon Apr 24 17:03:26 2023]
Job 1:  Compute site allele frequency likelihood (.saf.idx) for each population using angsd 
Reason: Missing output files: saf/POPS/ALL_gal_LC_100_100_5343.GL2.saf.idx.done


    angsd -b list/saf/ALL_gal_LC.list -ref ref/Dgaleata_M5_PBasm.FINAL.fasta -anc ref/Dgaleata_M5_PBasm.FINAL.fasta -out saf/POPS/ALL_gal_LC_100_100_5343.GL2 -uniqueOnly 1 -remove_bads 1 -only_proper_pairs 1 -trim 0 -C 50 -minQ 20 -minMapQ 30 -minInd 100 -setMinDepth 100 -setMaxDepth 5343 -GL 2 -doCounts 1 -doSaf 1 2> log/saf_POPS/ALL_gal_LC_100_100_5343.GL2.saf.idx.log
    
Submitted job 1 with external jobid 'Submitted batch job 141346'.

[Mon Apr 24 17:03:26 2023]
Job 7:  Compute site allele frequency likelihood (.saf.idx) for each population using angsd 
Reason: Missing output files: saf/POPS/longREF7_7_7_317.GL2.saf.idx.done


    angsd -b list/saf/longREF7.list -ref ref/Dgaleata_M5_PBasm.FINAL.fasta -anc ref/Dgaleata_M5_PBasm.FINAL.fasta -out saf/POPS/longREF7_7_7_317.GL2 -uniqueOnly 1 -remove_bads 1 -only_proper_pairs 1 -trim 0 -C 50 -minQ 20 -minMapQ 30 -minInd 7 -setMinDepth 7 -setMaxDepth 317 -GL 2 -doCounts 1 -doSaf 1 2> log/saf_POPS/longREF7_7_7_317.GL2.saf.idx.log
    
Submitted job 7 with external jobid 'Submitted batch job 141347'.

[Mon Apr 24 17:03:26 2023]
Job 6:  Compute site allele frequency likelihood (.saf.idx) for each population using angsd 
Reason: Missing output files: saf/POPS/hatched_gal_LC_22_22_1161.GL2.saf.idx.done


    angsd -b list/saf/hatched_gal_LC.list -ref ref/Dgaleata_M5_PBasm.FINAL.fasta -anc ref/Dgaleata_M5_PBasm.FINAL.fasta -out saf/POPS/hatched_gal_LC_22_22_1161.GL2 -uniqueOnly 1 -remove_bads 1 -only_proper_pairs 1 -trim 0 -C 50 -minQ 20 -minMapQ 30 -minInd 22 -setMinDepth 22 -setMaxDepth 1161 -GL 2 -doCounts 1 -doSaf 1 2> log/saf_POPS/hatched_gal_LC_22_22_1161.GL2.saf.idx.log
    
Submitted job 6 with external jobid 'Submitted batch job 141348'.

[Mon Apr 24 17:03:26 2023]
Job 3:  Compute site allele frequency likelihood (.saf.idx) for each population using angsd 
Reason: Missing output files: saf/POPS/curvirostris_8_8_82.GL2.saf.idx.done


    angsd -b list/saf/curvirostris.list -ref ref/Dgaleata_M5_PBasm.FINAL.fasta -anc ref/Dgaleata_M5_PBasm.FINAL.fasta -out saf/POPS/curvirostris_8_8_82.GL2 -uniqueOnly 1 -remove_bads 1 -only_proper_pairs 1 -trim 0 -C 50 -minQ 20 -minMapQ 30 -minInd 8 -setMinDepth 8 -setMaxDepth 82 -GL 2 -doCounts 1 -doSaf 1 2> log/saf_POPS/curvirostris_8_8_82.GL2.saf.idx.log
    
Submitted job 3 with external jobid 'Submitted batch job 141349'.

[Mon Apr 24 17:03:26 2023]
Job 9:  Compute site allele frequency likelihood (.saf.idx) for each population using angsd 
Reason: Missing output files: saf/POPS/PEL_cuc_LC_8_8_215.GL2.saf.idx.done


    angsd -b list/saf/PEL_cuc_LC.list -ref ref/Dgaleata_M5_PBasm.FINAL.fasta -anc ref/Dgaleata_M5_PBasm.FINAL.fasta -out saf/POPS/PEL_cuc_LC_8_8_215.GL2 -uniqueOnly 1 -remove_bads 1 -only_proper_pairs 1 -trim 0 -C 50 -minQ 20 -minMapQ 30 -minInd 8 -setMinDepth 8 -setMaxDepth 215 -GL 2 -doCounts 1 -doSaf 1 2> log/saf_POPS/PEL_cuc_LC_8_8_215.GL2.saf.idx.log
    
Submitted job 9 with external jobid 'Submitted batch job 141350'.

[Mon Apr 24 17:03:26 2023]
Job 4:  Compute site allele frequency likelihood (.saf.idx) for each population using angsd 
Reason: Missing output files: saf/POPS/EGGS_gal_LC_78_78_4182.GL2.saf.idx.done


    angsd -b list/saf/EGGS_gal_LC.list -ref ref/Dgaleata_M5_PBasm.FINAL.fasta -anc ref/Dgaleata_M5_PBasm.FINAL.fasta -out saf/POPS/EGGS_gal_LC_78_78_4182.GL2 -uniqueOnly 1 -remove_bads 1 -only_proper_pairs 1 -trim 0 -C 50 -minQ 20 -minMapQ 30 -minInd 78 -setMinDepth 78 -setMaxDepth 4182 -GL 2 -doCounts 1 -doSaf 1 2> log/saf_POPS/EGGS_gal_LC_78_78_4182.GL2.saf.idx.log
    
Submitted job 4 with external jobid 'Submitted batch job 141351'.
[Mon Apr 24 17:03:35 2023]
Finished job 11.
1 of 12 steps (8%) done
[Mon Apr 24 17:03:36 2023]
Finished job 2.
2 of 12 steps (17%) done
[Mon Apr 24 17:03:37 2023]
Finished job 8.
3 of 12 steps (25%) done
[Mon Apr 24 17:03:38 2023]
Finished job 10.
4 of 12 steps (33%) done
[Mon Apr 24 17:03:39 2023]
Finished job 5.
5 of 12 steps (42%) done
[Mon Apr 24 17:03:40 2023]
Finished job 1.
6 of 12 steps (50%) done
[Mon Apr 24 17:03:41 2023]
Finished job 7.
7 of 12 steps (58%) done
[Mon Apr 24 17:03:42 2023]
Finished job 6.
8 of 12 steps (67%) done
[Mon Apr 24 17:03:43 2023]
Finished job 3.
9 of 12 steps (75%) done
[Mon Apr 24 17:03:44 2023]
Error in rule angsd_SAF_POP:
    jobid: 9
    input: ref/Dgaleata_M5_PBasm.FINAL.fasta, list/saf/PEL_cuc_LC.list
    output: saf/POPS/PEL_cuc_LC_8_8_215.GL2.saf.idx.done
    log: log/saf_POPS/PEL_cuc_LC_8_8_215.GL2.saf.idx.log (check log file(s) for error details)
    shell:
        
    angsd -b list/saf/PEL_cuc_LC.list -ref ref/Dgaleata_M5_PBasm.FINAL.fasta -anc ref/Dgaleata_M5_PBasm.FINAL.fasta -out saf/POPS/PEL_cuc_LC_8_8_215.GL2 -uniqueOnly 1 -remove_bads 1 -only_proper_pairs 1 -trim 0 -C 50 -minQ 20 -minMapQ 30 -minInd 8 -setMinDepth 8 -setMaxDepth 215 -GL 2 -doCounts 1 -doSaf 1 2> log/saf_POPS/PEL_cuc_LC_8_8_215.GL2.saf.idx.log
    
        (one of the commands exited with non-zero exit code; note that snakemake uses bash strict mode!)
    cluster_jobid: Submitted batch job 141350

Error executing rule angsd_SAF_POP on cluster (jobid: 9, external: Submitted batch job 141350, jobscript: /gpfs/gpfs1/scratch/c7701178/mach2/DAPHNIA/Daphnia_RestEggs_snakemake_pbs_2.0_HiC_SLURM/.snakemake/tmp.a3su16eb/snakejob.angsd_SAF_POP.9.sh). For error details see the cluster log and the log files of the involved rule(s).
[Mon Apr 24 17:03:45 2023]
Finished job 4.
10 of 12 steps (83%) done
Exiting because a job execution failed. Look above for error message
Complete log: .snakemake/log/2023-04-24T170324.407829.snakemake.log
