Building DAG of jobs...
Using shell: /usr/bin/bash
Provided cluster nodes: 5000
Job stats:
job                 count    min threads    max threads
----------------  -------  -------------  -------------
ABBA_BABA              34             24             24
all                     1              1              1
get_Dstats             34             12             12
get_popNames            1             12             12
prepare_bamlist         1             12             12
prepare_sizefile        1             12             12
total                  72              1             24

Select jobs to execute...

[Fri Jul  7 15:11:17 2023]
Job 239:  Prepare a size file (number of bam/individuals in group) required for the ABBA-BABA test (D-statistic) 
Reason: Updated input files: list/abbababa/4pop_combinations.list


    Lines=$(cat list/abbababa/4pop_combinations.list | tail -n +2)
    path2in=list/saf
    path2out=list/abbababa
    
    for Line in $Lines; do
      p1=$(echo $Line | cut -f1 -d',')
      p2=$(echo $Line | cut -f2 -d',')
      p3=$(echo $Line | cut -f3 -d',')
      p4=$(echo $Line | cut -f4 -d',')
      echo $p1 $p2 $p3 $p4

      NBR_pop1=$(cat $path2in/${p1}.list | wc -l)
      NBR_pop2=$(cat $path2in/${p2}.list | wc -l)
      NBR_pop3=$(cat $path2in/${p3}.list | wc -l)
      NBR_pop4=$(cat $path2in/${p4}.list | wc -l)
      printf '%s
' $NBR_pop1 $NBR_pop2 $NBR_pop3 $NBR_pop4 > $path2out/${p1}_${p2}_${p3}_${p4}.sizefile.list
    done 2> log/abbababa/4pop_combinations.sizefile.log
    

[Fri Jul  7 15:11:18 2023]
Job 238:  Prepare list of bam files required for the ABBA-BABA test (D-statistic) 
Reason: Updated input files: list/abbababa/4pop_combinations.list


    Lines=$(cat list/abbababa/4pop_combinations.list | tail -n +2)
    path2in=list/saf
    path2out=list/abbababa
    
    for Line in $Lines; do
      p1=$(echo $Line | cut -f1 -d',')
      p2=$(echo $Line | cut -f2 -d',')
      p3=$(echo $Line | cut -f3 -d',')
      p4=$(echo $Line | cut -f4 -d',')
      echo $p1 $p2 $p3 $p4
      cat $path2in/${p1}.list $path2in/${p2}.list $path2in/${p3}.list $path2in/${p4}.list > $path2out/${p1}_${p2}_${p3}_${p4}.bam.list 2> log/abbababa/4pop_combinations.bam.list.log
    done
    

[Fri Jul  7 15:11:18 2023]
Job 275:  Prepare list of population names required for the R script calculating D statistic 
Reason: Missing output files: list/abbababa/4pop_combinations.Popnames.list.done


    Lines=$(cat list/abbababa/4pop_combinations.list | tail -n +2)
    path2out=list/abbababa
    
    for Line in $Lines; do
      p1=$(echo $Line | cut -f1 -d',')
      p2=$(echo $Line | cut -f2 -d',')
      p3=$(echo $Line | cut -f3 -d',')
      p4=$(echo $Line | cut -f4 -d',')
      printf '%s
' ${p1} ${p2} ${p3} ${p4} > $path2out/${p1}_${p2}_${p3}_${p4}.POPnames.list 2> log/abbababa/4pop_combinations.Popnames.list.log
    done
    
Touching output file list/abbababa/4pop_combinations.Popnames.list.done.
[Fri Jul  7 15:11:18 2023]
Finished job 275.
1 of 72 steps (1%) done
Touching output file list/abbababa/4pop_combinations.bam.list.done.
[Fri Jul  7 15:11:18 2023]
Finished job 238.
2 of 72 steps (3%) done
Touching output file list/abbababa/4pop_combinations.sizefile.done.
[Fri Jul  7 15:11:19 2023]
Finished job 239.
3 of 72 steps (4%) done
Select jobs to execute...

[Fri Jul  7 15:11:19 2023]
Job 248:  Compute ABBA-BABA test (D-statistic) in angsd, using a global SNP list and allowing for multiple individuals in each group 
Reason: Missing output files: abbababa/angsd_GL2_minInd202_maf0.05_minDepth202_maxDepth9051/PRE_long_LC_longREF7_PEL_long_LC_curvirostris.abbababa.2500000blocksize.done; Input files updated by another job: list/abbababa/4pop_combinations.bam.list.done, list/abbababa/4pop_combinations.sizefile.done


    bamlist=(list/abbababa/PRE_long_LC_longREF7_PEL_long_LC_curvirostris.bam.list)
    popsize=(list/abbababa/PRE_long_LC_longREF7_PEL_long_LC_curvirostris.sizefile.list)

    module load singularity/3.8.7-python-3.10.8-gcc-8.5.0-e6f6onc
    singularity exec --home $PWD:$HOME /scratch/c7701178/bio/angsd+ngsrelate.sif /opt/angsd-0.939/angsd -doAbbababa2 1 -b $bamlist -sizeFile $popsize -useLast 1 -doCounts 1 -out abbababa/angsd_GL2_minInd202_maf0.05_minDepth202_maxDepth9051/abbababa_PRE_long_LC_longREF7_PEL_long_LC_curvirostris.2500000blocksize -blockSize 2500000 -ref ref/Dgaleata_M5_PBasm.FINAL.fasta -uniqueOnly 1 -remove_bads 1 -only_proper_pairs 1 -trim 0 -C 50 -minQ 20 -minMapQ 30 -rmTrans 0 -sites list/angsd_GL2_minInd202_maf0.05_minDepth202_maxDepth9051_globalSNP.list -rf list/angsd_GL2_minInd202_maf0.05_minDepth202_maxDepth9051_globalSNP.chr 2> log/abbababa/angsd_GL2_minInd202_maf0.05_minDepth202_maxDepth9051/PRE_long_LC_longREF7_PEL_long_LC_curvirostris.abbababa.2500000blocksize.log
    
Submitted job 248 with external jobid 'Submitted batch job 219910'.

[Fri Jul  7 15:11:19 2023]
Job 244:  Compute ABBA-BABA test (D-statistic) in angsd, using a global SNP list and allowing for multiple individuals in each group 
Reason: Missing output files: abbababa/angsd_GL2_minInd202_maf0.05_minDepth202_maxDepth9051/PRE_long_LC_longREF7_ALL_gal_LC_curvirostris.abbababa.2500000blocksize.done; Input files updated by another job: list/abbababa/4pop_combinations.bam.list.done, list/abbababa/4pop_combinations.sizefile.done


    bamlist=(list/abbababa/PRE_long_LC_longREF7_ALL_gal_LC_curvirostris.bam.list)
    popsize=(list/abbababa/PRE_long_LC_longREF7_ALL_gal_LC_curvirostris.sizefile.list)

    module load singularity/3.8.7-python-3.10.8-gcc-8.5.0-e6f6onc
    singularity exec --home $PWD:$HOME /scratch/c7701178/bio/angsd+ngsrelate.sif /opt/angsd-0.939/angsd -doAbbababa2 1 -b $bamlist -sizeFile $popsize -useLast 1 -doCounts 1 -out abbababa/angsd_GL2_minInd202_maf0.05_minDepth202_maxDepth9051/abbababa_PRE_long_LC_longREF7_ALL_gal_LC_curvirostris.2500000blocksize -blockSize 2500000 -ref ref/Dgaleata_M5_PBasm.FINAL.fasta -uniqueOnly 1 -remove_bads 1 -only_proper_pairs 1 -trim 0 -C 50 -minQ 20 -minMapQ 30 -rmTrans 0 -sites list/angsd_GL2_minInd202_maf0.05_minDepth202_maxDepth9051_globalSNP.list -rf list/angsd_GL2_minInd202_maf0.05_minDepth202_maxDepth9051_globalSNP.chr 2> log/abbababa/angsd_GL2_minInd202_maf0.05_minDepth202_maxDepth9051/PRE_long_LC_longREF7_ALL_gal_LC_curvirostris.abbababa.2500000blocksize.log
    
Submitted job 244 with external jobid 'Submitted batch job 219911'.

[Fri Jul  7 15:11:19 2023]
Job 272:  Compute ABBA-BABA test (D-statistic) in angsd, using a global SNP list and allowing for multiple individuals in each group 
Reason: Missing output files: abbababa/angsd_GL2_minInd202_maf0.05_minDepth202_maxDepth9051/longREF7_galREF9_cucREF6_curvirostris.abbababa.2500000blocksize.done; Input files updated by another job: list/abbababa/4pop_combinations.bam.list.done, list/abbababa/4pop_combinations.sizefile.done


    bamlist=(list/abbababa/longREF7_galREF9_cucREF6_curvirostris.bam.list)
    popsize=(list/abbababa/longREF7_galREF9_cucREF6_curvirostris.sizefile.list)

    module load singularity/3.8.7-python-3.10.8-gcc-8.5.0-e6f6onc
    singularity exec --home $PWD:$HOME /scratch/c7701178/bio/angsd+ngsrelate.sif /opt/angsd-0.939/angsd -doAbbababa2 1 -b $bamlist -sizeFile $popsize -useLast 1 -doCounts 1 -out abbababa/angsd_GL2_minInd202_maf0.05_minDepth202_maxDepth9051/abbababa_longREF7_galREF9_cucREF6_curvirostris.2500000blocksize -blockSize 2500000 -ref ref/Dgaleata_M5_PBasm.FINAL.fasta -uniqueOnly 1 -remove_bads 1 -only_proper_pairs 1 -trim 0 -C 50 -minQ 20 -minMapQ 30 -rmTrans 0 -sites list/angsd_GL2_minInd202_maf0.05_minDepth202_maxDepth9051_globalSNP.list -rf list/angsd_GL2_minInd202_maf0.05_minDepth202_maxDepth9051_globalSNP.chr 2> log/abbababa/angsd_GL2_minInd202_maf0.05_minDepth202_maxDepth9051/longREF7_galREF9_cucREF6_curvirostris.abbababa.2500000blocksize.log
    
Submitted job 272 with external jobid 'Submitted batch job 219912'.

[Fri Jul  7 15:11:19 2023]
Job 265:  Compute ABBA-BABA test (D-statistic) in angsd, using a global SNP list and allowing for multiple individuals in each group 
Reason: Missing output files: abbababa/angsd_GL2_minInd202_maf0.05_minDepth202_maxDepth9051/galREF9_ALL_gal_LC_cucREF6_curvirostris.abbababa.2500000blocksize.done; Input files updated by another job: list/abbababa/4pop_combinations.bam.list.done, list/abbababa/4pop_combinations.sizefile.done


    bamlist=(list/abbababa/galREF9_ALL_gal_LC_cucREF6_curvirostris.bam.list)
    popsize=(list/abbababa/galREF9_ALL_gal_LC_cucREF6_curvirostris.sizefile.list)

    module load singularity/3.8.7-python-3.10.8-gcc-8.5.0-e6f6onc
    singularity exec --home $PWD:$HOME /scratch/c7701178/bio/angsd+ngsrelate.sif /opt/angsd-0.939/angsd -doAbbababa2 1 -b $bamlist -sizeFile $popsize -useLast 1 -doCounts 1 -out abbababa/angsd_GL2_minInd202_maf0.05_minDepth202_maxDepth9051/abbababa_galREF9_ALL_gal_LC_cucREF6_curvirostris.2500000blocksize -blockSize 2500000 -ref ref/Dgaleata_M5_PBasm.FINAL.fasta -uniqueOnly 1 -remove_bads 1 -only_proper_pairs 1 -trim 0 -C 50 -minQ 20 -minMapQ 30 -rmTrans 0 -sites list/angsd_GL2_minInd202_maf0.05_minDepth202_maxDepth9051_globalSNP.list -rf list/angsd_GL2_minInd202_maf0.05_minDepth202_maxDepth9051_globalSNP.chr 2> log/abbababa/angsd_GL2_minInd202_maf0.05_minDepth202_maxDepth9051/galREF9_ALL_gal_LC_cucREF6_curvirostris.abbababa.2500000blocksize.log
    
Submitted job 265 with external jobid 'Submitted batch job 219913'.

[Fri Jul  7 15:11:19 2023]
Job 258:  Compute ABBA-BABA test (D-statistic) in angsd, using a global SNP list and allowing for multiple individuals in each group 
Reason: Missing output files: abbababa/angsd_GL2_minInd202_maf0.05_minDepth202_maxDepth9051/longREF9_PEL_long_LC_galREF9_curvirostris.abbababa.2500000blocksize.done; Input files updated by another job: list/abbababa/4pop_combinations.bam.list.done, list/abbababa/4pop_combinations.sizefile.done


    bamlist=(list/abbababa/longREF9_PEL_long_LC_galREF9_curvirostris.bam.list)
    popsize=(list/abbababa/longREF9_PEL_long_LC_galREF9_curvirostris.sizefile.list)

    module load singularity/3.8.7-python-3.10.8-gcc-8.5.0-e6f6onc
    singularity exec --home $PWD:$HOME /scratch/c7701178/bio/angsd+ngsrelate.sif /opt/angsd-0.939/angsd -doAbbababa2 1 -b $bamlist -sizeFile $popsize -useLast 1 -doCounts 1 -out abbababa/angsd_GL2_minInd202_maf0.05_minDepth202_maxDepth9051/abbababa_longREF9_PEL_long_LC_galREF9_curvirostris.2500000blocksize -blockSize 2500000 -ref ref/Dgaleata_M5_PBasm.FINAL.fasta -uniqueOnly 1 -remove_bads 1 -only_proper_pairs 1 -trim 0 -C 50 -minQ 20 -minMapQ 30 -rmTrans 0 -sites list/angsd_GL2_minInd202_maf0.05_minDepth202_maxDepth9051_globalSNP.list -rf list/angsd_GL2_minInd202_maf0.05_minDepth202_maxDepth9051_globalSNP.chr 2> log/abbababa/angsd_GL2_minInd202_maf0.05_minDepth202_maxDepth9051/longREF9_PEL_long_LC_galREF9_curvirostris.abbababa.2500000blocksize.log
    
Submitted job 258 with external jobid 'Submitted batch job 219914'.

[Fri Jul  7 15:11:19 2023]
Job 249:  Compute ABBA-BABA test (D-statistic) in angsd, using a global SNP list and allowing for multiple individuals in each group 
Reason: Missing output files: abbababa/angsd_GL2_minInd202_maf0.05_minDepth202_maxDepth9051/PRE_long_LC_longREF9_ALL_gal_LC_curvirostris.abbababa.2500000blocksize.done; Input files updated by another job: list/abbababa/4pop_combinations.bam.list.done, list/abbababa/4pop_combinations.sizefile.done


    bamlist=(list/abbababa/PRE_long_LC_longREF9_ALL_gal_LC_curvirostris.bam.list)
    popsize=(list/abbababa/PRE_long_LC_longREF9_ALL_gal_LC_curvirostris.sizefile.list)

    module load singularity/3.8.7-python-3.10.8-gcc-8.5.0-e6f6onc
    singularity exec --home $PWD:$HOME /scratch/c7701178/bio/angsd+ngsrelate.sif /opt/angsd-0.939/angsd -doAbbababa2 1 -b $bamlist -sizeFile $popsize -useLast 1 -doCounts 1 -out abbababa/angsd_GL2_minInd202_maf0.05_minDepth202_maxDepth9051/abbababa_PRE_long_LC_longREF9_ALL_gal_LC_curvirostris.2500000blocksize -blockSize 2500000 -ref ref/Dgaleata_M5_PBasm.FINAL.fasta -uniqueOnly 1 -remove_bads 1 -only_proper_pairs 1 -trim 0 -C 50 -minQ 20 -minMapQ 30 -rmTrans 0 -sites list/angsd_GL2_minInd202_maf0.05_minDepth202_maxDepth9051_globalSNP.list -rf list/angsd_GL2_minInd202_maf0.05_minDepth202_maxDepth9051_globalSNP.chr 2> log/abbababa/angsd_GL2_minInd202_maf0.05_minDepth202_maxDepth9051/PRE_long_LC_longREF9_ALL_gal_LC_curvirostris.abbababa.2500000blocksize.log
    
Submitted job 249 with external jobid 'Submitted batch job 219915'.

[Fri Jul  7 15:11:19 2023]
Job 273:  Compute ABBA-BABA test (D-statistic) in angsd, using a global SNP list and allowing for multiple individuals in each group 
Reason: Missing output files: abbababa/angsd_GL2_minInd202_maf0.05_minDepth202_maxDepth9051/galREF9_cucREF6_longREF7_curvirostris.abbababa.2500000blocksize.done; Input files updated by another job: list/abbababa/4pop_combinations.bam.list.done, list/abbababa/4pop_combinations.sizefile.done


    bamlist=(list/abbababa/galREF9_cucREF6_longREF7_curvirostris.bam.list)
    popsize=(list/abbababa/galREF9_cucREF6_longREF7_curvirostris.sizefile.list)

    module load singularity/3.8.7-python-3.10.8-gcc-8.5.0-e6f6onc
    singularity exec --home $PWD:$HOME /scratch/c7701178/bio/angsd+ngsrelate.sif /opt/angsd-0.939/angsd -doAbbababa2 1 -b $bamlist -sizeFile $popsize -useLast 1 -doCounts 1 -out abbababa/angsd_GL2_minInd202_maf0.05_minDepth202_maxDepth9051/abbababa_galREF9_cucREF6_longREF7_curvirostris.2500000blocksize -blockSize 2500000 -ref ref/Dgaleata_M5_PBasm.FINAL.fasta -uniqueOnly 1 -remove_bads 1 -only_proper_pairs 1 -trim 0 -C 50 -minQ 20 -minMapQ 30 -rmTrans 0 -sites list/angsd_GL2_minInd202_maf0.05_minDepth202_maxDepth9051_globalSNP.list -rf list/angsd_GL2_minInd202_maf0.05_minDepth202_maxDepth9051_globalSNP.chr 2> log/abbababa/angsd_GL2_minInd202_maf0.05_minDepth202_maxDepth9051/galREF9_cucREF6_longREF7_curvirostris.abbababa.2500000blocksize.log
    
Submitted job 273 with external jobid 'Submitted batch job 219916'.

[Fri Jul  7 15:11:19 2023]
Job 266:  Compute ABBA-BABA test (D-statistic) in angsd, using a global SNP list and allowing for multiple individuals in each group 
Reason: Missing output files: abbababa/angsd_GL2_minInd202_maf0.05_minDepth202_maxDepth9051/cucREF6_PEL_cuc_LC_ALL_gal_LC_curvirostris.abbababa.2500000blocksize.done; Input files updated by another job: list/abbababa/4pop_combinations.bam.list.done, list/abbababa/4pop_combinations.sizefile.done


    bamlist=(list/abbababa/cucREF6_PEL_cuc_LC_ALL_gal_LC_curvirostris.bam.list)
    popsize=(list/abbababa/cucREF6_PEL_cuc_LC_ALL_gal_LC_curvirostris.sizefile.list)

    module load singularity/3.8.7-python-3.10.8-gcc-8.5.0-e6f6onc
    singularity exec --home $PWD:$HOME /scratch/c7701178/bio/angsd+ngsrelate.sif /opt/angsd-0.939/angsd -doAbbababa2 1 -b $bamlist -sizeFile $popsize -useLast 1 -doCounts 1 -out abbababa/angsd_GL2_minInd202_maf0.05_minDepth202_maxDepth9051/abbababa_cucREF6_PEL_cuc_LC_ALL_gal_LC_curvirostris.2500000blocksize -blockSize 2500000 -ref ref/Dgaleata_M5_PBasm.FINAL.fasta -uniqueOnly 1 -remove_bads 1 -only_proper_pairs 1 -trim 0 -C 50 -minQ 20 -minMapQ 30 -rmTrans 0 -sites list/angsd_GL2_minInd202_maf0.05_minDepth202_maxDepth9051_globalSNP.list -rf list/angsd_GL2_minInd202_maf0.05_minDepth202_maxDepth9051_globalSNP.chr 2> log/abbababa/angsd_GL2_minInd202_maf0.05_minDepth202_maxDepth9051/cucREF6_PEL_cuc_LC_ALL_gal_LC_curvirostris.abbababa.2500000blocksize.log
    
Submitted job 266 with external jobid 'Submitted batch job 219917'.

[Fri Jul  7 15:11:19 2023]
Job 259:  Compute ABBA-BABA test (D-statistic) in angsd, using a global SNP list and allowing for multiple individuals in each group 
Reason: Missing output files: abbababa/angsd_GL2_minInd202_maf0.05_minDepth202_maxDepth9051/longREF9_PEL_long_LC_cucREF6_curvirostris.abbababa.2500000blocksize.done; Input files updated by another job: list/abbababa/4pop_combinations.bam.list.done, list/abbababa/4pop_combinations.sizefile.done


    bamlist=(list/abbababa/longREF9_PEL_long_LC_cucREF6_curvirostris.bam.list)
    popsize=(list/abbababa/longREF9_PEL_long_LC_cucREF6_curvirostris.sizefile.list)

    module load singularity/3.8.7-python-3.10.8-gcc-8.5.0-e6f6onc
    singularity exec --home $PWD:$HOME /scratch/c7701178/bio/angsd+ngsrelate.sif /opt/angsd-0.939/angsd -doAbbababa2 1 -b $bamlist -sizeFile $popsize -useLast 1 -doCounts 1 -out abbababa/angsd_GL2_minInd202_maf0.05_minDepth202_maxDepth9051/abbababa_longREF9_PEL_long_LC_cucREF6_curvirostris.2500000blocksize -blockSize 2500000 -ref ref/Dgaleata_M5_PBasm.FINAL.fasta -uniqueOnly 1 -remove_bads 1 -only_proper_pairs 1 -trim 0 -C 50 -minQ 20 -minMapQ 30 -rmTrans 0 -sites list/angsd_GL2_minInd202_maf0.05_minDepth202_maxDepth9051_globalSNP.list -rf list/angsd_GL2_minInd202_maf0.05_minDepth202_maxDepth9051_globalSNP.chr 2> log/abbababa/angsd_GL2_minInd202_maf0.05_minDepth202_maxDepth9051/longREF9_PEL_long_LC_cucREF6_curvirostris.abbababa.2500000blocksize.log
    
Submitted job 259 with external jobid 'Submitted batch job 219918'.

[Fri Jul  7 15:11:19 2023]
Job 250:  Compute ABBA-BABA test (D-statistic) in angsd, using a global SNP list and allowing for multiple individuals in each group 
Reason: Missing output files: abbababa/angsd_GL2_minInd202_maf0.05_minDepth202_maxDepth9051/PRE_long_LC_longREF9_galREF9_curvirostris.abbababa.2500000blocksize.done; Input files updated by another job: list/abbababa/4pop_combinations.bam.list.done, list/abbababa/4pop_combinations.sizefile.done


    bamlist=(list/abbababa/PRE_long_LC_longREF9_galREF9_curvirostris.bam.list)
    popsize=(list/abbababa/PRE_long_LC_longREF9_galREF9_curvirostris.sizefile.list)

    module load singularity/3.8.7-python-3.10.8-gcc-8.5.0-e6f6onc
    singularity exec --home $PWD:$HOME /scratch/c7701178/bio/angsd+ngsrelate.sif /opt/angsd-0.939/angsd -doAbbababa2 1 -b $bamlist -sizeFile $popsize -useLast 1 -doCounts 1 -out abbababa/angsd_GL2_minInd202_maf0.05_minDepth202_maxDepth9051/abbababa_PRE_long_LC_longREF9_galREF9_curvirostris.2500000blocksize -blockSize 2500000 -ref ref/Dgaleata_M5_PBasm.FINAL.fasta -uniqueOnly 1 -remove_bads 1 -only_proper_pairs 1 -trim 0 -C 50 -minQ 20 -minMapQ 30 -rmTrans 0 -sites list/angsd_GL2_minInd202_maf0.05_minDepth202_maxDepth9051_globalSNP.list -rf list/angsd_GL2_minInd202_maf0.05_minDepth202_maxDepth9051_globalSNP.chr 2> log/abbababa/angsd_GL2_minInd202_maf0.05_minDepth202_maxDepth9051/PRE_long_LC_longREF9_galREF9_curvirostris.abbababa.2500000blocksize.log
    
Submitted job 250 with external jobid 'Submitted batch job 219919'.

[Fri Jul  7 15:11:19 2023]
Job 245:  Compute ABBA-BABA test (D-statistic) in angsd, using a global SNP list and allowing for multiple individuals in each group 
Reason: Missing output files: abbababa/angsd_GL2_minInd202_maf0.05_minDepth202_maxDepth9051/PRE_long_LC_longREF7_galREF9_curvirostris.abbababa.2500000blocksize.done; Input files updated by another job: list/abbababa/4pop_combinations.bam.list.done, list/abbababa/4pop_combinations.sizefile.done


    bamlist=(list/abbababa/PRE_long_LC_longREF7_galREF9_curvirostris.bam.list)
    popsize=(list/abbababa/PRE_long_LC_longREF7_galREF9_curvirostris.sizefile.list)

    module load singularity/3.8.7-python-3.10.8-gcc-8.5.0-e6f6onc
    singularity exec --home $PWD:$HOME /scratch/c7701178/bio/angsd+ngsrelate.sif /opt/angsd-0.939/angsd -doAbbababa2 1 -b $bamlist -sizeFile $popsize -useLast 1 -doCounts 1 -out abbababa/angsd_GL2_minInd202_maf0.05_minDepth202_maxDepth9051/abbababa_PRE_long_LC_longREF7_galREF9_curvirostris.2500000blocksize -blockSize 2500000 -ref ref/Dgaleata_M5_PBasm.FINAL.fasta -uniqueOnly 1 -remove_bads 1 -only_proper_pairs 1 -trim 0 -C 50 -minQ 20 -minMapQ 30 -rmTrans 0 -sites list/angsd_GL2_minInd202_maf0.05_minDepth202_maxDepth9051_globalSNP.list -rf list/angsd_GL2_minInd202_maf0.05_minDepth202_maxDepth9051_globalSNP.chr 2> log/abbababa/angsd_GL2_minInd202_maf0.05_minDepth202_maxDepth9051/PRE_long_LC_longREF7_galREF9_curvirostris.abbababa.2500000blocksize.log
    
Submitted job 245 with external jobid 'Submitted batch job 219920'.

[Fri Jul  7 15:11:19 2023]
Job 243:  Compute ABBA-BABA test (D-statistic) in angsd, using a global SNP list and allowing for multiple individuals in each group 
Reason: Missing output files: abbababa/angsd_GL2_minInd202_maf0.05_minDepth202_maxDepth9051/PRE_long_LC_PEL_long_LC_cucREF6_curvirostris.abbababa.2500000blocksize.done; Input files updated by another job: list/abbababa/4pop_combinations.bam.list.done, list/abbababa/4pop_combinations.sizefile.done


    bamlist=(list/abbababa/PRE_long_LC_PEL_long_LC_cucREF6_curvirostris.bam.list)
    popsize=(list/abbababa/PRE_long_LC_PEL_long_LC_cucREF6_curvirostris.sizefile.list)

    module load singularity/3.8.7-python-3.10.8-gcc-8.5.0-e6f6onc
    singularity exec --home $PWD:$HOME /scratch/c7701178/bio/angsd+ngsrelate.sif /opt/angsd-0.939/angsd -doAbbababa2 1 -b $bamlist -sizeFile $popsize -useLast 1 -doCounts 1 -out abbababa/angsd_GL2_minInd202_maf0.05_minDepth202_maxDepth9051/abbababa_PRE_long_LC_PEL_long_LC_cucREF6_curvirostris.2500000blocksize -blockSize 2500000 -ref ref/Dgaleata_M5_PBasm.FINAL.fasta -uniqueOnly 1 -remove_bads 1 -only_proper_pairs 1 -trim 0 -C 50 -minQ 20 -minMapQ 30 -rmTrans 0 -sites list/angsd_GL2_minInd202_maf0.05_minDepth202_maxDepth9051_globalSNP.list -rf list/angsd_GL2_minInd202_maf0.05_minDepth202_maxDepth9051_globalSNP.chr 2> log/abbababa/angsd_GL2_minInd202_maf0.05_minDepth202_maxDepth9051/PRE_long_LC_PEL_long_LC_cucREF6_curvirostris.abbababa.2500000blocksize.log
    
Submitted job 243 with external jobid 'Submitted batch job 219921'.

[Fri Jul  7 15:11:19 2023]
Job 267:  Compute ABBA-BABA test (D-statistic) in angsd, using a global SNP list and allowing for multiple individuals in each group 
Reason: Missing output files: abbababa/angsd_GL2_minInd202_maf0.05_minDepth202_maxDepth9051/cucREF6_PEL_cuc_LC_galREF9_curvirostris.abbababa.2500000blocksize.done; Input files updated by another job: list/abbababa/4pop_combinations.bam.list.done, list/abbababa/4pop_combinations.sizefile.done


    bamlist=(list/abbababa/cucREF6_PEL_cuc_LC_galREF9_curvirostris.bam.list)
    popsize=(list/abbababa/cucREF6_PEL_cuc_LC_galREF9_curvirostris.sizefile.list)

    module load singularity/3.8.7-python-3.10.8-gcc-8.5.0-e6f6onc
    singularity exec --home $PWD:$HOME /scratch/c7701178/bio/angsd+ngsrelate.sif /opt/angsd-0.939/angsd -doAbbababa2 1 -b $bamlist -sizeFile $popsize -useLast 1 -doCounts 1 -out abbababa/angsd_GL2_minInd202_maf0.05_minDepth202_maxDepth9051/abbababa_cucREF6_PEL_cuc_LC_galREF9_curvirostris.2500000blocksize -blockSize 2500000 -ref ref/Dgaleata_M5_PBasm.FINAL.fasta -uniqueOnly 1 -remove_bads 1 -only_proper_pairs 1 -trim 0 -C 50 -minQ 20 -minMapQ 30 -rmTrans 0 -sites list/angsd_GL2_minInd202_maf0.05_minDepth202_maxDepth9051_globalSNP.list -rf list/angsd_GL2_minInd202_maf0.05_minDepth202_maxDepth9051_globalSNP.chr 2> log/abbababa/angsd_GL2_minInd202_maf0.05_minDepth202_maxDepth9051/cucREF6_PEL_cuc_LC_galREF9_curvirostris.abbababa.2500000blocksize.log
    
Submitted job 267 with external jobid 'Submitted batch job 219922'.

[Fri Jul  7 15:11:19 2023]
Job 260:  Compute ABBA-BABA test (D-statistic) in angsd, using a global SNP list and allowing for multiple individuals in each group 
Reason: Missing output files: abbababa/angsd_GL2_minInd202_maf0.05_minDepth202_maxDepth9051/galREF9_ALL_gal_LC_longREF7_curvirostris.abbababa.2500000blocksize.done; Input files updated by another job: list/abbababa/4pop_combinations.bam.list.done, list/abbababa/4pop_combinations.sizefile.done


    bamlist=(list/abbababa/galREF9_ALL_gal_LC_longREF7_curvirostris.bam.list)
    popsize=(list/abbababa/galREF9_ALL_gal_LC_longREF7_curvirostris.sizefile.list)

    module load singularity/3.8.7-python-3.10.8-gcc-8.5.0-e6f6onc
    singularity exec --home $PWD:$HOME /scratch/c7701178/bio/angsd+ngsrelate.sif /opt/angsd-0.939/angsd -doAbbababa2 1 -b $bamlist -sizeFile $popsize -useLast 1 -doCounts 1 -out abbababa/angsd_GL2_minInd202_maf0.05_minDepth202_maxDepth9051/abbababa_galREF9_ALL_gal_LC_longREF7_curvirostris.2500000blocksize -blockSize 2500000 -ref ref/Dgaleata_M5_PBasm.FINAL.fasta -uniqueOnly 1 -remove_bads 1 -only_proper_pairs 1 -trim 0 -C 50 -minQ 20 -minMapQ 30 -rmTrans 0 -sites list/angsd_GL2_minInd202_maf0.05_minDepth202_maxDepth9051_globalSNP.list -rf list/angsd_GL2_minInd202_maf0.05_minDepth202_maxDepth9051_globalSNP.chr 2> log/abbababa/angsd_GL2_minInd202_maf0.05_minDepth202_maxDepth9051/galREF9_ALL_gal_LC_longREF7_curvirostris.abbababa.2500000blocksize.log
    
Submitted job 260 with external jobid 'Submitted batch job 219923'.

[Fri Jul  7 15:11:19 2023]
Job 253:  Compute ABBA-BABA test (D-statistic) in angsd, using a global SNP list and allowing for multiple individuals in each group 
Reason: Missing output files: abbababa/angsd_GL2_minInd202_maf0.05_minDepth202_maxDepth9051/PRE_long_LC_longREF9_PEL_long_LC_curvirostris.abbababa.2500000blocksize.done; Input files updated by another job: list/abbababa/4pop_combinations.bam.list.done, list/abbababa/4pop_combinations.sizefile.done


    bamlist=(list/abbababa/PRE_long_LC_longREF9_PEL_long_LC_curvirostris.bam.list)
    popsize=(list/abbababa/PRE_long_LC_longREF9_PEL_long_LC_curvirostris.sizefile.list)

    module load singularity/3.8.7-python-3.10.8-gcc-8.5.0-e6f6onc
    singularity exec --home $PWD:$HOME /scratch/c7701178/bio/angsd+ngsrelate.sif /opt/angsd-0.939/angsd -doAbbababa2 1 -b $bamlist -sizeFile $popsize -useLast 1 -doCounts 1 -out abbababa/angsd_GL2_minInd202_maf0.05_minDepth202_maxDepth9051/abbababa_PRE_long_LC_longREF9_PEL_long_LC_curvirostris.2500000blocksize -blockSize 2500000 -ref ref/Dgaleata_M5_PBasm.FINAL.fasta -uniqueOnly 1 -remove_bads 1 -only_proper_pairs 1 -trim 0 -C 50 -minQ 20 -minMapQ 30 -rmTrans 0 -sites list/angsd_GL2_minInd202_maf0.05_minDepth202_maxDepth9051_globalSNP.list -rf list/angsd_GL2_minInd202_maf0.05_minDepth202_maxDepth9051_globalSNP.chr 2> log/abbababa/angsd_GL2_minInd202_maf0.05_minDepth202_maxDepth9051/PRE_long_LC_longREF9_PEL_long_LC_curvirostris.abbababa.2500000blocksize.log
    
Submitted job 253 with external jobid 'Submitted batch job 219924'.

[Fri Jul  7 15:11:19 2023]
Job 251:  Compute ABBA-BABA test (D-statistic) in angsd, using a global SNP list and allowing for multiple individuals in each group 
Reason: Missing output files: abbababa/angsd_GL2_minInd202_maf0.05_minDepth202_maxDepth9051/PRE_long_LC_longREF9_PEL_cuc_LC_curvirostris.abbababa.2500000blocksize.done; Input files updated by another job: list/abbababa/4pop_combinations.bam.list.done, list/abbababa/4pop_combinations.sizefile.done


    bamlist=(list/abbababa/PRE_long_LC_longREF9_PEL_cuc_LC_curvirostris.bam.list)
    popsize=(list/abbababa/PRE_long_LC_longREF9_PEL_cuc_LC_curvirostris.sizefile.list)

    module load singularity/3.8.7-python-3.10.8-gcc-8.5.0-e6f6onc
    singularity exec --home $PWD:$HOME /scratch/c7701178/bio/angsd+ngsrelate.sif /opt/angsd-0.939/angsd -doAbbababa2 1 -b $bamlist -sizeFile $popsize -useLast 1 -doCounts 1 -out abbababa/angsd_GL2_minInd202_maf0.05_minDepth202_maxDepth9051/abbababa_PRE_long_LC_longREF9_PEL_cuc_LC_curvirostris.2500000blocksize -blockSize 2500000 -ref ref/Dgaleata_M5_PBasm.FINAL.fasta -uniqueOnly 1 -remove_bads 1 -only_proper_pairs 1 -trim 0 -C 50 -minQ 20 -minMapQ 30 -rmTrans 0 -sites list/angsd_GL2_minInd202_maf0.05_minDepth202_maxDepth9051_globalSNP.list -rf list/angsd_GL2_minInd202_maf0.05_minDepth202_maxDepth9051_globalSNP.chr 2> log/abbababa/angsd_GL2_minInd202_maf0.05_minDepth202_maxDepth9051/PRE_long_LC_longREF9_PEL_cuc_LC_curvirostris.abbababa.2500000blocksize.log
    
Submitted job 251 with external jobid 'Submitted batch job 219925'.

[Fri Jul  7 15:11:19 2023]
Job 242:  Compute ABBA-BABA test (D-statistic) in angsd, using a global SNP list and allowing for multiple individuals in each group 
Reason: Missing output files: abbababa/angsd_GL2_minInd202_maf0.05_minDepth202_maxDepth9051/PRE_long_LC_PEL_long_LC_PEL_cuc_LC_curvirostris.abbababa.2500000blocksize.done; Input files updated by another job: list/abbababa/4pop_combinations.bam.list.done, list/abbababa/4pop_combinations.sizefile.done


    bamlist=(list/abbababa/PRE_long_LC_PEL_long_LC_PEL_cuc_LC_curvirostris.bam.list)
    popsize=(list/abbababa/PRE_long_LC_PEL_long_LC_PEL_cuc_LC_curvirostris.sizefile.list)

    module load singularity/3.8.7-python-3.10.8-gcc-8.5.0-e6f6onc
    singularity exec --home $PWD:$HOME /scratch/c7701178/bio/angsd+ngsrelate.sif /opt/angsd-0.939/angsd -doAbbababa2 1 -b $bamlist -sizeFile $popsize -useLast 1 -doCounts 1 -out abbababa/angsd_GL2_minInd202_maf0.05_minDepth202_maxDepth9051/abbababa_PRE_long_LC_PEL_long_LC_PEL_cuc_LC_curvirostris.2500000blocksize -blockSize 2500000 -ref ref/Dgaleata_M5_PBasm.FINAL.fasta -uniqueOnly 1 -remove_bads 1 -only_proper_pairs 1 -trim 0 -C 50 -minQ 20 -minMapQ 30 -rmTrans 0 -sites list/angsd_GL2_minInd202_maf0.05_minDepth202_maxDepth9051_globalSNP.list -rf list/angsd_GL2_minInd202_maf0.05_minDepth202_maxDepth9051_globalSNP.chr 2> log/abbababa/angsd_GL2_minInd202_maf0.05_minDepth202_maxDepth9051/PRE_long_LC_PEL_long_LC_PEL_cuc_LC_curvirostris.abbababa.2500000blocksize.log
    
Submitted job 242 with external jobid 'Submitted batch job 219926'.

[Fri Jul  7 15:11:19 2023]
Job 268:  Compute ABBA-BABA test (D-statistic) in angsd, using a global SNP list and allowing for multiple individuals in each group 
Reason: Missing output files: abbababa/angsd_GL2_minInd202_maf0.05_minDepth202_maxDepth9051/cucREF6_PEL_cuc_LC_PRE_long_LC_curvirostris.abbababa.2500000blocksize.done; Input files updated by another job: list/abbababa/4pop_combinations.bam.list.done, list/abbababa/4pop_combinations.sizefile.done


    bamlist=(list/abbababa/cucREF6_PEL_cuc_LC_PRE_long_LC_curvirostris.bam.list)
    popsize=(list/abbababa/cucREF6_PEL_cuc_LC_PRE_long_LC_curvirostris.sizefile.list)

    module load singularity/3.8.7-python-3.10.8-gcc-8.5.0-e6f6onc
    singularity exec --home $PWD:$HOME /scratch/c7701178/bio/angsd+ngsrelate.sif /opt/angsd-0.939/angsd -doAbbababa2 1 -b $bamlist -sizeFile $popsize -useLast 1 -doCounts 1 -out abbababa/angsd_GL2_minInd202_maf0.05_minDepth202_maxDepth9051/abbababa_cucREF6_PEL_cuc_LC_PRE_long_LC_curvirostris.2500000blocksize -blockSize 2500000 -ref ref/Dgaleata_M5_PBasm.FINAL.fasta -uniqueOnly 1 -remove_bads 1 -only_proper_pairs 1 -trim 0 -C 50 -minQ 20 -minMapQ 30 -rmTrans 0 -sites list/angsd_GL2_minInd202_maf0.05_minDepth202_maxDepth9051_globalSNP.list -rf list/angsd_GL2_minInd202_maf0.05_minDepth202_maxDepth9051_globalSNP.chr 2> log/abbababa/angsd_GL2_minInd202_maf0.05_minDepth202_maxDepth9051/cucREF6_PEL_cuc_LC_PRE_long_LC_curvirostris.abbababa.2500000blocksize.log
    
Submitted job 268 with external jobid 'Submitted batch job 219927'.

[Fri Jul  7 15:11:19 2023]
Job 261:  Compute ABBA-BABA test (D-statistic) in angsd, using a global SNP list and allowing for multiple individuals in each group 
Reason: Missing output files: abbababa/angsd_GL2_minInd202_maf0.05_minDepth202_maxDepth9051/galREF9_ALL_gal_LC_longREF9_curvirostris.abbababa.2500000blocksize.done; Input files updated by another job: list/abbababa/4pop_combinations.bam.list.done, list/abbababa/4pop_combinations.sizefile.done


    bamlist=(list/abbababa/galREF9_ALL_gal_LC_longREF9_curvirostris.bam.list)
    popsize=(list/abbababa/galREF9_ALL_gal_LC_longREF9_curvirostris.sizefile.list)

    module load singularity/3.8.7-python-3.10.8-gcc-8.5.0-e6f6onc
    singularity exec --home $PWD:$HOME /scratch/c7701178/bio/angsd+ngsrelate.sif /opt/angsd-0.939/angsd -doAbbababa2 1 -b $bamlist -sizeFile $popsize -useLast 1 -doCounts 1 -out abbababa/angsd_GL2_minInd202_maf0.05_minDepth202_maxDepth9051/abbababa_galREF9_ALL_gal_LC_longREF9_curvirostris.2500000blocksize -blockSize 2500000 -ref ref/Dgaleata_M5_PBasm.FINAL.fasta -uniqueOnly 1 -remove_bads 1 -only_proper_pairs 1 -trim 0 -C 50 -minQ 20 -minMapQ 30 -rmTrans 0 -sites list/angsd_GL2_minInd202_maf0.05_minDepth202_maxDepth9051_globalSNP.list -rf list/angsd_GL2_minInd202_maf0.05_minDepth202_maxDepth9051_globalSNP.chr 2> log/abbababa/angsd_GL2_minInd202_maf0.05_minDepth202_maxDepth9051/galREF9_ALL_gal_LC_longREF9_curvirostris.abbababa.2500000blocksize.log
    
Submitted job 261 with external jobid 'Submitted batch job 219928'.

[Fri Jul  7 15:11:19 2023]
Job 254:  Compute ABBA-BABA test (D-statistic) in angsd, using a global SNP list and allowing for multiple individuals in each group 
Reason: Missing output files: abbababa/angsd_GL2_minInd202_maf0.05_minDepth202_maxDepth9051/longREF7_PEL_long_LC_ALL_gal_LC_curvirostris.abbababa.2500000blocksize.done; Input files updated by another job: list/abbababa/4pop_combinations.bam.list.done, list/abbababa/4pop_combinations.sizefile.done


    bamlist=(list/abbababa/longREF7_PEL_long_LC_ALL_gal_LC_curvirostris.bam.list)
    popsize=(list/abbababa/longREF7_PEL_long_LC_ALL_gal_LC_curvirostris.sizefile.list)

    module load singularity/3.8.7-python-3.10.8-gcc-8.5.0-e6f6onc
    singularity exec --home $PWD:$HOME /scratch/c7701178/bio/angsd+ngsrelate.sif /opt/angsd-0.939/angsd -doAbbababa2 1 -b $bamlist -sizeFile $popsize -useLast 1 -doCounts 1 -out abbababa/angsd_GL2_minInd202_maf0.05_minDepth202_maxDepth9051/abbababa_longREF7_PEL_long_LC_ALL_gal_LC_curvirostris.2500000blocksize -blockSize 2500000 -ref ref/Dgaleata_M5_PBasm.FINAL.fasta -uniqueOnly 1 -remove_bads 1 -only_proper_pairs 1 -trim 0 -C 50 -minQ 20 -minMapQ 30 -rmTrans 0 -sites list/angsd_GL2_minInd202_maf0.05_minDepth202_maxDepth9051_globalSNP.list -rf list/angsd_GL2_minInd202_maf0.05_minDepth202_maxDepth9051_globalSNP.chr 2> log/abbababa/angsd_GL2_minInd202_maf0.05_minDepth202_maxDepth9051/longREF7_PEL_long_LC_ALL_gal_LC_curvirostris.abbababa.2500000blocksize.log
    
Submitted job 254 with external jobid 'Submitted batch job 219929'.

[Fri Jul  7 15:11:19 2023]
Job 252:  Compute ABBA-BABA test (D-statistic) in angsd, using a global SNP list and allowing for multiple individuals in each group 
Reason: Missing output files: abbababa/angsd_GL2_minInd202_maf0.05_minDepth202_maxDepth9051/PRE_long_LC_longREF9_cucREF6_curvirostris.abbababa.2500000blocksize.done; Input files updated by another job: list/abbababa/4pop_combinations.bam.list.done, list/abbababa/4pop_combinations.sizefile.done


    bamlist=(list/abbababa/PRE_long_LC_longREF9_cucREF6_curvirostris.bam.list)
    popsize=(list/abbababa/PRE_long_LC_longREF9_cucREF6_curvirostris.sizefile.list)

    module load singularity/3.8.7-python-3.10.8-gcc-8.5.0-e6f6onc
    singularity exec --home $PWD:$HOME /scratch/c7701178/bio/angsd+ngsrelate.sif /opt/angsd-0.939/angsd -doAbbababa2 1 -b $bamlist -sizeFile $popsize -useLast 1 -doCounts 1 -out abbababa/angsd_GL2_minInd202_maf0.05_minDepth202_maxDepth9051/abbababa_PRE_long_LC_longREF9_cucREF6_curvirostris.2500000blocksize -blockSize 2500000 -ref ref/Dgaleata_M5_PBasm.FINAL.fasta -uniqueOnly 1 -remove_bads 1 -only_proper_pairs 1 -trim 0 -C 50 -minQ 20 -minMapQ 30 -rmTrans 0 -sites list/angsd_GL2_minInd202_maf0.05_minDepth202_maxDepth9051_globalSNP.list -rf list/angsd_GL2_minInd202_maf0.05_minDepth202_maxDepth9051_globalSNP.chr 2> log/abbababa/angsd_GL2_minInd202_maf0.05_minDepth202_maxDepth9051/PRE_long_LC_longREF9_cucREF6_curvirostris.abbababa.2500000blocksize.log
    
Submitted job 252 with external jobid 'Submitted batch job 219930'.

[Fri Jul  7 15:11:19 2023]
Job 241:  Compute ABBA-BABA test (D-statistic) in angsd, using a global SNP list and allowing for multiple individuals in each group 
Reason: Missing output files: abbababa/angsd_GL2_minInd202_maf0.05_minDepth202_maxDepth9051/PRE_long_LC_PEL_long_LC_galREF9_curvirostris.abbababa.2500000blocksize.done; Input files updated by another job: list/abbababa/4pop_combinations.bam.list.done, list/abbababa/4pop_combinations.sizefile.done


    bamlist=(list/abbababa/PRE_long_LC_PEL_long_LC_galREF9_curvirostris.bam.list)
    popsize=(list/abbababa/PRE_long_LC_PEL_long_LC_galREF9_curvirostris.sizefile.list)

    module load singularity/3.8.7-python-3.10.8-gcc-8.5.0-e6f6onc
    singularity exec --home $PWD:$HOME /scratch/c7701178/bio/angsd+ngsrelate.sif /opt/angsd-0.939/angsd -doAbbababa2 1 -b $bamlist -sizeFile $popsize -useLast 1 -doCounts 1 -out abbababa/angsd_GL2_minInd202_maf0.05_minDepth202_maxDepth9051/abbababa_PRE_long_LC_PEL_long_LC_galREF9_curvirostris.2500000blocksize -blockSize 2500000 -ref ref/Dgaleata_M5_PBasm.FINAL.fasta -uniqueOnly 1 -remove_bads 1 -only_proper_pairs 1 -trim 0 -C 50 -minQ 20 -minMapQ 30 -rmTrans 0 -sites list/angsd_GL2_minInd202_maf0.05_minDepth202_maxDepth9051_globalSNP.list -rf list/angsd_GL2_minInd202_maf0.05_minDepth202_maxDepth9051_globalSNP.chr 2> log/abbababa/angsd_GL2_minInd202_maf0.05_minDepth202_maxDepth9051/PRE_long_LC_PEL_long_LC_galREF9_curvirostris.abbababa.2500000blocksize.log
    
Submitted job 241 with external jobid 'Submitted batch job 219931'.

[Fri Jul  7 15:11:19 2023]
Job 269:  Compute ABBA-BABA test (D-statistic) in angsd, using a global SNP list and allowing for multiple individuals in each group 
Reason: Missing output files: abbababa/angsd_GL2_minInd202_maf0.05_minDepth202_maxDepth9051/cucREF6_PEL_cuc_LC_PEL_long_LC_curvirostris.abbababa.2500000blocksize.done; Input files updated by another job: list/abbababa/4pop_combinations.bam.list.done, list/abbababa/4pop_combinations.sizefile.done


    bamlist=(list/abbababa/cucREF6_PEL_cuc_LC_PEL_long_LC_curvirostris.bam.list)
    popsize=(list/abbababa/cucREF6_PEL_cuc_LC_PEL_long_LC_curvirostris.sizefile.list)

    module load singularity/3.8.7-python-3.10.8-gcc-8.5.0-e6f6onc
    singularity exec --home $PWD:$HOME /scratch/c7701178/bio/angsd+ngsrelate.sif /opt/angsd-0.939/angsd -doAbbababa2 1 -b $bamlist -sizeFile $popsize -useLast 1 -doCounts 1 -out abbababa/angsd_GL2_minInd202_maf0.05_minDepth202_maxDepth9051/abbababa_cucREF6_PEL_cuc_LC_PEL_long_LC_curvirostris.2500000blocksize -blockSize 2500000 -ref ref/Dgaleata_M5_PBasm.FINAL.fasta -uniqueOnly 1 -remove_bads 1 -only_proper_pairs 1 -trim 0 -C 50 -minQ 20 -minMapQ 30 -rmTrans 0 -sites list/angsd_GL2_minInd202_maf0.05_minDepth202_maxDepth9051_globalSNP.list -rf list/angsd_GL2_minInd202_maf0.05_minDepth202_maxDepth9051_globalSNP.chr 2> log/abbababa/angsd_GL2_minInd202_maf0.05_minDepth202_maxDepth9051/cucREF6_PEL_cuc_LC_PEL_long_LC_curvirostris.abbababa.2500000blocksize.log
    
Submitted job 269 with external jobid 'Submitted batch job 219932'.

[Fri Jul  7 15:11:19 2023]
Job 262:  Compute ABBA-BABA test (D-statistic) in angsd, using a global SNP list and allowing for multiple individuals in each group 
Reason: Missing output files: abbababa/angsd_GL2_minInd202_maf0.05_minDepth202_maxDepth9051/galREF9_ALL_gal_LC_PRE_long_LC_curvirostris.abbababa.2500000blocksize.done; Input files updated by another job: list/abbababa/4pop_combinations.bam.list.done, list/abbababa/4pop_combinations.sizefile.done


    bamlist=(list/abbababa/galREF9_ALL_gal_LC_PRE_long_LC_curvirostris.bam.list)
    popsize=(list/abbababa/galREF9_ALL_gal_LC_PRE_long_LC_curvirostris.sizefile.list)

    module load singularity/3.8.7-python-3.10.8-gcc-8.5.0-e6f6onc
    singularity exec --home $PWD:$HOME /scratch/c7701178/bio/angsd+ngsrelate.sif /opt/angsd-0.939/angsd -doAbbababa2 1 -b $bamlist -sizeFile $popsize -useLast 1 -doCounts 1 -out abbababa/angsd_GL2_minInd202_maf0.05_minDepth202_maxDepth9051/abbababa_galREF9_ALL_gal_LC_PRE_long_LC_curvirostris.2500000blocksize -blockSize 2500000 -ref ref/Dgaleata_M5_PBasm.FINAL.fasta -uniqueOnly 1 -remove_bads 1 -only_proper_pairs 1 -trim 0 -C 50 -minQ 20 -minMapQ 30 -rmTrans 0 -sites list/angsd_GL2_minInd202_maf0.05_minDepth202_maxDepth9051_globalSNP.list -rf list/angsd_GL2_minInd202_maf0.05_minDepth202_maxDepth9051_globalSNP.chr 2> log/abbababa/angsd_GL2_minInd202_maf0.05_minDepth202_maxDepth9051/galREF9_ALL_gal_LC_PRE_long_LC_curvirostris.abbababa.2500000blocksize.log
    
Submitted job 262 with external jobid 'Submitted batch job 219933'.

[Fri Jul  7 15:11:19 2023]
Job 255:  Compute ABBA-BABA test (D-statistic) in angsd, using a global SNP list and allowing for multiple individuals in each group 
Reason: Missing output files: abbababa/angsd_GL2_minInd202_maf0.05_minDepth202_maxDepth9051/longREF7_PEL_long_LC_galREF9_curvirostris.abbababa.2500000blocksize.done; Input files updated by another job: list/abbababa/4pop_combinations.bam.list.done, list/abbababa/4pop_combinations.sizefile.done


    bamlist=(list/abbababa/longREF7_PEL_long_LC_galREF9_curvirostris.bam.list)
    popsize=(list/abbababa/longREF7_PEL_long_LC_galREF9_curvirostris.sizefile.list)

    module load singularity/3.8.7-python-3.10.8-gcc-8.5.0-e6f6onc
    singularity exec --home $PWD:$HOME /scratch/c7701178/bio/angsd+ngsrelate.sif /opt/angsd-0.939/angsd -doAbbababa2 1 -b $bamlist -sizeFile $popsize -useLast 1 -doCounts 1 -out abbababa/angsd_GL2_minInd202_maf0.05_minDepth202_maxDepth9051/abbababa_longREF7_PEL_long_LC_galREF9_curvirostris.2500000blocksize -blockSize 2500000 -ref ref/Dgaleata_M5_PBasm.FINAL.fasta -uniqueOnly 1 -remove_bads 1 -only_proper_pairs 1 -trim 0 -C 50 -minQ 20 -minMapQ 30 -rmTrans 0 -sites list/angsd_GL2_minInd202_maf0.05_minDepth202_maxDepth9051_globalSNP.list -rf list/angsd_GL2_minInd202_maf0.05_minDepth202_maxDepth9051_globalSNP.chr 2> log/abbababa/angsd_GL2_minInd202_maf0.05_minDepth202_maxDepth9051/longREF7_PEL_long_LC_galREF9_curvirostris.abbababa.2500000blocksize.log
    
Submitted job 255 with external jobid 'Submitted batch job 219934'.

[Fri Jul  7 15:11:19 2023]
Job 246:  Compute ABBA-BABA test (D-statistic) in angsd, using a global SNP list and allowing for multiple individuals in each group 
Reason: Missing output files: abbababa/angsd_GL2_minInd202_maf0.05_minDepth202_maxDepth9051/PRE_long_LC_longREF7_PEL_cuc_LC_curvirostris.abbababa.2500000blocksize.done; Input files updated by another job: list/abbababa/4pop_combinations.bam.list.done, list/abbababa/4pop_combinations.sizefile.done


    bamlist=(list/abbababa/PRE_long_LC_longREF7_PEL_cuc_LC_curvirostris.bam.list)
    popsize=(list/abbababa/PRE_long_LC_longREF7_PEL_cuc_LC_curvirostris.sizefile.list)

    module load singularity/3.8.7-python-3.10.8-gcc-8.5.0-e6f6onc
    singularity exec --home $PWD:$HOME /scratch/c7701178/bio/angsd+ngsrelate.sif /opt/angsd-0.939/angsd -doAbbababa2 1 -b $bamlist -sizeFile $popsize -useLast 1 -doCounts 1 -out abbababa/angsd_GL2_minInd202_maf0.05_minDepth202_maxDepth9051/abbababa_PRE_long_LC_longREF7_PEL_cuc_LC_curvirostris.2500000blocksize -blockSize 2500000 -ref ref/Dgaleata_M5_PBasm.FINAL.fasta -uniqueOnly 1 -remove_bads 1 -only_proper_pairs 1 -trim 0 -C 50 -minQ 20 -minMapQ 30 -rmTrans 0 -sites list/angsd_GL2_minInd202_maf0.05_minDepth202_maxDepth9051_globalSNP.list -rf list/angsd_GL2_minInd202_maf0.05_minDepth202_maxDepth9051_globalSNP.chr 2> log/abbababa/angsd_GL2_minInd202_maf0.05_minDepth202_maxDepth9051/PRE_long_LC_longREF7_PEL_cuc_LC_curvirostris.abbababa.2500000blocksize.log
    
Submitted job 246 with external jobid 'Submitted batch job 219935'.

[Fri Jul  7 15:11:19 2023]
Job 240:  Compute ABBA-BABA test (D-statistic) in angsd, using a global SNP list and allowing for multiple individuals in each group 
Reason: Missing output files: abbababa/angsd_GL2_minInd202_maf0.05_minDepth202_maxDepth9051/PRE_long_LC_PEL_long_LC_ALL_gal_LC_curvirostris.abbababa.2500000blocksize.done; Input files updated by another job: list/abbababa/4pop_combinations.bam.list.done, list/abbababa/4pop_combinations.sizefile.done


    bamlist=(list/abbababa/PRE_long_LC_PEL_long_LC_ALL_gal_LC_curvirostris.bam.list)
    popsize=(list/abbababa/PRE_long_LC_PEL_long_LC_ALL_gal_LC_curvirostris.sizefile.list)

    module load singularity/3.8.7-python-3.10.8-gcc-8.5.0-e6f6onc
    singularity exec --home $PWD:$HOME /scratch/c7701178/bio/angsd+ngsrelate.sif /opt/angsd-0.939/angsd -doAbbababa2 1 -b $bamlist -sizeFile $popsize -useLast 1 -doCounts 1 -out abbababa/angsd_GL2_minInd202_maf0.05_minDepth202_maxDepth9051/abbababa_PRE_long_LC_PEL_long_LC_ALL_gal_LC_curvirostris.2500000blocksize -blockSize 2500000 -ref ref/Dgaleata_M5_PBasm.FINAL.fasta -uniqueOnly 1 -remove_bads 1 -only_proper_pairs 1 -trim 0 -C 50 -minQ 20 -minMapQ 30 -rmTrans 0 -sites list/angsd_GL2_minInd202_maf0.05_minDepth202_maxDepth9051_globalSNP.list -rf list/angsd_GL2_minInd202_maf0.05_minDepth202_maxDepth9051_globalSNP.chr 2> log/abbababa/angsd_GL2_minInd202_maf0.05_minDepth202_maxDepth9051/PRE_long_LC_PEL_long_LC_ALL_gal_LC_curvirostris.abbababa.2500000blocksize.log
    
Submitted job 240 with external jobid 'Submitted batch job 219936'.

[Fri Jul  7 15:11:19 2023]
Job 270:  Compute ABBA-BABA test (D-statistic) in angsd, using a global SNP list and allowing for multiple individuals in each group 
Reason: Missing output files: abbababa/angsd_GL2_minInd202_maf0.05_minDepth202_maxDepth9051/cucREF6_PEL_cuc_LC_longREF7_curvirostris.abbababa.2500000blocksize.done; Input files updated by another job: list/abbababa/4pop_combinations.bam.list.done, list/abbababa/4pop_combinations.sizefile.done


    bamlist=(list/abbababa/cucREF6_PEL_cuc_LC_longREF7_curvirostris.bam.list)
    popsize=(list/abbababa/cucREF6_PEL_cuc_LC_longREF7_curvirostris.sizefile.list)

    module load singularity/3.8.7-python-3.10.8-gcc-8.5.0-e6f6onc
    singularity exec --home $PWD:$HOME /scratch/c7701178/bio/angsd+ngsrelate.sif /opt/angsd-0.939/angsd -doAbbababa2 1 -b $bamlist -sizeFile $popsize -useLast 1 -doCounts 1 -out abbababa/angsd_GL2_minInd202_maf0.05_minDepth202_maxDepth9051/abbababa_cucREF6_PEL_cuc_LC_longREF7_curvirostris.2500000blocksize -blockSize 2500000 -ref ref/Dgaleata_M5_PBasm.FINAL.fasta -uniqueOnly 1 -remove_bads 1 -only_proper_pairs 1 -trim 0 -C 50 -minQ 20 -minMapQ 30 -rmTrans 0 -sites list/angsd_GL2_minInd202_maf0.05_minDepth202_maxDepth9051_globalSNP.list -rf list/angsd_GL2_minInd202_maf0.05_minDepth202_maxDepth9051_globalSNP.chr 2> log/abbababa/angsd_GL2_minInd202_maf0.05_minDepth202_maxDepth9051/cucREF6_PEL_cuc_LC_longREF7_curvirostris.abbababa.2500000blocksize.log
    
Submitted job 270 with external jobid 'Submitted batch job 219937'.

[Fri Jul  7 15:11:19 2023]
Job 263:  Compute ABBA-BABA test (D-statistic) in angsd, using a global SNP list and allowing for multiple individuals in each group 
Reason: Missing output files: abbababa/angsd_GL2_minInd202_maf0.05_minDepth202_maxDepth9051/galREF9_ALL_gal_LC_PEL_long_LC_curvirostris.abbababa.2500000blocksize.done; Input files updated by another job: list/abbababa/4pop_combinations.bam.list.done, list/abbababa/4pop_combinations.sizefile.done


    bamlist=(list/abbababa/galREF9_ALL_gal_LC_PEL_long_LC_curvirostris.bam.list)
    popsize=(list/abbababa/galREF9_ALL_gal_LC_PEL_long_LC_curvirostris.sizefile.list)

    module load singularity/3.8.7-python-3.10.8-gcc-8.5.0-e6f6onc
    singularity exec --home $PWD:$HOME /scratch/c7701178/bio/angsd+ngsrelate.sif /opt/angsd-0.939/angsd -doAbbababa2 1 -b $bamlist -sizeFile $popsize -useLast 1 -doCounts 1 -out abbababa/angsd_GL2_minInd202_maf0.05_minDepth202_maxDepth9051/abbababa_galREF9_ALL_gal_LC_PEL_long_LC_curvirostris.2500000blocksize -blockSize 2500000 -ref ref/Dgaleata_M5_PBasm.FINAL.fasta -uniqueOnly 1 -remove_bads 1 -only_proper_pairs 1 -trim 0 -C 50 -minQ 20 -minMapQ 30 -rmTrans 0 -sites list/angsd_GL2_minInd202_maf0.05_minDepth202_maxDepth9051_globalSNP.list -rf list/angsd_GL2_minInd202_maf0.05_minDepth202_maxDepth9051_globalSNP.chr 2> log/abbababa/angsd_GL2_minInd202_maf0.05_minDepth202_maxDepth9051/galREF9_ALL_gal_LC_PEL_long_LC_curvirostris.abbababa.2500000blocksize.log
    
Submitted job 263 with external jobid 'Submitted batch job 219938'.

[Fri Jul  7 15:11:19 2023]
Job 256:  Compute ABBA-BABA test (D-statistic) in angsd, using a global SNP list and allowing for multiple individuals in each group 
Reason: Missing output files: abbababa/angsd_GL2_minInd202_maf0.05_minDepth202_maxDepth9051/longREF7_PEL_long_LC_PEL_cuc_LC_curvirostris.abbababa.2500000blocksize.done; Input files updated by another job: list/abbababa/4pop_combinations.bam.list.done, list/abbababa/4pop_combinations.sizefile.done


    bamlist=(list/abbababa/longREF7_PEL_long_LC_PEL_cuc_LC_curvirostris.bam.list)
    popsize=(list/abbababa/longREF7_PEL_long_LC_PEL_cuc_LC_curvirostris.sizefile.list)

    module load singularity/3.8.7-python-3.10.8-gcc-8.5.0-e6f6onc
    singularity exec --home $PWD:$HOME /scratch/c7701178/bio/angsd+ngsrelate.sif /opt/angsd-0.939/angsd -doAbbababa2 1 -b $bamlist -sizeFile $popsize -useLast 1 -doCounts 1 -out abbababa/angsd_GL2_minInd202_maf0.05_minDepth202_maxDepth9051/abbababa_longREF7_PEL_long_LC_PEL_cuc_LC_curvirostris.2500000blocksize -blockSize 2500000 -ref ref/Dgaleata_M5_PBasm.FINAL.fasta -uniqueOnly 1 -remove_bads 1 -only_proper_pairs 1 -trim 0 -C 50 -minQ 20 -minMapQ 30 -rmTrans 0 -sites list/angsd_GL2_minInd202_maf0.05_minDepth202_maxDepth9051_globalSNP.list -rf list/angsd_GL2_minInd202_maf0.05_minDepth202_maxDepth9051_globalSNP.chr 2> log/abbababa/angsd_GL2_minInd202_maf0.05_minDepth202_maxDepth9051/longREF7_PEL_long_LC_PEL_cuc_LC_curvirostris.abbababa.2500000blocksize.log
    
Submitted job 256 with external jobid 'Submitted batch job 219939'.

[Fri Jul  7 15:11:19 2023]
Job 247:  Compute ABBA-BABA test (D-statistic) in angsd, using a global SNP list and allowing for multiple individuals in each group 
Reason: Missing output files: abbababa/angsd_GL2_minInd202_maf0.05_minDepth202_maxDepth9051/PRE_long_LC_longREF7_cucREF6_curvirostris.abbababa.2500000blocksize.done; Input files updated by another job: list/abbababa/4pop_combinations.bam.list.done, list/abbababa/4pop_combinations.sizefile.done


    bamlist=(list/abbababa/PRE_long_LC_longREF7_cucREF6_curvirostris.bam.list)
    popsize=(list/abbababa/PRE_long_LC_longREF7_cucREF6_curvirostris.sizefile.list)

    module load singularity/3.8.7-python-3.10.8-gcc-8.5.0-e6f6onc
    singularity exec --home $PWD:$HOME /scratch/c7701178/bio/angsd+ngsrelate.sif /opt/angsd-0.939/angsd -doAbbababa2 1 -b $bamlist -sizeFile $popsize -useLast 1 -doCounts 1 -out abbababa/angsd_GL2_minInd202_maf0.05_minDepth202_maxDepth9051/abbababa_PRE_long_LC_longREF7_cucREF6_curvirostris.2500000blocksize -blockSize 2500000 -ref ref/Dgaleata_M5_PBasm.FINAL.fasta -uniqueOnly 1 -remove_bads 1 -only_proper_pairs 1 -trim 0 -C 50 -minQ 20 -minMapQ 30 -rmTrans 0 -sites list/angsd_GL2_minInd202_maf0.05_minDepth202_maxDepth9051_globalSNP.list -rf list/angsd_GL2_minInd202_maf0.05_minDepth202_maxDepth9051_globalSNP.chr 2> log/abbababa/angsd_GL2_minInd202_maf0.05_minDepth202_maxDepth9051/PRE_long_LC_longREF7_cucREF6_curvirostris.abbababa.2500000blocksize.log
    
Submitted job 247 with external jobid 'Submitted batch job 219940'.

[Fri Jul  7 15:11:19 2023]
Job 271:  Compute ABBA-BABA test (D-statistic) in angsd, using a global SNP list and allowing for multiple individuals in each group 
Reason: Missing output files: abbababa/angsd_GL2_minInd202_maf0.05_minDepth202_maxDepth9051/cucREF6_PEL_cuc_LC_longREF9_curvirostris.abbababa.2500000blocksize.done; Input files updated by another job: list/abbababa/4pop_combinations.bam.list.done, list/abbababa/4pop_combinations.sizefile.done


    bamlist=(list/abbababa/cucREF6_PEL_cuc_LC_longREF9_curvirostris.bam.list)
    popsize=(list/abbababa/cucREF6_PEL_cuc_LC_longREF9_curvirostris.sizefile.list)

    module load singularity/3.8.7-python-3.10.8-gcc-8.5.0-e6f6onc
    singularity exec --home $PWD:$HOME /scratch/c7701178/bio/angsd+ngsrelate.sif /opt/angsd-0.939/angsd -doAbbababa2 1 -b $bamlist -sizeFile $popsize -useLast 1 -doCounts 1 -out abbababa/angsd_GL2_minInd202_maf0.05_minDepth202_maxDepth9051/abbababa_cucREF6_PEL_cuc_LC_longREF9_curvirostris.2500000blocksize -blockSize 2500000 -ref ref/Dgaleata_M5_PBasm.FINAL.fasta -uniqueOnly 1 -remove_bads 1 -only_proper_pairs 1 -trim 0 -C 50 -minQ 20 -minMapQ 30 -rmTrans 0 -sites list/angsd_GL2_minInd202_maf0.05_minDepth202_maxDepth9051_globalSNP.list -rf list/angsd_GL2_minInd202_maf0.05_minDepth202_maxDepth9051_globalSNP.chr 2> log/abbababa/angsd_GL2_minInd202_maf0.05_minDepth202_maxDepth9051/cucREF6_PEL_cuc_LC_longREF9_curvirostris.abbababa.2500000blocksize.log
    
Submitted job 271 with external jobid 'Submitted batch job 219941'.

[Fri Jul  7 15:11:19 2023]
Job 264:  Compute ABBA-BABA test (D-statistic) in angsd, using a global SNP list and allowing for multiple individuals in each group 
Reason: Missing output files: abbababa/angsd_GL2_minInd202_maf0.05_minDepth202_maxDepth9051/galREF9_ALL_gal_LC_PEL_cuc_LC_curvirostris.abbababa.2500000blocksize.done; Input files updated by another job: list/abbababa/4pop_combinations.bam.list.done, list/abbababa/4pop_combinations.sizefile.done


    bamlist=(list/abbababa/galREF9_ALL_gal_LC_PEL_cuc_LC_curvirostris.bam.list)
    popsize=(list/abbababa/galREF9_ALL_gal_LC_PEL_cuc_LC_curvirostris.sizefile.list)

    module load singularity/3.8.7-python-3.10.8-gcc-8.5.0-e6f6onc
    singularity exec --home $PWD:$HOME /scratch/c7701178/bio/angsd+ngsrelate.sif /opt/angsd-0.939/angsd -doAbbababa2 1 -b $bamlist -sizeFile $popsize -useLast 1 -doCounts 1 -out abbababa/angsd_GL2_minInd202_maf0.05_minDepth202_maxDepth9051/abbababa_galREF9_ALL_gal_LC_PEL_cuc_LC_curvirostris.2500000blocksize -blockSize 2500000 -ref ref/Dgaleata_M5_PBasm.FINAL.fasta -uniqueOnly 1 -remove_bads 1 -only_proper_pairs 1 -trim 0 -C 50 -minQ 20 -minMapQ 30 -rmTrans 0 -sites list/angsd_GL2_minInd202_maf0.05_minDepth202_maxDepth9051_globalSNP.list -rf list/angsd_GL2_minInd202_maf0.05_minDepth202_maxDepth9051_globalSNP.chr 2> log/abbababa/angsd_GL2_minInd202_maf0.05_minDepth202_maxDepth9051/galREF9_ALL_gal_LC_PEL_cuc_LC_curvirostris.abbababa.2500000blocksize.log
    
Submitted job 264 with external jobid 'Submitted batch job 219942'.

[Fri Jul  7 15:11:19 2023]
Job 257:  Compute ABBA-BABA test (D-statistic) in angsd, using a global SNP list and allowing for multiple individuals in each group 
Reason: Missing output files: abbababa/angsd_GL2_minInd202_maf0.05_minDepth202_maxDepth9051/longREF9_PEL_long_LC_ALL_gal_LC_curvirostris.abbababa.2500000blocksize.done; Input files updated by another job: list/abbababa/4pop_combinations.bam.list.done, list/abbababa/4pop_combinations.sizefile.done


    bamlist=(list/abbababa/longREF9_PEL_long_LC_ALL_gal_LC_curvirostris.bam.list)
    popsize=(list/abbababa/longREF9_PEL_long_LC_ALL_gal_LC_curvirostris.sizefile.list)

    module load singularity/3.8.7-python-3.10.8-gcc-8.5.0-e6f6onc
    singularity exec --home $PWD:$HOME /scratch/c7701178/bio/angsd+ngsrelate.sif /opt/angsd-0.939/angsd -doAbbababa2 1 -b $bamlist -sizeFile $popsize -useLast 1 -doCounts 1 -out abbababa/angsd_GL2_minInd202_maf0.05_minDepth202_maxDepth9051/abbababa_longREF9_PEL_long_LC_ALL_gal_LC_curvirostris.2500000blocksize -blockSize 2500000 -ref ref/Dgaleata_M5_PBasm.FINAL.fasta -uniqueOnly 1 -remove_bads 1 -only_proper_pairs 1 -trim 0 -C 50 -minQ 20 -minMapQ 30 -rmTrans 0 -sites list/angsd_GL2_minInd202_maf0.05_minDepth202_maxDepth9051_globalSNP.list -rf list/angsd_GL2_minInd202_maf0.05_minDepth202_maxDepth9051_globalSNP.chr 2> log/abbababa/angsd_GL2_minInd202_maf0.05_minDepth202_maxDepth9051/longREF9_PEL_long_LC_ALL_gal_LC_curvirostris.abbababa.2500000blocksize.log
    
Submitted job 257 with external jobid 'Submitted batch job 219943'.
[Fri Jul  7 15:11:53 2023]
Error in rule ABBA_BABA:
    jobid: 240
    input: list/abbababa/4pop_combinations.bam.list.done, list/abbababa/4pop_combinations.sizefile.done, ref/Dgaleata_M5_PBasm.FINAL.fasta, list/angsd_GL2_minInd202_maf0.05_minDepth202_maxDepth9051_globalSNP.list, list/angsd_GL2_minInd202_maf0.05_minDepth202_maxDepth9051_globalSNP.chr
    output: abbababa/angsd_GL2_minInd202_maf0.05_minDepth202_maxDepth9051/PRE_long_LC_PEL_long_LC_ALL_gal_LC_curvirostris.abbababa.2500000blocksize.done
    log: log/abbababa/angsd_GL2_minInd202_maf0.05_minDepth202_maxDepth9051/PRE_long_LC_PEL_long_LC_ALL_gal_LC_curvirostris.abbababa.2500000blocksize.log (check log file(s) for error details)
    shell:
        
    bamlist=(list/abbababa/PRE_long_LC_PEL_long_LC_ALL_gal_LC_curvirostris.bam.list)
    popsize=(list/abbababa/PRE_long_LC_PEL_long_LC_ALL_gal_LC_curvirostris.sizefile.list)

    module load singularity/3.8.7-python-3.10.8-gcc-8.5.0-e6f6onc
    singularity exec --home $PWD:$HOME /scratch/c7701178/bio/angsd+ngsrelate.sif /opt/angsd-0.939/angsd -doAbbababa2 1 -b $bamlist -sizeFile $popsize -useLast 1 -doCounts 1 -out abbababa/angsd_GL2_minInd202_maf0.05_minDepth202_maxDepth9051/abbababa_PRE_long_LC_PEL_long_LC_ALL_gal_LC_curvirostris.2500000blocksize -blockSize 2500000 -ref ref/Dgaleata_M5_PBasm.FINAL.fasta -uniqueOnly 1 -remove_bads 1 -only_proper_pairs 1 -trim 0 -C 50 -minQ 20 -minMapQ 30 -rmTrans 0 -sites list/angsd_GL2_minInd202_maf0.05_minDepth202_maxDepth9051_globalSNP.list -rf list/angsd_GL2_minInd202_maf0.05_minDepth202_maxDepth9051_globalSNP.chr 2> log/abbababa/angsd_GL2_minInd202_maf0.05_minDepth202_maxDepth9051/PRE_long_LC_PEL_long_LC_ALL_gal_LC_curvirostris.abbababa.2500000blocksize.log
    
        (one of the commands exited with non-zero exit code; note that snakemake uses bash strict mode!)
    cluster_jobid: Submitted batch job 219936

Error executing rule ABBA_BABA on cluster (jobid: 240, external: Submitted batch job 219936, jobscript: /gpfs/gpfs1/scratch/c7701178/mach2/DAPHNIA/Daphnia_RestEggs_snakemake_pbs_2.0_HiC_SLURM/.snakemake/tmp.isyoibpv/snakejob.ABBA_BABA.240.sh). For error details see the cluster log and the log files of the involved rule(s).
[Fri Jul  7 15:12:17 2023]
Error in rule ABBA_BABA:
    jobid: 266
    input: list/abbababa/4pop_combinations.bam.list.done, list/abbababa/4pop_combinations.sizefile.done, ref/Dgaleata_M5_PBasm.FINAL.fasta, list/angsd_GL2_minInd202_maf0.05_minDepth202_maxDepth9051_globalSNP.list, list/angsd_GL2_minInd202_maf0.05_minDepth202_maxDepth9051_globalSNP.chr
    output: abbababa/angsd_GL2_minInd202_maf0.05_minDepth202_maxDepth9051/cucREF6_PEL_cuc_LC_ALL_gal_LC_curvirostris.abbababa.2500000blocksize.done
    log: log/abbababa/angsd_GL2_minInd202_maf0.05_minDepth202_maxDepth9051/cucREF6_PEL_cuc_LC_ALL_gal_LC_curvirostris.abbababa.2500000blocksize.log (check log file(s) for error details)
    shell:
        
    bamlist=(list/abbababa/cucREF6_PEL_cuc_LC_ALL_gal_LC_curvirostris.bam.list)
    popsize=(list/abbababa/cucREF6_PEL_cuc_LC_ALL_gal_LC_curvirostris.sizefile.list)

    module load singularity/3.8.7-python-3.10.8-gcc-8.5.0-e6f6onc
    singularity exec --home $PWD:$HOME /scratch/c7701178/bio/angsd+ngsrelate.sif /opt/angsd-0.939/angsd -doAbbababa2 1 -b $bamlist -sizeFile $popsize -useLast 1 -doCounts 1 -out abbababa/angsd_GL2_minInd202_maf0.05_minDepth202_maxDepth9051/abbababa_cucREF6_PEL_cuc_LC_ALL_gal_LC_curvirostris.2500000blocksize -blockSize 2500000 -ref ref/Dgaleata_M5_PBasm.FINAL.fasta -uniqueOnly 1 -remove_bads 1 -only_proper_pairs 1 -trim 0 -C 50 -minQ 20 -minMapQ 30 -rmTrans 0 -sites list/angsd_GL2_minInd202_maf0.05_minDepth202_maxDepth9051_globalSNP.list -rf list/angsd_GL2_minInd202_maf0.05_minDepth202_maxDepth9051_globalSNP.chr 2> log/abbababa/angsd_GL2_minInd202_maf0.05_minDepth202_maxDepth9051/cucREF6_PEL_cuc_LC_ALL_gal_LC_curvirostris.abbababa.2500000blocksize.log
    
        (one of the commands exited with non-zero exit code; note that snakemake uses bash strict mode!)
    cluster_jobid: Submitted batch job 219917

Error executing rule ABBA_BABA on cluster (jobid: 266, external: Submitted batch job 219917, jobscript: /gpfs/gpfs1/scratch/c7701178/mach2/DAPHNIA/Daphnia_RestEggs_snakemake_pbs_2.0_HiC_SLURM/.snakemake/tmp.isyoibpv/snakejob.ABBA_BABA.266.sh). For error details see the cluster log and the log files of the involved rule(s).
[Fri Jul  7 15:12:23 2023]
Error in rule ABBA_BABA:
    jobid: 260
    input: list/abbababa/4pop_combinations.bam.list.done, list/abbababa/4pop_combinations.sizefile.done, ref/Dgaleata_M5_PBasm.FINAL.fasta, list/angsd_GL2_minInd202_maf0.05_minDepth202_maxDepth9051_globalSNP.list, list/angsd_GL2_minInd202_maf0.05_minDepth202_maxDepth9051_globalSNP.chr
    output: abbababa/angsd_GL2_minInd202_maf0.05_minDepth202_maxDepth9051/galREF9_ALL_gal_LC_longREF7_curvirostris.abbababa.2500000blocksize.done
    log: log/abbababa/angsd_GL2_minInd202_maf0.05_minDepth202_maxDepth9051/galREF9_ALL_gal_LC_longREF7_curvirostris.abbababa.2500000blocksize.log (check log file(s) for error details)
    shell:
        
    bamlist=(list/abbababa/galREF9_ALL_gal_LC_longREF7_curvirostris.bam.list)
    popsize=(list/abbababa/galREF9_ALL_gal_LC_longREF7_curvirostris.sizefile.list)

    module load singularity/3.8.7-python-3.10.8-gcc-8.5.0-e6f6onc
    singularity exec --home $PWD:$HOME /scratch/c7701178/bio/angsd+ngsrelate.sif /opt/angsd-0.939/angsd -doAbbababa2 1 -b $bamlist -sizeFile $popsize -useLast 1 -doCounts 1 -out abbababa/angsd_GL2_minInd202_maf0.05_minDepth202_maxDepth9051/abbababa_galREF9_ALL_gal_LC_longREF7_curvirostris.2500000blocksize -blockSize 2500000 -ref ref/Dgaleata_M5_PBasm.FINAL.fasta -uniqueOnly 1 -remove_bads 1 -only_proper_pairs 1 -trim 0 -C 50 -minQ 20 -minMapQ 30 -rmTrans 0 -sites list/angsd_GL2_minInd202_maf0.05_minDepth202_maxDepth9051_globalSNP.list -rf list/angsd_GL2_minInd202_maf0.05_minDepth202_maxDepth9051_globalSNP.chr 2> log/abbababa/angsd_GL2_minInd202_maf0.05_minDepth202_maxDepth9051/galREF9_ALL_gal_LC_longREF7_curvirostris.abbababa.2500000blocksize.log
    
        (one of the commands exited with non-zero exit code; note that snakemake uses bash strict mode!)
    cluster_jobid: Submitted batch job 219923

Error executing rule ABBA_BABA on cluster (jobid: 260, external: Submitted batch job 219923, jobscript: /gpfs/gpfs1/scratch/c7701178/mach2/DAPHNIA/Daphnia_RestEggs_snakemake_pbs_2.0_HiC_SLURM/.snakemake/tmp.isyoibpv/snakejob.ABBA_BABA.260.sh). For error details see the cluster log and the log files of the involved rule(s).
[Fri Jul  7 15:12:29 2023]
Error in rule ABBA_BABA:
    jobid: 254
    input: list/abbababa/4pop_combinations.bam.list.done, list/abbababa/4pop_combinations.sizefile.done, ref/Dgaleata_M5_PBasm.FINAL.fasta, list/angsd_GL2_minInd202_maf0.05_minDepth202_maxDepth9051_globalSNP.list, list/angsd_GL2_minInd202_maf0.05_minDepth202_maxDepth9051_globalSNP.chr
    output: abbababa/angsd_GL2_minInd202_maf0.05_minDepth202_maxDepth9051/longREF7_PEL_long_LC_ALL_gal_LC_curvirostris.abbababa.2500000blocksize.done
    log: log/abbababa/angsd_GL2_minInd202_maf0.05_minDepth202_maxDepth9051/longREF7_PEL_long_LC_ALL_gal_LC_curvirostris.abbababa.2500000blocksize.log (check log file(s) for error details)
    shell:
        
    bamlist=(list/abbababa/longREF7_PEL_long_LC_ALL_gal_LC_curvirostris.bam.list)
    popsize=(list/abbababa/longREF7_PEL_long_LC_ALL_gal_LC_curvirostris.sizefile.list)

    module load singularity/3.8.7-python-3.10.8-gcc-8.5.0-e6f6onc
    singularity exec --home $PWD:$HOME /scratch/c7701178/bio/angsd+ngsrelate.sif /opt/angsd-0.939/angsd -doAbbababa2 1 -b $bamlist -sizeFile $popsize -useLast 1 -doCounts 1 -out abbababa/angsd_GL2_minInd202_maf0.05_minDepth202_maxDepth9051/abbababa_longREF7_PEL_long_LC_ALL_gal_LC_curvirostris.2500000blocksize -blockSize 2500000 -ref ref/Dgaleata_M5_PBasm.FINAL.fasta -uniqueOnly 1 -remove_bads 1 -only_proper_pairs 1 -trim 0 -C 50 -minQ 20 -minMapQ 30 -rmTrans 0 -sites list/angsd_GL2_minInd202_maf0.05_minDepth202_maxDepth9051_globalSNP.list -rf list/angsd_GL2_minInd202_maf0.05_minDepth202_maxDepth9051_globalSNP.chr 2> log/abbababa/angsd_GL2_minInd202_maf0.05_minDepth202_maxDepth9051/longREF7_PEL_long_LC_ALL_gal_LC_curvirostris.abbababa.2500000blocksize.log
    
        (one of the commands exited with non-zero exit code; note that snakemake uses bash strict mode!)
    cluster_jobid: Submitted batch job 219929

Error executing rule ABBA_BABA on cluster (jobid: 254, external: Submitted batch job 219929, jobscript: /gpfs/gpfs1/scratch/c7701178/mach2/DAPHNIA/Daphnia_RestEggs_snakemake_pbs_2.0_HiC_SLURM/.snakemake/tmp.isyoibpv/snakejob.ABBA_BABA.254.sh). For error details see the cluster log and the log files of the involved rule(s).
[Fri Jul  7 15:12:31 2023]
Error in rule ABBA_BABA:
    jobid: 241
    input: list/abbababa/4pop_combinations.bam.list.done, list/abbababa/4pop_combinations.sizefile.done, ref/Dgaleata_M5_PBasm.FINAL.fasta, list/angsd_GL2_minInd202_maf0.05_minDepth202_maxDepth9051_globalSNP.list, list/angsd_GL2_minInd202_maf0.05_minDepth202_maxDepth9051_globalSNP.chr
    output: abbababa/angsd_GL2_minInd202_maf0.05_minDepth202_maxDepth9051/PRE_long_LC_PEL_long_LC_galREF9_curvirostris.abbababa.2500000blocksize.done
    log: log/abbababa/angsd_GL2_minInd202_maf0.05_minDepth202_maxDepth9051/PRE_long_LC_PEL_long_LC_galREF9_curvirostris.abbababa.2500000blocksize.log (check log file(s) for error details)
    shell:
        
    bamlist=(list/abbababa/PRE_long_LC_PEL_long_LC_galREF9_curvirostris.bam.list)
    popsize=(list/abbababa/PRE_long_LC_PEL_long_LC_galREF9_curvirostris.sizefile.list)

    module load singularity/3.8.7-python-3.10.8-gcc-8.5.0-e6f6onc
    singularity exec --home $PWD:$HOME /scratch/c7701178/bio/angsd+ngsrelate.sif /opt/angsd-0.939/angsd -doAbbababa2 1 -b $bamlist -sizeFile $popsize -useLast 1 -doCounts 1 -out abbababa/angsd_GL2_minInd202_maf0.05_minDepth202_maxDepth9051/abbababa_PRE_long_LC_PEL_long_LC_galREF9_curvirostris.2500000blocksize -blockSize 2500000 -ref ref/Dgaleata_M5_PBasm.FINAL.fasta -uniqueOnly 1 -remove_bads 1 -only_proper_pairs 1 -trim 0 -C 50 -minQ 20 -minMapQ 30 -rmTrans 0 -sites list/angsd_GL2_minInd202_maf0.05_minDepth202_maxDepth9051_globalSNP.list -rf list/angsd_GL2_minInd202_maf0.05_minDepth202_maxDepth9051_globalSNP.chr 2> log/abbababa/angsd_GL2_minInd202_maf0.05_minDepth202_maxDepth9051/PRE_long_LC_PEL_long_LC_galREF9_curvirostris.abbababa.2500000blocksize.log
    
        (one of the commands exited with non-zero exit code; note that snakemake uses bash strict mode!)
    cluster_jobid: Submitted batch job 219931

Error executing rule ABBA_BABA on cluster (jobid: 241, external: Submitted batch job 219931, jobscript: /gpfs/gpfs1/scratch/c7701178/mach2/DAPHNIA/Daphnia_RestEggs_snakemake_pbs_2.0_HiC_SLURM/.snakemake/tmp.isyoibpv/snakejob.ABBA_BABA.241.sh). For error details see the cluster log and the log files of the involved rule(s).
[Fri Jul  7 15:12:37 2023]
Error in rule ABBA_BABA:
    jobid: 263
    input: list/abbababa/4pop_combinations.bam.list.done, list/abbababa/4pop_combinations.sizefile.done, ref/Dgaleata_M5_PBasm.FINAL.fasta, list/angsd_GL2_minInd202_maf0.05_minDepth202_maxDepth9051_globalSNP.list, list/angsd_GL2_minInd202_maf0.05_minDepth202_maxDepth9051_globalSNP.chr
    output: abbababa/angsd_GL2_minInd202_maf0.05_minDepth202_maxDepth9051/galREF9_ALL_gal_LC_PEL_long_LC_curvirostris.abbababa.2500000blocksize.done
    log: log/abbababa/angsd_GL2_minInd202_maf0.05_minDepth202_maxDepth9051/galREF9_ALL_gal_LC_PEL_long_LC_curvirostris.abbababa.2500000blocksize.log (check log file(s) for error details)
    shell:
        
    bamlist=(list/abbababa/galREF9_ALL_gal_LC_PEL_long_LC_curvirostris.bam.list)
    popsize=(list/abbababa/galREF9_ALL_gal_LC_PEL_long_LC_curvirostris.sizefile.list)

    module load singularity/3.8.7-python-3.10.8-gcc-8.5.0-e6f6onc
    singularity exec --home $PWD:$HOME /scratch/c7701178/bio/angsd+ngsrelate.sif /opt/angsd-0.939/angsd -doAbbababa2 1 -b $bamlist -sizeFile $popsize -useLast 1 -doCounts 1 -out abbababa/angsd_GL2_minInd202_maf0.05_minDepth202_maxDepth9051/abbababa_galREF9_ALL_gal_LC_PEL_long_LC_curvirostris.2500000blocksize -blockSize 2500000 -ref ref/Dgaleata_M5_PBasm.FINAL.fasta -uniqueOnly 1 -remove_bads 1 -only_proper_pairs 1 -trim 0 -C 50 -minQ 20 -minMapQ 30 -rmTrans 0 -sites list/angsd_GL2_minInd202_maf0.05_minDepth202_maxDepth9051_globalSNP.list -rf list/angsd_GL2_minInd202_maf0.05_minDepth202_maxDepth9051_globalSNP.chr 2> log/abbababa/angsd_GL2_minInd202_maf0.05_minDepth202_maxDepth9051/galREF9_ALL_gal_LC_PEL_long_LC_curvirostris.abbababa.2500000blocksize.log
    
        (one of the commands exited with non-zero exit code; note that snakemake uses bash strict mode!)
    cluster_jobid: Submitted batch job 219938

Error executing rule ABBA_BABA on cluster (jobid: 263, external: Submitted batch job 219938, jobscript: /gpfs/gpfs1/scratch/c7701178/mach2/DAPHNIA/Daphnia_RestEggs_snakemake_pbs_2.0_HiC_SLURM/.snakemake/tmp.isyoibpv/snakejob.ABBA_BABA.263.sh). For error details see the cluster log and the log files of the involved rule(s).
[Fri Jul  7 15:12:38 2023]
Error in rule ABBA_BABA:
    jobid: 256
    input: list/abbababa/4pop_combinations.bam.list.done, list/abbababa/4pop_combinations.sizefile.done, ref/Dgaleata_M5_PBasm.FINAL.fasta, list/angsd_GL2_minInd202_maf0.05_minDepth202_maxDepth9051_globalSNP.list, list/angsd_GL2_minInd202_maf0.05_minDepth202_maxDepth9051_globalSNP.chr
    output: abbababa/angsd_GL2_minInd202_maf0.05_minDepth202_maxDepth9051/longREF7_PEL_long_LC_PEL_cuc_LC_curvirostris.abbababa.2500000blocksize.done
    log: log/abbababa/angsd_GL2_minInd202_maf0.05_minDepth202_maxDepth9051/longREF7_PEL_long_LC_PEL_cuc_LC_curvirostris.abbababa.2500000blocksize.log (check log file(s) for error details)
    shell:
        
    bamlist=(list/abbababa/longREF7_PEL_long_LC_PEL_cuc_LC_curvirostris.bam.list)
    popsize=(list/abbababa/longREF7_PEL_long_LC_PEL_cuc_LC_curvirostris.sizefile.list)

    module load singularity/3.8.7-python-3.10.8-gcc-8.5.0-e6f6onc
    singularity exec --home $PWD:$HOME /scratch/c7701178/bio/angsd+ngsrelate.sif /opt/angsd-0.939/angsd -doAbbababa2 1 -b $bamlist -sizeFile $popsize -useLast 1 -doCounts 1 -out abbababa/angsd_GL2_minInd202_maf0.05_minDepth202_maxDepth9051/abbababa_longREF7_PEL_long_LC_PEL_cuc_LC_curvirostris.2500000blocksize -blockSize 2500000 -ref ref/Dgaleata_M5_PBasm.FINAL.fasta -uniqueOnly 1 -remove_bads 1 -only_proper_pairs 1 -trim 0 -C 50 -minQ 20 -minMapQ 30 -rmTrans 0 -sites list/angsd_GL2_minInd202_maf0.05_minDepth202_maxDepth9051_globalSNP.list -rf list/angsd_GL2_minInd202_maf0.05_minDepth202_maxDepth9051_globalSNP.chr 2> log/abbababa/angsd_GL2_minInd202_maf0.05_minDepth202_maxDepth9051/longREF7_PEL_long_LC_PEL_cuc_LC_curvirostris.abbababa.2500000blocksize.log
    
        (one of the commands exited with non-zero exit code; note that snakemake uses bash strict mode!)
    cluster_jobid: Submitted batch job 219939

Error executing rule ABBA_BABA on cluster (jobid: 256, external: Submitted batch job 219939, jobscript: /gpfs/gpfs1/scratch/c7701178/mach2/DAPHNIA/Daphnia_RestEggs_snakemake_pbs_2.0_HiC_SLURM/.snakemake/tmp.isyoibpv/snakejob.ABBA_BABA.256.sh). For error details see the cluster log and the log files of the involved rule(s).
[Fri Jul  7 15:13:40 2023]
Error in rule ABBA_BABA:
    jobid: 253
    input: list/abbababa/4pop_combinations.bam.list.done, list/abbababa/4pop_combinations.sizefile.done, ref/Dgaleata_M5_PBasm.FINAL.fasta, list/angsd_GL2_minInd202_maf0.05_minDepth202_maxDepth9051_globalSNP.list, list/angsd_GL2_minInd202_maf0.05_minDepth202_maxDepth9051_globalSNP.chr
    output: abbababa/angsd_GL2_minInd202_maf0.05_minDepth202_maxDepth9051/PRE_long_LC_longREF9_PEL_long_LC_curvirostris.abbababa.2500000blocksize.done
    log: log/abbababa/angsd_GL2_minInd202_maf0.05_minDepth202_maxDepth9051/PRE_long_LC_longREF9_PEL_long_LC_curvirostris.abbababa.2500000blocksize.log (check log file(s) for error details)
    shell:
        
    bamlist=(list/abbababa/PRE_long_LC_longREF9_PEL_long_LC_curvirostris.bam.list)
    popsize=(list/abbababa/PRE_long_LC_longREF9_PEL_long_LC_curvirostris.sizefile.list)

    module load singularity/3.8.7-python-3.10.8-gcc-8.5.0-e6f6onc
    singularity exec --home $PWD:$HOME /scratch/c7701178/bio/angsd+ngsrelate.sif /opt/angsd-0.939/angsd -doAbbababa2 1 -b $bamlist -sizeFile $popsize -useLast 1 -doCounts 1 -out abbababa/angsd_GL2_minInd202_maf0.05_minDepth202_maxDepth9051/abbababa_PRE_long_LC_longREF9_PEL_long_LC_curvirostris.2500000blocksize -blockSize 2500000 -ref ref/Dgaleata_M5_PBasm.FINAL.fasta -uniqueOnly 1 -remove_bads 1 -only_proper_pairs 1 -trim 0 -C 50 -minQ 20 -minMapQ 30 -rmTrans 0 -sites list/angsd_GL2_minInd202_maf0.05_minDepth202_maxDepth9051_globalSNP.list -rf list/angsd_GL2_minInd202_maf0.05_minDepth202_maxDepth9051_globalSNP.chr 2> log/abbababa/angsd_GL2_minInd202_maf0.05_minDepth202_maxDepth9051/PRE_long_LC_longREF9_PEL_long_LC_curvirostris.abbababa.2500000blocksize.log
    
        (one of the commands exited with non-zero exit code; note that snakemake uses bash strict mode!)
    cluster_jobid: Submitted batch job 219924

Error executing rule ABBA_BABA on cluster (jobid: 253, external: Submitted batch job 219924, jobscript: /gpfs/gpfs1/scratch/c7701178/mach2/DAPHNIA/Daphnia_RestEggs_snakemake_pbs_2.0_HiC_SLURM/.snakemake/tmp.isyoibpv/snakejob.ABBA_BABA.253.sh). For error details see the cluster log and the log files of the involved rule(s).
[Fri Jul  7 15:14:18 2023]
Error in rule ABBA_BABA:
    jobid: 268
    input: list/abbababa/4pop_combinations.bam.list.done, list/abbababa/4pop_combinations.sizefile.done, ref/Dgaleata_M5_PBasm.FINAL.fasta, list/angsd_GL2_minInd202_maf0.05_minDepth202_maxDepth9051_globalSNP.list, list/angsd_GL2_minInd202_maf0.05_minDepth202_maxDepth9051_globalSNP.chr
    output: abbababa/angsd_GL2_minInd202_maf0.05_minDepth202_maxDepth9051/cucREF6_PEL_cuc_LC_PRE_long_LC_curvirostris.abbababa.2500000blocksize.done
    log: log/abbababa/angsd_GL2_minInd202_maf0.05_minDepth202_maxDepth9051/cucREF6_PEL_cuc_LC_PRE_long_LC_curvirostris.abbababa.2500000blocksize.log (check log file(s) for error details)
    shell:
        
    bamlist=(list/abbababa/cucREF6_PEL_cuc_LC_PRE_long_LC_curvirostris.bam.list)
    popsize=(list/abbababa/cucREF6_PEL_cuc_LC_PRE_long_LC_curvirostris.sizefile.list)

    module load singularity/3.8.7-python-3.10.8-gcc-8.5.0-e6f6onc
    singularity exec --home $PWD:$HOME /scratch/c7701178/bio/angsd+ngsrelate.sif /opt/angsd-0.939/angsd -doAbbababa2 1 -b $bamlist -sizeFile $popsize -useLast 1 -doCounts 1 -out abbababa/angsd_GL2_minInd202_maf0.05_minDepth202_maxDepth9051/abbababa_cucREF6_PEL_cuc_LC_PRE_long_LC_curvirostris.2500000blocksize -blockSize 2500000 -ref ref/Dgaleata_M5_PBasm.FINAL.fasta -uniqueOnly 1 -remove_bads 1 -only_proper_pairs 1 -trim 0 -C 50 -minQ 20 -minMapQ 30 -rmTrans 0 -sites list/angsd_GL2_minInd202_maf0.05_minDepth202_maxDepth9051_globalSNP.list -rf list/angsd_GL2_minInd202_maf0.05_minDepth202_maxDepth9051_globalSNP.chr 2> log/abbababa/angsd_GL2_minInd202_maf0.05_minDepth202_maxDepth9051/cucREF6_PEL_cuc_LC_PRE_long_LC_curvirostris.abbababa.2500000blocksize.log
    
        (one of the commands exited with non-zero exit code; note that snakemake uses bash strict mode!)
    cluster_jobid: Submitted batch job 219927

Error executing rule ABBA_BABA on cluster (jobid: 268, external: Submitted batch job 219927, jobscript: /gpfs/gpfs1/scratch/c7701178/mach2/DAPHNIA/Daphnia_RestEggs_snakemake_pbs_2.0_HiC_SLURM/.snakemake/tmp.isyoibpv/snakejob.ABBA_BABA.268.sh). For error details see the cluster log and the log files of the involved rule(s).
[Fri Jul  7 15:15:53 2023]
Error in rule ABBA_BABA:
    jobid: 273
    input: list/abbababa/4pop_combinations.bam.list.done, list/abbababa/4pop_combinations.sizefile.done, ref/Dgaleata_M5_PBasm.FINAL.fasta, list/angsd_GL2_minInd202_maf0.05_minDepth202_maxDepth9051_globalSNP.list, list/angsd_GL2_minInd202_maf0.05_minDepth202_maxDepth9051_globalSNP.chr
    output: abbababa/angsd_GL2_minInd202_maf0.05_minDepth202_maxDepth9051/galREF9_cucREF6_longREF7_curvirostris.abbababa.2500000blocksize.done
    log: log/abbababa/angsd_GL2_minInd202_maf0.05_minDepth202_maxDepth9051/galREF9_cucREF6_longREF7_curvirostris.abbababa.2500000blocksize.log (check log file(s) for error details)
    shell:
        
    bamlist=(list/abbababa/galREF9_cucREF6_longREF7_curvirostris.bam.list)
    popsize=(list/abbababa/galREF9_cucREF6_longREF7_curvirostris.sizefile.list)

    module load singularity/3.8.7-python-3.10.8-gcc-8.5.0-e6f6onc
    singularity exec --home $PWD:$HOME /scratch/c7701178/bio/angsd+ngsrelate.sif /opt/angsd-0.939/angsd -doAbbababa2 1 -b $bamlist -sizeFile $popsize -useLast 1 -doCounts 1 -out abbababa/angsd_GL2_minInd202_maf0.05_minDepth202_maxDepth9051/abbababa_galREF9_cucREF6_longREF7_curvirostris.2500000blocksize -blockSize 2500000 -ref ref/Dgaleata_M5_PBasm.FINAL.fasta -uniqueOnly 1 -remove_bads 1 -only_proper_pairs 1 -trim 0 -C 50 -minQ 20 -minMapQ 30 -rmTrans 0 -sites list/angsd_GL2_minInd202_maf0.05_minDepth202_maxDepth9051_globalSNP.list -rf list/angsd_GL2_minInd202_maf0.05_minDepth202_maxDepth9051_globalSNP.chr 2> log/abbababa/angsd_GL2_minInd202_maf0.05_minDepth202_maxDepth9051/galREF9_cucREF6_longREF7_curvirostris.abbababa.2500000blocksize.log
    
        (one of the commands exited with non-zero exit code; note that snakemake uses bash strict mode!)
    cluster_jobid: Submitted batch job 219916

Error executing rule ABBA_BABA on cluster (jobid: 273, external: Submitted batch job 219916, jobscript: /gpfs/gpfs1/scratch/c7701178/mach2/DAPHNIA/Daphnia_RestEggs_snakemake_pbs_2.0_HiC_SLURM/.snakemake/tmp.isyoibpv/snakejob.ABBA_BABA.273.sh). For error details see the cluster log and the log files of the involved rule(s).
[Fri Jul  7 15:16:24 2023]
Error in rule ABBA_BABA:
    jobid: 265
    input: list/abbababa/4pop_combinations.bam.list.done, list/abbababa/4pop_combinations.sizefile.done, ref/Dgaleata_M5_PBasm.FINAL.fasta, list/angsd_GL2_minInd202_maf0.05_minDepth202_maxDepth9051_globalSNP.list, list/angsd_GL2_minInd202_maf0.05_minDepth202_maxDepth9051_globalSNP.chr
    output: abbababa/angsd_GL2_minInd202_maf0.05_minDepth202_maxDepth9051/galREF9_ALL_gal_LC_cucREF6_curvirostris.abbababa.2500000blocksize.done
    log: log/abbababa/angsd_GL2_minInd202_maf0.05_minDepth202_maxDepth9051/galREF9_ALL_gal_LC_cucREF6_curvirostris.abbababa.2500000blocksize.log (check log file(s) for error details)
    shell:
        
    bamlist=(list/abbababa/galREF9_ALL_gal_LC_cucREF6_curvirostris.bam.list)
    popsize=(list/abbababa/galREF9_ALL_gal_LC_cucREF6_curvirostris.sizefile.list)

    module load singularity/3.8.7-python-3.10.8-gcc-8.5.0-e6f6onc
    singularity exec --home $PWD:$HOME /scratch/c7701178/bio/angsd+ngsrelate.sif /opt/angsd-0.939/angsd -doAbbababa2 1 -b $bamlist -sizeFile $popsize -useLast 1 -doCounts 1 -out abbababa/angsd_GL2_minInd202_maf0.05_minDepth202_maxDepth9051/abbababa_galREF9_ALL_gal_LC_cucREF6_curvirostris.2500000blocksize -blockSize 2500000 -ref ref/Dgaleata_M5_PBasm.FINAL.fasta -uniqueOnly 1 -remove_bads 1 -only_proper_pairs 1 -trim 0 -C 50 -minQ 20 -minMapQ 30 -rmTrans 0 -sites list/angsd_GL2_minInd202_maf0.05_minDepth202_maxDepth9051_globalSNP.list -rf list/angsd_GL2_minInd202_maf0.05_minDepth202_maxDepth9051_globalSNP.chr 2> log/abbababa/angsd_GL2_minInd202_maf0.05_minDepth202_maxDepth9051/galREF9_ALL_gal_LC_cucREF6_curvirostris.abbababa.2500000blocksize.log
    
        (one of the commands exited with non-zero exit code; note that snakemake uses bash strict mode!)
    cluster_jobid: Submitted batch job 219913

Error executing rule ABBA_BABA on cluster (jobid: 265, external: Submitted batch job 219913, jobscript: /gpfs/gpfs1/scratch/c7701178/mach2/DAPHNIA/Daphnia_RestEggs_snakemake_pbs_2.0_HiC_SLURM/.snakemake/tmp.isyoibpv/snakejob.ABBA_BABA.265.sh). For error details see the cluster log and the log files of the involved rule(s).
[Fri Jul  7 15:18:32 2023]
Error in rule ABBA_BABA:
    jobid: 272
    input: list/abbababa/4pop_combinations.bam.list.done, list/abbababa/4pop_combinations.sizefile.done, ref/Dgaleata_M5_PBasm.FINAL.fasta, list/angsd_GL2_minInd202_maf0.05_minDepth202_maxDepth9051_globalSNP.list, list/angsd_GL2_minInd202_maf0.05_minDepth202_maxDepth9051_globalSNP.chr
    output: abbababa/angsd_GL2_minInd202_maf0.05_minDepth202_maxDepth9051/longREF7_galREF9_cucREF6_curvirostris.abbababa.2500000blocksize.done
    log: log/abbababa/angsd_GL2_minInd202_maf0.05_minDepth202_maxDepth9051/longREF7_galREF9_cucREF6_curvirostris.abbababa.2500000blocksize.log (check log file(s) for error details)
    shell:
        
    bamlist=(list/abbababa/longREF7_galREF9_cucREF6_curvirostris.bam.list)
    popsize=(list/abbababa/longREF7_galREF9_cucREF6_curvirostris.sizefile.list)

    module load singularity/3.8.7-python-3.10.8-gcc-8.5.0-e6f6onc
    singularity exec --home $PWD:$HOME /scratch/c7701178/bio/angsd+ngsrelate.sif /opt/angsd-0.939/angsd -doAbbababa2 1 -b $bamlist -sizeFile $popsize -useLast 1 -doCounts 1 -out abbababa/angsd_GL2_minInd202_maf0.05_minDepth202_maxDepth9051/abbababa_longREF7_galREF9_cucREF6_curvirostris.2500000blocksize -blockSize 2500000 -ref ref/Dgaleata_M5_PBasm.FINAL.fasta -uniqueOnly 1 -remove_bads 1 -only_proper_pairs 1 -trim 0 -C 50 -minQ 20 -minMapQ 30 -rmTrans 0 -sites list/angsd_GL2_minInd202_maf0.05_minDepth202_maxDepth9051_globalSNP.list -rf list/angsd_GL2_minInd202_maf0.05_minDepth202_maxDepth9051_globalSNP.chr 2> log/abbababa/angsd_GL2_minInd202_maf0.05_minDepth202_maxDepth9051/longREF7_galREF9_cucREF6_curvirostris.abbababa.2500000blocksize.log
    
        (one of the commands exited with non-zero exit code; note that snakemake uses bash strict mode!)
    cluster_jobid: Submitted batch job 219912

Error executing rule ABBA_BABA on cluster (jobid: 272, external: Submitted batch job 219912, jobscript: /gpfs/gpfs1/scratch/c7701178/mach2/DAPHNIA/Daphnia_RestEggs_snakemake_pbs_2.0_HiC_SLURM/.snakemake/tmp.isyoibpv/snakejob.ABBA_BABA.272.sh). For error details see the cluster log and the log files of the involved rule(s).
[Fri Jul  7 15:18:40 2023]
Error in rule ABBA_BABA:
    jobid: 251
    input: list/abbababa/4pop_combinations.bam.list.done, list/abbababa/4pop_combinations.sizefile.done, ref/Dgaleata_M5_PBasm.FINAL.fasta, list/angsd_GL2_minInd202_maf0.05_minDepth202_maxDepth9051_globalSNP.list, list/angsd_GL2_minInd202_maf0.05_minDepth202_maxDepth9051_globalSNP.chr
    output: abbababa/angsd_GL2_minInd202_maf0.05_minDepth202_maxDepth9051/PRE_long_LC_longREF9_PEL_cuc_LC_curvirostris.abbababa.2500000blocksize.done
    log: log/abbababa/angsd_GL2_minInd202_maf0.05_minDepth202_maxDepth9051/PRE_long_LC_longREF9_PEL_cuc_LC_curvirostris.abbababa.2500000blocksize.log (check log file(s) for error details)
    shell:
        
    bamlist=(list/abbababa/PRE_long_LC_longREF9_PEL_cuc_LC_curvirostris.bam.list)
    popsize=(list/abbababa/PRE_long_LC_longREF9_PEL_cuc_LC_curvirostris.sizefile.list)

    module load singularity/3.8.7-python-3.10.8-gcc-8.5.0-e6f6onc
    singularity exec --home $PWD:$HOME /scratch/c7701178/bio/angsd+ngsrelate.sif /opt/angsd-0.939/angsd -doAbbababa2 1 -b $bamlist -sizeFile $popsize -useLast 1 -doCounts 1 -out abbababa/angsd_GL2_minInd202_maf0.05_minDepth202_maxDepth9051/abbababa_PRE_long_LC_longREF9_PEL_cuc_LC_curvirostris.2500000blocksize -blockSize 2500000 -ref ref/Dgaleata_M5_PBasm.FINAL.fasta -uniqueOnly 1 -remove_bads 1 -only_proper_pairs 1 -trim 0 -C 50 -minQ 20 -minMapQ 30 -rmTrans 0 -sites list/angsd_GL2_minInd202_maf0.05_minDepth202_maxDepth9051_globalSNP.list -rf list/angsd_GL2_minInd202_maf0.05_minDepth202_maxDepth9051_globalSNP.chr 2> log/abbababa/angsd_GL2_minInd202_maf0.05_minDepth202_maxDepth9051/PRE_long_LC_longREF9_PEL_cuc_LC_curvirostris.abbababa.2500000blocksize.log
    
        (one of the commands exited with non-zero exit code; note that snakemake uses bash strict mode!)
    cluster_jobid: Submitted batch job 219925

Error executing rule ABBA_BABA on cluster (jobid: 251, external: Submitted batch job 219925, jobscript: /gpfs/gpfs1/scratch/c7701178/mach2/DAPHNIA/Daphnia_RestEggs_snakemake_pbs_2.0_HiC_SLURM/.snakemake/tmp.isyoibpv/snakejob.ABBA_BABA.251.sh). For error details see the cluster log and the log files of the involved rule(s).
[Fri Jul  7 15:30:15 2023]
Error in rule ABBA_BABA:
    jobid: 269
    input: list/abbababa/4pop_combinations.bam.list.done, list/abbababa/4pop_combinations.sizefile.done, ref/Dgaleata_M5_PBasm.FINAL.fasta, list/angsd_GL2_minInd202_maf0.05_minDepth202_maxDepth9051_globalSNP.list, list/angsd_GL2_minInd202_maf0.05_minDepth202_maxDepth9051_globalSNP.chr
    output: abbababa/angsd_GL2_minInd202_maf0.05_minDepth202_maxDepth9051/cucREF6_PEL_cuc_LC_PEL_long_LC_curvirostris.abbababa.2500000blocksize.done
    log: log/abbababa/angsd_GL2_minInd202_maf0.05_minDepth202_maxDepth9051/cucREF6_PEL_cuc_LC_PEL_long_LC_curvirostris.abbababa.2500000blocksize.log (check log file(s) for error details)
    shell:
        
    bamlist=(list/abbababa/cucREF6_PEL_cuc_LC_PEL_long_LC_curvirostris.bam.list)
    popsize=(list/abbababa/cucREF6_PEL_cuc_LC_PEL_long_LC_curvirostris.sizefile.list)

    module load singularity/3.8.7-python-3.10.8-gcc-8.5.0-e6f6onc
    singularity exec --home $PWD:$HOME /scratch/c7701178/bio/angsd+ngsrelate.sif /opt/angsd-0.939/angsd -doAbbababa2 1 -b $bamlist -sizeFile $popsize -useLast 1 -doCounts 1 -out abbababa/angsd_GL2_minInd202_maf0.05_minDepth202_maxDepth9051/abbababa_cucREF6_PEL_cuc_LC_PEL_long_LC_curvirostris.2500000blocksize -blockSize 2500000 -ref ref/Dgaleata_M5_PBasm.FINAL.fasta -uniqueOnly 1 -remove_bads 1 -only_proper_pairs 1 -trim 0 -C 50 -minQ 20 -minMapQ 30 -rmTrans 0 -sites list/angsd_GL2_minInd202_maf0.05_minDepth202_maxDepth9051_globalSNP.list -rf list/angsd_GL2_minInd202_maf0.05_minDepth202_maxDepth9051_globalSNP.chr 2> log/abbababa/angsd_GL2_minInd202_maf0.05_minDepth202_maxDepth9051/cucREF6_PEL_cuc_LC_PEL_long_LC_curvirostris.abbababa.2500000blocksize.log
    
        (one of the commands exited with non-zero exit code; note that snakemake uses bash strict mode!)
    cluster_jobid: Submitted batch job 219932

Error executing rule ABBA_BABA on cluster (jobid: 269, external: Submitted batch job 219932, jobscript: /gpfs/gpfs1/scratch/c7701178/mach2/DAPHNIA/Daphnia_RestEggs_snakemake_pbs_2.0_HiC_SLURM/.snakemake/tmp.isyoibpv/snakejob.ABBA_BABA.269.sh). For error details see the cluster log and the log files of the involved rule(s).
[Fri Jul  7 22:03:35 2023]
Error in rule ABBA_BABA:
    jobid: 242
    input: list/abbababa/4pop_combinations.bam.list.done, list/abbababa/4pop_combinations.sizefile.done, ref/Dgaleata_M5_PBasm.FINAL.fasta, list/angsd_GL2_minInd202_maf0.05_minDepth202_maxDepth9051_globalSNP.list, list/angsd_GL2_minInd202_maf0.05_minDepth202_maxDepth9051_globalSNP.chr
    output: abbababa/angsd_GL2_minInd202_maf0.05_minDepth202_maxDepth9051/PRE_long_LC_PEL_long_LC_PEL_cuc_LC_curvirostris.abbababa.2500000blocksize.done
    log: log/abbababa/angsd_GL2_minInd202_maf0.05_minDepth202_maxDepth9051/PRE_long_LC_PEL_long_LC_PEL_cuc_LC_curvirostris.abbababa.2500000blocksize.log (check log file(s) for error details)
    shell:
        
    bamlist=(list/abbababa/PRE_long_LC_PEL_long_LC_PEL_cuc_LC_curvirostris.bam.list)
    popsize=(list/abbababa/PRE_long_LC_PEL_long_LC_PEL_cuc_LC_curvirostris.sizefile.list)

    module load singularity/3.8.7-python-3.10.8-gcc-8.5.0-e6f6onc
    singularity exec --home $PWD:$HOME /scratch/c7701178/bio/angsd+ngsrelate.sif /opt/angsd-0.939/angsd -doAbbababa2 1 -b $bamlist -sizeFile $popsize -useLast 1 -doCounts 1 -out abbababa/angsd_GL2_minInd202_maf0.05_minDepth202_maxDepth9051/abbababa_PRE_long_LC_PEL_long_LC_PEL_cuc_LC_curvirostris.2500000blocksize -blockSize 2500000 -ref ref/Dgaleata_M5_PBasm.FINAL.fasta -uniqueOnly 1 -remove_bads 1 -only_proper_pairs 1 -trim 0 -C 50 -minQ 20 -minMapQ 30 -rmTrans 0 -sites list/angsd_GL2_minInd202_maf0.05_minDepth202_maxDepth9051_globalSNP.list -rf list/angsd_GL2_minInd202_maf0.05_minDepth202_maxDepth9051_globalSNP.chr 2> log/abbababa/angsd_GL2_minInd202_maf0.05_minDepth202_maxDepth9051/PRE_long_LC_PEL_long_LC_PEL_cuc_LC_curvirostris.abbababa.2500000blocksize.log
    
        (one of the commands exited with non-zero exit code; note that snakemake uses bash strict mode!)
    cluster_jobid: Submitted batch job 219926

Error executing rule ABBA_BABA on cluster (jobid: 242, external: Submitted batch job 219926, jobscript: /gpfs/gpfs1/scratch/c7701178/mach2/DAPHNIA/Daphnia_RestEggs_snakemake_pbs_2.0_HiC_SLURM/.snakemake/tmp.isyoibpv/snakejob.ABBA_BABA.242.sh). For error details see the cluster log and the log files of the involved rule(s).
[Fri Jul  7 22:30:06 2023]
Error in rule ABBA_BABA:
    jobid: 258
    input: list/abbababa/4pop_combinations.bam.list.done, list/abbababa/4pop_combinations.sizefile.done, ref/Dgaleata_M5_PBasm.FINAL.fasta, list/angsd_GL2_minInd202_maf0.05_minDepth202_maxDepth9051_globalSNP.list, list/angsd_GL2_minInd202_maf0.05_minDepth202_maxDepth9051_globalSNP.chr
    output: abbababa/angsd_GL2_minInd202_maf0.05_minDepth202_maxDepth9051/longREF9_PEL_long_LC_galREF9_curvirostris.abbababa.2500000blocksize.done
    log: log/abbababa/angsd_GL2_minInd202_maf0.05_minDepth202_maxDepth9051/longREF9_PEL_long_LC_galREF9_curvirostris.abbababa.2500000blocksize.log (check log file(s) for error details)
    shell:
        
    bamlist=(list/abbababa/longREF9_PEL_long_LC_galREF9_curvirostris.bam.list)
    popsize=(list/abbababa/longREF9_PEL_long_LC_galREF9_curvirostris.sizefile.list)

    module load singularity/3.8.7-python-3.10.8-gcc-8.5.0-e6f6onc
    singularity exec --home $PWD:$HOME /scratch/c7701178/bio/angsd+ngsrelate.sif /opt/angsd-0.939/angsd -doAbbababa2 1 -b $bamlist -sizeFile $popsize -useLast 1 -doCounts 1 -out abbababa/angsd_GL2_minInd202_maf0.05_minDepth202_maxDepth9051/abbababa_longREF9_PEL_long_LC_galREF9_curvirostris.2500000blocksize -blockSize 2500000 -ref ref/Dgaleata_M5_PBasm.FINAL.fasta -uniqueOnly 1 -remove_bads 1 -only_proper_pairs 1 -trim 0 -C 50 -minQ 20 -minMapQ 30 -rmTrans 0 -sites list/angsd_GL2_minInd202_maf0.05_minDepth202_maxDepth9051_globalSNP.list -rf list/angsd_GL2_minInd202_maf0.05_minDepth202_maxDepth9051_globalSNP.chr 2> log/abbababa/angsd_GL2_minInd202_maf0.05_minDepth202_maxDepth9051/longREF9_PEL_long_LC_galREF9_curvirostris.abbababa.2500000blocksize.log
    
        (one of the commands exited with non-zero exit code; note that snakemake uses bash strict mode!)
    cluster_jobid: Submitted batch job 219914

Error executing rule ABBA_BABA on cluster (jobid: 258, external: Submitted batch job 219914, jobscript: /gpfs/gpfs1/scratch/c7701178/mach2/DAPHNIA/Daphnia_RestEggs_snakemake_pbs_2.0_HiC_SLURM/.snakemake/tmp.isyoibpv/snakejob.ABBA_BABA.258.sh). For error details see the cluster log and the log files of the involved rule(s).
[Sat Jul  8 00:02:27 2023]
Error in rule ABBA_BABA:
    jobid: 244
    input: list/abbababa/4pop_combinations.bam.list.done, list/abbababa/4pop_combinations.sizefile.done, ref/Dgaleata_M5_PBasm.FINAL.fasta, list/angsd_GL2_minInd202_maf0.05_minDepth202_maxDepth9051_globalSNP.list, list/angsd_GL2_minInd202_maf0.05_minDepth202_maxDepth9051_globalSNP.chr
    output: abbababa/angsd_GL2_minInd202_maf0.05_minDepth202_maxDepth9051/PRE_long_LC_longREF7_ALL_gal_LC_curvirostris.abbababa.2500000blocksize.done
    log: log/abbababa/angsd_GL2_minInd202_maf0.05_minDepth202_maxDepth9051/PRE_long_LC_longREF7_ALL_gal_LC_curvirostris.abbababa.2500000blocksize.log (check log file(s) for error details)
    shell:
        
    bamlist=(list/abbababa/PRE_long_LC_longREF7_ALL_gal_LC_curvirostris.bam.list)
    popsize=(list/abbababa/PRE_long_LC_longREF7_ALL_gal_LC_curvirostris.sizefile.list)

    module load singularity/3.8.7-python-3.10.8-gcc-8.5.0-e6f6onc
    singularity exec --home $PWD:$HOME /scratch/c7701178/bio/angsd+ngsrelate.sif /opt/angsd-0.939/angsd -doAbbababa2 1 -b $bamlist -sizeFile $popsize -useLast 1 -doCounts 1 -out abbababa/angsd_GL2_minInd202_maf0.05_minDepth202_maxDepth9051/abbababa_PRE_long_LC_longREF7_ALL_gal_LC_curvirostris.2500000blocksize -blockSize 2500000 -ref ref/Dgaleata_M5_PBasm.FINAL.fasta -uniqueOnly 1 -remove_bads 1 -only_proper_pairs 1 -trim 0 -C 50 -minQ 20 -minMapQ 30 -rmTrans 0 -sites list/angsd_GL2_minInd202_maf0.05_minDepth202_maxDepth9051_globalSNP.list -rf list/angsd_GL2_minInd202_maf0.05_minDepth202_maxDepth9051_globalSNP.chr 2> log/abbababa/angsd_GL2_minInd202_maf0.05_minDepth202_maxDepth9051/PRE_long_LC_longREF7_ALL_gal_LC_curvirostris.abbababa.2500000blocksize.log
    
        (one of the commands exited with non-zero exit code; note that snakemake uses bash strict mode!)
    cluster_jobid: Submitted batch job 219911

Error executing rule ABBA_BABA on cluster (jobid: 244, external: Submitted batch job 219911, jobscript: /gpfs/gpfs1/scratch/c7701178/mach2/DAPHNIA/Daphnia_RestEggs_snakemake_pbs_2.0_HiC_SLURM/.snakemake/tmp.isyoibpv/snakejob.ABBA_BABA.244.sh). For error details see the cluster log and the log files of the involved rule(s).
[Sat Jul  8 01:25:03 2023]
Error in rule ABBA_BABA:
    jobid: 246
    input: list/abbababa/4pop_combinations.bam.list.done, list/abbababa/4pop_combinations.sizefile.done, ref/Dgaleata_M5_PBasm.FINAL.fasta, list/angsd_GL2_minInd202_maf0.05_minDepth202_maxDepth9051_globalSNP.list, list/angsd_GL2_minInd202_maf0.05_minDepth202_maxDepth9051_globalSNP.chr
    output: abbababa/angsd_GL2_minInd202_maf0.05_minDepth202_maxDepth9051/PRE_long_LC_longREF7_PEL_cuc_LC_curvirostris.abbababa.2500000blocksize.done
    log: log/abbababa/angsd_GL2_minInd202_maf0.05_minDepth202_maxDepth9051/PRE_long_LC_longREF7_PEL_cuc_LC_curvirostris.abbababa.2500000blocksize.log (check log file(s) for error details)
    shell:
        
    bamlist=(list/abbababa/PRE_long_LC_longREF7_PEL_cuc_LC_curvirostris.bam.list)
    popsize=(list/abbababa/PRE_long_LC_longREF7_PEL_cuc_LC_curvirostris.sizefile.list)

    module load singularity/3.8.7-python-3.10.8-gcc-8.5.0-e6f6onc
    singularity exec --home $PWD:$HOME /scratch/c7701178/bio/angsd+ngsrelate.sif /opt/angsd-0.939/angsd -doAbbababa2 1 -b $bamlist -sizeFile $popsize -useLast 1 -doCounts 1 -out abbababa/angsd_GL2_minInd202_maf0.05_minDepth202_maxDepth9051/abbababa_PRE_long_LC_longREF7_PEL_cuc_LC_curvirostris.2500000blocksize -blockSize 2500000 -ref ref/Dgaleata_M5_PBasm.FINAL.fasta -uniqueOnly 1 -remove_bads 1 -only_proper_pairs 1 -trim 0 -C 50 -minQ 20 -minMapQ 30 -rmTrans 0 -sites list/angsd_GL2_minInd202_maf0.05_minDepth202_maxDepth9051_globalSNP.list -rf list/angsd_GL2_minInd202_maf0.05_minDepth202_maxDepth9051_globalSNP.chr 2> log/abbababa/angsd_GL2_minInd202_maf0.05_minDepth202_maxDepth9051/PRE_long_LC_longREF7_PEL_cuc_LC_curvirostris.abbababa.2500000blocksize.log
    
        (one of the commands exited with non-zero exit code; note that snakemake uses bash strict mode!)
    cluster_jobid: Submitted batch job 219935

Error executing rule ABBA_BABA on cluster (jobid: 246, external: Submitted batch job 219935, jobscript: /gpfs/gpfs1/scratch/c7701178/mach2/DAPHNIA/Daphnia_RestEggs_snakemake_pbs_2.0_HiC_SLURM/.snakemake/tmp.isyoibpv/snakejob.ABBA_BABA.246.sh). For error details see the cluster log and the log files of the involved rule(s).
[Sun Jul  9 01:07:12 2023]
Error in rule ABBA_BABA:
    jobid: 248
    input: list/abbababa/4pop_combinations.bam.list.done, list/abbababa/4pop_combinations.sizefile.done, ref/Dgaleata_M5_PBasm.FINAL.fasta, list/angsd_GL2_minInd202_maf0.05_minDepth202_maxDepth9051_globalSNP.list, list/angsd_GL2_minInd202_maf0.05_minDepth202_maxDepth9051_globalSNP.chr
    output: abbababa/angsd_GL2_minInd202_maf0.05_minDepth202_maxDepth9051/PRE_long_LC_longREF7_PEL_long_LC_curvirostris.abbababa.2500000blocksize.done
    log: log/abbababa/angsd_GL2_minInd202_maf0.05_minDepth202_maxDepth9051/PRE_long_LC_longREF7_PEL_long_LC_curvirostris.abbababa.2500000blocksize.log (check log file(s) for error details)
    shell:
        
    bamlist=(list/abbababa/PRE_long_LC_longREF7_PEL_long_LC_curvirostris.bam.list)
    popsize=(list/abbababa/PRE_long_LC_longREF7_PEL_long_LC_curvirostris.sizefile.list)

    module load singularity/3.8.7-python-3.10.8-gcc-8.5.0-e6f6onc
    singularity exec --home $PWD:$HOME /scratch/c7701178/bio/angsd+ngsrelate.sif /opt/angsd-0.939/angsd -doAbbababa2 1 -b $bamlist -sizeFile $popsize -useLast 1 -doCounts 1 -out abbababa/angsd_GL2_minInd202_maf0.05_minDepth202_maxDepth9051/abbababa_PRE_long_LC_longREF7_PEL_long_LC_curvirostris.2500000blocksize -blockSize 2500000 -ref ref/Dgaleata_M5_PBasm.FINAL.fasta -uniqueOnly 1 -remove_bads 1 -only_proper_pairs 1 -trim 0 -C 50 -minQ 20 -minMapQ 30 -rmTrans 0 -sites list/angsd_GL2_minInd202_maf0.05_minDepth202_maxDepth9051_globalSNP.list -rf list/angsd_GL2_minInd202_maf0.05_minDepth202_maxDepth9051_globalSNP.chr 2> log/abbababa/angsd_GL2_minInd202_maf0.05_minDepth202_maxDepth9051/PRE_long_LC_longREF7_PEL_long_LC_curvirostris.abbababa.2500000blocksize.log
    
        (one of the commands exited with non-zero exit code; note that snakemake uses bash strict mode!)
    cluster_jobid: Submitted batch job 219910

Error executing rule ABBA_BABA on cluster (jobid: 248, external: Submitted batch job 219910, jobscript: /gpfs/gpfs1/scratch/c7701178/mach2/DAPHNIA/Daphnia_RestEggs_snakemake_pbs_2.0_HiC_SLURM/.snakemake/tmp.isyoibpv/snakejob.ABBA_BABA.248.sh). For error details see the cluster log and the log files of the involved rule(s).
slurmstepd-n004: error: *** JOB 219909 ON n004 CANCELLED AT 2023-07-10T11:11:50 ***
