Building DAG of jobs...
Using shell: /usr/bin/bash
Provided cluster nodes: 5000
Job stats:
job                    count    min threads    max threads
-------------------  -------  -------------  -------------
all                        1              1              1
angsd_ngsRelate_POP        1              2              2
extract_freq               4              1              1
total                      6              1              2

Select jobs to execute...

[Fri May  5 15:20:35 2023]
Job 99:  Extract the frequency column from the allele frequency file and remove the header (to make it in the format NgsRelate needs)  
Reason: Missing output files: ngsRelate/PRE_long_LC.glf3.freq


    zcat ngsRelate/PRE_long_LC.glf3.mafs.gz | cut -f6 | sed 1d > ngsRelate/PRE_long_LC.glf3.freq 2> log/ngsRelate/PRE_long_LC.glf3.freq.log
    
Submitted job 99 with external jobid 'Submitted batch job 156189'.

[Fri May  5 15:20:39 2023]
Job 95:  Extract the frequency column from the allele frequency file and remove the header (to make it in the format NgsRelate needs)  
Reason: Missing output files: ngsRelate/PEL_cuc_LC.glf3.freq


    zcat ngsRelate/PEL_cuc_LC.glf3.mafs.gz | cut -f6 | sed 1d > ngsRelate/PEL_cuc_LC.glf3.freq 2> log/ngsRelate/PEL_cuc_LC.glf3.freq.log
    
Submitted job 95 with external jobid 'Submitted batch job 156190'.

[Fri May  5 15:20:39 2023]
Job 102:  Estimate allele frequencies and calculate GLs while SNP calling for each population using angsd 
Reason: Missing output files: ngsRelate/PEL_F1_LC.glf3.done


    angsd -b list/saf/PEL_F1_LC.list -ref ref/Dgaleata_M5_PBasm.FINAL.fasta -out ngsRelate/PEL_F1_LC.glf3 -uniqueOnly 1 -remove_bads 1 -only_proper_pairs 1 -trim 0 -C 50 -minQ 20 -minMapQ 30 -skipTriallelic 1 -GL 2 -doGlf 3 -doMajorMinor 1 -doMaf 1 -SNP_pval 1e-6 -minMaf 0.05 -doCounts 1 2> log/ngsRelate/PEL_F1_LC.glf3.log
    
Submitted job 102 with external jobid 'Submitted batch job 156191'.

[Fri May  5 15:20:39 2023]
Job 97:  Extract the frequency column from the allele frequency file and remove the header (to make it in the format NgsRelate needs)  
Reason: Missing output files: ngsRelate/PEL_long_LC.glf3.freq


    zcat ngsRelate/PEL_long_LC.glf3.mafs.gz | cut -f6 | sed 1d > ngsRelate/PEL_long_LC.glf3.freq 2> log/ngsRelate/PEL_long_LC.glf3.freq.log
    
Submitted job 97 with external jobid 'Submitted batch job 156192'.
[Fri May  5 15:20:58 2023]
Finished job 99.
1 of 6 steps (17%) done
[Fri May  5 15:20:59 2023]
Finished job 95.
2 of 6 steps (33%) done
[Fri May  5 15:21:01 2023]
Finished job 97.
3 of 6 steps (50%) done
[Sat May  6 00:02:13 2023]
Error in rule angsd_ngsRelate_POP:
    jobid: 102
    input: ref/Dgaleata_M5_PBasm.FINAL.fasta, list/saf/PEL_F1_LC.list
    output: ngsRelate/PEL_F1_LC.glf3.done
    log: log/ngsRelate/PEL_F1_LC.glf3.log (check log file(s) for error details)
    shell:
        
    angsd -b list/saf/PEL_F1_LC.list -ref ref/Dgaleata_M5_PBasm.FINAL.fasta -out ngsRelate/PEL_F1_LC.glf3 -uniqueOnly 1 -remove_bads 1 -only_proper_pairs 1 -trim 0 -C 50 -minQ 20 -minMapQ 30 -skipTriallelic 1 -GL 2 -doGlf 3 -doMajorMinor 1 -doMaf 1 -SNP_pval 1e-6 -minMaf 0.05 -doCounts 1 2> log/ngsRelate/PEL_F1_LC.glf3.log
    
        (one of the commands exited with non-zero exit code; note that snakemake uses bash strict mode!)
    cluster_jobid: Submitted batch job 156191

Error executing rule angsd_ngsRelate_POP on cluster (jobid: 102, external: Submitted batch job 156191, jobscript: /gpfs/gpfs1/scratch/c7701178/mach2/DAPHNIA/Daphnia_RestEggs_snakemake_pbs_2.0_HiC_SLURM/.snakemake/tmp._yub4qvi/snakejob.angsd_ngsRelate_POP.102.sh). For error details see the cluster log and the log files of the involved rule(s).
Exiting because a job execution failed. Look above for error message
Complete log: .snakemake/log/2023-05-05T152027.687461.snakemake.log
