Building DAG of jobs...
Using shell: /usr/bin/bash
Provided cluster nodes: 5000
Job stats:
job               count    min threads    max threads
--------------  -------  -------------  -------------
all                   1              1              1
twodsfs_folded        1             12             12
total                 2              1             12

Select jobs to execute...

[Wed Apr 19 11:27:09 2023]
Job 4:  Optimize .saf.idx and calculate all pairwise 2dsfs's (joint site frequency spectra) using realSFS and fold for FST 
Reason: Missing output files: /scratch/c7701178/mach2/DAPHNIA/Daphnia_RestEggs_snakemake_pbs_2.0_HiC/saf/POPS/ALL_gal_LC_vs_PEL_long_LC_2D.sfs


    DIR=(/scratch/c7701178/mach2/DAPHNIA/Daphnia_RestEggs_snakemake_pbs_2.0_HiC)
    realSFS $DIR/saf/POPS/ALL_gal_LC*.GL2.saf.idx $DIR/saf/POPS/PEL_long_LC*.GL2.saf.idx -fold 1 > /scratch/c7701178/mach2/DAPHNIA/Daphnia_RestEggs_snakemake_pbs_2.0_HiC/saf/POPS/ALL_gal_LC_vs_PEL_long_LC_2D.sfs 2> log/saf_POPS/ALL_gal_LC_vs_PEL_long_LC_2D.sfs.log
    
Submitted job 4 with external jobid 'Submitted batch job 138381'.
[Wed Apr 19 11:27:39 2023]
Error in rule twodsfs_folded:
    jobid: 4
    output: /scratch/c7701178/mach2/DAPHNIA/Daphnia_RestEggs_snakemake_pbs_2.0_HiC/saf/POPS/ALL_gal_LC_vs_PEL_long_LC_2D.sfs
    log: log/saf_POPS/ALL_gal_LC_vs_PEL_long_LC_2D.sfs.log (check log file(s) for error details)
    shell:
        
    DIR=(/scratch/c7701178/mach2/DAPHNIA/Daphnia_RestEggs_snakemake_pbs_2.0_HiC)
    realSFS $DIR/saf/POPS/ALL_gal_LC*.GL2.saf.idx $DIR/saf/POPS/PEL_long_LC*.GL2.saf.idx -fold 1 > /scratch/c7701178/mach2/DAPHNIA/Daphnia_RestEggs_snakemake_pbs_2.0_HiC/saf/POPS/ALL_gal_LC_vs_PEL_long_LC_2D.sfs 2> log/saf_POPS/ALL_gal_LC_vs_PEL_long_LC_2D.sfs.log
    
        (one of the commands exited with non-zero exit code; note that snakemake uses bash strict mode!)
    cluster_jobid: Submitted batch job 138381

Error executing rule twodsfs_folded on cluster (jobid: 4, external: Submitted batch job 138381, jobscript: /gpfs/gpfs1/scratch/c7701178/mach2/DAPHNIA/Daphnia_RestEggs_snakemake_pbs_2.0_HiC_SLURM/.snakemake/tmp.kfa9xai3/snakejob.twodsfs_folded.4.sh). For error details see the cluster log and the log files of the involved rule(s).
Exiting because a job execution failed. Look above for error message
Complete log: .snakemake/log/2023-04-19T112708.715188.snakemake.log
