Building DAG of jobs...
Using shell: /usr/bin/bash
Provided cluster nodes: 5000
Job stats:
job                 count    min threads    max threads
----------------  -------  -------------  -------------
Fst_index_2pops        11              4              4
Fst_index_3pops         1              4              4
all                     1              1              1
theta_stat_SW           1             12             12
theta_stat_chrom        1              2              2
total                  15              1             12

Select jobs to execute...

[Sat Apr 29 10:45:33 2023]
Job 42:  Estimate Tajimas D and other statistics 
Reason: Missing output files: saf/POPS/PEL_cuc_LC_8_8_215.GL2.theta_stats_chrom.done


    thetaStat do_stat saf/POPS/PEL_cuc_LC_8_8_215.GL2.thetas.idx 2> log/saf_POPS/PEL_cuc_LC_8_8_215.GL2.theta_stats_chrom.log
    
Submitted job 42 with external jobid 'Submitted batch job 145727'.

[Sat Apr 29 10:45:34 2023]
Job 74:  Index fst for easy window analysis (2 pops) 
Reason: Missing output files: saf/POPS/2pops/longREF9_vs_cucREF7.fstIndex.done


    realSFS fst index saf/POPS/longREF9*.GL2.saf.idx saf/POPS/cucREF7*.GL2.saf.idx -sfs saf/POPS/longREF9_vs_cucREF7_2D.sfs -fstout saf/POPS/2pops/longREF9_vs_cucREF7 -whichFst 1 2> log/saf_POPS/longREF9_vs_cucREF7.fstIndex.log
    
Submitted job 74 with external jobid 'Submitted batch job 145728'.

[Sat Apr 29 10:45:34 2023]
Job 75:  Index fst for easy window analysis (2 pops) 
Reason: Missing output files: saf/POPS/2pops/longREF7_vs_galREF9.fstIndex.done


    realSFS fst index saf/POPS/longREF7*.GL2.saf.idx saf/POPS/galREF9*.GL2.saf.idx -sfs saf/POPS/longREF7_vs_galREF9_2D.sfs -fstout saf/POPS/2pops/longREF7_vs_galREF9 -whichFst 1 2> log/saf_POPS/longREF7_vs_galREF9.fstIndex.log
    
Submitted job 75 with external jobid 'Submitted batch job 145729'.

[Sat Apr 29 10:45:34 2023]
Job 67:  Index fst for easy window analysis (2 pops) 
Reason: Missing output files: saf/POPS/2pops/PRE_long_LC_vs_PEL_long_LC.fstIndex.done


    realSFS fst index saf/POPS/PRE_long_LC*.GL2.saf.idx saf/POPS/PEL_long_LC*.GL2.saf.idx -sfs saf/POPS/PRE_long_LC_vs_PEL_long_LC_2D.sfs -fstout saf/POPS/2pops/PRE_long_LC_vs_PEL_long_LC -whichFst 1 2> log/saf_POPS/PRE_long_LC_vs_PEL_long_LC.fstIndex.log
    
Submitted job 67 with external jobid 'Submitted batch job 145730'.

[Sat Apr 29 10:45:34 2023]
Job 70:  Index fst for easy window analysis (2 pops) 
Reason: Missing output files: saf/POPS/2pops/ALL_gal_LC_vs_PEL_long_LC.fstIndex.done


    realSFS fst index saf/POPS/ALL_gal_LC*.GL2.saf.idx saf/POPS/PEL_long_LC*.GL2.saf.idx -sfs saf/POPS/ALL_gal_LC_vs_PEL_long_LC_2D.sfs -fstout saf/POPS/2pops/ALL_gal_LC_vs_PEL_long_LC -whichFst 1 2> log/saf_POPS/ALL_gal_LC_vs_PEL_long_LC.fstIndex.log
    
Submitted job 70 with external jobid 'Submitted batch job 145731'.

[Sat Apr 29 10:45:34 2023]
Job 53:  Estimate Tajimas D and other statistics using a sliding window analysis 
Reason: Missing output files: saf/POPS/PEL_cuc_LC_8_8_215.GL2.theta_stats_Window10kb.done


    thetaStat do_stat saf/POPS/PEL_cuc_LC_8_8_215.GL2.thetas.idx -win 10000 -step 1000 -outnames saf/POPS/PEL_cuc_LC_8_8_215.GL2.theta_stats_Window10kb 2> log/saf_POPS/PEL_cuc_LC_8_8_215.GL2.theta_stats_Window10kb.log
    
Submitted job 53 with external jobid 'Submitted batch job 145732'.

[Sat Apr 29 10:45:34 2023]
Job 69:  Index fst for easy window analysis (2 pops) 
Reason: Missing output files: saf/POPS/2pops/PRE_long_LC_vs_ALL_gal_LC.fstIndex.done


    realSFS fst index saf/POPS/PRE_long_LC*.GL2.saf.idx saf/POPS/ALL_gal_LC*.GL2.saf.idx -sfs saf/POPS/PRE_long_LC_vs_ALL_gal_LC_2D.sfs -fstout saf/POPS/2pops/PRE_long_LC_vs_ALL_gal_LC -whichFst 1 2> log/saf_POPS/PRE_long_LC_vs_ALL_gal_LC.fstIndex.log
    
Submitted job 69 with external jobid 'Submitted batch job 145733'.

[Sat Apr 29 10:45:34 2023]
Job 77:  Index fst for easy window analysis (2 pops) 
Reason: Missing output files: saf/POPS/2pops/galREF9_vs_cucREF7.fstIndex.done


    realSFS fst index saf/POPS/galREF9*.GL2.saf.idx saf/POPS/cucREF7*.GL2.saf.idx -sfs saf/POPS/galREF9_vs_cucREF7_2D.sfs -fstout saf/POPS/2pops/galREF9_vs_cucREF7 -whichFst 1 2> log/saf_POPS/galREF9_vs_cucREF7.fstIndex.log
    
Submitted job 77 with external jobid 'Submitted batch job 145734'.

[Sat Apr 29 10:45:34 2023]
Job 71:  Index fst for easy window analysis (2 pops) 
Reason: Missing output files: saf/POPS/2pops/PEL_long_LC_vs_PEL_cuc_LC.fstIndex.done


    realSFS fst index saf/POPS/PEL_long_LC*.GL2.saf.idx saf/POPS/PEL_cuc_LC*.GL2.saf.idx -sfs saf/POPS/PEL_long_LC_vs_PEL_cuc_LC_2D.sfs -fstout saf/POPS/2pops/PEL_long_LC_vs_PEL_cuc_LC -whichFst 1 2> log/saf_POPS/PEL_long_LC_vs_PEL_cuc_LC.fstIndex.log
    
Submitted job 71 with external jobid 'Submitted batch job 145735'.

[Sat Apr 29 10:45:34 2023]
Job 68:  Index fst for easy window analysis (2 pops) 
Reason: Missing output files: saf/POPS/2pops/PRE_long_LC_vs_PEL_cuc_LC.fstIndex.done


    realSFS fst index saf/POPS/PRE_long_LC*.GL2.saf.idx saf/POPS/PEL_cuc_LC*.GL2.saf.idx -sfs saf/POPS/PRE_long_LC_vs_PEL_cuc_LC_2D.sfs -fstout saf/POPS/2pops/PRE_long_LC_vs_PEL_cuc_LC -whichFst 1 2> log/saf_POPS/PRE_long_LC_vs_PEL_cuc_LC.fstIndex.log
    
Submitted job 68 with external jobid 'Submitted batch job 145736'.

[Sat Apr 29 10:45:34 2023]
Job 73:  Index fst for easy window analysis (2 pops) 
Reason: Missing output files: saf/POPS/2pops/longREF9_vs_galREF9.fstIndex.done


    realSFS fst index saf/POPS/longREF9*.GL2.saf.idx saf/POPS/galREF9*.GL2.saf.idx -sfs saf/POPS/longREF9_vs_galREF9_2D.sfs -fstout saf/POPS/2pops/longREF9_vs_galREF9 -whichFst 1 2> log/saf_POPS/longREF9_vs_galREF9.fstIndex.log
    
Submitted job 73 with external jobid 'Submitted batch job 145737'.

[Sat Apr 29 10:45:34 2023]
Job 76:  Index fst for easy window analysis (2 pops) 
Reason: Missing output files: saf/POPS/2pops/longREF7_vs_cucREF7.fstIndex.done


    realSFS fst index saf/POPS/longREF7*.GL2.saf.idx saf/POPS/cucREF7*.GL2.saf.idx -sfs saf/POPS/longREF7_vs_cucREF7_2D.sfs -fstout saf/POPS/2pops/longREF7_vs_cucREF7 -whichFst 1 2> log/saf_POPS/longREF7_vs_cucREF7.fstIndex.log
    
Submitted job 76 with external jobid 'Submitted batch job 145738'.

[Sat Apr 29 10:45:34 2023]
Job 78:  Index fst for easy window analysis 
Reason: Missing output files: saf/POPS/3pops/PRE_long_LC_vs_ALL_gal_LC_vs_PEL_long_LC.fstIndex.done


    realSFS fst index saf/POPS/PRE_long_LC*.GL2.saf.idx saf/POPS/ALL_gal_LC*.GL2.saf.idx saf/POPS/PEL_long_LC*.GL2.saf.idx -sfs saf/POPS/PRE_long_LC_vs_ALL_gal_LC_2D.sfs -sfs saf/POPS/PRE_long_LC_vs_PEL_long_LC_2D.sfs -sfs saf/POPS/ALL_gal_LC_vs_PEL_long_LC_2D.sfs -fstout saf/POPS/3pops/PRE_long_LC_vs_ALL_gal_LC_vs_PEL_long_LC -whichFst 1 2> log/saf_POPS/PRE_long_LC_vs_ALL_gal_LC_vs_PEL_long_LC.fstIndex.log
    
Submitted job 78 with external jobid 'Submitted batch job 145739'.

[Sat Apr 29 10:45:34 2023]
Job 72:  Index fst for easy window analysis (2 pops) 
Reason: Missing output files: saf/POPS/2pops/ALL_gal_LC_vs_PEL_cuc_LC.fstIndex.done


    realSFS fst index saf/POPS/ALL_gal_LC*.GL2.saf.idx saf/POPS/PEL_cuc_LC*.GL2.saf.idx -sfs saf/POPS/ALL_gal_LC_vs_PEL_cuc_LC_2D.sfs -fstout saf/POPS/2pops/ALL_gal_LC_vs_PEL_cuc_LC -whichFst 1 2> log/saf_POPS/ALL_gal_LC_vs_PEL_cuc_LC.fstIndex.log
    
Submitted job 72 with external jobid 'Submitted batch job 145740'.
[Sat Apr 29 10:46:06 2023]
Error in rule theta_stat_chrom:
    jobid: 42
    input: saf/POPS/PEL_cuc_LC_8_8_215.GL2.sfs2theta.done
    output: saf/POPS/PEL_cuc_LC_8_8_215.GL2.theta_stats_chrom.done
    log: log/saf_POPS/PEL_cuc_LC_8_8_215.GL2.theta_stats_chrom.log (check log file(s) for error details)
    shell:
        
    thetaStat do_stat saf/POPS/PEL_cuc_LC_8_8_215.GL2.thetas.idx 2> log/saf_POPS/PEL_cuc_LC_8_8_215.GL2.theta_stats_chrom.log
    
        (one of the commands exited with non-zero exit code; note that snakemake uses bash strict mode!)
    cluster_jobid: Submitted batch job 145727

Error executing rule theta_stat_chrom on cluster (jobid: 42, external: Submitted batch job 145727, jobscript: /gpfs/gpfs1/scratch/c7701178/mach2/DAPHNIA/Daphnia_RestEggs_snakemake_pbs_2.0_HiC_SLURM/.snakemake/tmp.y_mf19_8/snakejob.theta_stat_chrom.42.sh). For error details see the cluster log and the log files of the involved rule(s).
[Sat Apr 29 10:46:11 2023]
Error in rule theta_stat_SW:
    jobid: 53
    input: saf/POPS/PEL_cuc_LC_8_8_215.GL2.sfs2theta.done
    output: saf/POPS/PEL_cuc_LC_8_8_215.GL2.theta_stats_Window10kb.done
    log: log/saf_POPS/PEL_cuc_LC_8_8_215.GL2.theta_stats_Window10kb.log (check log file(s) for error details)
    shell:
        
    thetaStat do_stat saf/POPS/PEL_cuc_LC_8_8_215.GL2.thetas.idx -win 10000 -step 1000 -outnames saf/POPS/PEL_cuc_LC_8_8_215.GL2.theta_stats_Window10kb 2> log/saf_POPS/PEL_cuc_LC_8_8_215.GL2.theta_stats_Window10kb.log
    
        (one of the commands exited with non-zero exit code; note that snakemake uses bash strict mode!)
    cluster_jobid: Submitted batch job 145732

Error executing rule theta_stat_SW on cluster (jobid: 53, external: Submitted batch job 145732, jobscript: /gpfs/gpfs1/scratch/c7701178/mach2/DAPHNIA/Daphnia_RestEggs_snakemake_pbs_2.0_HiC_SLURM/.snakemake/tmp.y_mf19_8/snakejob.theta_stat_SW.53.sh). For error details see the cluster log and the log files of the involved rule(s).
[Sat Apr 29 10:49:26 2023]
Finished job 76.
1 of 15 steps (7%) done
[Sat Apr 29 10:49:38 2023]
Finished job 74.
2 of 15 steps (13%) done
[Sat Apr 29 10:49:45 2023]
Finished job 68.
3 of 15 steps (20%) done
[Sat Apr 29 10:50:38 2023]
Finished job 77.
4 of 15 steps (27%) done
[Sat Apr 29 10:51:09 2023]
Finished job 75.
5 of 15 steps (33%) done
[Sat Apr 29 10:52:02 2023]
Finished job 73.
6 of 15 steps (40%) done
[Sat Apr 29 10:52:17 2023]
Finished job 71.
7 of 15 steps (47%) done
[Sat Apr 29 10:54:35 2023]
Finished job 67.
8 of 15 steps (53%) done
[Sat Apr 29 11:23:43 2023]
Finished job 72.
9 of 15 steps (60%) done
[Sat Apr 29 11:32:07 2023]
Finished job 69.
10 of 15 steps (67%) done
[Sat Apr 29 12:10:39 2023]
Finished job 70.
11 of 15 steps (73%) done
[Sat Apr 29 12:50:32 2023]
Finished job 78.
12 of 15 steps (80%) done
Exiting because a job execution failed. Look above for error message
Complete log: .snakemake/log/2023-04-29T104532.513304.snakemake.log
