Building DAG of jobs...
Using shell: /usr/bin/bash
Provided cluster nodes: 5000
Job stats:
job                  count    min threads    max threads
-----------------  -------  -------------  -------------
all                      1              1              1
get_mafs_df_sites       18              2              2
total                   19              1              2

Select jobs to execute...

[Thu Jun  1 15:40:00 2023]
Job 47:  Compute site allele frequency likelihood (.saf.idx) for each population using angsd 
Reason: Missing output files: synthesis_daphnia/mafs/df6.mafs.done


    module load singularity/3.8.7-python-3.10.8-gcc-8.5.0-e6f6onc
    singularity exec --home $PWD:$HOME /scratch/c7701178/bio/angsd+ngsrelate.sif /opt/angsd-0.939/angsd -b synthesis_daphnia/list/df6_realignedbam.list -ref ref/Dgaleata_M5_PBasm.FINAL.fasta -anc ref/Dgaleata_M5_PBasm.FINAL.fasta -out synthesis_daphnia/mafs/df6.mafs -GL 2 -doGlf 2 -doMaf 1 -doMajorMinor 3 -uniqueOnly 1 -remove_bads 1 -only_proper_pairs 1 -trim 0 -C 50 -minQ 20 -minMapQ 30 -minInd 1 -sites synthesis_daphnia/list/PRE_long_LC_ALL_gal_LC_PEL_long_LC.SNPs.tsv -rf synthesis_daphnia/list/PRE_long_LC_ALL_gal_LC_PEL_long_LC.SNPs.chr 2> log/synthesis_daphnia/mafs/df6.mafs.log
    
Submitted job 47 with external jobid 'Submitted batch job 187910'.

[Thu Jun  1 15:40:01 2023]
Job 56:  Compute site allele frequency likelihood (.saf.idx) for each population using angsd 
Reason: Missing output files: synthesis_daphnia/mafs/df15.mafs.done


    module load singularity/3.8.7-python-3.10.8-gcc-8.5.0-e6f6onc
    singularity exec --home $PWD:$HOME /scratch/c7701178/bio/angsd+ngsrelate.sif /opt/angsd-0.939/angsd -b synthesis_daphnia/list/df15_realignedbam.list -ref ref/Dgaleata_M5_PBasm.FINAL.fasta -anc ref/Dgaleata_M5_PBasm.FINAL.fasta -out synthesis_daphnia/mafs/df15.mafs -GL 2 -doGlf 2 -doMaf 1 -doMajorMinor 3 -uniqueOnly 1 -remove_bads 1 -only_proper_pairs 1 -trim 0 -C 50 -minQ 20 -minMapQ 30 -minInd 1 -sites synthesis_daphnia/list/PRE_long_LC_ALL_gal_LC_PEL_long_LC.SNPs.tsv -rf synthesis_daphnia/list/PRE_long_LC_ALL_gal_LC_PEL_long_LC.SNPs.chr 2> log/synthesis_daphnia/mafs/df15.mafs.log
    
Submitted job 56 with external jobid 'Submitted batch job 187911'.

[Thu Jun  1 15:40:01 2023]
Job 54:  Compute site allele frequency likelihood (.saf.idx) for each population using angsd 
Reason: Missing output files: synthesis_daphnia/mafs/df13.mafs.done


    module load singularity/3.8.7-python-3.10.8-gcc-8.5.0-e6f6onc
    singularity exec --home $PWD:$HOME /scratch/c7701178/bio/angsd+ngsrelate.sif /opt/angsd-0.939/angsd -b synthesis_daphnia/list/df13_realignedbam.list -ref ref/Dgaleata_M5_PBasm.FINAL.fasta -anc ref/Dgaleata_M5_PBasm.FINAL.fasta -out synthesis_daphnia/mafs/df13.mafs -GL 2 -doGlf 2 -doMaf 1 -doMajorMinor 3 -uniqueOnly 1 -remove_bads 1 -only_proper_pairs 1 -trim 0 -C 50 -minQ 20 -minMapQ 30 -minInd 1 -sites synthesis_daphnia/list/PRE_long_LC_ALL_gal_LC_PEL_long_LC.SNPs.tsv -rf synthesis_daphnia/list/PRE_long_LC_ALL_gal_LC_PEL_long_LC.SNPs.chr 2> log/synthesis_daphnia/mafs/df13.mafs.log
    
Submitted job 54 with external jobid 'Submitted batch job 187912'.

[Thu Jun  1 15:40:01 2023]
Job 58:  Compute site allele frequency likelihood (.saf.idx) for each population using angsd 
Reason: Missing output files: synthesis_daphnia/mafs/df17.mafs.done


    module load singularity/3.8.7-python-3.10.8-gcc-8.5.0-e6f6onc
    singularity exec --home $PWD:$HOME /scratch/c7701178/bio/angsd+ngsrelate.sif /opt/angsd-0.939/angsd -b synthesis_daphnia/list/df17_realignedbam.list -ref ref/Dgaleata_M5_PBasm.FINAL.fasta -anc ref/Dgaleata_M5_PBasm.FINAL.fasta -out synthesis_daphnia/mafs/df17.mafs -GL 2 -doGlf 2 -doMaf 1 -doMajorMinor 3 -uniqueOnly 1 -remove_bads 1 -only_proper_pairs 1 -trim 0 -C 50 -minQ 20 -minMapQ 30 -minInd 1 -sites synthesis_daphnia/list/PRE_long_LC_ALL_gal_LC_PEL_long_LC.SNPs.tsv -rf synthesis_daphnia/list/PRE_long_LC_ALL_gal_LC_PEL_long_LC.SNPs.chr 2> log/synthesis_daphnia/mafs/df17.mafs.log
    
Submitted job 58 with external jobid 'Submitted batch job 187913'.

[Thu Jun  1 15:40:01 2023]
Job 42:  Compute site allele frequency likelihood (.saf.idx) for each population using angsd 
Reason: Missing output files: synthesis_daphnia/mafs/df1.mafs.done


    module load singularity/3.8.7-python-3.10.8-gcc-8.5.0-e6f6onc
    singularity exec --home $PWD:$HOME /scratch/c7701178/bio/angsd+ngsrelate.sif /opt/angsd-0.939/angsd -b synthesis_daphnia/list/df1_realignedbam.list -ref ref/Dgaleata_M5_PBasm.FINAL.fasta -anc ref/Dgaleata_M5_PBasm.FINAL.fasta -out synthesis_daphnia/mafs/df1.mafs -GL 2 -doGlf 2 -doMaf 1 -doMajorMinor 3 -uniqueOnly 1 -remove_bads 1 -only_proper_pairs 1 -trim 0 -C 50 -minQ 20 -minMapQ 30 -minInd 1 -sites synthesis_daphnia/list/PRE_long_LC_ALL_gal_LC_PEL_long_LC.SNPs.tsv -rf synthesis_daphnia/list/PRE_long_LC_ALL_gal_LC_PEL_long_LC.SNPs.chr 2> log/synthesis_daphnia/mafs/df1.mafs.log
    
Submitted job 42 with external jobid 'Submitted batch job 187914'.

[Thu Jun  1 15:40:01 2023]
Job 49:  Compute site allele frequency likelihood (.saf.idx) for each population using angsd 
Reason: Missing output files: synthesis_daphnia/mafs/df8.mafs.done


    module load singularity/3.8.7-python-3.10.8-gcc-8.5.0-e6f6onc
    singularity exec --home $PWD:$HOME /scratch/c7701178/bio/angsd+ngsrelate.sif /opt/angsd-0.939/angsd -b synthesis_daphnia/list/df8_realignedbam.list -ref ref/Dgaleata_M5_PBasm.FINAL.fasta -anc ref/Dgaleata_M5_PBasm.FINAL.fasta -out synthesis_daphnia/mafs/df8.mafs -GL 2 -doGlf 2 -doMaf 1 -doMajorMinor 3 -uniqueOnly 1 -remove_bads 1 -only_proper_pairs 1 -trim 0 -C 50 -minQ 20 -minMapQ 30 -minInd 1 -sites synthesis_daphnia/list/PRE_long_LC_ALL_gal_LC_PEL_long_LC.SNPs.tsv -rf synthesis_daphnia/list/PRE_long_LC_ALL_gal_LC_PEL_long_LC.SNPs.chr 2> log/synthesis_daphnia/mafs/df8.mafs.log
    
Submitted job 49 with external jobid 'Submitted batch job 187915'.

[Thu Jun  1 15:40:01 2023]
Job 44:  Compute site allele frequency likelihood (.saf.idx) for each population using angsd 
Reason: Missing output files: synthesis_daphnia/mafs/df3.mafs.done


    module load singularity/3.8.7-python-3.10.8-gcc-8.5.0-e6f6onc
    singularity exec --home $PWD:$HOME /scratch/c7701178/bio/angsd+ngsrelate.sif /opt/angsd-0.939/angsd -b synthesis_daphnia/list/df3_realignedbam.list -ref ref/Dgaleata_M5_PBasm.FINAL.fasta -anc ref/Dgaleata_M5_PBasm.FINAL.fasta -out synthesis_daphnia/mafs/df3.mafs -GL 2 -doGlf 2 -doMaf 1 -doMajorMinor 3 -uniqueOnly 1 -remove_bads 1 -only_proper_pairs 1 -trim 0 -C 50 -minQ 20 -minMapQ 30 -minInd 1 -sites synthesis_daphnia/list/PRE_long_LC_ALL_gal_LC_PEL_long_LC.SNPs.tsv -rf synthesis_daphnia/list/PRE_long_LC_ALL_gal_LC_PEL_long_LC.SNPs.chr 2> log/synthesis_daphnia/mafs/df3.mafs.log
    
Submitted job 44 with external jobid 'Submitted batch job 187916'.

[Thu Jun  1 15:40:01 2023]
Job 59:  Compute site allele frequency likelihood (.saf.idx) for each population using angsd 
Reason: Missing output files: synthesis_daphnia/mafs/df18.mafs.done


    module load singularity/3.8.7-python-3.10.8-gcc-8.5.0-e6f6onc
    singularity exec --home $PWD:$HOME /scratch/c7701178/bio/angsd+ngsrelate.sif /opt/angsd-0.939/angsd -b synthesis_daphnia/list/df18_realignedbam.list -ref ref/Dgaleata_M5_PBasm.FINAL.fasta -anc ref/Dgaleata_M5_PBasm.FINAL.fasta -out synthesis_daphnia/mafs/df18.mafs -GL 2 -doGlf 2 -doMaf 1 -doMajorMinor 3 -uniqueOnly 1 -remove_bads 1 -only_proper_pairs 1 -trim 0 -C 50 -minQ 20 -minMapQ 30 -minInd 1 -sites synthesis_daphnia/list/PRE_long_LC_ALL_gal_LC_PEL_long_LC.SNPs.tsv -rf synthesis_daphnia/list/PRE_long_LC_ALL_gal_LC_PEL_long_LC.SNPs.chr 2> log/synthesis_daphnia/mafs/df18.mafs.log
    
Submitted job 59 with external jobid 'Submitted batch job 187917'.

[Thu Jun  1 15:40:01 2023]
Job 51:  Compute site allele frequency likelihood (.saf.idx) for each population using angsd 
Reason: Missing output files: synthesis_daphnia/mafs/df10.mafs.done


    module load singularity/3.8.7-python-3.10.8-gcc-8.5.0-e6f6onc
    singularity exec --home $PWD:$HOME /scratch/c7701178/bio/angsd+ngsrelate.sif /opt/angsd-0.939/angsd -b synthesis_daphnia/list/df10_realignedbam.list -ref ref/Dgaleata_M5_PBasm.FINAL.fasta -anc ref/Dgaleata_M5_PBasm.FINAL.fasta -out synthesis_daphnia/mafs/df10.mafs -GL 2 -doGlf 2 -doMaf 1 -doMajorMinor 3 -uniqueOnly 1 -remove_bads 1 -only_proper_pairs 1 -trim 0 -C 50 -minQ 20 -minMapQ 30 -minInd 1 -sites synthesis_daphnia/list/PRE_long_LC_ALL_gal_LC_PEL_long_LC.SNPs.tsv -rf synthesis_daphnia/list/PRE_long_LC_ALL_gal_LC_PEL_long_LC.SNPs.chr 2> log/synthesis_daphnia/mafs/df10.mafs.log
    
Submitted job 51 with external jobid 'Submitted batch job 187918'.

[Thu Jun  1 15:40:01 2023]
Job 46:  Compute site allele frequency likelihood (.saf.idx) for each population using angsd 
Reason: Missing output files: synthesis_daphnia/mafs/df5.mafs.done


    module load singularity/3.8.7-python-3.10.8-gcc-8.5.0-e6f6onc
    singularity exec --home $PWD:$HOME /scratch/c7701178/bio/angsd+ngsrelate.sif /opt/angsd-0.939/angsd -b synthesis_daphnia/list/df5_realignedbam.list -ref ref/Dgaleata_M5_PBasm.FINAL.fasta -anc ref/Dgaleata_M5_PBasm.FINAL.fasta -out synthesis_daphnia/mafs/df5.mafs -GL 2 -doGlf 2 -doMaf 1 -doMajorMinor 3 -uniqueOnly 1 -remove_bads 1 -only_proper_pairs 1 -trim 0 -C 50 -minQ 20 -minMapQ 30 -minInd 1 -sites synthesis_daphnia/list/PRE_long_LC_ALL_gal_LC_PEL_long_LC.SNPs.tsv -rf synthesis_daphnia/list/PRE_long_LC_ALL_gal_LC_PEL_long_LC.SNPs.chr 2> log/synthesis_daphnia/mafs/df5.mafs.log
    
Submitted job 46 with external jobid 'Submitted batch job 187919'.

[Thu Jun  1 15:40:01 2023]
Job 55:  Compute site allele frequency likelihood (.saf.idx) for each population using angsd 
Reason: Missing output files: synthesis_daphnia/mafs/df14.mafs.done


    module load singularity/3.8.7-python-3.10.8-gcc-8.5.0-e6f6onc
    singularity exec --home $PWD:$HOME /scratch/c7701178/bio/angsd+ngsrelate.sif /opt/angsd-0.939/angsd -b synthesis_daphnia/list/df14_realignedbam.list -ref ref/Dgaleata_M5_PBasm.FINAL.fasta -anc ref/Dgaleata_M5_PBasm.FINAL.fasta -out synthesis_daphnia/mafs/df14.mafs -GL 2 -doGlf 2 -doMaf 1 -doMajorMinor 3 -uniqueOnly 1 -remove_bads 1 -only_proper_pairs 1 -trim 0 -C 50 -minQ 20 -minMapQ 30 -minInd 1 -sites synthesis_daphnia/list/PRE_long_LC_ALL_gal_LC_PEL_long_LC.SNPs.tsv -rf synthesis_daphnia/list/PRE_long_LC_ALL_gal_LC_PEL_long_LC.SNPs.chr 2> log/synthesis_daphnia/mafs/df14.mafs.log
    
Submitted job 55 with external jobid 'Submitted batch job 187920'.

[Thu Jun  1 15:40:01 2023]
Job 53:  Compute site allele frequency likelihood (.saf.idx) for each population using angsd 
Reason: Missing output files: synthesis_daphnia/mafs/df12.mafs.done


    module load singularity/3.8.7-python-3.10.8-gcc-8.5.0-e6f6onc
    singularity exec --home $PWD:$HOME /scratch/c7701178/bio/angsd+ngsrelate.sif /opt/angsd-0.939/angsd -b synthesis_daphnia/list/df12_realignedbam.list -ref ref/Dgaleata_M5_PBasm.FINAL.fasta -anc ref/Dgaleata_M5_PBasm.FINAL.fasta -out synthesis_daphnia/mafs/df12.mafs -GL 2 -doGlf 2 -doMaf 1 -doMajorMinor 3 -uniqueOnly 1 -remove_bads 1 -only_proper_pairs 1 -trim 0 -C 50 -minQ 20 -minMapQ 30 -minInd 1 -sites synthesis_daphnia/list/PRE_long_LC_ALL_gal_LC_PEL_long_LC.SNPs.tsv -rf synthesis_daphnia/list/PRE_long_LC_ALL_gal_LC_PEL_long_LC.SNPs.chr 2> log/synthesis_daphnia/mafs/df12.mafs.log
    
Submitted job 53 with external jobid 'Submitted batch job 187921'.

[Thu Jun  1 15:40:01 2023]
Job 57:  Compute site allele frequency likelihood (.saf.idx) for each population using angsd 
Reason: Missing output files: synthesis_daphnia/mafs/df16.mafs.done


    module load singularity/3.8.7-python-3.10.8-gcc-8.5.0-e6f6onc
    singularity exec --home $PWD:$HOME /scratch/c7701178/bio/angsd+ngsrelate.sif /opt/angsd-0.939/angsd -b synthesis_daphnia/list/df16_realignedbam.list -ref ref/Dgaleata_M5_PBasm.FINAL.fasta -anc ref/Dgaleata_M5_PBasm.FINAL.fasta -out synthesis_daphnia/mafs/df16.mafs -GL 2 -doGlf 2 -doMaf 1 -doMajorMinor 3 -uniqueOnly 1 -remove_bads 1 -only_proper_pairs 1 -trim 0 -C 50 -minQ 20 -minMapQ 30 -minInd 1 -sites synthesis_daphnia/list/PRE_long_LC_ALL_gal_LC_PEL_long_LC.SNPs.tsv -rf synthesis_daphnia/list/PRE_long_LC_ALL_gal_LC_PEL_long_LC.SNPs.chr 2> log/synthesis_daphnia/mafs/df16.mafs.log
    
Submitted job 57 with external jobid 'Submitted batch job 187922'.

[Thu Jun  1 15:40:01 2023]
Job 48:  Compute site allele frequency likelihood (.saf.idx) for each population using angsd 
Reason: Missing output files: synthesis_daphnia/mafs/df7.mafs.done


    module load singularity/3.8.7-python-3.10.8-gcc-8.5.0-e6f6onc
    singularity exec --home $PWD:$HOME /scratch/c7701178/bio/angsd+ngsrelate.sif /opt/angsd-0.939/angsd -b synthesis_daphnia/list/df7_realignedbam.list -ref ref/Dgaleata_M5_PBasm.FINAL.fasta -anc ref/Dgaleata_M5_PBasm.FINAL.fasta -out synthesis_daphnia/mafs/df7.mafs -GL 2 -doGlf 2 -doMaf 1 -doMajorMinor 3 -uniqueOnly 1 -remove_bads 1 -only_proper_pairs 1 -trim 0 -C 50 -minQ 20 -minMapQ 30 -minInd 1 -sites synthesis_daphnia/list/PRE_long_LC_ALL_gal_LC_PEL_long_LC.SNPs.tsv -rf synthesis_daphnia/list/PRE_long_LC_ALL_gal_LC_PEL_long_LC.SNPs.chr 2> log/synthesis_daphnia/mafs/df7.mafs.log
    
Submitted job 48 with external jobid 'Submitted batch job 187923'.

[Thu Jun  1 15:40:01 2023]
Job 43:  Compute site allele frequency likelihood (.saf.idx) for each population using angsd 
Reason: Missing output files: synthesis_daphnia/mafs/df2.mafs.done


    module load singularity/3.8.7-python-3.10.8-gcc-8.5.0-e6f6onc
    singularity exec --home $PWD:$HOME /scratch/c7701178/bio/angsd+ngsrelate.sif /opt/angsd-0.939/angsd -b synthesis_daphnia/list/df2_realignedbam.list -ref ref/Dgaleata_M5_PBasm.FINAL.fasta -anc ref/Dgaleata_M5_PBasm.FINAL.fasta -out synthesis_daphnia/mafs/df2.mafs -GL 2 -doGlf 2 -doMaf 1 -doMajorMinor 3 -uniqueOnly 1 -remove_bads 1 -only_proper_pairs 1 -trim 0 -C 50 -minQ 20 -minMapQ 30 -minInd 1 -sites synthesis_daphnia/list/PRE_long_LC_ALL_gal_LC_PEL_long_LC.SNPs.tsv -rf synthesis_daphnia/list/PRE_long_LC_ALL_gal_LC_PEL_long_LC.SNPs.chr 2> log/synthesis_daphnia/mafs/df2.mafs.log
    
Submitted job 43 with external jobid 'Submitted batch job 187924'.

[Thu Jun  1 15:40:01 2023]
Job 50:  Compute site allele frequency likelihood (.saf.idx) for each population using angsd 
Reason: Missing output files: synthesis_daphnia/mafs/df9.mafs.done


    module load singularity/3.8.7-python-3.10.8-gcc-8.5.0-e6f6onc
    singularity exec --home $PWD:$HOME /scratch/c7701178/bio/angsd+ngsrelate.sif /opt/angsd-0.939/angsd -b synthesis_daphnia/list/df9_realignedbam.list -ref ref/Dgaleata_M5_PBasm.FINAL.fasta -anc ref/Dgaleata_M5_PBasm.FINAL.fasta -out synthesis_daphnia/mafs/df9.mafs -GL 2 -doGlf 2 -doMaf 1 -doMajorMinor 3 -uniqueOnly 1 -remove_bads 1 -only_proper_pairs 1 -trim 0 -C 50 -minQ 20 -minMapQ 30 -minInd 1 -sites synthesis_daphnia/list/PRE_long_LC_ALL_gal_LC_PEL_long_LC.SNPs.tsv -rf synthesis_daphnia/list/PRE_long_LC_ALL_gal_LC_PEL_long_LC.SNPs.chr 2> log/synthesis_daphnia/mafs/df9.mafs.log
    
Submitted job 50 with external jobid 'Submitted batch job 187925'.

[Thu Jun  1 15:40:01 2023]
Job 45:  Compute site allele frequency likelihood (.saf.idx) for each population using angsd 
Reason: Missing output files: synthesis_daphnia/mafs/df4.mafs.done


    module load singularity/3.8.7-python-3.10.8-gcc-8.5.0-e6f6onc
    singularity exec --home $PWD:$HOME /scratch/c7701178/bio/angsd+ngsrelate.sif /opt/angsd-0.939/angsd -b synthesis_daphnia/list/df4_realignedbam.list -ref ref/Dgaleata_M5_PBasm.FINAL.fasta -anc ref/Dgaleata_M5_PBasm.FINAL.fasta -out synthesis_daphnia/mafs/df4.mafs -GL 2 -doGlf 2 -doMaf 1 -doMajorMinor 3 -uniqueOnly 1 -remove_bads 1 -only_proper_pairs 1 -trim 0 -C 50 -minQ 20 -minMapQ 30 -minInd 1 -sites synthesis_daphnia/list/PRE_long_LC_ALL_gal_LC_PEL_long_LC.SNPs.tsv -rf synthesis_daphnia/list/PRE_long_LC_ALL_gal_LC_PEL_long_LC.SNPs.chr 2> log/synthesis_daphnia/mafs/df4.mafs.log
    
Submitted job 45 with external jobid 'Submitted batch job 187926'.

[Thu Jun  1 15:40:01 2023]
Job 52:  Compute site allele frequency likelihood (.saf.idx) for each population using angsd 
Reason: Missing output files: synthesis_daphnia/mafs/df11.mafs.done


    module load singularity/3.8.7-python-3.10.8-gcc-8.5.0-e6f6onc
    singularity exec --home $PWD:$HOME /scratch/c7701178/bio/angsd+ngsrelate.sif /opt/angsd-0.939/angsd -b synthesis_daphnia/list/df11_realignedbam.list -ref ref/Dgaleata_M5_PBasm.FINAL.fasta -anc ref/Dgaleata_M5_PBasm.FINAL.fasta -out synthesis_daphnia/mafs/df11.mafs -GL 2 -doGlf 2 -doMaf 1 -doMajorMinor 3 -uniqueOnly 1 -remove_bads 1 -only_proper_pairs 1 -trim 0 -C 50 -minQ 20 -minMapQ 30 -minInd 1 -sites synthesis_daphnia/list/PRE_long_LC_ALL_gal_LC_PEL_long_LC.SNPs.tsv -rf synthesis_daphnia/list/PRE_long_LC_ALL_gal_LC_PEL_long_LC.SNPs.chr 2> log/synthesis_daphnia/mafs/df11.mafs.log
    
Submitted job 52 with external jobid 'Submitted batch job 187927'.
[Thu Jun  1 15:50:12 2023]
Finished job 59.
1 of 19 steps (5%) done
[Thu Jun  1 15:53:45 2023]
Finished job 57.
2 of 19 steps (11%) done
[Thu Jun  1 15:54:26 2023]
Finished job 56.
3 of 19 steps (16%) done
[Thu Jun  1 15:56:04 2023]
Finished job 58.
4 of 19 steps (21%) done
[Thu Jun  1 15:59:09 2023]
Finished job 42.
5 of 19 steps (26%) done
[Thu Jun  1 16:00:21 2023]
Finished job 53.
6 of 19 steps (32%) done
[Thu Jun  1 16:02:50 2023]
Finished job 43.
7 of 19 steps (37%) done
[Thu Jun  1 16:04:04 2023]
Finished job 54.
8 of 19 steps (42%) done
[Thu Jun  1 16:07:17 2023]
Finished job 44.
9 of 19 steps (47%) done
[Thu Jun  1 16:07:36 2023]
Finished job 51.
10 of 19 steps (53%) done
[Thu Jun  1 16:08:29 2023]
Finished job 55.
11 of 19 steps (58%) done
[Thu Jun  1 16:08:44 2023]
Finished job 49.
12 of 19 steps (63%) done
[Thu Jun  1 16:08:49 2023]
Finished job 52.
13 of 19 steps (68%) done
[Thu Jun  1 16:09:17 2023]
Finished job 45.
14 of 19 steps (74%) done
[Thu Jun  1 16:09:28 2023]
Finished job 46.
15 of 19 steps (79%) done
[Thu Jun  1 16:18:41 2023]
Finished job 48.
16 of 19 steps (84%) done
[Thu Jun  1 16:21:04 2023]
Finished job 47.
17 of 19 steps (89%) done
[Thu Jun  1 16:23:16 2023]
Finished job 50.
18 of 19 steps (95%) done
Select jobs to execute...

[Thu Jun  1 16:23:16 2023]
localrule all:
    input: saf/POPS/ALL_gal_LC_100_100_5343.GL2.saf.idx.done, saf/POPS/cucREF7_7_7_284.GL2.saf.idx.done, saf/POPS/curvirostris_8_8_82.GL2.saf.idx.done, saf/POPS/EGGS_gal_LC_78_78_4182.GL2.saf.idx.done, saf/POPS/galREF9_9_9_467.GL2.saf.idx.done, saf/POPS/hatched_gal_LC_22_22_1161.GL2.saf.idx.done, saf/POPS/longREF7_7_7_317.GL2.saf.idx.done, saf/POPS/longREF9_9_9_393.GL2.saf.idx.done, saf/POPS/PEL_cuc_LC_8_8_215.GL2.saf.idx.done, saf/POPS/PEL_long_LC_17_17_480.GL2.saf.idx.done, saf/POPS/PRE_long_LC_8_8_276.GL2.saf.idx.done, saf/POPS/ALL_gal_LC_100_100_5343.GL2.1D.sfs, saf/POPS/cucREF7_7_7_284.GL2.1D.sfs, saf/POPS/curvirostris_8_8_82.GL2.1D.sfs, saf/POPS/EGGS_gal_LC_78_78_4182.GL2.1D.sfs, saf/POPS/galREF9_9_9_467.GL2.1D.sfs, saf/POPS/hatched_gal_LC_22_22_1161.GL2.1D.sfs, saf/POPS/longREF7_7_7_317.GL2.1D.sfs, saf/POPS/longREF9_9_9_393.GL2.1D.sfs, saf/POPS/PEL_cuc_LC_8_8_215.GL2.1D.sfs, saf/POPS/PEL_long_LC_17_17_480.GL2.1D.sfs, saf/POPS/PRE_long_LC_8_8_276.GL2.1D.sfs, saf/POPS/ALL_gal_LC_100_100_5343.GL2.sfs2theta.done, saf/POPS/cucREF7_7_7_284.GL2.sfs2theta.done, saf/POPS/curvirostris_8_8_82.GL2.sfs2theta.done, saf/POPS/EGGS_gal_LC_78_78_4182.GL2.sfs2theta.done, saf/POPS/galREF9_9_9_467.GL2.sfs2theta.done, saf/POPS/hatched_gal_LC_22_22_1161.GL2.sfs2theta.done, saf/POPS/longREF7_7_7_317.GL2.sfs2theta.done, saf/POPS/longREF9_9_9_393.GL2.sfs2theta.done, saf/POPS/PEL_cuc_LC_8_8_215.GL2.sfs2theta.done, saf/POPS/PEL_long_LC_17_17_480.GL2.sfs2theta.done, saf/POPS/PRE_long_LC_8_8_276.GL2.sfs2theta.done, saf/POPS/ALL_gal_LC_100_100_5343.GL2.theta_stats_chrom.done, saf/POPS/cucREF7_7_7_284.GL2.theta_stats_chrom.done, saf/POPS/curvirostris_8_8_82.GL2.theta_stats_chrom.done, saf/POPS/EGGS_gal_LC_78_78_4182.GL2.theta_stats_chrom.done, saf/POPS/galREF9_9_9_467.GL2.theta_stats_chrom.done, saf/POPS/hatched_gal_LC_22_22_1161.GL2.theta_stats_chrom.done, saf/POPS/longREF7_7_7_317.GL2.theta_stats_chrom.done, saf/POPS/longREF9_9_9_393.GL2.theta_stats_chrom.done, saf/POPS/PEL_cuc_LC_8_8_215.GL2.theta_stats_chrom.done, saf/POPS/PEL_long_LC_17_17_480.GL2.theta_stats_chrom.done, saf/POPS/PRE_long_LC_8_8_276.GL2.theta_stats_chrom.done, saf/POPS/ALL_gal_LC_100_100_5343.GL2.theta_stats_Window10kb.done, saf/POPS/cucREF7_7_7_284.GL2.theta_stats_Window10kb.done, saf/POPS/curvirostris_8_8_82.GL2.theta_stats_Window10kb.done, saf/POPS/EGGS_gal_LC_78_78_4182.GL2.theta_stats_Window10kb.done, saf/POPS/galREF9_9_9_467.GL2.theta_stats_Window10kb.done, saf/POPS/hatched_gal_LC_22_22_1161.GL2.theta_stats_Window10kb.done, saf/POPS/longREF7_7_7_317.GL2.theta_stats_Window10kb.done, saf/POPS/longREF9_9_9_393.GL2.theta_stats_Window10kb.done, saf/POPS/PEL_cuc_LC_8_8_215.GL2.theta_stats_Window10kb.done, saf/POPS/PEL_long_LC_17_17_480.GL2.theta_stats_Window10kb.done, saf/POPS/PRE_long_LC_8_8_276.GL2.theta_stats_Window10kb.done, saf/POPS/PRE_long_LC_vs_PEL_long_LC_2D.sfs, saf/POPS/PRE_long_LC_vs_PEL_cuc_LC_2D.sfs, saf/POPS/PRE_long_LC_vs_ALL_gal_LC_2D.sfs, saf/POPS/ALL_gal_LC_vs_PEL_long_LC_2D.sfs, saf/POPS/PEL_long_LC_vs_PEL_cuc_LC_2D.sfs, saf/POPS/ALL_gal_LC_vs_PEL_cuc_LC_2D.sfs, saf/POPS/longREF9_vs_galREF9_2D.sfs, saf/POPS/longREF9_vs_cucREF7_2D.sfs, saf/POPS/longREF7_vs_galREF9_2D.sfs, saf/POPS/longREF7_vs_cucREF7_2D.sfs, saf/POPS/galREF9_vs_cucREF7_2D.sfs, saf/POPS/2pops/PRE_long_LC_vs_PEL_long_LC.fstIndex.done, saf/POPS/2pops/PRE_long_LC_vs_PEL_cuc_LC.fstIndex.done, saf/POPS/2pops/PRE_long_LC_vs_ALL_gal_LC.fstIndex.done, saf/POPS/2pops/ALL_gal_LC_vs_PEL_long_LC.fstIndex.done, saf/POPS/2pops/PEL_long_LC_vs_PEL_cuc_LC.fstIndex.done, saf/POPS/2pops/ALL_gal_LC_vs_PEL_cuc_LC.fstIndex.done, saf/POPS/2pops/longREF9_vs_galREF9.fstIndex.done, saf/POPS/2pops/longREF9_vs_cucREF7.fstIndex.done, saf/POPS/2pops/longREF7_vs_galREF9.fstIndex.done, saf/POPS/2pops/longREF7_vs_cucREF7.fstIndex.done, saf/POPS/2pops/galREF9_vs_cucREF7.fstIndex.done, saf/POPS/3pops/PRE_long_LC_vs_ALL_gal_LC_vs_PEL_long_LC.fstIndex.done, saf/POPS/2pops/PRE_long_LC_vs_PEL_long_LC.fst.global.tsv, saf/POPS/2pops/PRE_long_LC_vs_PEL_cuc_LC.fst.global.tsv, saf/POPS/2pops/PRE_long_LC_vs_ALL_gal_LC.fst.global.tsv, saf/POPS/2pops/ALL_gal_LC_vs_PEL_long_LC.fst.global.tsv, saf/POPS/2pops/PEL_long_LC_vs_PEL_cuc_LC.fst.global.tsv, saf/POPS/2pops/ALL_gal_LC_vs_PEL_cuc_LC.fst.global.tsv, saf/POPS/2pops/longREF9_vs_galREF9.fst.global.tsv, saf/POPS/2pops/longREF9_vs_cucREF7.fst.global.tsv, saf/POPS/2pops/longREF7_vs_galREF9.fst.global.tsv, saf/POPS/2pops/longREF7_vs_cucREF7.fst.global.tsv, saf/POPS/2pops/galREF9_vs_cucREF7.fst.global.tsv, saf/POPS/2pops/PRE_long_LC_vs_PEL_long_LC.fst.Window10kb.type1.tsv, saf/POPS/2pops/PRE_long_LC_vs_PEL_cuc_LC.fst.Window10kb.type1.tsv, saf/POPS/2pops/PRE_long_LC_vs_ALL_gal_LC.fst.Window10kb.type1.tsv, saf/POPS/2pops/ALL_gal_LC_vs_PEL_long_LC.fst.Window10kb.type1.tsv, saf/POPS/2pops/PEL_long_LC_vs_PEL_cuc_LC.fst.Window10kb.type1.tsv, saf/POPS/2pops/ALL_gal_LC_vs_PEL_cuc_LC.fst.Window10kb.type1.tsv, saf/POPS/2pops/longREF9_vs_galREF9.fst.Window10kb.type1.tsv, saf/POPS/2pops/longREF9_vs_cucREF7.fst.Window10kb.type1.tsv, saf/POPS/2pops/longREF7_vs_galREF9.fst.Window10kb.type1.tsv, saf/POPS/2pops/longREF7_vs_cucREF7.fst.Window10kb.type1.tsv, saf/POPS/2pops/galREF9_vs_cucREF7.fst.Window10kb.type1.tsv, saf/POPS/3pops/PRE_long_LC_vs_ALL_gal_LC_vs_PEL_long_LC.fst.global.tsv, saf/POPS/3pops/PRE_long_LC_vs_ALL_gal_LC_vs_PEL_long_LC.fst.Window10kb.type1.tsv, saf/POPS/3pops/PRE_long_LC_vs_ALL_gal_LC_vs_PEL_long_LC.fst.Window10kb.type2.tsv, saf/POPS/3pops/PRE_long_LC_vs_ALL_gal_LC_vs_PEL_long_LC.fst.Window10kb.type3.tsv, saf/POPS/2pops/PRE_long_LC_vs_PEL_long_LC.A_B.tsv.gz, saf/POPS/2pops/PRE_long_LC_vs_PEL_cuc_LC.A_B.tsv.gz, saf/POPS/2pops/PRE_long_LC_vs_ALL_gal_LC.A_B.tsv.gz, saf/POPS/2pops/ALL_gal_LC_vs_PEL_long_LC.A_B.tsv.gz, saf/POPS/2pops/PEL_long_LC_vs_PEL_cuc_LC.A_B.tsv.gz, saf/POPS/2pops/ALL_gal_LC_vs_PEL_cuc_LC.A_B.tsv.gz, saf/POPS/2pops/longREF9_vs_galREF9.A_B.tsv.gz, saf/POPS/2pops/longREF9_vs_cucREF7.A_B.tsv.gz, saf/POPS/2pops/longREF7_vs_galREF9.A_B.tsv.gz, saf/POPS/2pops/longREF7_vs_cucREF7.A_B.tsv.gz, saf/POPS/2pops/galREF9_vs_cucREF7.A_B.tsv.gz, saf/POPS/3pops/PRE_long_LC_vs_ALL_gal_LC_vs_PEL_long_LC.A_B.tsv.gz, ngsRelate/PEL_cuc_LC.glf3.freq, ngsRelate/PEL_long_LC.glf3.freq, ngsRelate/PRE_long_LC.glf3.freq, ngsRelate/PEL_F1_LC.glf3.freq, saf/POPS/sites/ALL_gal_LC_100_100_5343.GL2.sites.saf.idx.done, saf/POPS/sites/cucREF7_7_7_284.GL2.sites.saf.idx.done, saf/POPS/sites/curvirostris_8_8_82.GL2.sites.saf.idx.done, saf/POPS/sites/EGGS_gal_LC_78_78_4182.GL2.sites.saf.idx.done, saf/POPS/sites/galREF9_9_9_467.GL2.sites.saf.idx.done, saf/POPS/sites/hatched_gal_LC_22_22_1161.GL2.sites.saf.idx.done, saf/POPS/sites/longREF7_7_7_317.GL2.sites.saf.idx.done, saf/POPS/sites/longREF9_9_9_393.GL2.sites.saf.idx.done, saf/POPS/sites/PEL_cuc_LC_8_8_215.GL2.sites.saf.idx.done, saf/POPS/sites/PEL_long_LC_17_17_480.GL2.sites.saf.idx.done, saf/POPS/sites/PRE_long_LC_8_8_276.GL2.sites.saf.idx.done, saf/POPS/sites/ALL_gal_LC_100_100_5343.GL2.sites.1D.sfs, saf/POPS/sites/cucREF7_7_7_284.GL2.sites.1D.sfs, saf/POPS/sites/curvirostris_8_8_82.GL2.sites.1D.sfs, saf/POPS/sites/EGGS_gal_LC_78_78_4182.GL2.sites.1D.sfs, saf/POPS/sites/galREF9_9_9_467.GL2.sites.1D.sfs, saf/POPS/sites/hatched_gal_LC_22_22_1161.GL2.sites.1D.sfs, saf/POPS/sites/longREF7_7_7_317.GL2.sites.1D.sfs, saf/POPS/sites/longREF9_9_9_393.GL2.sites.1D.sfs, saf/POPS/sites/PEL_cuc_LC_8_8_215.GL2.sites.1D.sfs, saf/POPS/sites/PEL_long_LC_17_17_480.GL2.sites.1D.sfs, saf/POPS/sites/PRE_long_LC_8_8_276.GL2.sites.1D.sfs, saf/POPS/sites/PRE_long_LC_vs_PEL_long_LC.sites.2D.sfs, saf/POPS/sites/PRE_long_LC_vs_PEL_cuc_LC.sites.2D.sfs, saf/POPS/sites/PRE_long_LC_vs_ALL_gal_LC.sites.2D.sfs, saf/POPS/sites/ALL_gal_LC_vs_PEL_long_LC.sites.2D.sfs, saf/POPS/sites/PEL_long_LC_vs_PEL_cuc_LC.sites.2D.sfs, saf/POPS/sites/ALL_gal_LC_vs_PEL_cuc_LC.sites.2D.sfs, saf/POPS/sites/longREF9_vs_galREF9.sites.2D.sfs, saf/POPS/sites/longREF9_vs_cucREF7.sites.2D.sfs, saf/POPS/sites/longREF7_vs_galREF9.sites.2D.sfs, saf/POPS/sites/longREF7_vs_cucREF7.sites.2D.sfs, saf/POPS/sites/galREF9_vs_cucREF7.sites.2D.sfs, saf/POPS/sites/3pops/PRE_long_LC_vs_ALL_gal_LC_vs_PEL_long_LC.sites.fstIndex.done, saf/POPS/sites/3pops/PRE_long_LC_vs_ALL_gal_LC_vs_PEL_long_LC.sites.fst.global.tsv, saf/POPS/sites/3pops/PRE_long_LC_vs_ALL_gal_LC_vs_PEL_long_LC.sites.fst.Window10kb.type1.tsv, saf/POPS/sites/3pops/PRE_long_LC_vs_ALL_gal_LC_vs_PEL_long_LC.sites.fst.Window10kb.type2.tsv, saf/POPS/sites/3pops/PRE_long_LC_vs_ALL_gal_LC_vs_PEL_long_LC.sites.fst.Window10kb.type3.tsv, saf/POPS/sites/3pops/PRE_long_LC_vs_ALL_gal_LC_vs_PEL_long_LC.sites.A_B.tsv.gz, synthesis_daphnia/list/PRE_long_LC_ALL_gal_LC_PEL_long_LC.SNPs.chr, synthesis_daphnia/list/PRE_long_LC_ALL_gal_LC_PEL_long_LC.SNPs_index.done, synthesis_daphnia/mafs/df1.mafs.done, synthesis_daphnia/mafs/df2.mafs.done, synthesis_daphnia/mafs/df3.mafs.done, synthesis_daphnia/mafs/df4.mafs.done, synthesis_daphnia/mafs/df5.mafs.done, synthesis_daphnia/mafs/df6.mafs.done, synthesis_daphnia/mafs/df7.mafs.done, synthesis_daphnia/mafs/df8.mafs.done, synthesis_daphnia/mafs/df9.mafs.done, synthesis_daphnia/mafs/df10.mafs.done, synthesis_daphnia/mafs/df11.mafs.done, synthesis_daphnia/mafs/df12.mafs.done, synthesis_daphnia/mafs/df13.mafs.done, synthesis_daphnia/mafs/df14.mafs.done, synthesis_daphnia/mafs/df15.mafs.done, synthesis_daphnia/mafs/df16.mafs.done, synthesis_daphnia/mafs/df17.mafs.done, synthesis_daphnia/mafs/df18.mafs.done
    jobid: 0
    reason: Input files updated by another job: synthesis_daphnia/mafs/df2.mafs.done, synthesis_daphnia/mafs/df12.mafs.done, synthesis_daphnia/mafs/df16.mafs.done, synthesis_daphnia/mafs/df5.mafs.done, synthesis_daphnia/mafs/df13.mafs.done, synthesis_daphnia/mafs/df14.mafs.done, synthesis_daphnia/mafs/df9.mafs.done, synthesis_daphnia/mafs/df3.mafs.done, synthesis_daphnia/mafs/df8.mafs.done, synthesis_daphnia/mafs/df11.mafs.done, synthesis_daphnia/mafs/df7.mafs.done, synthesis_daphnia/mafs/df6.mafs.done, synthesis_daphnia/mafs/df15.mafs.done, synthesis_daphnia/mafs/df17.mafs.done, synthesis_daphnia/mafs/df1.mafs.done, synthesis_daphnia/mafs/df4.mafs.done, synthesis_daphnia/mafs/df18.mafs.done, synthesis_daphnia/mafs/df10.mafs.done
    resources: mem_mb=1000, mem_mib=954, disk_mb=4244, disk_mib=4048, tmpdir=/tmp, partition=std, walltime=120:00:00

[Thu Jun  1 16:23:16 2023]
Finished job 0.
19 of 19 steps (100%) done
Complete log: .snakemake/log/2023-06-01T153959.958046.snakemake.log
