Building DAG of jobs...
Using shell: /usr/bin/bash
Provided cluster nodes: 5000
Job stats:
job                count    min threads    max threads
---------------  -------  -------------  -------------
Fst_index_2pops       11             12             12
Fst_index_3pops        1             12             12
all                    1              1              1
twodsfs_folded         1             12             12
total                 14              1             12

Select jobs to execute...

[Mon Apr 24 11:42:33 2023]
Job 17:  Index fst for easy window analysis 
Reason: Missing output files: saf/POPS/pop2/ALL_gal_LC_vs_PEL_cuc_LC.fstIndex.done


    DIR=(/scratch/c7701178/mach2/DAPHNIA/Daphnia_RestEggs_snakemake_pbs_2.0_HiC)
    realSFS fst index $DIR/saf/POPS/ALL_gal_LC*.GL2.saf.idx $DIR/saf/POPS/PEL_cuc_LC*.GL2.saf.idx -sfs /scratch/c7701178/mach2/DAPHNIA/Daphnia_RestEggs_snakemake_pbs_2.0_HiC/saf/POPS/ALL_gal_LC_vs_PEL_cuc_LC_2D.sfs -fstout saf/POPS/2pops/ALL_gal_LC_vs_PEL_cuc_LC -whichFst 1 2> log/saf_POPS/ALL_gal_LC_vs_PEL_cuc_LC.fstIndex.log
    
Submitted job 17 with external jobid 'Submitted batch job 140844'.

[Mon Apr 24 11:42:33 2023]
Job 19:  Index fst for easy window analysis 
Reason: Missing output files: saf/POPS/pop2/longREF9_vs_cucREF7.fstIndex.done


    DIR=(/scratch/c7701178/mach2/DAPHNIA/Daphnia_RestEggs_snakemake_pbs_2.0_HiC)
    realSFS fst index $DIR/saf/POPS/longREF9*.GL2.saf.idx $DIR/saf/POPS/cucREF7*.GL2.saf.idx -sfs /scratch/c7701178/mach2/DAPHNIA/Daphnia_RestEggs_snakemake_pbs_2.0_HiC/saf/POPS/longREF9_vs_cucREF7_2D.sfs -fstout saf/POPS/2pops/longREF9_vs_cucREF7 -whichFst 1 2> log/saf_POPS/longREF9_vs_cucREF7.fstIndex.log
    
Submitted job 19 with external jobid 'Submitted batch job 140845'.

[Mon Apr 24 11:42:33 2023]
Job 4:  Optimize .saf.idx and calculate all pairwise 2dsfs's (joint site frequency spectra) using realSFS and fold for FST 
Reason: Missing output files: /scratch/c7701178/mach2/DAPHNIA/Daphnia_RestEggs_snakemake_pbs_2.0_HiC/saf/POPS/ALL_gal_LC_vs_PEL_long_LC_2D.sfs


    DIR=(/scratch/c7701178/mach2/DAPHNIA/Daphnia_RestEggs_snakemake_pbs_2.0_HiC)
    realSFS $DIR/saf/POPS/ALL_gal_LC*.GL2.saf.idx $DIR/saf/POPS/PEL_long_LC*.GL2.saf.idx -fold 1 > /scratch/c7701178/mach2/DAPHNIA/Daphnia_RestEggs_snakemake_pbs_2.0_HiC/saf/POPS/ALL_gal_LC_vs_PEL_long_LC_2D.sfs 2> log/saf_POPS/ALL_gal_LC_vs_PEL_long_LC_2D.sfs.log
    
Submitted job 4 with external jobid 'Submitted batch job 140846'.

[Mon Apr 24 11:42:33 2023]
Job 21:  Index fst for easy window analysis 
Reason: Missing output files: saf/POPS/pop2/longREF7_vs_cucREF7.fstIndex.done


    DIR=(/scratch/c7701178/mach2/DAPHNIA/Daphnia_RestEggs_snakemake_pbs_2.0_HiC)
    realSFS fst index $DIR/saf/POPS/longREF7*.GL2.saf.idx $DIR/saf/POPS/cucREF7*.GL2.saf.idx -sfs /scratch/c7701178/mach2/DAPHNIA/Daphnia_RestEggs_snakemake_pbs_2.0_HiC/saf/POPS/longREF7_vs_cucREF7_2D.sfs -fstout saf/POPS/2pops/longREF7_vs_cucREF7 -whichFst 1 2> log/saf_POPS/longREF7_vs_cucREF7.fstIndex.log
    
Submitted job 21 with external jobid 'Submitted batch job 140847'.

[Mon Apr 24 11:42:34 2023]
Job 14:  Index fst for easy window analysis 
Reason: Missing output files: saf/POPS/pop2/PRE_long_LC_vs_ALL_gal_LC.fstIndex.done


    DIR=(/scratch/c7701178/mach2/DAPHNIA/Daphnia_RestEggs_snakemake_pbs_2.0_HiC)
    realSFS fst index $DIR/saf/POPS/PRE_long_LC*.GL2.saf.idx $DIR/saf/POPS/ALL_gal_LC*.GL2.saf.idx -sfs /scratch/c7701178/mach2/DAPHNIA/Daphnia_RestEggs_snakemake_pbs_2.0_HiC/saf/POPS/PRE_long_LC_vs_ALL_gal_LC_2D.sfs -fstout saf/POPS/2pops/PRE_long_LC_vs_ALL_gal_LC -whichFst 1 2> log/saf_POPS/PRE_long_LC_vs_ALL_gal_LC.fstIndex.log
    
Submitted job 14 with external jobid 'Submitted batch job 140848'.

[Mon Apr 24 11:42:34 2023]
Job 13:  Index fst for easy window analysis 
Reason: Missing output files: saf/POPS/pop2/PRE_long_LC_vs_PEL_cuc_LC.fstIndex.done


    DIR=(/scratch/c7701178/mach2/DAPHNIA/Daphnia_RestEggs_snakemake_pbs_2.0_HiC)
    realSFS fst index $DIR/saf/POPS/PRE_long_LC*.GL2.saf.idx $DIR/saf/POPS/PEL_cuc_LC*.GL2.saf.idx -sfs /scratch/c7701178/mach2/DAPHNIA/Daphnia_RestEggs_snakemake_pbs_2.0_HiC/saf/POPS/PRE_long_LC_vs_PEL_cuc_LC_2D.sfs -fstout saf/POPS/2pops/PRE_long_LC_vs_PEL_cuc_LC -whichFst 1 2> log/saf_POPS/PRE_long_LC_vs_PEL_cuc_LC.fstIndex.log
    
Submitted job 13 with external jobid 'Submitted batch job 140849'.

[Mon Apr 24 11:42:34 2023]
Job 16:  Index fst for easy window analysis 
Reason: Missing output files: saf/POPS/pop2/PEL_long_LC_vs_PEL_cuc_LC.fstIndex.done


    DIR=(/scratch/c7701178/mach2/DAPHNIA/Daphnia_RestEggs_snakemake_pbs_2.0_HiC)
    realSFS fst index $DIR/saf/POPS/PEL_long_LC*.GL2.saf.idx $DIR/saf/POPS/PEL_cuc_LC*.GL2.saf.idx -sfs /scratch/c7701178/mach2/DAPHNIA/Daphnia_RestEggs_snakemake_pbs_2.0_HiC/saf/POPS/PEL_long_LC_vs_PEL_cuc_LC_2D.sfs -fstout saf/POPS/2pops/PEL_long_LC_vs_PEL_cuc_LC -whichFst 1 2> log/saf_POPS/PEL_long_LC_vs_PEL_cuc_LC.fstIndex.log
    
Submitted job 16 with external jobid 'Submitted batch job 140850'.

[Mon Apr 24 11:42:34 2023]
Job 18:  Index fst for easy window analysis 
Reason: Missing output files: saf/POPS/pop2/longREF9_vs_galREF9.fstIndex.done


    DIR=(/scratch/c7701178/mach2/DAPHNIA/Daphnia_RestEggs_snakemake_pbs_2.0_HiC)
    realSFS fst index $DIR/saf/POPS/longREF9*.GL2.saf.idx $DIR/saf/POPS/galREF9*.GL2.saf.idx -sfs /scratch/c7701178/mach2/DAPHNIA/Daphnia_RestEggs_snakemake_pbs_2.0_HiC/saf/POPS/longREF9_vs_galREF9_2D.sfs -fstout saf/POPS/2pops/longREF9_vs_galREF9 -whichFst 1 2> log/saf_POPS/longREF9_vs_galREF9.fstIndex.log
    
Submitted job 18 with external jobid 'Submitted batch job 140851'.

[Mon Apr 24 11:42:34 2023]
Job 12:  Index fst for easy window analysis 
Reason: Missing output files: saf/POPS/pop2/PRE_long_LC_vs_PEL_long_LC.fstIndex.done


    DIR=(/scratch/c7701178/mach2/DAPHNIA/Daphnia_RestEggs_snakemake_pbs_2.0_HiC)
    realSFS fst index $DIR/saf/POPS/PRE_long_LC*.GL2.saf.idx $DIR/saf/POPS/PEL_long_LC*.GL2.saf.idx -sfs /scratch/c7701178/mach2/DAPHNIA/Daphnia_RestEggs_snakemake_pbs_2.0_HiC/saf/POPS/PRE_long_LC_vs_PEL_long_LC_2D.sfs -fstout saf/POPS/2pops/PRE_long_LC_vs_PEL_long_LC -whichFst 1 2> log/saf_POPS/PRE_long_LC_vs_PEL_long_LC.fstIndex.log
    
Submitted job 12 with external jobid 'Submitted batch job 140852'.

[Mon Apr 24 11:42:34 2023]
Job 20:  Index fst for easy window analysis 
Reason: Missing output files: saf/POPS/pop2/longREF7_vs_galREF9.fstIndex.done


    DIR=(/scratch/c7701178/mach2/DAPHNIA/Daphnia_RestEggs_snakemake_pbs_2.0_HiC)
    realSFS fst index $DIR/saf/POPS/longREF7*.GL2.saf.idx $DIR/saf/POPS/galREF9*.GL2.saf.idx -sfs /scratch/c7701178/mach2/DAPHNIA/Daphnia_RestEggs_snakemake_pbs_2.0_HiC/saf/POPS/longREF7_vs_galREF9_2D.sfs -fstout saf/POPS/2pops/longREF7_vs_galREF9 -whichFst 1 2> log/saf_POPS/longREF7_vs_galREF9.fstIndex.log
    
Submitted job 20 with external jobid 'Submitted batch job 140853'.

[Mon Apr 24 11:42:34 2023]
Job 22:  Index fst for easy window analysis 
Reason: Missing output files: saf/POPS/pop2/galREF9_vs_cucREF7.fstIndex.done


    DIR=(/scratch/c7701178/mach2/DAPHNIA/Daphnia_RestEggs_snakemake_pbs_2.0_HiC)
    realSFS fst index $DIR/saf/POPS/galREF9*.GL2.saf.idx $DIR/saf/POPS/cucREF7*.GL2.saf.idx -sfs /scratch/c7701178/mach2/DAPHNIA/Daphnia_RestEggs_snakemake_pbs_2.0_HiC/saf/POPS/galREF9_vs_cucREF7_2D.sfs -fstout saf/POPS/2pops/galREF9_vs_cucREF7 -whichFst 1 2> log/saf_POPS/galREF9_vs_cucREF7.fstIndex.log
    
Submitted job 22 with external jobid 'Submitted batch job 140854'.
[Mon Apr 24 11:42:43 2023]
Error in rule Fst_index_2pops:
    jobid: 17
    input: /scratch/c7701178/mach2/DAPHNIA/Daphnia_RestEggs_snakemake_pbs_2.0_HiC/saf/POPS/ALL_gal_LC_vs_PEL_cuc_LC_2D.sfs
    output: saf/POPS/pop2/ALL_gal_LC_vs_PEL_cuc_LC.fstIndex.done
    log: log/saf_POPS/ALL_gal_LC_vs_PEL_cuc_LC.fstIndex.log (check log file(s) for error details)
    shell:
        
    DIR=(/scratch/c7701178/mach2/DAPHNIA/Daphnia_RestEggs_snakemake_pbs_2.0_HiC)
    realSFS fst index $DIR/saf/POPS/ALL_gal_LC*.GL2.saf.idx $DIR/saf/POPS/PEL_cuc_LC*.GL2.saf.idx -sfs /scratch/c7701178/mach2/DAPHNIA/Daphnia_RestEggs_snakemake_pbs_2.0_HiC/saf/POPS/ALL_gal_LC_vs_PEL_cuc_LC_2D.sfs -fstout saf/POPS/2pops/ALL_gal_LC_vs_PEL_cuc_LC -whichFst 1 2> log/saf_POPS/ALL_gal_LC_vs_PEL_cuc_LC.fstIndex.log
    
        (one of the commands exited with non-zero exit code; note that snakemake uses bash strict mode!)
    cluster_jobid: Submitted batch job 140844

Error executing rule Fst_index_2pops on cluster (jobid: 17, external: Submitted batch job 140844, jobscript: /gpfs/gpfs1/scratch/c7701178/mach2/DAPHNIA/Daphnia_RestEggs_snakemake_pbs_2.0_HiC_SLURM/.snakemake/tmp.53sozaeo/snakejob.Fst_index_2pops.17.sh). For error details see the cluster log and the log files of the involved rule(s).
[Mon Apr 24 11:42:44 2023]
Error in rule Fst_index_2pops:
    jobid: 19
    input: /scratch/c7701178/mach2/DAPHNIA/Daphnia_RestEggs_snakemake_pbs_2.0_HiC/saf/POPS/longREF9_vs_cucREF7_2D.sfs
    output: saf/POPS/pop2/longREF9_vs_cucREF7.fstIndex.done
    log: log/saf_POPS/longREF9_vs_cucREF7.fstIndex.log (check log file(s) for error details)
    shell:
        
    DIR=(/scratch/c7701178/mach2/DAPHNIA/Daphnia_RestEggs_snakemake_pbs_2.0_HiC)
    realSFS fst index $DIR/saf/POPS/longREF9*.GL2.saf.idx $DIR/saf/POPS/cucREF7*.GL2.saf.idx -sfs /scratch/c7701178/mach2/DAPHNIA/Daphnia_RestEggs_snakemake_pbs_2.0_HiC/saf/POPS/longREF9_vs_cucREF7_2D.sfs -fstout saf/POPS/2pops/longREF9_vs_cucREF7 -whichFst 1 2> log/saf_POPS/longREF9_vs_cucREF7.fstIndex.log
    
        (one of the commands exited with non-zero exit code; note that snakemake uses bash strict mode!)
    cluster_jobid: Submitted batch job 140845

Error executing rule Fst_index_2pops on cluster (jobid: 19, external: Submitted batch job 140845, jobscript: /gpfs/gpfs1/scratch/c7701178/mach2/DAPHNIA/Daphnia_RestEggs_snakemake_pbs_2.0_HiC_SLURM/.snakemake/tmp.53sozaeo/snakejob.Fst_index_2pops.19.sh). For error details see the cluster log and the log files of the involved rule(s).
[Mon Apr 24 11:42:46 2023]
Error in rule Fst_index_2pops:
    jobid: 21
    input: /scratch/c7701178/mach2/DAPHNIA/Daphnia_RestEggs_snakemake_pbs_2.0_HiC/saf/POPS/longREF7_vs_cucREF7_2D.sfs
    output: saf/POPS/pop2/longREF7_vs_cucREF7.fstIndex.done
    log: log/saf_POPS/longREF7_vs_cucREF7.fstIndex.log (check log file(s) for error details)
    shell:
        
    DIR=(/scratch/c7701178/mach2/DAPHNIA/Daphnia_RestEggs_snakemake_pbs_2.0_HiC)
    realSFS fst index $DIR/saf/POPS/longREF7*.GL2.saf.idx $DIR/saf/POPS/cucREF7*.GL2.saf.idx -sfs /scratch/c7701178/mach2/DAPHNIA/Daphnia_RestEggs_snakemake_pbs_2.0_HiC/saf/POPS/longREF7_vs_cucREF7_2D.sfs -fstout saf/POPS/2pops/longREF7_vs_cucREF7 -whichFst 1 2> log/saf_POPS/longREF7_vs_cucREF7.fstIndex.log
    
        (one of the commands exited with non-zero exit code; note that snakemake uses bash strict mode!)
    cluster_jobid: Submitted batch job 140847

Error executing rule Fst_index_2pops on cluster (jobid: 21, external: Submitted batch job 140847, jobscript: /gpfs/gpfs1/scratch/c7701178/mach2/DAPHNIA/Daphnia_RestEggs_snakemake_pbs_2.0_HiC_SLURM/.snakemake/tmp.53sozaeo/snakejob.Fst_index_2pops.21.sh). For error details see the cluster log and the log files of the involved rule(s).
[Mon Apr 24 11:42:47 2023]
Error in rule Fst_index_2pops:
    jobid: 14
    input: /scratch/c7701178/mach2/DAPHNIA/Daphnia_RestEggs_snakemake_pbs_2.0_HiC/saf/POPS/PRE_long_LC_vs_ALL_gal_LC_2D.sfs
    output: saf/POPS/pop2/PRE_long_LC_vs_ALL_gal_LC.fstIndex.done
    log: log/saf_POPS/PRE_long_LC_vs_ALL_gal_LC.fstIndex.log (check log file(s) for error details)
    shell:
        
    DIR=(/scratch/c7701178/mach2/DAPHNIA/Daphnia_RestEggs_snakemake_pbs_2.0_HiC)
    realSFS fst index $DIR/saf/POPS/PRE_long_LC*.GL2.saf.idx $DIR/saf/POPS/ALL_gal_LC*.GL2.saf.idx -sfs /scratch/c7701178/mach2/DAPHNIA/Daphnia_RestEggs_snakemake_pbs_2.0_HiC/saf/POPS/PRE_long_LC_vs_ALL_gal_LC_2D.sfs -fstout saf/POPS/2pops/PRE_long_LC_vs_ALL_gal_LC -whichFst 1 2> log/saf_POPS/PRE_long_LC_vs_ALL_gal_LC.fstIndex.log
    
        (one of the commands exited with non-zero exit code; note that snakemake uses bash strict mode!)
    cluster_jobid: Submitted batch job 140848

Error executing rule Fst_index_2pops on cluster (jobid: 14, external: Submitted batch job 140848, jobscript: /gpfs/gpfs1/scratch/c7701178/mach2/DAPHNIA/Daphnia_RestEggs_snakemake_pbs_2.0_HiC_SLURM/.snakemake/tmp.53sozaeo/snakejob.Fst_index_2pops.14.sh). For error details see the cluster log and the log files of the involved rule(s).
[Mon Apr 24 11:42:48 2023]
Error in rule Fst_index_2pops:
    jobid: 13
    input: /scratch/c7701178/mach2/DAPHNIA/Daphnia_RestEggs_snakemake_pbs_2.0_HiC/saf/POPS/PRE_long_LC_vs_PEL_cuc_LC_2D.sfs
    output: saf/POPS/pop2/PRE_long_LC_vs_PEL_cuc_LC.fstIndex.done
    log: log/saf_POPS/PRE_long_LC_vs_PEL_cuc_LC.fstIndex.log (check log file(s) for error details)
    shell:
        
    DIR=(/scratch/c7701178/mach2/DAPHNIA/Daphnia_RestEggs_snakemake_pbs_2.0_HiC)
    realSFS fst index $DIR/saf/POPS/PRE_long_LC*.GL2.saf.idx $DIR/saf/POPS/PEL_cuc_LC*.GL2.saf.idx -sfs /scratch/c7701178/mach2/DAPHNIA/Daphnia_RestEggs_snakemake_pbs_2.0_HiC/saf/POPS/PRE_long_LC_vs_PEL_cuc_LC_2D.sfs -fstout saf/POPS/2pops/PRE_long_LC_vs_PEL_cuc_LC -whichFst 1 2> log/saf_POPS/PRE_long_LC_vs_PEL_cuc_LC.fstIndex.log
    
        (one of the commands exited with non-zero exit code; note that snakemake uses bash strict mode!)
    cluster_jobid: Submitted batch job 140849

Error executing rule Fst_index_2pops on cluster (jobid: 13, external: Submitted batch job 140849, jobscript: /gpfs/gpfs1/scratch/c7701178/mach2/DAPHNIA/Daphnia_RestEggs_snakemake_pbs_2.0_HiC_SLURM/.snakemake/tmp.53sozaeo/snakejob.Fst_index_2pops.13.sh). For error details see the cluster log and the log files of the involved rule(s).
[Mon Apr 24 11:42:49 2023]
Error in rule Fst_index_2pops:
    jobid: 16
    input: /scratch/c7701178/mach2/DAPHNIA/Daphnia_RestEggs_snakemake_pbs_2.0_HiC/saf/POPS/PEL_long_LC_vs_PEL_cuc_LC_2D.sfs
    output: saf/POPS/pop2/PEL_long_LC_vs_PEL_cuc_LC.fstIndex.done
    log: log/saf_POPS/PEL_long_LC_vs_PEL_cuc_LC.fstIndex.log (check log file(s) for error details)
    shell:
        
    DIR=(/scratch/c7701178/mach2/DAPHNIA/Daphnia_RestEggs_snakemake_pbs_2.0_HiC)
    realSFS fst index $DIR/saf/POPS/PEL_long_LC*.GL2.saf.idx $DIR/saf/POPS/PEL_cuc_LC*.GL2.saf.idx -sfs /scratch/c7701178/mach2/DAPHNIA/Daphnia_RestEggs_snakemake_pbs_2.0_HiC/saf/POPS/PEL_long_LC_vs_PEL_cuc_LC_2D.sfs -fstout saf/POPS/2pops/PEL_long_LC_vs_PEL_cuc_LC -whichFst 1 2> log/saf_POPS/PEL_long_LC_vs_PEL_cuc_LC.fstIndex.log
    
        (one of the commands exited with non-zero exit code; note that snakemake uses bash strict mode!)
    cluster_jobid: Submitted batch job 140850

Error executing rule Fst_index_2pops on cluster (jobid: 16, external: Submitted batch job 140850, jobscript: /gpfs/gpfs1/scratch/c7701178/mach2/DAPHNIA/Daphnia_RestEggs_snakemake_pbs_2.0_HiC_SLURM/.snakemake/tmp.53sozaeo/snakejob.Fst_index_2pops.16.sh). For error details see the cluster log and the log files of the involved rule(s).
[Mon Apr 24 11:42:50 2023]
Error in rule Fst_index_2pops:
    jobid: 18
    input: /scratch/c7701178/mach2/DAPHNIA/Daphnia_RestEggs_snakemake_pbs_2.0_HiC/saf/POPS/longREF9_vs_galREF9_2D.sfs
    output: saf/POPS/pop2/longREF9_vs_galREF9.fstIndex.done
    log: log/saf_POPS/longREF9_vs_galREF9.fstIndex.log (check log file(s) for error details)
    shell:
        
    DIR=(/scratch/c7701178/mach2/DAPHNIA/Daphnia_RestEggs_snakemake_pbs_2.0_HiC)
    realSFS fst index $DIR/saf/POPS/longREF9*.GL2.saf.idx $DIR/saf/POPS/galREF9*.GL2.saf.idx -sfs /scratch/c7701178/mach2/DAPHNIA/Daphnia_RestEggs_snakemake_pbs_2.0_HiC/saf/POPS/longREF9_vs_galREF9_2D.sfs -fstout saf/POPS/2pops/longREF9_vs_galREF9 -whichFst 1 2> log/saf_POPS/longREF9_vs_galREF9.fstIndex.log
    
        (one of the commands exited with non-zero exit code; note that snakemake uses bash strict mode!)
    cluster_jobid: Submitted batch job 140851

Error executing rule Fst_index_2pops on cluster (jobid: 18, external: Submitted batch job 140851, jobscript: /gpfs/gpfs1/scratch/c7701178/mach2/DAPHNIA/Daphnia_RestEggs_snakemake_pbs_2.0_HiC_SLURM/.snakemake/tmp.53sozaeo/snakejob.Fst_index_2pops.18.sh). For error details see the cluster log and the log files of the involved rule(s).
[Mon Apr 24 11:42:51 2023]
Error in rule Fst_index_2pops:
    jobid: 12
    input: /scratch/c7701178/mach2/DAPHNIA/Daphnia_RestEggs_snakemake_pbs_2.0_HiC/saf/POPS/PRE_long_LC_vs_PEL_long_LC_2D.sfs
    output: saf/POPS/pop2/PRE_long_LC_vs_PEL_long_LC.fstIndex.done
    log: log/saf_POPS/PRE_long_LC_vs_PEL_long_LC.fstIndex.log (check log file(s) for error details)
    shell:
        
    DIR=(/scratch/c7701178/mach2/DAPHNIA/Daphnia_RestEggs_snakemake_pbs_2.0_HiC)
    realSFS fst index $DIR/saf/POPS/PRE_long_LC*.GL2.saf.idx $DIR/saf/POPS/PEL_long_LC*.GL2.saf.idx -sfs /scratch/c7701178/mach2/DAPHNIA/Daphnia_RestEggs_snakemake_pbs_2.0_HiC/saf/POPS/PRE_long_LC_vs_PEL_long_LC_2D.sfs -fstout saf/POPS/2pops/PRE_long_LC_vs_PEL_long_LC -whichFst 1 2> log/saf_POPS/PRE_long_LC_vs_PEL_long_LC.fstIndex.log
    
        (one of the commands exited with non-zero exit code; note that snakemake uses bash strict mode!)
    cluster_jobid: Submitted batch job 140852

Error executing rule Fst_index_2pops on cluster (jobid: 12, external: Submitted batch job 140852, jobscript: /gpfs/gpfs1/scratch/c7701178/mach2/DAPHNIA/Daphnia_RestEggs_snakemake_pbs_2.0_HiC_SLURM/.snakemake/tmp.53sozaeo/snakejob.Fst_index_2pops.12.sh). For error details see the cluster log and the log files of the involved rule(s).
[Mon Apr 24 11:42:52 2023]
Error in rule Fst_index_2pops:
    jobid: 20
    input: /scratch/c7701178/mach2/DAPHNIA/Daphnia_RestEggs_snakemake_pbs_2.0_HiC/saf/POPS/longREF7_vs_galREF9_2D.sfs
    output: saf/POPS/pop2/longREF7_vs_galREF9.fstIndex.done
    log: log/saf_POPS/longREF7_vs_galREF9.fstIndex.log (check log file(s) for error details)
    shell:
        
    DIR=(/scratch/c7701178/mach2/DAPHNIA/Daphnia_RestEggs_snakemake_pbs_2.0_HiC)
    realSFS fst index $DIR/saf/POPS/longREF7*.GL2.saf.idx $DIR/saf/POPS/galREF9*.GL2.saf.idx -sfs /scratch/c7701178/mach2/DAPHNIA/Daphnia_RestEggs_snakemake_pbs_2.0_HiC/saf/POPS/longREF7_vs_galREF9_2D.sfs -fstout saf/POPS/2pops/longREF7_vs_galREF9 -whichFst 1 2> log/saf_POPS/longREF7_vs_galREF9.fstIndex.log
    
        (one of the commands exited with non-zero exit code; note that snakemake uses bash strict mode!)
    cluster_jobid: Submitted batch job 140853

Error executing rule Fst_index_2pops on cluster (jobid: 20, external: Submitted batch job 140853, jobscript: /gpfs/gpfs1/scratch/c7701178/mach2/DAPHNIA/Daphnia_RestEggs_snakemake_pbs_2.0_HiC_SLURM/.snakemake/tmp.53sozaeo/snakejob.Fst_index_2pops.20.sh). For error details see the cluster log and the log files of the involved rule(s).
[Mon Apr 24 11:42:53 2023]
Error in rule Fst_index_2pops:
    jobid: 22
    input: /scratch/c7701178/mach2/DAPHNIA/Daphnia_RestEggs_snakemake_pbs_2.0_HiC/saf/POPS/galREF9_vs_cucREF7_2D.sfs
    output: saf/POPS/pop2/galREF9_vs_cucREF7.fstIndex.done
    log: log/saf_POPS/galREF9_vs_cucREF7.fstIndex.log (check log file(s) for error details)
    shell:
        
    DIR=(/scratch/c7701178/mach2/DAPHNIA/Daphnia_RestEggs_snakemake_pbs_2.0_HiC)
    realSFS fst index $DIR/saf/POPS/galREF9*.GL2.saf.idx $DIR/saf/POPS/cucREF7*.GL2.saf.idx -sfs /scratch/c7701178/mach2/DAPHNIA/Daphnia_RestEggs_snakemake_pbs_2.0_HiC/saf/POPS/galREF9_vs_cucREF7_2D.sfs -fstout saf/POPS/2pops/galREF9_vs_cucREF7 -whichFst 1 2> log/saf_POPS/galREF9_vs_cucREF7.fstIndex.log
    
        (one of the commands exited with non-zero exit code; note that snakemake uses bash strict mode!)
    cluster_jobid: Submitted batch job 140854

Error executing rule Fst_index_2pops on cluster (jobid: 22, external: Submitted batch job 140854, jobscript: /gpfs/gpfs1/scratch/c7701178/mach2/DAPHNIA/Daphnia_RestEggs_snakemake_pbs_2.0_HiC_SLURM/.snakemake/tmp.53sozaeo/snakejob.Fst_index_2pops.22.sh). For error details see the cluster log and the log files of the involved rule(s).
slurmstepd-n019: error: *** JOB 140843 ON n019 CANCELLED AT 2023-04-24T16:37:14 ***
