Building DAG of jobs...
Using shell: /usr/bin/bash
Provided cluster nodes: 5000
Job stats:
job               count    min threads    max threads
--------------  -------  -------------  -------------
all                   1              1              1
angsd_SAF_POP        10              4              4
onedsfs_folded       11              2              2
twodsfs_folded       11              4              4
total                33              1              4

Select jobs to execute...

[Mon Apr 24 19:04:52 2023]
Job 32:  Optimize .saf.idx and calculate all pairwise 2dsfs's (joint site frequency spectra) using realSFS and fold for FST 
Reason: Missing output files: saf/POPS/longREF7_vs_cucREF7_2D.sfs


    DIR=(/scratch/c7701178/mach2/DAPHNIA/Daphnia_RestEggs_snakemake_pbs_2.0_HiC)
    realSFS $DIR/saf/POPS/longREF7*.GL2.saf.idx $DIR/saf/POPS/cucREF7*.GL2.saf.idx -fold 1 > saf/POPS/longREF7_vs_cucREF7_2D.sfs 2> log/saf_POPS/longREF7_vs_cucREF7_2D.sfs.log
    
Submitted job 32 with external jobid 'Submitted batch job 141622'.

[Mon Apr 24 19:04:53 2023]
Job 25:  Optimize .saf.idx and calculate all pairwise 2dsfs's (joint site frequency spectra) using realSFS and fold for FST 
Reason: Missing output files: saf/POPS/PRE_long_LC_vs_ALL_gal_LC_2D.sfs


    DIR=(/scratch/c7701178/mach2/DAPHNIA/Daphnia_RestEggs_snakemake_pbs_2.0_HiC)
    realSFS $DIR/saf/POPS/PRE_long_LC*.GL2.saf.idx $DIR/saf/POPS/ALL_gal_LC*.GL2.saf.idx -fold 1 > saf/POPS/PRE_long_LC_vs_ALL_gal_LC_2D.sfs 2> log/saf_POPS/PRE_long_LC_vs_ALL_gal_LC_2D.sfs.log
    
Submitted job 25 with external jobid 'Submitted batch job 141623'.

[Mon Apr 24 19:04:53 2023]
Job 23:  Optimize .saf.idx and calculate all pairwise 2dsfs's (joint site frequency spectra) using realSFS and fold for FST 
Reason: Missing output files: saf/POPS/PRE_long_LC_vs_PEL_long_LC_2D.sfs


    DIR=(/scratch/c7701178/mach2/DAPHNIA/Daphnia_RestEggs_snakemake_pbs_2.0_HiC)
    realSFS $DIR/saf/POPS/PRE_long_LC*.GL2.saf.idx $DIR/saf/POPS/PEL_long_LC*.GL2.saf.idx -fold 1 > saf/POPS/PRE_long_LC_vs_PEL_long_LC_2D.sfs 2> log/saf_POPS/PRE_long_LC_vs_PEL_long_LC_2D.sfs.log
    
Submitted job 23 with external jobid 'Submitted batch job 141624'.

[Mon Apr 24 19:04:53 2023]
Job 8:  Compute site allele frequency likelihood (.saf.idx) for each population using angsd 
Reason: Missing output files: saf/POPS/longREF9_9_9_393.GL2.saf.idx.done


    angsd -b list/saf/longREF9.list -ref ref/Dgaleata_M5_PBasm.FINAL.fasta -anc ref/Dgaleata_M5_PBasm.FINAL.fasta -out saf/POPS/longREF9_9_9_393.GL2 -uniqueOnly 1 -remove_bads 1 -only_proper_pairs 1 -trim 0 -C 50 -minQ 20 -minMapQ 30 -minInd 9 -setMinDepth 9 -setMaxDepth 393 -GL 2 -doCounts 1 -doSaf 1 2> log/saf_POPS/longREF9_9_9_393.GL2.saf.idx.log
    
Submitted job 8 with external jobid 'Submitted batch job 141625'.

[Mon Apr 24 19:04:53 2023]
Job 4:  Compute site allele frequency likelihood (.saf.idx) for each population using angsd 
Reason: Missing output files: saf/POPS/EGGS_gal_LC_78_78_4182.GL2.saf.idx.done


    angsd -b list/saf/EGGS_gal_LC.list -ref ref/Dgaleata_M5_PBasm.FINAL.fasta -anc ref/Dgaleata_M5_PBasm.FINAL.fasta -out saf/POPS/EGGS_gal_LC_78_78_4182.GL2 -uniqueOnly 1 -remove_bads 1 -only_proper_pairs 1 -trim 0 -C 50 -minQ 20 -minMapQ 30 -minInd 78 -setMinDepth 78 -setMaxDepth 4182 -GL 2 -doCounts 1 -doSaf 1 2> log/saf_POPS/EGGS_gal_LC_78_78_4182.GL2.saf.idx.log
    
Submitted job 4 with external jobid 'Submitted batch job 141626'.

[Mon Apr 24 19:04:53 2023]
Job 33:  Optimize .saf.idx and calculate all pairwise 2dsfs's (joint site frequency spectra) using realSFS and fold for FST 
Reason: Missing output files: saf/POPS/galREF9_vs_cucREF7_2D.sfs


    DIR=(/scratch/c7701178/mach2/DAPHNIA/Daphnia_RestEggs_snakemake_pbs_2.0_HiC)
    realSFS $DIR/saf/POPS/galREF9*.GL2.saf.idx $DIR/saf/POPS/cucREF7*.GL2.saf.idx -fold 1 > saf/POPS/galREF9_vs_cucREF7_2D.sfs 2> log/saf_POPS/galREF9_vs_cucREF7_2D.sfs.log
    
Submitted job 33 with external jobid 'Submitted batch job 141627'.

[Mon Apr 24 19:04:53 2023]
Job 26:  Optimize .saf.idx and calculate all pairwise 2dsfs's (joint site frequency spectra) using realSFS and fold for FST 
Reason: Missing output files: saf/POPS/ALL_gal_LC_vs_PEL_long_LC_2D.sfs


    DIR=(/scratch/c7701178/mach2/DAPHNIA/Daphnia_RestEggs_snakemake_pbs_2.0_HiC)
    realSFS $DIR/saf/POPS/ALL_gal_LC*.GL2.saf.idx $DIR/saf/POPS/PEL_long_LC*.GL2.saf.idx -fold 1 > saf/POPS/ALL_gal_LC_vs_PEL_long_LC_2D.sfs 2> log/saf_POPS/ALL_gal_LC_vs_PEL_long_LC_2D.sfs.log
    
Submitted job 26 with external jobid 'Submitted batch job 141628'.

[Mon Apr 24 19:04:53 2023]
Job 9:  Compute site allele frequency likelihood (.saf.idx) for each population using angsd 
Reason: Missing output files: saf/POPS/PEL_cuc_LC_8_8_215.GL2.saf.idx.done


    angsd -b list/saf/PEL_cuc_LC.list -ref ref/Dgaleata_M5_PBasm.FINAL.fasta -anc ref/Dgaleata_M5_PBasm.FINAL.fasta -out saf/POPS/PEL_cuc_LC_8_8_215.GL2 -uniqueOnly 1 -remove_bads 1 -only_proper_pairs 1 -trim 0 -C 50 -minQ 20 -minMapQ 30 -minInd 8 -setMinDepth 8 -setMaxDepth 215 -GL 2 -doCounts 1 -doSaf 1 2> log/saf_POPS/PEL_cuc_LC_8_8_215.GL2.saf.idx.log
    
Submitted job 9 with external jobid 'Submitted batch job 141629'.

[Mon Apr 24 19:04:53 2023]
Job 5:  Compute site allele frequency likelihood (.saf.idx) for each population using angsd 
Reason: Missing output files: saf/POPS/galREF9_9_9_467.GL2.saf.idx.done


    angsd -b list/saf/galREF9.list -ref ref/Dgaleata_M5_PBasm.FINAL.fasta -anc ref/Dgaleata_M5_PBasm.FINAL.fasta -out saf/POPS/galREF9_9_9_467.GL2 -uniqueOnly 1 -remove_bads 1 -only_proper_pairs 1 -trim 0 -C 50 -minQ 20 -minMapQ 30 -minInd 9 -setMinDepth 9 -setMaxDepth 467 -GL 2 -doCounts 1 -doSaf 1 2> log/saf_POPS/galREF9_9_9_467.GL2.saf.idx.log
    
Submitted job 5 with external jobid 'Submitted batch job 141630'.

[Mon Apr 24 19:04:53 2023]
Job 27:  Optimize .saf.idx and calculate all pairwise 2dsfs's (joint site frequency spectra) using realSFS and fold for FST 
Reason: Missing output files: saf/POPS/PEL_long_LC_vs_PEL_cuc_LC_2D.sfs


    DIR=(/scratch/c7701178/mach2/DAPHNIA/Daphnia_RestEggs_snakemake_pbs_2.0_HiC)
    realSFS $DIR/saf/POPS/PEL_long_LC*.GL2.saf.idx $DIR/saf/POPS/PEL_cuc_LC*.GL2.saf.idx -fold 1 > saf/POPS/PEL_long_LC_vs_PEL_cuc_LC_2D.sfs 2> log/saf_POPS/PEL_long_LC_vs_PEL_cuc_LC_2D.sfs.log
    
Submitted job 27 with external jobid 'Submitted batch job 141631'.

[Mon Apr 24 19:04:53 2023]
Job 10:  Compute site allele frequency likelihood (.saf.idx) for each population using angsd 
Reason: Missing output files: saf/POPS/PEL_long_LC_17_17_480.GL2.saf.idx.done


    angsd -b list/saf/PEL_long_LC.list -ref ref/Dgaleata_M5_PBasm.FINAL.fasta -anc ref/Dgaleata_M5_PBasm.FINAL.fasta -out saf/POPS/PEL_long_LC_17_17_480.GL2 -uniqueOnly 1 -remove_bads 1 -only_proper_pairs 1 -trim 0 -C 50 -minQ 20 -minMapQ 30 -minInd 17 -setMinDepth 17 -setMaxDepth 480 -GL 2 -doCounts 1 -doSaf 1 2> log/saf_POPS/PEL_long_LC_17_17_480.GL2.saf.idx.log
    
Submitted job 10 with external jobid 'Submitted batch job 141632'.

[Mon Apr 24 19:04:53 2023]
Job 1:  Compute site allele frequency likelihood (.saf.idx) for each population using angsd 
Reason: Missing output files: saf/POPS/ALL_gal_LC_100_100_5343.GL2.saf.idx.done


    angsd -b list/saf/ALL_gal_LC.list -ref ref/Dgaleata_M5_PBasm.FINAL.fasta -anc ref/Dgaleata_M5_PBasm.FINAL.fasta -out saf/POPS/ALL_gal_LC_100_100_5343.GL2 -uniqueOnly 1 -remove_bads 1 -only_proper_pairs 1 -trim 0 -C 50 -minQ 20 -minMapQ 30 -minInd 100 -setMinDepth 100 -setMaxDepth 5343 -GL 2 -doCounts 1 -doSaf 1 2> log/saf_POPS/ALL_gal_LC_100_100_5343.GL2.saf.idx.log
    
Submitted job 1 with external jobid 'Submitted batch job 141633'.

[Mon Apr 24 19:04:53 2023]
Job 28:  Optimize .saf.idx and calculate all pairwise 2dsfs's (joint site frequency spectra) using realSFS and fold for FST 
Reason: Missing output files: saf/POPS/ALL_gal_LC_vs_PEL_cuc_LC_2D.sfs


    DIR=(/scratch/c7701178/mach2/DAPHNIA/Daphnia_RestEggs_snakemake_pbs_2.0_HiC)
    realSFS $DIR/saf/POPS/ALL_gal_LC*.GL2.saf.idx $DIR/saf/POPS/PEL_cuc_LC*.GL2.saf.idx -fold 1 > saf/POPS/ALL_gal_LC_vs_PEL_cuc_LC_2D.sfs 2> log/saf_POPS/ALL_gal_LC_vs_PEL_cuc_LC_2D.sfs.log
    
Submitted job 28 with external jobid 'Submitted batch job 141634'.

[Mon Apr 24 19:04:53 2023]
Job 29:  Optimize .saf.idx and calculate all pairwise 2dsfs's (joint site frequency spectra) using realSFS and fold for FST 
Reason: Missing output files: saf/POPS/longREF9_vs_galREF9_2D.sfs


    DIR=(/scratch/c7701178/mach2/DAPHNIA/Daphnia_RestEggs_snakemake_pbs_2.0_HiC)
    realSFS $DIR/saf/POPS/longREF9*.GL2.saf.idx $DIR/saf/POPS/galREF9*.GL2.saf.idx -fold 1 > saf/POPS/longREF9_vs_galREF9_2D.sfs 2> log/saf_POPS/longREF9_vs_galREF9_2D.sfs.log
    
Submitted job 29 with external jobid 'Submitted batch job 141635'.

[Mon Apr 24 19:04:53 2023]
Job 2:  Compute site allele frequency likelihood (.saf.idx) for each population using angsd 
Reason: Missing output files: saf/POPS/cucREF7_7_7_284.GL2.saf.idx.done


    angsd -b list/saf/cucREF7.list -ref ref/Dgaleata_M5_PBasm.FINAL.fasta -anc ref/Dgaleata_M5_PBasm.FINAL.fasta -out saf/POPS/cucREF7_7_7_284.GL2 -uniqueOnly 1 -remove_bads 1 -only_proper_pairs 1 -trim 0 -C 50 -minQ 20 -minMapQ 30 -minInd 7 -setMinDepth 7 -setMaxDepth 284 -GL 2 -doCounts 1 -doSaf 1 2> log/saf_POPS/cucREF7_7_7_284.GL2.saf.idx.log
    
Submitted job 2 with external jobid 'Submitted batch job 141636'.

[Mon Apr 24 19:04:53 2023]
Job 30:  Optimize .saf.idx and calculate all pairwise 2dsfs's (joint site frequency spectra) using realSFS and fold for FST 
Reason: Missing output files: saf/POPS/longREF9_vs_cucREF7_2D.sfs


    DIR=(/scratch/c7701178/mach2/DAPHNIA/Daphnia_RestEggs_snakemake_pbs_2.0_HiC)
    realSFS $DIR/saf/POPS/longREF9*.GL2.saf.idx $DIR/saf/POPS/cucREF7*.GL2.saf.idx -fold 1 > saf/POPS/longREF9_vs_cucREF7_2D.sfs 2> log/saf_POPS/longREF9_vs_cucREF7_2D.sfs.log
    
Submitted job 30 with external jobid 'Submitted batch job 141637'.

[Mon Apr 24 19:04:53 2023]
Job 22:  Optimize .saf.idx and calculate 1dsfs's using realSFS and fold for theta estimates 
Reason: Missing output files: saf/POPS/PRE_long_LC_8_8_276.GL2.1D.sfs


    realSFS saf/POPS/PRE_long_LC_8_8_276.GL2.saf.idx -fold 1 > saf/POPS/PRE_long_LC_8_8_276.GL2.1D.sfs 2> log/saf_POPS/PRE_long_LC_8_8_276.GL2.1D.sfs.log
    
Submitted job 22 with external jobid 'Submitted batch job 141638'.

[Mon Apr 24 19:04:53 2023]
Job 6:  Compute site allele frequency likelihood (.saf.idx) for each population using angsd 
Reason: Missing output files: saf/POPS/hatched_gal_LC_22_22_1161.GL2.saf.idx.done


    angsd -b list/saf/hatched_gal_LC.list -ref ref/Dgaleata_M5_PBasm.FINAL.fasta -anc ref/Dgaleata_M5_PBasm.FINAL.fasta -out saf/POPS/hatched_gal_LC_22_22_1161.GL2 -uniqueOnly 1 -remove_bads 1 -only_proper_pairs 1 -trim 0 -C 50 -minQ 20 -minMapQ 30 -minInd 22 -setMinDepth 22 -setMaxDepth 1161 -GL 2 -doCounts 1 -doSaf 1 2> log/saf_POPS/hatched_gal_LC_22_22_1161.GL2.saf.idx.log
    
Submitted job 6 with external jobid 'Submitted batch job 141639'.

[Mon Apr 24 19:04:53 2023]
Job 3:  Compute site allele frequency likelihood (.saf.idx) for each population using angsd 
Reason: Missing output files: saf/POPS/curvirostris_8_8_82.GL2.saf.idx.done


    angsd -b list/saf/curvirostris.list -ref ref/Dgaleata_M5_PBasm.FINAL.fasta -anc ref/Dgaleata_M5_PBasm.FINAL.fasta -out saf/POPS/curvirostris_8_8_82.GL2 -uniqueOnly 1 -remove_bads 1 -only_proper_pairs 1 -trim 0 -C 50 -minQ 20 -minMapQ 30 -minInd 8 -setMinDepth 8 -setMaxDepth 82 -GL 2 -doCounts 1 -doSaf 1 2> log/saf_POPS/curvirostris_8_8_82.GL2.saf.idx.log
    
Submitted job 3 with external jobid 'Submitted batch job 141640'.

[Mon Apr 24 19:04:53 2023]
Job 31:  Optimize .saf.idx and calculate all pairwise 2dsfs's (joint site frequency spectra) using realSFS and fold for FST 
Reason: Missing output files: saf/POPS/longREF7_vs_galREF9_2D.sfs


    DIR=(/scratch/c7701178/mach2/DAPHNIA/Daphnia_RestEggs_snakemake_pbs_2.0_HiC)
    realSFS $DIR/saf/POPS/longREF7*.GL2.saf.idx $DIR/saf/POPS/galREF9*.GL2.saf.idx -fold 1 > saf/POPS/longREF7_vs_galREF9_2D.sfs 2> log/saf_POPS/longREF7_vs_galREF9_2D.sfs.log
    
Submitted job 31 with external jobid 'Submitted batch job 141641'.

[Mon Apr 24 19:04:53 2023]
Job 24:  Optimize .saf.idx and calculate all pairwise 2dsfs's (joint site frequency spectra) using realSFS and fold for FST 
Reason: Missing output files: saf/POPS/PRE_long_LC_vs_PEL_cuc_LC_2D.sfs


    DIR=(/scratch/c7701178/mach2/DAPHNIA/Daphnia_RestEggs_snakemake_pbs_2.0_HiC)
    realSFS $DIR/saf/POPS/PRE_long_LC*.GL2.saf.idx $DIR/saf/POPS/PEL_cuc_LC*.GL2.saf.idx -fold 1 > saf/POPS/PRE_long_LC_vs_PEL_cuc_LC_2D.sfs 2> log/saf_POPS/PRE_long_LC_vs_PEL_cuc_LC_2D.sfs.log
    
Submitted job 24 with external jobid 'Submitted batch job 141642'.

[Mon Apr 24 19:04:53 2023]
Job 7:  Compute site allele frequency likelihood (.saf.idx) for each population using angsd 
Reason: Missing output files: saf/POPS/longREF7_7_7_317.GL2.saf.idx.done


    angsd -b list/saf/longREF7.list -ref ref/Dgaleata_M5_PBasm.FINAL.fasta -anc ref/Dgaleata_M5_PBasm.FINAL.fasta -out saf/POPS/longREF7_7_7_317.GL2 -uniqueOnly 1 -remove_bads 1 -only_proper_pairs 1 -trim 0 -C 50 -minQ 20 -minMapQ 30 -minInd 7 -setMinDepth 7 -setMaxDepth 317 -GL 2 -doCounts 1 -doSaf 1 2> log/saf_POPS/longREF7_7_7_317.GL2.saf.idx.log
    
Submitted job 7 with external jobid 'Submitted batch job 141643'.
[Mon Apr 24 19:05:09 2023]
Error in rule angsd_SAF_POP:
    jobid: 9
    input: ref/Dgaleata_M5_PBasm.FINAL.fasta, list/saf/PEL_cuc_LC.list
    output: saf/POPS/PEL_cuc_LC_8_8_215.GL2.saf.idx.done
    log: log/saf_POPS/PEL_cuc_LC_8_8_215.GL2.saf.idx.log (check log file(s) for error details)
    shell:
        
    angsd -b list/saf/PEL_cuc_LC.list -ref ref/Dgaleata_M5_PBasm.FINAL.fasta -anc ref/Dgaleata_M5_PBasm.FINAL.fasta -out saf/POPS/PEL_cuc_LC_8_8_215.GL2 -uniqueOnly 1 -remove_bads 1 -only_proper_pairs 1 -trim 0 -C 50 -minQ 20 -minMapQ 30 -minInd 8 -setMinDepth 8 -setMaxDepth 215 -GL 2 -doCounts 1 -doSaf 1 2> log/saf_POPS/PEL_cuc_LC_8_8_215.GL2.saf.idx.log
    
        (one of the commands exited with non-zero exit code; note that snakemake uses bash strict mode!)
    cluster_jobid: Submitted batch job 141629

Error executing rule angsd_SAF_POP on cluster (jobid: 9, external: Submitted batch job 141629, jobscript: /gpfs/gpfs1/scratch/c7701178/mach2/DAPHNIA/Daphnia_RestEggs_snakemake_pbs_2.0_HiC_SLURM/.snakemake/tmp.l_40v9ud/snakejob.angsd_SAF_POP.9.sh). For error details see the cluster log and the log files of the involved rule(s).
[Mon Apr 24 19:06:20 2023]
Finished job 3.
1 of 33 steps (3%) done
Select jobs to execute...

[Mon Apr 24 19:06:20 2023]
Job 14:  Optimize .saf.idx and calculate 1dsfs's using realSFS and fold for theta estimates 
Reason: Missing output files: saf/POPS/curvirostris_8_8_82.GL2.1D.sfs; Input files updated by another job: saf/POPS/curvirostris_8_8_82.GL2.saf.idx.done


    realSFS saf/POPS/curvirostris_8_8_82.GL2.saf.idx -fold 1 > saf/POPS/curvirostris_8_8_82.GL2.1D.sfs 2> log/saf_POPS/curvirostris_8_8_82.GL2.1D.sfs.log
    
Submitted job 14 with external jobid 'Submitted batch job 141644'.
[Mon Apr 24 19:07:03 2023]
Finished job 14.
2 of 33 steps (6%) done
[Mon Apr 24 19:10:13 2023]
Finished job 22.
3 of 33 steps (9%) done
[Mon Apr 24 19:19:05 2023]
Finished job 2.
4 of 33 steps (12%) done
Select jobs to execute...

[Mon Apr 24 19:19:05 2023]
Job 13:  Optimize .saf.idx and calculate 1dsfs's using realSFS and fold for theta estimates 
Reason: Missing output files: saf/POPS/cucREF7_7_7_284.GL2.1D.sfs; Input files updated by another job: saf/POPS/cucREF7_7_7_284.GL2.saf.idx.done


    realSFS saf/POPS/cucREF7_7_7_284.GL2.saf.idx -fold 1 > saf/POPS/cucREF7_7_7_284.GL2.1D.sfs 2> log/saf_POPS/cucREF7_7_7_284.GL2.1D.sfs.log
    
Submitted job 13 with external jobid 'Submitted batch job 141647'.
[Mon Apr 24 19:23:32 2023]
Finished job 13.
5 of 33 steps (15%) done
[Mon Apr 24 19:24:00 2023]
Finished job 32.
6 of 33 steps (18%) done
[Mon Apr 24 19:24:43 2023]
Finished job 7.
7 of 33 steps (21%) done
Select jobs to execute...

[Mon Apr 24 19:24:43 2023]
Job 18:  Optimize .saf.idx and calculate 1dsfs's using realSFS and fold for theta estimates 
Reason: Missing output files: saf/POPS/longREF7_7_7_317.GL2.1D.sfs; Input files updated by another job: saf/POPS/longREF7_7_7_317.GL2.saf.idx.done


    realSFS saf/POPS/longREF7_7_7_317.GL2.saf.idx -fold 1 > saf/POPS/longREF7_7_7_317.GL2.1D.sfs 2> log/saf_POPS/longREF7_7_7_317.GL2.1D.sfs.log
    
Submitted job 18 with external jobid 'Submitted batch job 141650'.
[Mon Apr 24 19:25:07 2023]
Finished job 31.
8 of 33 steps (24%) done
[Mon Apr 24 19:26:13 2023]
Finished job 33.
9 of 33 steps (27%) done
[Mon Apr 24 19:28:48 2023]
Finished job 18.
10 of 33 steps (30%) done
[Mon Apr 24 19:30:18 2023]
Finished job 30.
11 of 33 steps (33%) done
[Mon Apr 24 19:31:24 2023]
Finished job 29.
12 of 33 steps (36%) done
[Mon Apr 24 19:31:38 2023]
Finished job 8.
13 of 33 steps (39%) done
Select jobs to execute...

[Mon Apr 24 19:31:38 2023]
Job 19:  Optimize .saf.idx and calculate 1dsfs's using realSFS and fold for theta estimates 
Reason: Missing output files: saf/POPS/longREF9_9_9_393.GL2.1D.sfs; Input files updated by another job: saf/POPS/longREF9_9_9_393.GL2.saf.idx.done


    realSFS saf/POPS/longREF9_9_9_393.GL2.saf.idx -fold 1 > saf/POPS/longREF9_9_9_393.GL2.1D.sfs 2> log/saf_POPS/longREF9_9_9_393.GL2.1D.sfs.log
    
Submitted job 19 with external jobid 'Submitted batch job 141653'.
[Mon Apr 24 19:36:10 2023]
Finished job 19.
14 of 33 steps (42%) done
[Mon Apr 24 19:40:41 2023]
Finished job 24.
15 of 33 steps (45%) done
[Mon Apr 24 19:42:32 2023]
Finished job 10.
16 of 33 steps (48%) done
Select jobs to execute...

[Mon Apr 24 19:42:32 2023]
Job 21:  Optimize .saf.idx and calculate 1dsfs's using realSFS and fold for theta estimates 
Reason: Missing output files: saf/POPS/PEL_long_LC_17_17_480.GL2.1D.sfs; Input files updated by another job: saf/POPS/PEL_long_LC_17_17_480.GL2.saf.idx.done


    realSFS saf/POPS/PEL_long_LC_17_17_480.GL2.saf.idx -fold 1 > saf/POPS/PEL_long_LC_17_17_480.GL2.1D.sfs 2> log/saf_POPS/PEL_long_LC_17_17_480.GL2.1D.sfs.log
    
Submitted job 21 with external jobid 'Submitted batch job 141654'.
[Mon Apr 24 19:48:51 2023]
Finished job 5.
17 of 33 steps (52%) done
Select jobs to execute...

[Mon Apr 24 19:48:51 2023]
Job 16:  Optimize .saf.idx and calculate 1dsfs's using realSFS and fold for theta estimates 
Reason: Missing output files: saf/POPS/galREF9_9_9_467.GL2.1D.sfs; Input files updated by another job: saf/POPS/galREF9_9_9_467.GL2.saf.idx.done


    realSFS saf/POPS/galREF9_9_9_467.GL2.saf.idx -fold 1 > saf/POPS/galREF9_9_9_467.GL2.1D.sfs 2> log/saf_POPS/galREF9_9_9_467.GL2.1D.sfs.log
    
Submitted job 16 with external jobid 'Submitted batch job 141656'.
[Mon Apr 24 19:51:01 2023]
Finished job 21.
18 of 33 steps (55%) done
[Mon Apr 24 19:53:43 2023]
Finished job 16.
19 of 33 steps (58%) done
[Mon Apr 24 20:38:50 2023]
Finished job 23.
20 of 33 steps (61%) done
[Mon Apr 24 20:59:46 2023]
Finished job 6.
21 of 33 steps (64%) done
Select jobs to execute...

[Mon Apr 24 20:59:46 2023]
Job 17:  Optimize .saf.idx and calculate 1dsfs's using realSFS and fold for theta estimates 
Reason: Missing output files: saf/POPS/hatched_gal_LC_22_22_1161.GL2.1D.sfs; Input files updated by another job: saf/POPS/hatched_gal_LC_22_22_1161.GL2.saf.idx.done


    realSFS saf/POPS/hatched_gal_LC_22_22_1161.GL2.saf.idx -fold 1 > saf/POPS/hatched_gal_LC_22_22_1161.GL2.1D.sfs 2> log/saf_POPS/hatched_gal_LC_22_22_1161.GL2.1D.sfs.log
    
Submitted job 17 with external jobid 'Submitted batch job 141712'.
[Mon Apr 24 21:08:02 2023]
Finished job 17.
22 of 33 steps (67%) done
[Mon Apr 24 21:24:31 2023]
Finished job 27.
23 of 33 steps (70%) done
[Tue Apr 25 01:33:17 2023]
Error in rule angsd_SAF_POP:
    jobid: 1
    input: ref/Dgaleata_M5_PBasm.FINAL.fasta, list/saf/ALL_gal_LC.list
    output: saf/POPS/ALL_gal_LC_100_100_5343.GL2.saf.idx.done
    log: log/saf_POPS/ALL_gal_LC_100_100_5343.GL2.saf.idx.log (check log file(s) for error details)
    shell:
        
    angsd -b list/saf/ALL_gal_LC.list -ref ref/Dgaleata_M5_PBasm.FINAL.fasta -anc ref/Dgaleata_M5_PBasm.FINAL.fasta -out saf/POPS/ALL_gal_LC_100_100_5343.GL2 -uniqueOnly 1 -remove_bads 1 -only_proper_pairs 1 -trim 0 -C 50 -minQ 20 -minMapQ 30 -minInd 100 -setMinDepth 100 -setMaxDepth 5343 -GL 2 -doCounts 1 -doSaf 1 2> log/saf_POPS/ALL_gal_LC_100_100_5343.GL2.saf.idx.log
    
        (one of the commands exited with non-zero exit code; note that snakemake uses bash strict mode!)
    cluster_jobid: Submitted batch job 141633

Error executing rule angsd_SAF_POP on cluster (jobid: 1, external: Submitted batch job 141633, jobscript: /gpfs/gpfs1/scratch/c7701178/mach2/DAPHNIA/Daphnia_RestEggs_snakemake_pbs_2.0_HiC_SLURM/.snakemake/tmp.l_40v9ud/snakejob.angsd_SAF_POP.1.sh). For error details see the cluster log and the log files of the involved rule(s).
[Tue Apr 25 02:03:50 2023]
Error in rule angsd_SAF_POP:
    jobid: 4
    input: ref/Dgaleata_M5_PBasm.FINAL.fasta, list/saf/EGGS_gal_LC.list
    output: saf/POPS/EGGS_gal_LC_78_78_4182.GL2.saf.idx.done
    log: log/saf_POPS/EGGS_gal_LC_78_78_4182.GL2.saf.idx.log (check log file(s) for error details)
    shell:
        
    angsd -b list/saf/EGGS_gal_LC.list -ref ref/Dgaleata_M5_PBasm.FINAL.fasta -anc ref/Dgaleata_M5_PBasm.FINAL.fasta -out saf/POPS/EGGS_gal_LC_78_78_4182.GL2 -uniqueOnly 1 -remove_bads 1 -only_proper_pairs 1 -trim 0 -C 50 -minQ 20 -minMapQ 30 -minInd 78 -setMinDepth 78 -setMaxDepth 4182 -GL 2 -doCounts 1 -doSaf 1 2> log/saf_POPS/EGGS_gal_LC_78_78_4182.GL2.saf.idx.log
    
        (one of the commands exited with non-zero exit code; note that snakemake uses bash strict mode!)
    cluster_jobid: Submitted batch job 141626

Error executing rule angsd_SAF_POP on cluster (jobid: 4, external: Submitted batch job 141626, jobscript: /gpfs/gpfs1/scratch/c7701178/mach2/DAPHNIA/Daphnia_RestEggs_snakemake_pbs_2.0_HiC_SLURM/.snakemake/tmp.l_40v9ud/snakejob.angsd_SAF_POP.4.sh). For error details see the cluster log and the log files of the involved rule(s).
[Tue Apr 25 06:49:46 2023]
Finished job 28.
24 of 33 steps (73%) done
[Tue Apr 25 08:59:41 2023]
Finished job 25.
25 of 33 steps (76%) done
slurmstepd-n019: error: *** JOB 141621 ON n019 CANCELLED AT 2023-04-25T15:52:11 ***
