Building DAG of jobs...
Using shell: /usr/bin/bash
Provided cluster nodes: 5000
Job stats:
job                 count    min threads    max threads
----------------  -------  -------------  -------------
all                     1              1              1
angsd_SAF_POP           1              2              2
onedsfs_folded          1              2              2
sfs2theta               1              2              2
theta_stat_SW           1             12             12
theta_stat_chrom        1              2              2
total                   6              1             12

Select jobs to execute...

[Fri Jul  7 12:37:21 2023]
Job 233:  Compute site allele frequency likelihood (.saf.idx) for each population using angsd 
Reason: Missing output files: saf/POPS/cucREF6_6_6_284.GL2.saf.idx.done


    module load singularity/3.8.7-python-3.10.8-gcc-8.5.0-e6f6onc
    singularity exec --home $PWD:$HOME /scratch/c7701178/bio/angsd+ngsrelate.sif /opt/angsd-0.939/angsd -b list/saf/cucREF6.list -ref ref/Dgaleata_M5_PBasm.FINAL.fasta -anc ref/Dgaleata_M5_PBasm.FINAL.fasta -out saf/POPS/cucREF6_6_6_284.GL2 -uniqueOnly 1 -remove_bads 1 -only_proper_pairs 1 -trim 0 -C 50 -minQ 20 -minMapQ 30 -minInd 6 -setMinDepth 6 -setMaxDepth 284 -GL 2 -doCounts 1 -doSaf 1 2> log/saf_POPS/cucREF6_6_6_284.GL2.saf.idx.log
    
Submitted job 233 with external jobid 'Submitted batch job 219835'.
[Fri Jul  7 12:52:32 2023]
Finished job 233.
1 of 6 steps (17%) done
Select jobs to execute...

[Fri Jul  7 12:52:32 2023]
Job 234:  Optimize .saf.idx and calculate 1dsfs's using realSFS and fold for theta estimates 
Reason: Missing output files: saf/POPS/cucREF6_6_6_284.GL2.1D.sfs; Input files updated by another job: saf/POPS/cucREF6_6_6_284.GL2.saf.idx.done


    module load singularity/3.8.7-python-3.10.8-gcc-8.5.0-e6f6onc
    singularity exec --home $PWD:$HOME /scratch/c7701178/bio/angsd+ngsrelate.sif /opt/angsd-0.939/misc/realSFS saf/POPS/cucREF6_6_6_284.GL2.saf.idx -fold 1 > saf/POPS/cucREF6_6_6_284.GL2.1D.sfs 2> log/saf_POPS/cucREF6_6_6_284.GL2.1D.sfs.log
    
Submitted job 234 with external jobid 'Submitted batch job 219836'.
[Fri Jul  7 12:54:42 2023]
Finished job 234.
2 of 6 steps (33%) done
Select jobs to execute...

[Fri Jul  7 12:54:42 2023]
Job 235:  calculate theta estimates for each site 
Reason: Missing output files: saf/POPS/cucREF6_6_6_284.GL2.sfs2theta.done; Input files updated by another job: saf/POPS/cucREF6_6_6_284.GL2.1D.sfs, saf/POPS/cucREF6_6_6_284.GL2.saf.idx.done


    module load singularity/3.8.7-python-3.10.8-gcc-8.5.0-e6f6onc
    singularity exec --home $PWD:$HOME /scratch/c7701178/bio/angsd+ngsrelate.sif /opt/angsd-0.939/misc/realSFS saf2theta saf/POPS/cucREF6_6_6_284.GL2.saf.idx -sfs saf/POPS/cucREF6_6_6_284.GL2.1D.sfs -outname saf/POPS/cucREF6_6_6_284.GL2 2> log/saf_POPS/cucREF6_6_6_284.GL2.sfs2theta.log 2> log/saf_POPS/cucREF6_6_6_284.GL2.sfs2theta.log
    
Submitted job 235 with external jobid 'Submitted batch job 219837'.
[Fri Jul  7 12:56:22 2023]
Finished job 235.
3 of 6 steps (50%) done
Select jobs to execute...

[Fri Jul  7 12:56:22 2023]
Job 236:  Estimate Tajimas D and other statistics 
Reason: Missing output files: saf/POPS/cucREF6_6_6_284.GL2.theta_stats_chrom.done; Input files updated by another job: saf/POPS/cucREF6_6_6_284.GL2.sfs2theta.done


    module load singularity/3.8.7-python-3.10.8-gcc-8.5.0-e6f6onc
    singularity exec --home $PWD:$HOME /scratch/c7701178/bio/angsd+ngsrelate.sif /opt/angsd-0.939/misc/thetaStat do_stat saf/POPS/cucREF6_6_6_284.GL2.thetas.idx 2> log/saf_POPS/cucREF6_6_6_284.GL2.theta_stats_chrom.log
    
Submitted job 236 with external jobid 'Submitted batch job 219838'.

[Fri Jul  7 12:56:22 2023]
Job 237:  Estimate Tajimas D and other statistics using a sliding window analysis 
Reason: Missing output files: saf/POPS/cucREF6_6_6_284.GL2.theta_stats_Window10kb.done; Input files updated by another job: saf/POPS/cucREF6_6_6_284.GL2.sfs2theta.done


    module load singularity/3.8.7-python-3.10.8-gcc-8.5.0-e6f6onc
    singularity exec --home $PWD:$HOME /scratch/c7701178/bio/angsd+ngsrelate.sif /opt/angsd-0.939/misc/thetaStat do_stat saf/POPS/cucREF6_6_6_284.GL2.thetas.idx -win 10000 -step 1000 -outnames saf/POPS/cucREF6_6_6_284.GL2.theta_stats_Window10kb 2> log/saf_POPS/cucREF6_6_6_284.GL2.theta_stats_Window10kb.log
    
Submitted job 237 with external jobid 'Submitted batch job 219839'.
[Fri Jul  7 12:57:06 2023]
Error in rule theta_stat_SW:
    jobid: 237
    input: saf/POPS/cucREF6_6_6_284.GL2.sfs2theta.done
    output: saf/POPS/cucREF6_6_6_284.GL2.theta_stats_Window10kb.done
    log: log/saf_POPS/cucREF6_6_6_284.GL2.theta_stats_Window10kb.log (check log file(s) for error details)
    shell:
        
    module load singularity/3.8.7-python-3.10.8-gcc-8.5.0-e6f6onc
    singularity exec --home $PWD:$HOME /scratch/c7701178/bio/angsd+ngsrelate.sif /opt/angsd-0.939/misc/thetaStat do_stat saf/POPS/cucREF6_6_6_284.GL2.thetas.idx -win 10000 -step 1000 -outnames saf/POPS/cucREF6_6_6_284.GL2.theta_stats_Window10kb 2> log/saf_POPS/cucREF6_6_6_284.GL2.theta_stats_Window10kb.log
    
        (one of the commands exited with non-zero exit code; note that snakemake uses bash strict mode!)
    cluster_jobid: Submitted batch job 219839

Error executing rule theta_stat_SW on cluster (jobid: 237, external: Submitted batch job 219839, jobscript: /gpfs/gpfs1/scratch/c7701178/mach2/DAPHNIA/Daphnia_RestEggs_snakemake_pbs_2.0_HiC_SLURM/.snakemake/tmp.pdesctom/snakejob.theta_stat_SW.237.sh). For error details see the cluster log and the log files of the involved rule(s).
[Fri Jul  7 12:57:16 2023]
Error in rule theta_stat_chrom:
    jobid: 236
    input: saf/POPS/cucREF6_6_6_284.GL2.sfs2theta.done
    output: saf/POPS/cucREF6_6_6_284.GL2.theta_stats_chrom.done
    log: log/saf_POPS/cucREF6_6_6_284.GL2.theta_stats_chrom.log (check log file(s) for error details)
    shell:
        
    module load singularity/3.8.7-python-3.10.8-gcc-8.5.0-e6f6onc
    singularity exec --home $PWD:$HOME /scratch/c7701178/bio/angsd+ngsrelate.sif /opt/angsd-0.939/misc/thetaStat do_stat saf/POPS/cucREF6_6_6_284.GL2.thetas.idx 2> log/saf_POPS/cucREF6_6_6_284.GL2.theta_stats_chrom.log
    
        (one of the commands exited with non-zero exit code; note that snakemake uses bash strict mode!)
    cluster_jobid: Submitted batch job 219838

Error executing rule theta_stat_chrom on cluster (jobid: 236, external: Submitted batch job 219838, jobscript: /gpfs/gpfs1/scratch/c7701178/mach2/DAPHNIA/Daphnia_RestEggs_snakemake_pbs_2.0_HiC_SLURM/.snakemake/tmp.pdesctom/snakejob.theta_stat_chrom.236.sh). For error details see the cluster log and the log files of the involved rule(s).
Exiting because a job execution failed. Look above for error message
Complete log: .snakemake/log/2023-07-07T123720.668811.snakemake.log
