Building DAG of jobs...
Using shell: /usr/bin/bash
Provided cluster nodes: 5000
Job stats:
job                     count    min threads    max threads
--------------------  -------  -------------  -------------
all                         1              1              1
angsd_SAF_POP_sites         4              2              2
get_bcf                     1              2              2
onedsfs_folded_sites        8              2              2
total                      14              1              2

Select jobs to execute...

[Fri May 26 13:33:29 2023]
Job 21:  Optimize .saf.idx and calculate 1dsfs's using realSFS and fold for theta estimates 
Reason: Missing output files: saf/POPS/sites/PEL_long_LC_17_17_480.GL2.sites.1D.sfs


    module load singularity/3.8.7-python-3.10.8-gcc-8.5.0-e6f6onc
    singularity exec --home $PWD:$HOME /scratch/c7701178/bio/angsd+ngsrelate.sif /opt/angsd-0.939/misc/realSFS saf/POPS/sites/PEL_long_LC_17_17_480.GL2.sites.saf.idx -fold 1 > saf/POPS/sites/PEL_long_LC_17_17_480.GL2.sites.1D.sfs 2> log/saf_POPS/sites/PEL_long_LC_17_17_480.GL2.sites.1D.sfs.log
    
Submitted job 21 with external jobid 'Submitted batch job 181733'.

[Fri May 26 13:33:30 2023]
Job 7:  Compute site allele frequency likelihood (.saf.idx) for each population using angsd 
Reason: Missing output files: saf/POPS/sites/longREF7_7_7_317.GL2.sites.saf.idx.done


    module load singularity/3.8.7-python-3.10.8-gcc-8.5.0-e6f6onc
    singularity exec --home $PWD:$HOME /scratch/c7701178/bio/angsd+ngsrelate.sif /opt/angsd-0.939/angsd -b list/saf/longREF7.list -ref ref/Dgaleata_M5_PBasm.FINAL.fasta -anc ref/Dgaleata_M5_PBasm.FINAL.fasta -out saf/POPS/sites/longREF7_7_7_317.GL2.sites -uniqueOnly 1 -remove_bads 1 -only_proper_pairs 1 -trim 0 -C 50 -minQ 20 -minMapQ 30 -minInd 7 -setMinDepth 7 -setMaxDepth 317 -GL 2 -doCounts 1 -doSaf 1 -doMaf 1 -doMajorMinor 3 -sites /scratch/c7701178/mach2/DAPHNIA/Daphnia_RestEggs_snakemake_pbs_2.0_HiC/angsd/LC/angsd_GL2_minInd202_maf0.05_minDepth202_maxDepth9051_globalSNP.list -rf /scratch/c7701178/mach2/DAPHNIA/Daphnia_RestEggs_snakemake_pbs_2.0_HiC/angsd/LC/angsd_GL2_minInd202_maf0.05_minDepth202_maxDepth9051_globalSNP.chr 2> log/saf_POPS/sites/longREF7_7_7_317.GL2.sites.saf.idx.log
    
Submitted job 7 with external jobid 'Submitted batch job 181734'.

[Fri May 26 13:33:30 2023]
Job 15:  Optimize .saf.idx and calculate 1dsfs's using realSFS and fold for theta estimates 
Reason: Missing output files: saf/POPS/sites/EGGS_gal_LC_78_78_4182.GL2.sites.1D.sfs


    module load singularity/3.8.7-python-3.10.8-gcc-8.5.0-e6f6onc
    singularity exec --home $PWD:$HOME /scratch/c7701178/bio/angsd+ngsrelate.sif /opt/angsd-0.939/misc/realSFS saf/POPS/sites/EGGS_gal_LC_78_78_4182.GL2.sites.saf.idx -fold 1 > saf/POPS/sites/EGGS_gal_LC_78_78_4182.GL2.sites.1D.sfs 2> log/saf_POPS/sites/EGGS_gal_LC_78_78_4182.GL2.sites.1D.sfs.log
    
Submitted job 15 with external jobid 'Submitted batch job 181735'.

[Fri May 26 13:33:30 2023]
Job 17:  Optimize .saf.idx and calculate 1dsfs's using realSFS and fold for theta estimates 
Reason: Missing output files: saf/POPS/sites/hatched_gal_LC_22_22_1161.GL2.sites.1D.sfs


    module load singularity/3.8.7-python-3.10.8-gcc-8.5.0-e6f6onc
    singularity exec --home $PWD:$HOME /scratch/c7701178/bio/angsd+ngsrelate.sif /opt/angsd-0.939/misc/realSFS saf/POPS/sites/hatched_gal_LC_22_22_1161.GL2.sites.saf.idx -fold 1 > saf/POPS/sites/hatched_gal_LC_22_22_1161.GL2.sites.1D.sfs 2> log/saf_POPS/sites/hatched_gal_LC_22_22_1161.GL2.sites.1D.sfs.log
    
Submitted job 17 with external jobid 'Submitted batch job 181736'.

[Fri May 26 13:33:30 2023]
Job 16:  Optimize .saf.idx and calculate 1dsfs's using realSFS and fold for theta estimates 
Reason: Missing output files: saf/POPS/sites/galREF9_9_9_467.GL2.sites.1D.sfs


    module load singularity/3.8.7-python-3.10.8-gcc-8.5.0-e6f6onc
    singularity exec --home $PWD:$HOME /scratch/c7701178/bio/angsd+ngsrelate.sif /opt/angsd-0.939/misc/realSFS saf/POPS/sites/galREF9_9_9_467.GL2.sites.saf.idx -fold 1 > saf/POPS/sites/galREF9_9_9_467.GL2.sites.1D.sfs 2> log/saf_POPS/sites/galREF9_9_9_467.GL2.sites.1D.sfs.log
    
Submitted job 16 with external jobid 'Submitted batch job 181737'.

[Fri May 26 13:33:30 2023]
Job 1:  Compute site allele frequency likelihood (.saf.idx) for each population using angsd 
Reason: Missing output files: saf/POPS/sites/ALL_gal_LC_100_100_5343.GL2.sites.saf.idx.done


    module load singularity/3.8.7-python-3.10.8-gcc-8.5.0-e6f6onc
    singularity exec --home $PWD:$HOME /scratch/c7701178/bio/angsd+ngsrelate.sif /opt/angsd-0.939/angsd -b list/saf/ALL_gal_LC.list -ref ref/Dgaleata_M5_PBasm.FINAL.fasta -anc ref/Dgaleata_M5_PBasm.FINAL.fasta -out saf/POPS/sites/ALL_gal_LC_100_100_5343.GL2.sites -uniqueOnly 1 -remove_bads 1 -only_proper_pairs 1 -trim 0 -C 50 -minQ 20 -minMapQ 30 -minInd 100 -setMinDepth 100 -setMaxDepth 5343 -GL 2 -doCounts 1 -doSaf 1 -doMaf 1 -doMajorMinor 3 -sites /scratch/c7701178/mach2/DAPHNIA/Daphnia_RestEggs_snakemake_pbs_2.0_HiC/angsd/LC/angsd_GL2_minInd202_maf0.05_minDepth202_maxDepth9051_globalSNP.list -rf /scratch/c7701178/mach2/DAPHNIA/Daphnia_RestEggs_snakemake_pbs_2.0_HiC/angsd/LC/angsd_GL2_minInd202_maf0.05_minDepth202_maxDepth9051_globalSNP.chr 2> log/saf_POPS/sites/ALL_gal_LC_100_100_5343.GL2.sites.saf.idx.log
    
Submitted job 1 with external jobid 'Submitted batch job 181738'.

[Fri May 26 13:33:30 2023]
Job 23:  Call genotypes from realigned bam files using estimated allele frequencies from genotype likelihoods as a prior and output in bcf format 
Reason: Missing output files: ancestry/LC/data/get_bcf_angsd_GL2_minInd202_maf0.05_minDepth202_maxDepth9051.done


    module load singularity/3.8.7-python-3.10.8-gcc-8.5.0-e6f6onc
    singularity exec --home $PWD:$HOME /scratch/c7701178/bio/angsd+ngsrelate.sif /opt/angsd-0.939/angsd -b /scratch/c7701178/mach2/DAPHNIA/Daphnia_RestEggs_snakemake_pbs_2.0_HiC/depth/stats/LC_realignedBAM_df1.list -ref ref/Dgaleata_M5_PBasm.FINAL.fasta -out ancestry/LC/data/angsd_GL2_minInd202_maf0.05_minDepth202_maxDepth9051 -GL 2 -doPost 1 -doMajorMinor 3 -doMaf 1 -doBcf 1 --ignore-RG 0 -doGeno 1 -doCounts 1 -geno_minDepth 10 -sites list/angsd_GL2_minInd202_maf0.05_minDepth202_maxDepth9051_globalSNP.list -rf list/angsd_GL2_minInd202_maf0.05_minDepth202_maxDepth9051_globalSNP.chr 2> log/LC/get_bcf_angsd_GL2_minInd202_maf0.05_minDepth202_maxDepth9051.log
    
Submitted job 23 with external jobid 'Submitted batch job 181739'.

[Fri May 26 13:33:30 2023]
Job 3:  Compute site allele frequency likelihood (.saf.idx) for each population using angsd 
Reason: Missing output files: saf/POPS/sites/curvirostris_8_8_82.GL2.sites.saf.idx.done


    module load singularity/3.8.7-python-3.10.8-gcc-8.5.0-e6f6onc
    singularity exec --home $PWD:$HOME /scratch/c7701178/bio/angsd+ngsrelate.sif /opt/angsd-0.939/angsd -b list/saf/curvirostris.list -ref ref/Dgaleata_M5_PBasm.FINAL.fasta -anc ref/Dgaleata_M5_PBasm.FINAL.fasta -out saf/POPS/sites/curvirostris_8_8_82.GL2.sites -uniqueOnly 1 -remove_bads 1 -only_proper_pairs 1 -trim 0 -C 50 -minQ 20 -minMapQ 30 -minInd 8 -setMinDepth 8 -setMaxDepth 82 -GL 2 -doCounts 1 -doSaf 1 -doMaf 1 -doMajorMinor 3 -sites /scratch/c7701178/mach2/DAPHNIA/Daphnia_RestEggs_snakemake_pbs_2.0_HiC/angsd/LC/angsd_GL2_minInd202_maf0.05_minDepth202_maxDepth9051_globalSNP.list -rf /scratch/c7701178/mach2/DAPHNIA/Daphnia_RestEggs_snakemake_pbs_2.0_HiC/angsd/LC/angsd_GL2_minInd202_maf0.05_minDepth202_maxDepth9051_globalSNP.chr 2> log/saf_POPS/sites/curvirostris_8_8_82.GL2.sites.saf.idx.log
    
Submitted job 3 with external jobid 'Submitted batch job 181740'.

[Fri May 26 13:33:30 2023]
Job 9:  Compute site allele frequency likelihood (.saf.idx) for each population using angsd 
Reason: Missing output files: saf/POPS/sites/PEL_cuc_LC_8_8_215.GL2.sites.saf.idx.done


    module load singularity/3.8.7-python-3.10.8-gcc-8.5.0-e6f6onc
    singularity exec --home $PWD:$HOME /scratch/c7701178/bio/angsd+ngsrelate.sif /opt/angsd-0.939/angsd -b list/saf/PEL_cuc_LC.list -ref ref/Dgaleata_M5_PBasm.FINAL.fasta -anc ref/Dgaleata_M5_PBasm.FINAL.fasta -out saf/POPS/sites/PEL_cuc_LC_8_8_215.GL2.sites -uniqueOnly 1 -remove_bads 1 -only_proper_pairs 1 -trim 0 -C 50 -minQ 20 -minMapQ 30 -minInd 8 -setMinDepth 8 -setMaxDepth 215 -GL 2 -doCounts 1 -doSaf 1 -doMaf 1 -doMajorMinor 3 -sites /scratch/c7701178/mach2/DAPHNIA/Daphnia_RestEggs_snakemake_pbs_2.0_HiC/angsd/LC/angsd_GL2_minInd202_maf0.05_minDepth202_maxDepth9051_globalSNP.list -rf /scratch/c7701178/mach2/DAPHNIA/Daphnia_RestEggs_snakemake_pbs_2.0_HiC/angsd/LC/angsd_GL2_minInd202_maf0.05_minDepth202_maxDepth9051_globalSNP.chr 2> log/saf_POPS/sites/PEL_cuc_LC_8_8_215.GL2.sites.saf.idx.log
    
Submitted job 9 with external jobid 'Submitted batch job 181741'.
[Fri May 26 13:34:00 2023]
Finished job 17.
1 of 14 steps (7%) done
[Fri May 26 13:34:01 2023]
Finished job 16.
2 of 14 steps (14%) done
[Fri May 26 13:34:03 2023]
Error in rule get_bcf:
    jobid: 23
    input: ref/Dgaleata_M5_PBasm.FINAL.fasta, /scratch/c7701178/mach2/DAPHNIA/Daphnia_RestEggs_snakemake_pbs_2.0_HiC/depth/stats/LC_realignedBAM_df1.list, list/angsd_GL2_minInd202_maf0.05_minDepth202_maxDepth9051_globalSNP.list, list/angsd_GL2_minInd202_maf0.05_minDepth202_maxDepth9051_globalSNP.chr
    output: ancestry/LC/data/get_bcf_angsd_GL2_minInd202_maf0.05_minDepth202_maxDepth9051.done
    log: log/LC/get_bcf_angsd_GL2_minInd202_maf0.05_minDepth202_maxDepth9051.log (check log file(s) for error details)
    shell:
        
    module load singularity/3.8.7-python-3.10.8-gcc-8.5.0-e6f6onc
    singularity exec --home $PWD:$HOME /scratch/c7701178/bio/angsd+ngsrelate.sif /opt/angsd-0.939/angsd -b /scratch/c7701178/mach2/DAPHNIA/Daphnia_RestEggs_snakemake_pbs_2.0_HiC/depth/stats/LC_realignedBAM_df1.list -ref ref/Dgaleata_M5_PBasm.FINAL.fasta -out ancestry/LC/data/angsd_GL2_minInd202_maf0.05_minDepth202_maxDepth9051 -GL 2 -doPost 1 -doMajorMinor 3 -doMaf 1 -doBcf 1 --ignore-RG 0 -doGeno 1 -doCounts 1 -geno_minDepth 10 -sites list/angsd_GL2_minInd202_maf0.05_minDepth202_maxDepth9051_globalSNP.list -rf list/angsd_GL2_minInd202_maf0.05_minDepth202_maxDepth9051_globalSNP.chr 2> log/LC/get_bcf_angsd_GL2_minInd202_maf0.05_minDepth202_maxDepth9051.log
    
        (one of the commands exited with non-zero exit code; note that snakemake uses bash strict mode!)
    cluster_jobid: Submitted batch job 181739

Error executing rule get_bcf on cluster (jobid: 23, external: Submitted batch job 181739, jobscript: /gpfs/gpfs1/scratch/c7701178/mach2/DAPHNIA/Daphnia_RestEggs_snakemake_pbs_2.0_HiC_SLURM/.snakemake/tmp.n5ot2w6y/snakejob.get_bcf.23.sh). For error details see the cluster log and the log files of the involved rule(s).
[Fri May 26 13:34:15 2023]
Finished job 21.
3 of 14 steps (21%) done
[Fri May 26 13:34:17 2023]
Finished job 15.
4 of 14 steps (29%) done
[Fri May 26 13:36:03 2023]
Finished job 3.
5 of 14 steps (36%) done
Select jobs to execute...

[Fri May 26 13:36:03 2023]
Job 14:  Optimize .saf.idx and calculate 1dsfs's using realSFS and fold for theta estimates 
Reason: Missing output files: saf/POPS/sites/curvirostris_8_8_82.GL2.sites.1D.sfs; Input files updated by another job: saf/POPS/sites/curvirostris_8_8_82.GL2.sites.saf.idx.done


    module load singularity/3.8.7-python-3.10.8-gcc-8.5.0-e6f6onc
    singularity exec --home $PWD:$HOME /scratch/c7701178/bio/angsd+ngsrelate.sif /opt/angsd-0.939/misc/realSFS saf/POPS/sites/curvirostris_8_8_82.GL2.sites.saf.idx -fold 1 > saf/POPS/sites/curvirostris_8_8_82.GL2.sites.1D.sfs 2> log/saf_POPS/sites/curvirostris_8_8_82.GL2.sites.1D.sfs.log
    
Submitted job 14 with external jobid 'Submitted batch job 181755'.
[Fri May 26 13:36:40 2023]
Finished job 14.
6 of 14 steps (43%) done
[Fri May 26 13:43:44 2023]
Finished job 9.
7 of 14 steps (50%) done
Select jobs to execute...

[Fri May 26 13:43:44 2023]
Job 20:  Optimize .saf.idx and calculate 1dsfs's using realSFS and fold for theta estimates 
Reason: Missing output files: saf/POPS/sites/PEL_cuc_LC_8_8_215.GL2.sites.1D.sfs; Input files updated by another job: saf/POPS/sites/PEL_cuc_LC_8_8_215.GL2.sites.saf.idx.done


    module load singularity/3.8.7-python-3.10.8-gcc-8.5.0-e6f6onc
    singularity exec --home $PWD:$HOME /scratch/c7701178/bio/angsd+ngsrelate.sif /opt/angsd-0.939/misc/realSFS saf/POPS/sites/PEL_cuc_LC_8_8_215.GL2.sites.saf.idx -fold 1 > saf/POPS/sites/PEL_cuc_LC_8_8_215.GL2.sites.1D.sfs 2> log/saf_POPS/sites/PEL_cuc_LC_8_8_215.GL2.sites.1D.sfs.log
    
Submitted job 20 with external jobid 'Submitted batch job 181794'.
[Fri May 26 13:43:56 2023]
Error in rule onedsfs_folded_sites:
    jobid: 20
    input: saf/POPS/sites/PEL_cuc_LC_8_8_215.GL2.sites.saf.idx.done
    output: saf/POPS/sites/PEL_cuc_LC_8_8_215.GL2.sites.1D.sfs
    log: log/saf_POPS/sites/PEL_cuc_LC_8_8_215.GL2.sites.1D.sfs.log (check log file(s) for error details)
    shell:
        
    module load singularity/3.8.7-python-3.10.8-gcc-8.5.0-e6f6onc
    singularity exec --home $PWD:$HOME /scratch/c7701178/bio/angsd+ngsrelate.sif /opt/angsd-0.939/misc/realSFS saf/POPS/sites/PEL_cuc_LC_8_8_215.GL2.sites.saf.idx -fold 1 > saf/POPS/sites/PEL_cuc_LC_8_8_215.GL2.sites.1D.sfs 2> log/saf_POPS/sites/PEL_cuc_LC_8_8_215.GL2.sites.1D.sfs.log
    
        (one of the commands exited with non-zero exit code; note that snakemake uses bash strict mode!)
    cluster_jobid: Submitted batch job 181794

Error executing rule onedsfs_folded_sites on cluster (jobid: 20, external: Submitted batch job 181794, jobscript: /gpfs/gpfs1/scratch/c7701178/mach2/DAPHNIA/Daphnia_RestEggs_snakemake_pbs_2.0_HiC_SLURM/.snakemake/tmp.n5ot2w6y/snakejob.onedsfs_folded_sites.20.sh). For error details see the cluster log and the log files of the involved rule(s).
slurmstepd-n026: error: *** JOB 181729 ON n026 CANCELLED AT 2023-05-26T13:48:07 ***
