Building DAG of jobs...
Using shell: /usr/bin/bash
Provided cluster nodes: 5000
Job stats:
job                 count    min threads    max threads
----------------  -------  -------------  -------------
all                     1              1              1
angsd_SAF_POP           1              2              2
onedsfs_folded          1              2              2
sfs2theta               1              2              2
theta_stat_SW           1             12             12
theta_stat_chrom        1              2              2
total                   6              1             12

Select jobs to execute...

[Fri Jul  7 12:19:19 2023]
Job 233:  Compute site allele frequency likelihood (.saf.idx) for each population using angsd 
Reason: Missing output files: saf/POPS/cucREF6_6_6_284.GL2.saf.idx.done


    module load singularity/3.8.7-python-3.10.8-gcc-8.5.0-e6f6onc
    singularity exec --home $PWD:$HOME /scratch/c7701178/bio/angsd+ngsrelate.sif /opt/angsd-0.939/angsd 
    angsd -b list/saf/cucREF6.list -ref ref/Dgaleata_M5_PBasm.FINAL.fasta -anc ref/Dgaleata_M5_PBasm.FINAL.fasta -out saf/POPS/cucREF6_6_6_284.GL2 -uniqueOnly 1 -remove_bads 1 -only_proper_pairs 1 -trim 0 -C 50 -minQ 20 -minMapQ 30 -minInd 6 -setMinDepth 6 -setMaxDepth 284 -GL 2 -doCounts 1 -doSaf 1 2> log/saf_POPS/cucREF6_6_6_284.GL2.saf.idx.log
    
Submitted job 233 with external jobid 'Submitted batch job 219832'.
[Fri Jul  7 12:19:49 2023]
Error in rule angsd_SAF_POP:
    jobid: 233
    input: ref/Dgaleata_M5_PBasm.FINAL.fasta, list/saf/cucREF6.list
    output: saf/POPS/cucREF6_6_6_284.GL2.saf.idx.done
    log: log/saf_POPS/cucREF6_6_6_284.GL2.saf.idx.log (check log file(s) for error details)
    shell:
        
    module load singularity/3.8.7-python-3.10.8-gcc-8.5.0-e6f6onc
    singularity exec --home $PWD:$HOME /scratch/c7701178/bio/angsd+ngsrelate.sif /opt/angsd-0.939/angsd 
    angsd -b list/saf/cucREF6.list -ref ref/Dgaleata_M5_PBasm.FINAL.fasta -anc ref/Dgaleata_M5_PBasm.FINAL.fasta -out saf/POPS/cucREF6_6_6_284.GL2 -uniqueOnly 1 -remove_bads 1 -only_proper_pairs 1 -trim 0 -C 50 -minQ 20 -minMapQ 30 -minInd 6 -setMinDepth 6 -setMaxDepth 284 -GL 2 -doCounts 1 -doSaf 1 2> log/saf_POPS/cucREF6_6_6_284.GL2.saf.idx.log
    
        (one of the commands exited with non-zero exit code; note that snakemake uses bash strict mode!)
    cluster_jobid: Submitted batch job 219832

Error executing rule angsd_SAF_POP on cluster (jobid: 233, external: Submitted batch job 219832, jobscript: /gpfs/gpfs1/scratch/c7701178/mach2/DAPHNIA/Daphnia_RestEggs_snakemake_pbs_2.0_HiC_SLURM/.snakemake/tmp.dp0psl33/snakejob.angsd_SAF_POP.233.sh). For error details see the cluster log and the log files of the involved rule(s).
Exiting because a job execution failed. Look above for error message
Complete log: .snakemake/log/2023-07-07T121918.841215.snakemake.log
