Building DAG of jobs...
Using shell: /usr/bin/bash
Provided cluster nodes: 5000
Job stats:
job                     count    min threads    max threads
--------------------  -------  -------------  -------------
all                         1              1              1
angsd_SAF_POP_sites        11              2              2
onedsfs_folded_sites       11              2              2
total                      23              1              2

Select jobs to execute...

[Thu May 25 11:36:55 2023]
Job 4:  Compute site allele frequency likelihood (.saf.idx) for each population using angsd 
Reason: Missing output files: saf/POPS/sites/EGGS_gal_LC_78_78_4182.GL2.sites.saf.idx.done


    module load singularity/3.8.7-python-3.10.8-gcc-8.5.0-e6f6onc
    singularity exec --home $PWD:$HOME /scratch/c7701178/bio/angsd+ngsrelate.sif /opt/angsd-0.939/angsd -b list/saf/EGGS_gal_LC.list -ref ref/Dgaleata_M5_PBasm.FINAL.fasta -anc ref/Dgaleata_M5_PBasm.FINAL.fasta -out saf/POPS/sites/EGGS_gal_LC_78_78_4182.GL2.sites -uniqueOnly 1 -remove_bads 1 -only_proper_pairs 1 -trim 0 -C 50 -minQ 20 -minMapQ 30 -minInd 78 -setMinDepth 78 -setMaxDepth 4182 -GL 2 -doCounts 1 -doSaf 1 -doMaf 1 -doMajorMinor 3 -sites /scratch/c7701178/mach2/DAPHNIA/Daphnia_RestEggs_snakemake_pbs_2.0_HiC/angsd/LC/angsd_GL2_minInd202_maf0.05_minDepth202_maxDepth9051_globalSNP.list -rf /scratch/c7701178/mach2/DAPHNIA/Daphnia_RestEggs_snakemake_pbs_2.0_HiC/angsd/LC/angsd_GL2_minInd202_maf0.05_minDepth202_maxDepth9051_globalSNP.chr 2> log/saf_POPS/sites/EGGS_gal_LC_78_78_4182.GL2.sites.saf.idx.log
    
Submitted job 4 with external jobid 'Submitted batch job 176452'.

[Thu May 25 11:36:56 2023]
Job 6:  Compute site allele frequency likelihood (.saf.idx) for each population using angsd 
Reason: Missing output files: saf/POPS/sites/hatched_gal_LC_22_22_1161.GL2.sites.saf.idx.done


    module load singularity/3.8.7-python-3.10.8-gcc-8.5.0-e6f6onc
    singularity exec --home $PWD:$HOME /scratch/c7701178/bio/angsd+ngsrelate.sif /opt/angsd-0.939/angsd -b list/saf/hatched_gal_LC.list -ref ref/Dgaleata_M5_PBasm.FINAL.fasta -anc ref/Dgaleata_M5_PBasm.FINAL.fasta -out saf/POPS/sites/hatched_gal_LC_22_22_1161.GL2.sites -uniqueOnly 1 -remove_bads 1 -only_proper_pairs 1 -trim 0 -C 50 -minQ 20 -minMapQ 30 -minInd 22 -setMinDepth 22 -setMaxDepth 1161 -GL 2 -doCounts 1 -doSaf 1 -doMaf 1 -doMajorMinor 3 -sites /scratch/c7701178/mach2/DAPHNIA/Daphnia_RestEggs_snakemake_pbs_2.0_HiC/angsd/LC/angsd_GL2_minInd202_maf0.05_minDepth202_maxDepth9051_globalSNP.list -rf /scratch/c7701178/mach2/DAPHNIA/Daphnia_RestEggs_snakemake_pbs_2.0_HiC/angsd/LC/angsd_GL2_minInd202_maf0.05_minDepth202_maxDepth9051_globalSNP.chr 2> log/saf_POPS/sites/hatched_gal_LC_22_22_1161.GL2.sites.saf.idx.log
    
Submitted job 6 with external jobid 'Submitted batch job 176453'.

[Thu May 25 11:36:56 2023]
Job 2:  Compute site allele frequency likelihood (.saf.idx) for each population using angsd 
Reason: Missing output files: saf/POPS/sites/cucREF7_7_7_284.GL2.sites.saf.idx.done


    module load singularity/3.8.7-python-3.10.8-gcc-8.5.0-e6f6onc
    singularity exec --home $PWD:$HOME /scratch/c7701178/bio/angsd+ngsrelate.sif /opt/angsd-0.939/angsd -b list/saf/cucREF7.list -ref ref/Dgaleata_M5_PBasm.FINAL.fasta -anc ref/Dgaleata_M5_PBasm.FINAL.fasta -out saf/POPS/sites/cucREF7_7_7_284.GL2.sites -uniqueOnly 1 -remove_bads 1 -only_proper_pairs 1 -trim 0 -C 50 -minQ 20 -minMapQ 30 -minInd 7 -setMinDepth 7 -setMaxDepth 284 -GL 2 -doCounts 1 -doSaf 1 -doMaf 1 -doMajorMinor 3 -sites /scratch/c7701178/mach2/DAPHNIA/Daphnia_RestEggs_snakemake_pbs_2.0_HiC/angsd/LC/angsd_GL2_minInd202_maf0.05_minDepth202_maxDepth9051_globalSNP.list -rf /scratch/c7701178/mach2/DAPHNIA/Daphnia_RestEggs_snakemake_pbs_2.0_HiC/angsd/LC/angsd_GL2_minInd202_maf0.05_minDepth202_maxDepth9051_globalSNP.chr 2> log/saf_POPS/sites/cucREF7_7_7_284.GL2.sites.saf.idx.log
    
Submitted job 2 with external jobid 'Submitted batch job 176454'.

[Thu May 25 11:36:56 2023]
Job 8:  Compute site allele frequency likelihood (.saf.idx) for each population using angsd 
Reason: Missing output files: saf/POPS/sites/longREF9_9_9_393.GL2.sites.saf.idx.done


    module load singularity/3.8.7-python-3.10.8-gcc-8.5.0-e6f6onc
    singularity exec --home $PWD:$HOME /scratch/c7701178/bio/angsd+ngsrelate.sif /opt/angsd-0.939/angsd -b list/saf/longREF9.list -ref ref/Dgaleata_M5_PBasm.FINAL.fasta -anc ref/Dgaleata_M5_PBasm.FINAL.fasta -out saf/POPS/sites/longREF9_9_9_393.GL2.sites -uniqueOnly 1 -remove_bads 1 -only_proper_pairs 1 -trim 0 -C 50 -minQ 20 -minMapQ 30 -minInd 9 -setMinDepth 9 -setMaxDepth 393 -GL 2 -doCounts 1 -doSaf 1 -doMaf 1 -doMajorMinor 3 -sites /scratch/c7701178/mach2/DAPHNIA/Daphnia_RestEggs_snakemake_pbs_2.0_HiC/angsd/LC/angsd_GL2_minInd202_maf0.05_minDepth202_maxDepth9051_globalSNP.list -rf /scratch/c7701178/mach2/DAPHNIA/Daphnia_RestEggs_snakemake_pbs_2.0_HiC/angsd/LC/angsd_GL2_minInd202_maf0.05_minDepth202_maxDepth9051_globalSNP.chr 2> log/saf_POPS/sites/longREF9_9_9_393.GL2.sites.saf.idx.log
    
Submitted job 8 with external jobid 'Submitted batch job 176455'.

[Thu May 25 11:36:56 2023]
Job 10:  Compute site allele frequency likelihood (.saf.idx) for each population using angsd 
Reason: Missing output files: saf/POPS/sites/PEL_long_LC_17_17_480.GL2.sites.saf.idx.done


    module load singularity/3.8.7-python-3.10.8-gcc-8.5.0-e6f6onc
    singularity exec --home $PWD:$HOME /scratch/c7701178/bio/angsd+ngsrelate.sif /opt/angsd-0.939/angsd -b list/saf/PEL_long_LC.list -ref ref/Dgaleata_M5_PBasm.FINAL.fasta -anc ref/Dgaleata_M5_PBasm.FINAL.fasta -out saf/POPS/sites/PEL_long_LC_17_17_480.GL2.sites -uniqueOnly 1 -remove_bads 1 -only_proper_pairs 1 -trim 0 -C 50 -minQ 20 -minMapQ 30 -minInd 17 -setMinDepth 17 -setMaxDepth 480 -GL 2 -doCounts 1 -doSaf 1 -doMaf 1 -doMajorMinor 3 -sites /scratch/c7701178/mach2/DAPHNIA/Daphnia_RestEggs_snakemake_pbs_2.0_HiC/angsd/LC/angsd_GL2_minInd202_maf0.05_minDepth202_maxDepth9051_globalSNP.list -rf /scratch/c7701178/mach2/DAPHNIA/Daphnia_RestEggs_snakemake_pbs_2.0_HiC/angsd/LC/angsd_GL2_minInd202_maf0.05_minDepth202_maxDepth9051_globalSNP.chr 2> log/saf_POPS/sites/PEL_long_LC_17_17_480.GL2.sites.saf.idx.log
    
Submitted job 10 with external jobid 'Submitted batch job 176456'.

[Thu May 25 11:36:56 2023]
Job 5:  Compute site allele frequency likelihood (.saf.idx) for each population using angsd 
Reason: Missing output files: saf/POPS/sites/galREF9_9_9_467.GL2.sites.saf.idx.done


    module load singularity/3.8.7-python-3.10.8-gcc-8.5.0-e6f6onc
    singularity exec --home $PWD:$HOME /scratch/c7701178/bio/angsd+ngsrelate.sif /opt/angsd-0.939/angsd -b list/saf/galREF9.list -ref ref/Dgaleata_M5_PBasm.FINAL.fasta -anc ref/Dgaleata_M5_PBasm.FINAL.fasta -out saf/POPS/sites/galREF9_9_9_467.GL2.sites -uniqueOnly 1 -remove_bads 1 -only_proper_pairs 1 -trim 0 -C 50 -minQ 20 -minMapQ 30 -minInd 9 -setMinDepth 9 -setMaxDepth 467 -GL 2 -doCounts 1 -doSaf 1 -doMaf 1 -doMajorMinor 3 -sites /scratch/c7701178/mach2/DAPHNIA/Daphnia_RestEggs_snakemake_pbs_2.0_HiC/angsd/LC/angsd_GL2_minInd202_maf0.05_minDepth202_maxDepth9051_globalSNP.list -rf /scratch/c7701178/mach2/DAPHNIA/Daphnia_RestEggs_snakemake_pbs_2.0_HiC/angsd/LC/angsd_GL2_minInd202_maf0.05_minDepth202_maxDepth9051_globalSNP.chr 2> log/saf_POPS/sites/galREF9_9_9_467.GL2.sites.saf.idx.log
    
Submitted job 5 with external jobid 'Submitted batch job 176457'.

[Thu May 25 11:36:56 2023]
Job 11:  Compute site allele frequency likelihood (.saf.idx) for each population using angsd 
Reason: Code has changed since last execution


    module load singularity/3.8.7-python-3.10.8-gcc-8.5.0-e6f6onc
    singularity exec --home $PWD:$HOME /scratch/c7701178/bio/angsd+ngsrelate.sif /opt/angsd-0.939/angsd -b list/saf/PRE_long_LC.list -ref ref/Dgaleata_M5_PBasm.FINAL.fasta -anc ref/Dgaleata_M5_PBasm.FINAL.fasta -out saf/POPS/sites/PRE_long_LC_8_8_276.GL2.sites -uniqueOnly 1 -remove_bads 1 -only_proper_pairs 1 -trim 0 -C 50 -minQ 20 -minMapQ 30 -minInd 8 -setMinDepth 8 -setMaxDepth 276 -GL 2 -doCounts 1 -doSaf 1 -doMaf 1 -doMajorMinor 3 -sites /scratch/c7701178/mach2/DAPHNIA/Daphnia_RestEggs_snakemake_pbs_2.0_HiC/angsd/LC/angsd_GL2_minInd202_maf0.05_minDepth202_maxDepth9051_globalSNP.list -rf /scratch/c7701178/mach2/DAPHNIA/Daphnia_RestEggs_snakemake_pbs_2.0_HiC/angsd/LC/angsd_GL2_minInd202_maf0.05_minDepth202_maxDepth9051_globalSNP.chr 2> log/saf_POPS/sites/PRE_long_LC_8_8_276.GL2.sites.saf.idx.log
    
Submitted job 11 with external jobid 'Submitted batch job 176458'.

[Thu May 25 11:36:56 2023]
Job 1:  Compute site allele frequency likelihood (.saf.idx) for each population using angsd 
Reason: Missing output files: saf/POPS/sites/ALL_gal_LC_100_100_5343.GL2.sites.saf.idx.done


    module load singularity/3.8.7-python-3.10.8-gcc-8.5.0-e6f6onc
    singularity exec --home $PWD:$HOME /scratch/c7701178/bio/angsd+ngsrelate.sif /opt/angsd-0.939/angsd -b list/saf/ALL_gal_LC.list -ref ref/Dgaleata_M5_PBasm.FINAL.fasta -anc ref/Dgaleata_M5_PBasm.FINAL.fasta -out saf/POPS/sites/ALL_gal_LC_100_100_5343.GL2.sites -uniqueOnly 1 -remove_bads 1 -only_proper_pairs 1 -trim 0 -C 50 -minQ 20 -minMapQ 30 -minInd 100 -setMinDepth 100 -setMaxDepth 5343 -GL 2 -doCounts 1 -doSaf 1 -doMaf 1 -doMajorMinor 3 -sites /scratch/c7701178/mach2/DAPHNIA/Daphnia_RestEggs_snakemake_pbs_2.0_HiC/angsd/LC/angsd_GL2_minInd202_maf0.05_minDepth202_maxDepth9051_globalSNP.list -rf /scratch/c7701178/mach2/DAPHNIA/Daphnia_RestEggs_snakemake_pbs_2.0_HiC/angsd/LC/angsd_GL2_minInd202_maf0.05_minDepth202_maxDepth9051_globalSNP.chr 2> log/saf_POPS/sites/ALL_gal_LC_100_100_5343.GL2.sites.saf.idx.log
    
Submitted job 1 with external jobid 'Submitted batch job 176459'.

[Thu May 25 11:36:56 2023]
Job 7:  Compute site allele frequency likelihood (.saf.idx) for each population using angsd 
Reason: Missing output files: saf/POPS/sites/longREF7_7_7_317.GL2.sites.saf.idx.done


    module load singularity/3.8.7-python-3.10.8-gcc-8.5.0-e6f6onc
    singularity exec --home $PWD:$HOME /scratch/c7701178/bio/angsd+ngsrelate.sif /opt/angsd-0.939/angsd -b list/saf/longREF7.list -ref ref/Dgaleata_M5_PBasm.FINAL.fasta -anc ref/Dgaleata_M5_PBasm.FINAL.fasta -out saf/POPS/sites/longREF7_7_7_317.GL2.sites -uniqueOnly 1 -remove_bads 1 -only_proper_pairs 1 -trim 0 -C 50 -minQ 20 -minMapQ 30 -minInd 7 -setMinDepth 7 -setMaxDepth 317 -GL 2 -doCounts 1 -doSaf 1 -doMaf 1 -doMajorMinor 3 -sites /scratch/c7701178/mach2/DAPHNIA/Daphnia_RestEggs_snakemake_pbs_2.0_HiC/angsd/LC/angsd_GL2_minInd202_maf0.05_minDepth202_maxDepth9051_globalSNP.list -rf /scratch/c7701178/mach2/DAPHNIA/Daphnia_RestEggs_snakemake_pbs_2.0_HiC/angsd/LC/angsd_GL2_minInd202_maf0.05_minDepth202_maxDepth9051_globalSNP.chr 2> log/saf_POPS/sites/longREF7_7_7_317.GL2.sites.saf.idx.log
    
Submitted job 7 with external jobid 'Submitted batch job 176460'.

[Thu May 25 11:36:56 2023]
Job 3:  Compute site allele frequency likelihood (.saf.idx) for each population using angsd 
Reason: Missing output files: saf/POPS/sites/curvirostris_8_8_82.GL2.sites.saf.idx.done


    module load singularity/3.8.7-python-3.10.8-gcc-8.5.0-e6f6onc
    singularity exec --home $PWD:$HOME /scratch/c7701178/bio/angsd+ngsrelate.sif /opt/angsd-0.939/angsd -b list/saf/curvirostris.list -ref ref/Dgaleata_M5_PBasm.FINAL.fasta -anc ref/Dgaleata_M5_PBasm.FINAL.fasta -out saf/POPS/sites/curvirostris_8_8_82.GL2.sites -uniqueOnly 1 -remove_bads 1 -only_proper_pairs 1 -trim 0 -C 50 -minQ 20 -minMapQ 30 -minInd 8 -setMinDepth 8 -setMaxDepth 82 -GL 2 -doCounts 1 -doSaf 1 -doMaf 1 -doMajorMinor 3 -sites /scratch/c7701178/mach2/DAPHNIA/Daphnia_RestEggs_snakemake_pbs_2.0_HiC/angsd/LC/angsd_GL2_minInd202_maf0.05_minDepth202_maxDepth9051_globalSNP.list -rf /scratch/c7701178/mach2/DAPHNIA/Daphnia_RestEggs_snakemake_pbs_2.0_HiC/angsd/LC/angsd_GL2_minInd202_maf0.05_minDepth202_maxDepth9051_globalSNP.chr 2> log/saf_POPS/sites/curvirostris_8_8_82.GL2.sites.saf.idx.log
    
Submitted job 3 with external jobid 'Submitted batch job 176461'.

[Thu May 25 11:36:56 2023]
Job 9:  Compute site allele frequency likelihood (.saf.idx) for each population using angsd 
Reason: Missing output files: saf/POPS/sites/PEL_cuc_LC_8_8_215.GL2.sites.saf.idx.done


    module load singularity/3.8.7-python-3.10.8-gcc-8.5.0-e6f6onc
    singularity exec --home $PWD:$HOME /scratch/c7701178/bio/angsd+ngsrelate.sif /opt/angsd-0.939/angsd -b list/saf/PEL_cuc_LC.list -ref ref/Dgaleata_M5_PBasm.FINAL.fasta -anc ref/Dgaleata_M5_PBasm.FINAL.fasta -out saf/POPS/sites/PEL_cuc_LC_8_8_215.GL2.sites -uniqueOnly 1 -remove_bads 1 -only_proper_pairs 1 -trim 0 -C 50 -minQ 20 -minMapQ 30 -minInd 8 -setMinDepth 8 -setMaxDepth 215 -GL 2 -doCounts 1 -doSaf 1 -doMaf 1 -doMajorMinor 3 -sites /scratch/c7701178/mach2/DAPHNIA/Daphnia_RestEggs_snakemake_pbs_2.0_HiC/angsd/LC/angsd_GL2_minInd202_maf0.05_minDepth202_maxDepth9051_globalSNP.list -rf /scratch/c7701178/mach2/DAPHNIA/Daphnia_RestEggs_snakemake_pbs_2.0_HiC/angsd/LC/angsd_GL2_minInd202_maf0.05_minDepth202_maxDepth9051_globalSNP.chr 2> log/saf_POPS/sites/PEL_cuc_LC_8_8_215.GL2.sites.saf.idx.log
    
Submitted job 9 with external jobid 'Submitted batch job 176462'.
[Thu May 25 11:56:28 2023]
Finished job 2.
1 of 23 steps (4%) done
Select jobs to execute...

[Thu May 25 11:56:28 2023]
Job 13:  Optimize .saf.idx and calculate 1dsfs's using realSFS and fold for theta estimates 
Reason: Missing output files: saf/POPS/sites/cucREF7_7_7_284.GL2.sites.1D.sfs; Input files updated by another job: saf/POPS/sites/cucREF7_7_7_284.GL2.sites.saf.idx.done


    module load singularity/3.8.7-python-3.10.8-gcc-8.5.0-e6f6onc
    singularity exec --home $PWD:$HOME /scratch/c7701178/bio/angsd+ngsrelate.sif /opt/angsd-0.939/misc/realSFS saf/POPS/sites/cucREF7_7_7_284.GL2.sites.saf.idx -fold 1 > saf/POPS/sites/cucREF7_7_7_284.GL2.sites.1D.sfs 2> log/saf_POPS/sites/cucREF7_7_7_284.GL2.sites.1D.sfs.log
    
Submitted job 13 with external jobid 'Submitted batch job 176470'.
[Thu May 25 11:57:06 2023]
Finished job 13.
2 of 23 steps (9%) done
[Thu May 25 12:02:52 2023]
Finished job 8.
3 of 23 steps (13%) done
Select jobs to execute...

[Thu May 25 12:02:52 2023]
Job 19:  Optimize .saf.idx and calculate 1dsfs's using realSFS and fold for theta estimates 
Reason: Missing output files: saf/POPS/sites/longREF9_9_9_393.GL2.sites.1D.sfs; Input files updated by another job: saf/POPS/sites/longREF9_9_9_393.GL2.sites.saf.idx.done


    module load singularity/3.8.7-python-3.10.8-gcc-8.5.0-e6f6onc
    singularity exec --home $PWD:$HOME /scratch/c7701178/bio/angsd+ngsrelate.sif /opt/angsd-0.939/misc/realSFS saf/POPS/sites/longREF9_9_9_393.GL2.sites.saf.idx -fold 1 > saf/POPS/sites/longREF9_9_9_393.GL2.sites.1D.sfs 2> log/saf_POPS/sites/longREF9_9_9_393.GL2.sites.1D.sfs.log
    
Submitted job 19 with external jobid 'Submitted batch job 176471'.
[Thu May 25 12:03:47 2023]
Finished job 19.
4 of 23 steps (17%) done
[Thu May 25 12:23:41 2023]
Finished job 11.
5 of 23 steps (22%) done
Select jobs to execute...

[Thu May 25 12:23:41 2023]
Job 22:  Optimize .saf.idx and calculate 1dsfs's using realSFS and fold for theta estimates 
Reason: Missing output files: saf/POPS/sites/PRE_long_LC_8_8_276.GL2.sites.1D.sfs; Input files updated by another job: saf/POPS/sites/PRE_long_LC_8_8_276.GL2.sites.saf.idx.done


    module load singularity/3.8.7-python-3.10.8-gcc-8.5.0-e6f6onc
    singularity exec --home $PWD:$HOME /scratch/c7701178/bio/angsd+ngsrelate.sif /opt/angsd-0.939/misc/realSFS saf/POPS/sites/PRE_long_LC_8_8_276.GL2.sites.saf.idx -fold 1 > saf/POPS/sites/PRE_long_LC_8_8_276.GL2.sites.1D.sfs 2> log/saf_POPS/sites/PRE_long_LC_8_8_276.GL2.sites.1D.sfs.log
    
Submitted job 22 with external jobid 'Submitted batch job 176522'.
[Thu May 25 12:24:13 2023]
Finished job 22.
6 of 23 steps (26%) done
[Thu May 25 12:31:21 2023]
Finished job 10.
7 of 23 steps (30%) done
Select jobs to execute...

[Thu May 25 12:31:21 2023]
Job 21:  Optimize .saf.idx and calculate 1dsfs's using realSFS and fold for theta estimates 
Reason: Missing output files: saf/POPS/sites/PEL_long_LC_17_17_480.GL2.sites.1D.sfs; Input files updated by another job: saf/POPS/sites/PEL_long_LC_17_17_480.GL2.sites.saf.idx.done


    module load singularity/3.8.7-python-3.10.8-gcc-8.5.0-e6f6onc
    singularity exec --home $PWD:$HOME /scratch/c7701178/bio/angsd+ngsrelate.sif /opt/angsd-0.939/misc/realSFS saf/POPS/sites/PEL_long_LC_17_17_480.GL2.sites.saf.idx -fold 1 > saf/POPS/sites/PEL_long_LC_17_17_480.GL2.sites.1D.sfs 2> log/saf_POPS/sites/PEL_long_LC_17_17_480.GL2.sites.1D.sfs.log
    
Submitted job 21 with external jobid 'Submitted batch job 176546'.
[Thu May 25 12:31:36 2023]
Error in rule onedsfs_folded_sites:
    jobid: 21
    input: saf/POPS/sites/PEL_long_LC_17_17_480.GL2.sites.saf.idx.done
    output: saf/POPS/sites/PEL_long_LC_17_17_480.GL2.sites.1D.sfs
    log: log/saf_POPS/sites/PEL_long_LC_17_17_480.GL2.sites.1D.sfs.log (check log file(s) for error details)
    shell:
        
    module load singularity/3.8.7-python-3.10.8-gcc-8.5.0-e6f6onc
    singularity exec --home $PWD:$HOME /scratch/c7701178/bio/angsd+ngsrelate.sif /opt/angsd-0.939/misc/realSFS saf/POPS/sites/PEL_long_LC_17_17_480.GL2.sites.saf.idx -fold 1 > saf/POPS/sites/PEL_long_LC_17_17_480.GL2.sites.1D.sfs 2> log/saf_POPS/sites/PEL_long_LC_17_17_480.GL2.sites.1D.sfs.log
    
        (one of the commands exited with non-zero exit code; note that snakemake uses bash strict mode!)
    cluster_jobid: Submitted batch job 176546

Error executing rule onedsfs_folded_sites on cluster (jobid: 21, external: Submitted batch job 176546, jobscript: /gpfs/gpfs1/scratch/c7701178/mach2/DAPHNIA/Daphnia_RestEggs_snakemake_pbs_2.0_HiC_SLURM/.snakemake/tmp.lt3__5m2/snakejob.onedsfs_folded_sites.21.sh). For error details see the cluster log and the log files of the involved rule(s).
[Thu May 25 12:44:44 2023]
Finished job 5.
8 of 23 steps (35%) done
Select jobs to execute...

[Thu May 25 12:44:44 2023]
Job 16:  Optimize .saf.idx and calculate 1dsfs's using realSFS and fold for theta estimates 
Reason: Missing output files: saf/POPS/sites/galREF9_9_9_467.GL2.sites.1D.sfs; Input files updated by another job: saf/POPS/sites/galREF9_9_9_467.GL2.sites.saf.idx.done


    module load singularity/3.8.7-python-3.10.8-gcc-8.5.0-e6f6onc
    singularity exec --home $PWD:$HOME /scratch/c7701178/bio/angsd+ngsrelate.sif /opt/angsd-0.939/misc/realSFS saf/POPS/sites/galREF9_9_9_467.GL2.sites.saf.idx -fold 1 > saf/POPS/sites/galREF9_9_9_467.GL2.sites.1D.sfs 2> log/saf_POPS/sites/galREF9_9_9_467.GL2.sites.1D.sfs.log
    
Submitted job 16 with external jobid 'Submitted batch job 176547'.
[Thu May 25 12:44:58 2023]
Error in rule onedsfs_folded_sites:
    jobid: 16
    input: saf/POPS/sites/galREF9_9_9_467.GL2.sites.saf.idx.done
    output: saf/POPS/sites/galREF9_9_9_467.GL2.sites.1D.sfs
    log: log/saf_POPS/sites/galREF9_9_9_467.GL2.sites.1D.sfs.log (check log file(s) for error details)
    shell:
        
    module load singularity/3.8.7-python-3.10.8-gcc-8.5.0-e6f6onc
    singularity exec --home $PWD:$HOME /scratch/c7701178/bio/angsd+ngsrelate.sif /opt/angsd-0.939/misc/realSFS saf/POPS/sites/galREF9_9_9_467.GL2.sites.saf.idx -fold 1 > saf/POPS/sites/galREF9_9_9_467.GL2.sites.1D.sfs 2> log/saf_POPS/sites/galREF9_9_9_467.GL2.sites.1D.sfs.log
    
        (one of the commands exited with non-zero exit code; note that snakemake uses bash strict mode!)
    cluster_jobid: Submitted batch job 176547

Error executing rule onedsfs_folded_sites on cluster (jobid: 16, external: Submitted batch job 176547, jobscript: /gpfs/gpfs1/scratch/c7701178/mach2/DAPHNIA/Daphnia_RestEggs_snakemake_pbs_2.0_HiC_SLURM/.snakemake/tmp.lt3__5m2/snakejob.onedsfs_folded_sites.16.sh). For error details see the cluster log and the log files of the involved rule(s).
[Thu May 25 12:47:32 2023]
Error in rule angsd_SAF_POP_sites:
    jobid: 7
    input: ref/Dgaleata_M5_PBasm.FINAL.fasta, list/saf/longREF7.list, /scratch/c7701178/mach2/DAPHNIA/Daphnia_RestEggs_snakemake_pbs_2.0_HiC/angsd/LC/angsd_GL2_minInd202_maf0.05_minDepth202_maxDepth9051_globalSNP.list, /scratch/c7701178/mach2/DAPHNIA/Daphnia_RestEggs_snakemake_pbs_2.0_HiC/angsd/LC/angsd_GL2_minInd202_maf0.05_minDepth202_maxDepth9051_globalSNP.chr
    output: saf/POPS/sites/longREF7_7_7_317.GL2.sites.saf.idx.done
    log: log/saf_POPS/sites/longREF7_7_7_317.GL2.sites.saf.idx.log (check log file(s) for error details)
    shell:
        
    module load singularity/3.8.7-python-3.10.8-gcc-8.5.0-e6f6onc
    singularity exec --home $PWD:$HOME /scratch/c7701178/bio/angsd+ngsrelate.sif /opt/angsd-0.939/angsd -b list/saf/longREF7.list -ref ref/Dgaleata_M5_PBasm.FINAL.fasta -anc ref/Dgaleata_M5_PBasm.FINAL.fasta -out saf/POPS/sites/longREF7_7_7_317.GL2.sites -uniqueOnly 1 -remove_bads 1 -only_proper_pairs 1 -trim 0 -C 50 -minQ 20 -minMapQ 30 -minInd 7 -setMinDepth 7 -setMaxDepth 317 -GL 2 -doCounts 1 -doSaf 1 -doMaf 1 -doMajorMinor 3 -sites /scratch/c7701178/mach2/DAPHNIA/Daphnia_RestEggs_snakemake_pbs_2.0_HiC/angsd/LC/angsd_GL2_minInd202_maf0.05_minDepth202_maxDepth9051_globalSNP.list -rf /scratch/c7701178/mach2/DAPHNIA/Daphnia_RestEggs_snakemake_pbs_2.0_HiC/angsd/LC/angsd_GL2_minInd202_maf0.05_minDepth202_maxDepth9051_globalSNP.chr 2> log/saf_POPS/sites/longREF7_7_7_317.GL2.sites.saf.idx.log
    
        (one of the commands exited with non-zero exit code; note that snakemake uses bash strict mode!)
    cluster_jobid: Submitted batch job 176460

Error executing rule angsd_SAF_POP_sites on cluster (jobid: 7, external: Submitted batch job 176460, jobscript: /gpfs/gpfs1/scratch/c7701178/mach2/DAPHNIA/Daphnia_RestEggs_snakemake_pbs_2.0_HiC_SLURM/.snakemake/tmp.lt3__5m2/snakejob.angsd_SAF_POP_sites.7.sh). For error details see the cluster log and the log files of the involved rule(s).
[Thu May 25 12:48:01 2023]
Error in rule angsd_SAF_POP_sites:
    jobid: 3
    input: ref/Dgaleata_M5_PBasm.FINAL.fasta, list/saf/curvirostris.list, /scratch/c7701178/mach2/DAPHNIA/Daphnia_RestEggs_snakemake_pbs_2.0_HiC/angsd/LC/angsd_GL2_minInd202_maf0.05_minDepth202_maxDepth9051_globalSNP.list, /scratch/c7701178/mach2/DAPHNIA/Daphnia_RestEggs_snakemake_pbs_2.0_HiC/angsd/LC/angsd_GL2_minInd202_maf0.05_minDepth202_maxDepth9051_globalSNP.chr
    output: saf/POPS/sites/curvirostris_8_8_82.GL2.sites.saf.idx.done
    log: log/saf_POPS/sites/curvirostris_8_8_82.GL2.sites.saf.idx.log (check log file(s) for error details)
    shell:
        
    module load singularity/3.8.7-python-3.10.8-gcc-8.5.0-e6f6onc
    singularity exec --home $PWD:$HOME /scratch/c7701178/bio/angsd+ngsrelate.sif /opt/angsd-0.939/angsd -b list/saf/curvirostris.list -ref ref/Dgaleata_M5_PBasm.FINAL.fasta -anc ref/Dgaleata_M5_PBasm.FINAL.fasta -out saf/POPS/sites/curvirostris_8_8_82.GL2.sites -uniqueOnly 1 -remove_bads 1 -only_proper_pairs 1 -trim 0 -C 50 -minQ 20 -minMapQ 30 -minInd 8 -setMinDepth 8 -setMaxDepth 82 -GL 2 -doCounts 1 -doSaf 1 -doMaf 1 -doMajorMinor 3 -sites /scratch/c7701178/mach2/DAPHNIA/Daphnia_RestEggs_snakemake_pbs_2.0_HiC/angsd/LC/angsd_GL2_minInd202_maf0.05_minDepth202_maxDepth9051_globalSNP.list -rf /scratch/c7701178/mach2/DAPHNIA/Daphnia_RestEggs_snakemake_pbs_2.0_HiC/angsd/LC/angsd_GL2_minInd202_maf0.05_minDepth202_maxDepth9051_globalSNP.chr 2> log/saf_POPS/sites/curvirostris_8_8_82.GL2.sites.saf.idx.log
    
        (one of the commands exited with non-zero exit code; note that snakemake uses bash strict mode!)
    cluster_jobid: Submitted batch job 176461

Error executing rule angsd_SAF_POP_sites on cluster (jobid: 3, external: Submitted batch job 176461, jobscript: /gpfs/gpfs1/scratch/c7701178/mach2/DAPHNIA/Daphnia_RestEggs_snakemake_pbs_2.0_HiC_SLURM/.snakemake/tmp.lt3__5m2/snakejob.angsd_SAF_POP_sites.3.sh). For error details see the cluster log and the log files of the involved rule(s).
[Thu May 25 12:48:28 2023]
Error in rule angsd_SAF_POP_sites:
    jobid: 9
    input: ref/Dgaleata_M5_PBasm.FINAL.fasta, list/saf/PEL_cuc_LC.list, /scratch/c7701178/mach2/DAPHNIA/Daphnia_RestEggs_snakemake_pbs_2.0_HiC/angsd/LC/angsd_GL2_minInd202_maf0.05_minDepth202_maxDepth9051_globalSNP.list, /scratch/c7701178/mach2/DAPHNIA/Daphnia_RestEggs_snakemake_pbs_2.0_HiC/angsd/LC/angsd_GL2_minInd202_maf0.05_minDepth202_maxDepth9051_globalSNP.chr
    output: saf/POPS/sites/PEL_cuc_LC_8_8_215.GL2.sites.saf.idx.done
    log: log/saf_POPS/sites/PEL_cuc_LC_8_8_215.GL2.sites.saf.idx.log (check log file(s) for error details)
    shell:
        
    module load singularity/3.8.7-python-3.10.8-gcc-8.5.0-e6f6onc
    singularity exec --home $PWD:$HOME /scratch/c7701178/bio/angsd+ngsrelate.sif /opt/angsd-0.939/angsd -b list/saf/PEL_cuc_LC.list -ref ref/Dgaleata_M5_PBasm.FINAL.fasta -anc ref/Dgaleata_M5_PBasm.FINAL.fasta -out saf/POPS/sites/PEL_cuc_LC_8_8_215.GL2.sites -uniqueOnly 1 -remove_bads 1 -only_proper_pairs 1 -trim 0 -C 50 -minQ 20 -minMapQ 30 -minInd 8 -setMinDepth 8 -setMaxDepth 215 -GL 2 -doCounts 1 -doSaf 1 -doMaf 1 -doMajorMinor 3 -sites /scratch/c7701178/mach2/DAPHNIA/Daphnia_RestEggs_snakemake_pbs_2.0_HiC/angsd/LC/angsd_GL2_minInd202_maf0.05_minDepth202_maxDepth9051_globalSNP.list -rf /scratch/c7701178/mach2/DAPHNIA/Daphnia_RestEggs_snakemake_pbs_2.0_HiC/angsd/LC/angsd_GL2_minInd202_maf0.05_minDepth202_maxDepth9051_globalSNP.chr 2> log/saf_POPS/sites/PEL_cuc_LC_8_8_215.GL2.sites.saf.idx.log
    
        (one of the commands exited with non-zero exit code; note that snakemake uses bash strict mode!)
    cluster_jobid: Submitted batch job 176462

Error executing rule angsd_SAF_POP_sites on cluster (jobid: 9, external: Submitted batch job 176462, jobscript: /gpfs/gpfs1/scratch/c7701178/mach2/DAPHNIA/Daphnia_RestEggs_snakemake_pbs_2.0_HiC_SLURM/.snakemake/tmp.lt3__5m2/snakejob.angsd_SAF_POP_sites.9.sh). For error details see the cluster log and the log files of the involved rule(s).
[Thu May 25 13:22:18 2023]
Finished job 6.
9 of 23 steps (39%) done
Select jobs to execute...

[Thu May 25 13:22:18 2023]
Job 17:  Optimize .saf.idx and calculate 1dsfs's using realSFS and fold for theta estimates 
Reason: Missing output files: saf/POPS/sites/hatched_gal_LC_22_22_1161.GL2.sites.1D.sfs; Input files updated by another job: saf/POPS/sites/hatched_gal_LC_22_22_1161.GL2.sites.saf.idx.done


    module load singularity/3.8.7-python-3.10.8-gcc-8.5.0-e6f6onc
    singularity exec --home $PWD:$HOME /scratch/c7701178/bio/angsd+ngsrelate.sif /opt/angsd-0.939/misc/realSFS saf/POPS/sites/hatched_gal_LC_22_22_1161.GL2.sites.saf.idx -fold 1 > saf/POPS/sites/hatched_gal_LC_22_22_1161.GL2.sites.1D.sfs 2> log/saf_POPS/sites/hatched_gal_LC_22_22_1161.GL2.sites.1D.sfs.log
    
Submitted job 17 with external jobid 'Submitted batch job 176553'.
[Thu May 25 13:22:29 2023]
Error in rule onedsfs_folded_sites:
    jobid: 17
    input: saf/POPS/sites/hatched_gal_LC_22_22_1161.GL2.sites.saf.idx.done
    output: saf/POPS/sites/hatched_gal_LC_22_22_1161.GL2.sites.1D.sfs
    log: log/saf_POPS/sites/hatched_gal_LC_22_22_1161.GL2.sites.1D.sfs.log (check log file(s) for error details)
    shell:
        
    module load singularity/3.8.7-python-3.10.8-gcc-8.5.0-e6f6onc
    singularity exec --home $PWD:$HOME /scratch/c7701178/bio/angsd+ngsrelate.sif /opt/angsd-0.939/misc/realSFS saf/POPS/sites/hatched_gal_LC_22_22_1161.GL2.sites.saf.idx -fold 1 > saf/POPS/sites/hatched_gal_LC_22_22_1161.GL2.sites.1D.sfs 2> log/saf_POPS/sites/hatched_gal_LC_22_22_1161.GL2.sites.1D.sfs.log
    
        (one of the commands exited with non-zero exit code; note that snakemake uses bash strict mode!)
    cluster_jobid: Submitted batch job 176553

Error executing rule onedsfs_folded_sites on cluster (jobid: 17, external: Submitted batch job 176553, jobscript: /gpfs/gpfs1/scratch/c7701178/mach2/DAPHNIA/Daphnia_RestEggs_snakemake_pbs_2.0_HiC_SLURM/.snakemake/tmp.lt3__5m2/snakejob.onedsfs_folded_sites.17.sh). For error details see the cluster log and the log files of the involved rule(s).
[Thu May 25 18:05:39 2023]
Finished job 4.
10 of 23 steps (43%) done
Select jobs to execute...

[Thu May 25 18:05:39 2023]
Job 15:  Optimize .saf.idx and calculate 1dsfs's using realSFS and fold for theta estimates 
Reason: Missing output files: saf/POPS/sites/EGGS_gal_LC_78_78_4182.GL2.sites.1D.sfs; Input files updated by another job: saf/POPS/sites/EGGS_gal_LC_78_78_4182.GL2.sites.saf.idx.done


    module load singularity/3.8.7-python-3.10.8-gcc-8.5.0-e6f6onc
    singularity exec --home $PWD:$HOME /scratch/c7701178/bio/angsd+ngsrelate.sif /opt/angsd-0.939/misc/realSFS saf/POPS/sites/EGGS_gal_LC_78_78_4182.GL2.sites.saf.idx -fold 1 > saf/POPS/sites/EGGS_gal_LC_78_78_4182.GL2.sites.1D.sfs 2> log/saf_POPS/sites/EGGS_gal_LC_78_78_4182.GL2.sites.1D.sfs.log
    
Submitted job 15 with external jobid 'Submitted batch job 176651'.
[Thu May 25 18:05:50 2023]
Error in rule onedsfs_folded_sites:
    jobid: 15
    input: saf/POPS/sites/EGGS_gal_LC_78_78_4182.GL2.sites.saf.idx.done
    output: saf/POPS/sites/EGGS_gal_LC_78_78_4182.GL2.sites.1D.sfs
    log: log/saf_POPS/sites/EGGS_gal_LC_78_78_4182.GL2.sites.1D.sfs.log (check log file(s) for error details)
    shell:
        
    module load singularity/3.8.7-python-3.10.8-gcc-8.5.0-e6f6onc
    singularity exec --home $PWD:$HOME /scratch/c7701178/bio/angsd+ngsrelate.sif /opt/angsd-0.939/misc/realSFS saf/POPS/sites/EGGS_gal_LC_78_78_4182.GL2.sites.saf.idx -fold 1 > saf/POPS/sites/EGGS_gal_LC_78_78_4182.GL2.sites.1D.sfs 2> log/saf_POPS/sites/EGGS_gal_LC_78_78_4182.GL2.sites.1D.sfs.log
    
        (one of the commands exited with non-zero exit code; note that snakemake uses bash strict mode!)
    cluster_jobid: Submitted batch job 176651

Error executing rule onedsfs_folded_sites on cluster (jobid: 15, external: Submitted batch job 176651, jobscript: /gpfs/gpfs1/scratch/c7701178/mach2/DAPHNIA/Daphnia_RestEggs_snakemake_pbs_2.0_HiC_SLURM/.snakemake/tmp.lt3__5m2/snakejob.onedsfs_folded_sites.15.sh). For error details see the cluster log and the log files of the involved rule(s).
slurmstepd-n021: error: *** JOB 176451 ON n021 CANCELLED AT 2023-05-26T13:18:21 ***
