Building DAG of jobs...
Using shell: /usr/bin/bash
Provided cluster nodes: 5000
Job stats:
job                    count    min threads    max threads
-------------------  -------  -------------  -------------
all                        1              1              1
angsd_SAF_POP_sites        1              2              2
total                      2              1              2

Select jobs to execute...

[Wed May 24 11:01:36 2023]
Job 1:  Compute site allele frequency likelihood (.saf.idx) for each population using angsd 
Reason: Missing output files: saf/POPS/sites/PRE_long_LC_8_8_276.GL2.sites.saf.idx.done


    module load singularity/3.8.7-python-3.10.8-gcc-8.5.0-e6f6onc
    singularity exec /scratch/c7701178/bio/angsd+ngsrelate.sif /opt/angsd/angsd -b list/saf/PRE_long_LC.list -ref ref/Dgaleata_M5_PBasm.FINAL.fasta -anc ref/Dgaleata_M5_PBasm.FINAL.fasta -out saf/POPS/sites/PRE_long_LC_8_8_276.GL2.sites -uniqueOnly 1 -remove_bads 1 -only_proper_pairs 1 -trim 0 -C 50 -minQ 20 -minMapQ 30 -minInd 8 -setMinDepth 8 -setMaxDepth 276 -GL 2 -doCounts 1 -doSaf 1 -doMaf 1 -doMajorMinor 3 -sites /scratch/c7701178/mach2/DAPHNIA/Daphnia_RestEggs_snakemake_pbs_2.0_HiC/angsd/LC/angsd_GL2_minInd202_maf0.05_minDepth202_maxDepth9051_globalSNP.list -rf /scratch/c7701178/mach2/DAPHNIA/Daphnia_RestEggs_snakemake_pbs_2.0_HiC/angsd/LC/angsd_GL2_minInd202_maf0.05_minDepth202_maxDepth9051_globalSNP.chr 2> log/saf_POPS/sites/PRE_long_LC_8_8_276.GL2.sites.saf.idx.log
    
Submitted job 1 with external jobid 'Submitted batch job 175827'.
[Wed May 24 11:02:36 2023]
Error in rule angsd_SAF_POP_sites:
    jobid: 1
    input: ref/Dgaleata_M5_PBasm.FINAL.fasta, list/saf/PRE_long_LC.list, /scratch/c7701178/mach2/DAPHNIA/Daphnia_RestEggs_snakemake_pbs_2.0_HiC/angsd/LC/angsd_GL2_minInd202_maf0.05_minDepth202_maxDepth9051_globalSNP.list, /scratch/c7701178/mach2/DAPHNIA/Daphnia_RestEggs_snakemake_pbs_2.0_HiC/angsd/LC/angsd_GL2_minInd202_maf0.05_minDepth202_maxDepth9051_globalSNP.chr
    output: saf/POPS/sites/PRE_long_LC_8_8_276.GL2.sites.saf.idx.done
    log: log/saf_POPS/sites/PRE_long_LC_8_8_276.GL2.sites.saf.idx.log (check log file(s) for error details)
    shell:
        
    module load singularity/3.8.7-python-3.10.8-gcc-8.5.0-e6f6onc
    singularity exec /scratch/c7701178/bio/angsd+ngsrelate.sif /opt/angsd/angsd -b list/saf/PRE_long_LC.list -ref ref/Dgaleata_M5_PBasm.FINAL.fasta -anc ref/Dgaleata_M5_PBasm.FINAL.fasta -out saf/POPS/sites/PRE_long_LC_8_8_276.GL2.sites -uniqueOnly 1 -remove_bads 1 -only_proper_pairs 1 -trim 0 -C 50 -minQ 20 -minMapQ 30 -minInd 8 -setMinDepth 8 -setMaxDepth 276 -GL 2 -doCounts 1 -doSaf 1 -doMaf 1 -doMajorMinor 3 -sites /scratch/c7701178/mach2/DAPHNIA/Daphnia_RestEggs_snakemake_pbs_2.0_HiC/angsd/LC/angsd_GL2_minInd202_maf0.05_minDepth202_maxDepth9051_globalSNP.list -rf /scratch/c7701178/mach2/DAPHNIA/Daphnia_RestEggs_snakemake_pbs_2.0_HiC/angsd/LC/angsd_GL2_minInd202_maf0.05_minDepth202_maxDepth9051_globalSNP.chr 2> log/saf_POPS/sites/PRE_long_LC_8_8_276.GL2.sites.saf.idx.log
    
        (one of the commands exited with non-zero exit code; note that snakemake uses bash strict mode!)
    cluster_jobid: Submitted batch job 175827

Error executing rule angsd_SAF_POP_sites on cluster (jobid: 1, external: Submitted batch job 175827, jobscript: /gpfs/gpfs1/scratch/c7701178/mach2/DAPHNIA/Daphnia_RestEggs_snakemake_pbs_2.0_HiC_SLURM/.snakemake/tmp.0s0cb5r0/snakejob.angsd_SAF_POP_sites.1.sh). For error details see the cluster log and the log files of the involved rule(s).
Exiting because a job execution failed. Look above for error message
Complete log: .snakemake/log/2023-05-24T110133.106495.snakemake.log
