Building DAG of jobs...
Using shell: /usr/bin/bash
Provided cluster nodes: 5000
Job stats:
job                    count    min threads    max threads
-------------------  -------  -------------  -------------
all                        1              1              1
get_chrom2                 2              1              1
get_mafs_bams_sites      354              2              2
index_sites_file           2              1              1
total                    359              1              2

Select jobs to execute...

[Thu Aug 10 19:27:35 2023]
Job 70:  Index sites file 
Reason: Missing output files: ancestry/LC/hybrids_LC/PRE_long_LC_galeata9.fixed_sites_index.done


		module load singularity/3.8.7-python-3.10.8-gcc-8.5.0-e6f6onc
	singularity exec --home $PWD:$HOME /scratch/c7701178/bio/angsd+ngsrelate.sif /opt/angsd-0.939/angsd sites index ancestry/LC/hybrids_LC/PRE_long_LC_galeata9.fixed_sites.txt 2> log/ancestry/PRE_long_LC_galeata9.fixed_sites_index.log
	
Submitted job 70 with external jobid 'Submitted batch job 282727'.

[Thu Aug 10 19:27:36 2023]
Job 67:  Get a list of chromosomes/scaffolds 
Reason: Missing output files: ancestry/LC/hybrids_LC/longispina7_galeata9.fixed_sites.chr


		cut -f1 ancestry/LC/hybrids_LC/longispina7_galeata9.fixed_sites.txt | uniq > ancestry/LC/hybrids_LC/longispina7_galeata9.fixed_sites.chr
		
Submitted job 67 with external jobid 'Submitted batch job 282728'.

[Thu Aug 10 19:27:36 2023]
Job 68:  Get a list of chromosomes/scaffolds 
Reason: Missing output files: ancestry/LC/hybrids_LC/PRE_long_LC_galeata9.fixed_sites.chr


		cut -f1 ancestry/LC/hybrids_LC/PRE_long_LC_galeata9.fixed_sites.txt | uniq > ancestry/LC/hybrids_LC/PRE_long_LC_galeata9.fixed_sites.chr
		
Submitted job 68 with external jobid 'Submitted batch job 282729'.

[Thu Aug 10 19:27:36 2023]
Job 69:  Index sites file 
Reason: Missing output files: ancestry/LC/hybrids_LC/longispina7_galeata9.fixed_sites_index.done


		module load singularity/3.8.7-python-3.10.8-gcc-8.5.0-e6f6onc
	singularity exec --home $PWD:$HOME /scratch/c7701178/bio/angsd+ngsrelate.sif /opt/angsd-0.939/angsd sites index ancestry/LC/hybrids_LC/longispina7_galeata9.fixed_sites.txt 2> log/ancestry/longispina7_galeata9.fixed_sites_index.log
	
Submitted job 69 with external jobid 'Submitted batch job 282730'.
[Thu Aug 10 19:28:11 2023]
Error in rule index_sites_file:
    jobid: 70
    input: ancestry/LC/hybrids_LC/PRE_long_LC_galeata9.fixed_sites.txt
    output: ancestry/LC/hybrids_LC/PRE_long_LC_galeata9.fixed_sites_index.done
    log: log/ancestry/PRE_long_LC_galeata9.fixed_sites_index.log (check log file(s) for error details)
    shell:
        
		module load singularity/3.8.7-python-3.10.8-gcc-8.5.0-e6f6onc
	singularity exec --home $PWD:$HOME /scratch/c7701178/bio/angsd+ngsrelate.sif /opt/angsd-0.939/angsd sites index ancestry/LC/hybrids_LC/PRE_long_LC_galeata9.fixed_sites.txt 2> log/ancestry/PRE_long_LC_galeata9.fixed_sites_index.log
	
        (one of the commands exited with non-zero exit code; note that snakemake uses bash strict mode!)
    cluster_jobid: Submitted batch job 282727

Error executing rule index_sites_file on cluster (jobid: 70, external: Submitted batch job 282727, jobscript: /gpfs/gpfs1/scratch/c7701178/mach2/DAPHNIA/Daphnia_RestEggs_snakemake_pbs_2.0_HiC_SLURM/.snakemake/tmp.hhoyxui9/snakejob.index_sites_file.70.sh). For error details see the cluster log and the log files of the involved rule(s).
[Thu Aug 10 19:28:12 2023]
Finished job 67.
1 of 359 steps (0.3%) done
[Thu Aug 10 19:28:13 2023]
Finished job 68.
2 of 359 steps (1%) done
[Thu Aug 10 19:28:14 2023]
Error in rule index_sites_file:
    jobid: 69
    input: ancestry/LC/hybrids_LC/longispina7_galeata9.fixed_sites.txt
    output: ancestry/LC/hybrids_LC/longispina7_galeata9.fixed_sites_index.done
    log: log/ancestry/longispina7_galeata9.fixed_sites_index.log (check log file(s) for error details)
    shell:
        
		module load singularity/3.8.7-python-3.10.8-gcc-8.5.0-e6f6onc
	singularity exec --home $PWD:$HOME /scratch/c7701178/bio/angsd+ngsrelate.sif /opt/angsd-0.939/angsd sites index ancestry/LC/hybrids_LC/longispina7_galeata9.fixed_sites.txt 2> log/ancestry/longispina7_galeata9.fixed_sites_index.log
	
        (one of the commands exited with non-zero exit code; note that snakemake uses bash strict mode!)
    cluster_jobid: Submitted batch job 282730

Error executing rule index_sites_file on cluster (jobid: 69, external: Submitted batch job 282730, jobscript: /gpfs/gpfs1/scratch/c7701178/mach2/DAPHNIA/Daphnia_RestEggs_snakemake_pbs_2.0_HiC_SLURM/.snakemake/tmp.hhoyxui9/snakejob.index_sites_file.69.sh). For error details see the cluster log and the log files of the involved rule(s).
Exiting because a job execution failed. Look above for error message
Complete log: .snakemake/log/2023-08-10T192733.837972.snakemake.log
