STARTED on Fr Jul 7 15:11:15 CEST 2023
PRE_long_LC PEL_long_LC ALL_gal_LC curvirostris
PRE_long_LC PEL_long_LC ALL_gal_LC curvirostris
PRE_long_LC PEL_long_LC galREF9 curvirostris
PRE_long_LC PEL_long_LC galREF9 curvirostris
PRE_long_LC PEL_long_LC PEL_cuc_LC curvirostris
PRE_long_LC PEL_long_LC PEL_cuc_LC curvirostris
PRE_long_LC PEL_long_LC cucREF6 curvirostris
PRE_long_LC longREF7 ALL_gal_LC curvirostris
PRE_long_LC PEL_long_LC cucREF6 curvirostris
PRE_long_LC longREF7 galREF9 curvirostris
PRE_long_LC longREF7 ALL_gal_LC curvirostris
PRE_long_LC longREF7 PEL_cuc_LC curvirostris
PRE_long_LC longREF7 cucREF6 curvirostris
PRE_long_LC longREF7 galREF9 curvirostris
PRE_long_LC longREF7 PEL_long_LC curvirostris
PRE_long_LC longREF9 ALL_gal_LC curvirostris
PRE_long_LC longREF7 PEL_cuc_LC curvirostris
PRE_long_LC longREF9 galREF9 curvirostris
PRE_long_LC longREF7 cucREF6 curvirostris
PRE_long_LC longREF9 PEL_cuc_LC curvirostris
PRE_long_LC longREF9 cucREF6 curvirostris
PRE_long_LC longREF7 PEL_long_LC curvirostris
PRE_long_LC longREF9 PEL_long_LC curvirostris
PRE_long_LC longREF9 ALL_gal_LC curvirostris
longREF7 PEL_long_LC ALL_gal_LC curvirostris
longREF7 PEL_long_LC galREF9 curvirostris
PRE_long_LC longREF9 galREF9 curvirostris
longREF7 PEL_long_LC PEL_cuc_LC curvirostris
longREF9 PEL_long_LC ALL_gal_LC curvirostris
PRE_long_LC longREF9 PEL_cuc_LC curvirostris
longREF9 PEL_long_LC galREF9 curvirostris
PRE_long_LC longREF9 cucREF6 curvirostris
longREF9 PEL_long_LC cucREF6 curvirostris
PRE_long_LC longREF9 PEL_long_LC curvirostris
galREF9 ALL_gal_LC longREF7 curvirostris
galREF9 ALL_gal_LC longREF9 curvirostris
longREF7 PEL_long_LC ALL_gal_LC curvirostris
galREF9 ALL_gal_LC PRE_long_LC curvirostris
longREF7 PEL_long_LC galREF9 curvirostris
galREF9 ALL_gal_LC PEL_long_LC curvirostris
longREF7 PEL_long_LC PEL_cuc_LC curvirostris
galREF9 ALL_gal_LC PEL_cuc_LC curvirostris
galREF9 ALL_gal_LC cucREF6 curvirostris
longREF9 PEL_long_LC ALL_gal_LC curvirostris
cucREF6 PEL_cuc_LC ALL_gal_LC curvirostris
longREF9 PEL_long_LC galREF9 curvirostris
cucREF6 PEL_cuc_LC galREF9 curvirostris
cucREF6 PEL_cuc_LC PRE_long_LC curvirostris
longREF9 PEL_long_LC cucREF6 curvirostris
cucREF6 PEL_cuc_LC PEL_long_LC curvirostris
cucREF6 PEL_cuc_LC longREF7 curvirostris
galREF9 ALL_gal_LC longREF7 curvirostris
cucREF6 PEL_cuc_LC longREF9 curvirostris
longREF7 galREF9 cucREF6 curvirostris
galREF9 ALL_gal_LC longREF9 curvirostris
galREF9 cucREF6 longREF7 curvirostris
galREF9 ALL_gal_LC PRE_long_LC curvirostris
galREF9 ALL_gal_LC PEL_long_LC curvirostris
galREF9 ALL_gal_LC PEL_cuc_LC curvirostris
galREF9 ALL_gal_LC cucREF6 curvirostris
cucREF6 PEL_cuc_LC ALL_gal_LC curvirostris
cucREF6 PEL_cuc_LC galREF9 curvirostris
cucREF6 PEL_cuc_LC PRE_long_LC curvirostris
cucREF6 PEL_cuc_LC PEL_long_LC curvirostris
cucREF6 PEL_cuc_LC longREF7 curvirostris
cucREF6 PEL_cuc_LC longREF9 curvirostris
longREF7 galREF9 cucREF6 curvirostris
galREF9 cucREF6 longREF7 curvirostris
