Building DAG of jobs...
Using shell: /usr/bin/bash
Provided cluster nodes: 5000
Job stats:
job                     count    min threads    max threads
--------------------  -------  -------------  -------------
all                         1              1              1
angsd_SAF_POP_sites         1              2              2
get_bcf                     1              2              2
onedsfs_folded_sites        1              2              2
total                       4              1              2

Select jobs to execute...

[Mon May 29 11:21:50 2023]
Job 1:  Compute site allele frequency likelihood (.saf.idx) for each population using angsd 
Reason: Missing output files: saf/POPS/sites/ALL_gal_LC_100_100_5343.GL2.sites.saf.idx.done


    module load singularity/3.8.7-python-3.10.8-gcc-8.5.0-e6f6onc
    singularity exec --home $PWD:$HOME /scratch/c7701178/bio/angsd+ngsrelate.sif /opt/angsd-0.939/angsd -b list/saf/ALL_gal_LC.list -ref ref/Dgaleata_M5_PBasm.FINAL.fasta -anc ref/Dgaleata_M5_PBasm.FINAL.fasta -out saf/POPS/sites/ALL_gal_LC_100_100_5343.GL2.sites -uniqueOnly 1 -remove_bads 1 -only_proper_pairs 1 -trim 0 -C 50 -minQ 20 -minMapQ 30 -minInd 100 -setMinDepth 100 -setMaxDepth 5343 -GL 2 -doCounts 1 -doSaf 1 -doMaf 1 -doMajorMinor 3 -sites /scratch/c7701178/mach2/DAPHNIA/Daphnia_RestEggs_snakemake_pbs_2.0_HiC/angsd/LC/angsd_GL2_minInd202_maf0.05_minDepth202_maxDepth9051_globalSNP.list -rf /scratch/c7701178/mach2/DAPHNIA/Daphnia_RestEggs_snakemake_pbs_2.0_HiC/angsd/LC/angsd_GL2_minInd202_maf0.05_minDepth202_maxDepth9051_globalSNP.chr 2> log/saf_POPS/sites/ALL_gal_LC_100_100_5343.GL2.sites.saf.idx.log
    
Submitted job 1 with external jobid 'Submitted batch job 185793'.

[Mon May 29 11:21:51 2023]
Job 23:  Call genotypes from realigned bam files using estimated allele frequencies from genotype likelihoods as a prior and output in bcf format 
Reason: Missing output files: ancestry/LC/data/get_bcf_angsd_GL2_minInd202_maf0.05_minDepth202_maxDepth9051.done


    module load singularity/3.8.7-python-3.10.8-gcc-8.5.0-e6f6onc
    singularity exec --home $PWD:$HOME /scratch/c7701178/bio/angsd+ngsrelate.sif /opt/angsd-0.939/angsd -b /scratch/c7701178/mach2/DAPHNIA/Daphnia_RestEggs_snakemake_pbs_2.0_HiC/depth/stats/LC_realignedBAM_df1.list -ref ref/Dgaleata_M5_PBasm.FINAL.fasta -out ancestry/LC/data/angsd_GL2_minInd202_maf0.05_minDepth202_maxDepth9051 -GL 2 -doPost 1 -doMajorMinor 3 -doMaf 1 -doBcf 1 --ignore-RG 0 -doGeno 1 -doCounts 1 -geno_minDepth 10 -sites list/angsd_GL2_minInd202_maf0.05_minDepth202_maxDepth9051_globalSNP.list -rf list/angsd_GL2_minInd202_maf0.05_minDepth202_maxDepth9051_globalSNP.chr 2> log/LC/get_bcf_angsd_GL2_minInd202_maf0.05_minDepth202_maxDepth9051.log
    
Submitted job 23 with external jobid 'Submitted batch job 185794'.
[Mon May 29 11:22:23 2023]
Error in rule get_bcf:
    jobid: 23
    input: ref/Dgaleata_M5_PBasm.FINAL.fasta, /scratch/c7701178/mach2/DAPHNIA/Daphnia_RestEggs_snakemake_pbs_2.0_HiC/depth/stats/LC_realignedBAM_df1.list, list/angsd_GL2_minInd202_maf0.05_minDepth202_maxDepth9051_globalSNP.list, list/angsd_GL2_minInd202_maf0.05_minDepth202_maxDepth9051_globalSNP.chr
    output: ancestry/LC/data/get_bcf_angsd_GL2_minInd202_maf0.05_minDepth202_maxDepth9051.done
    log: log/LC/get_bcf_angsd_GL2_minInd202_maf0.05_minDepth202_maxDepth9051.log (check log file(s) for error details)
    shell:
        
    module load singularity/3.8.7-python-3.10.8-gcc-8.5.0-e6f6onc
    singularity exec --home $PWD:$HOME /scratch/c7701178/bio/angsd+ngsrelate.sif /opt/angsd-0.939/angsd -b /scratch/c7701178/mach2/DAPHNIA/Daphnia_RestEggs_snakemake_pbs_2.0_HiC/depth/stats/LC_realignedBAM_df1.list -ref ref/Dgaleata_M5_PBasm.FINAL.fasta -out ancestry/LC/data/angsd_GL2_minInd202_maf0.05_minDepth202_maxDepth9051 -GL 2 -doPost 1 -doMajorMinor 3 -doMaf 1 -doBcf 1 --ignore-RG 0 -doGeno 1 -doCounts 1 -geno_minDepth 10 -sites list/angsd_GL2_minInd202_maf0.05_minDepth202_maxDepth9051_globalSNP.list -rf list/angsd_GL2_minInd202_maf0.05_minDepth202_maxDepth9051_globalSNP.chr 2> log/LC/get_bcf_angsd_GL2_minInd202_maf0.05_minDepth202_maxDepth9051.log
    
        (one of the commands exited with non-zero exit code; note that snakemake uses bash strict mode!)
    cluster_jobid: Submitted batch job 185794

Error executing rule get_bcf on cluster (jobid: 23, external: Submitted batch job 185794, jobscript: /gpfs/gpfs1/scratch/c7701178/mach2/DAPHNIA/Daphnia_RestEggs_snakemake_pbs_2.0_HiC_SLURM/.snakemake/tmp.8o6x1g8e/snakejob.get_bcf.23.sh). For error details see the cluster log and the log files of the involved rule(s).
[Mon May 29 18:49:30 2023]
Finished job 1.
1 of 4 steps (25%) done
Select jobs to execute...

[Mon May 29 18:49:30 2023]
Job 12:  Optimize .saf.idx and calculate 1dsfs's using realSFS and fold for theta estimates 
Reason: Missing output files: saf/POPS/sites/ALL_gal_LC_100_100_5343.GL2.sites.1D.sfs; Input files updated by another job: saf/POPS/sites/ALL_gal_LC_100_100_5343.GL2.sites.saf.idx.done


    module load singularity/3.8.7-python-3.10.8-gcc-8.5.0-e6f6onc
    singularity exec --home $PWD:$HOME /scratch/c7701178/bio/angsd+ngsrelate.sif /opt/angsd-0.939/misc/realSFS saf/POPS/sites/ALL_gal_LC_100_100_5343.GL2.sites.saf.idx -fold 1 > saf/POPS/sites/ALL_gal_LC_100_100_5343.GL2.sites.1D.sfs 2> log/saf_POPS/sites/ALL_gal_LC_100_100_5343.GL2.sites.1D.sfs.log
    
Submitted job 12 with external jobid 'Submitted batch job 186011'.
[Mon May 29 18:49:40 2023]
Finished job 12.
2 of 4 steps (50%) done
Exiting because a job execution failed. Look above for error message
Complete log: .snakemake/log/2023-05-29T112149.216187.snakemake.log
