Building DAG of jobs...
Using shell: /usr/bin/bash
Provided cluster nodes: 5000
Job stats:
job                  count    min threads    max threads
-----------------  -------  -------------  -------------
all                      1              1              1
get_mafs_df_sites       18              2              2
total                   19              1              2

Select jobs to execute...

[Thu Jun  1 15:23:01 2023]
Job 47:  Compute site allele frequency likelihood (.saf.idx) for each population using angsd 
Reason: Missing output files: synthesis_daphnia/mafs/df6.mafs.done


    module load singularity/3.8.7-python-3.10.8-gcc-8.5.0-e6f6onc
    singularity exec --home $PWD:$HOME /scratch/c7701178/bio/angsd+ngsrelate.sif /opt/angsd-0.939/angsd -b synthesis_daphnia/list/df6_realignedbam.list -ref ref/Dgaleata_M5_PBasm.FINAL.fasta -anc ref/Dgaleata_M5_PBasm.FINAL.fasta -out synthesis_daphnia/mafs/df6.mafs -GL 2 -doGlf 2 -doMaf 1 -doMajorMinor 3 -uniqueOnly 1 -remove_bads 1 -only_proper_pairs 1 -trim 0 -C 50 -minQ 20 -minMapQ 30 -minInd 1 -sites synthesis_daphnia/list/PRE_long_LC_ALL_gal_LC_PEL_long_LC.SNPs.tsv -rf synthesis_daphnia/list/PRE_long_LC_ALL_gal_LC_PEL_long_LC.SNPs.chr 2> log/synthesis_daphnia/mafs/df6.mafs.log
    
Submitted job 47 with external jobid 'Submitted batch job 187885'.

[Thu Jun  1 15:23:02 2023]
Job 56:  Compute site allele frequency likelihood (.saf.idx) for each population using angsd 
Reason: Missing output files: synthesis_daphnia/mafs/df15.mafs.done


    module load singularity/3.8.7-python-3.10.8-gcc-8.5.0-e6f6onc
    singularity exec --home $PWD:$HOME /scratch/c7701178/bio/angsd+ngsrelate.sif /opt/angsd-0.939/angsd -b synthesis_daphnia/list/df15_realignedbam.list -ref ref/Dgaleata_M5_PBasm.FINAL.fasta -anc ref/Dgaleata_M5_PBasm.FINAL.fasta -out synthesis_daphnia/mafs/df15.mafs -GL 2 -doGlf 2 -doMaf 1 -doMajorMinor 3 -uniqueOnly 1 -remove_bads 1 -only_proper_pairs 1 -trim 0 -C 50 -minQ 20 -minMapQ 30 -minInd 1 -sites synthesis_daphnia/list/PRE_long_LC_ALL_gal_LC_PEL_long_LC.SNPs.tsv -rf synthesis_daphnia/list/PRE_long_LC_ALL_gal_LC_PEL_long_LC.SNPs.chr 2> log/synthesis_daphnia/mafs/df15.mafs.log
    
Submitted job 56 with external jobid 'Submitted batch job 187886'.

[Thu Jun  1 15:23:02 2023]
Job 54:  Compute site allele frequency likelihood (.saf.idx) for each population using angsd 
Reason: Missing output files: synthesis_daphnia/mafs/df13.mafs.done


    module load singularity/3.8.7-python-3.10.8-gcc-8.5.0-e6f6onc
    singularity exec --home $PWD:$HOME /scratch/c7701178/bio/angsd+ngsrelate.sif /opt/angsd-0.939/angsd -b synthesis_daphnia/list/df13_realignedbam.list -ref ref/Dgaleata_M5_PBasm.FINAL.fasta -anc ref/Dgaleata_M5_PBasm.FINAL.fasta -out synthesis_daphnia/mafs/df13.mafs -GL 2 -doGlf 2 -doMaf 1 -doMajorMinor 3 -uniqueOnly 1 -remove_bads 1 -only_proper_pairs 1 -trim 0 -C 50 -minQ 20 -minMapQ 30 -minInd 1 -sites synthesis_daphnia/list/PRE_long_LC_ALL_gal_LC_PEL_long_LC.SNPs.tsv -rf synthesis_daphnia/list/PRE_long_LC_ALL_gal_LC_PEL_long_LC.SNPs.chr 2> log/synthesis_daphnia/mafs/df13.mafs.log
    
Submitted job 54 with external jobid 'Submitted batch job 187887'.

[Thu Jun  1 15:23:02 2023]
Job 58:  Compute site allele frequency likelihood (.saf.idx) for each population using angsd 
Reason: Missing output files: synthesis_daphnia/mafs/df17.mafs.done


    module load singularity/3.8.7-python-3.10.8-gcc-8.5.0-e6f6onc
    singularity exec --home $PWD:$HOME /scratch/c7701178/bio/angsd+ngsrelate.sif /opt/angsd-0.939/angsd -b synthesis_daphnia/list/df17_realignedbam.list -ref ref/Dgaleata_M5_PBasm.FINAL.fasta -anc ref/Dgaleata_M5_PBasm.FINAL.fasta -out synthesis_daphnia/mafs/df17.mafs -GL 2 -doGlf 2 -doMaf 1 -doMajorMinor 3 -uniqueOnly 1 -remove_bads 1 -only_proper_pairs 1 -trim 0 -C 50 -minQ 20 -minMapQ 30 -minInd 1 -sites synthesis_daphnia/list/PRE_long_LC_ALL_gal_LC_PEL_long_LC.SNPs.tsv -rf synthesis_daphnia/list/PRE_long_LC_ALL_gal_LC_PEL_long_LC.SNPs.chr 2> log/synthesis_daphnia/mafs/df17.mafs.log
    
Submitted job 58 with external jobid 'Submitted batch job 187888'.

[Thu Jun  1 15:23:02 2023]
Job 42:  Compute site allele frequency likelihood (.saf.idx) for each population using angsd 
Reason: Missing output files: synthesis_daphnia/mafs/df1.mafs.done


    module load singularity/3.8.7-python-3.10.8-gcc-8.5.0-e6f6onc
    singularity exec --home $PWD:$HOME /scratch/c7701178/bio/angsd+ngsrelate.sif /opt/angsd-0.939/angsd -b synthesis_daphnia/list/df1_realignedbam.list -ref ref/Dgaleata_M5_PBasm.FINAL.fasta -anc ref/Dgaleata_M5_PBasm.FINAL.fasta -out synthesis_daphnia/mafs/df1.mafs -GL 2 -doGlf 2 -doMaf 1 -doMajorMinor 3 -uniqueOnly 1 -remove_bads 1 -only_proper_pairs 1 -trim 0 -C 50 -minQ 20 -minMapQ 30 -minInd 1 -sites synthesis_daphnia/list/PRE_long_LC_ALL_gal_LC_PEL_long_LC.SNPs.tsv -rf synthesis_daphnia/list/PRE_long_LC_ALL_gal_LC_PEL_long_LC.SNPs.chr 2> log/synthesis_daphnia/mafs/df1.mafs.log
    
Submitted job 42 with external jobid 'Submitted batch job 187889'.

[Thu Jun  1 15:23:02 2023]
Job 49:  Compute site allele frequency likelihood (.saf.idx) for each population using angsd 
Reason: Missing output files: synthesis_daphnia/mafs/df8.mafs.done


    module load singularity/3.8.7-python-3.10.8-gcc-8.5.0-e6f6onc
    singularity exec --home $PWD:$HOME /scratch/c7701178/bio/angsd+ngsrelate.sif /opt/angsd-0.939/angsd -b synthesis_daphnia/list/df8_realignedbam.list -ref ref/Dgaleata_M5_PBasm.FINAL.fasta -anc ref/Dgaleata_M5_PBasm.FINAL.fasta -out synthesis_daphnia/mafs/df8.mafs -GL 2 -doGlf 2 -doMaf 1 -doMajorMinor 3 -uniqueOnly 1 -remove_bads 1 -only_proper_pairs 1 -trim 0 -C 50 -minQ 20 -minMapQ 30 -minInd 1 -sites synthesis_daphnia/list/PRE_long_LC_ALL_gal_LC_PEL_long_LC.SNPs.tsv -rf synthesis_daphnia/list/PRE_long_LC_ALL_gal_LC_PEL_long_LC.SNPs.chr 2> log/synthesis_daphnia/mafs/df8.mafs.log
    
Submitted job 49 with external jobid 'Submitted batch job 187890'.

[Thu Jun  1 15:23:02 2023]
Job 44:  Compute site allele frequency likelihood (.saf.idx) for each population using angsd 
Reason: Missing output files: synthesis_daphnia/mafs/df3.mafs.done


    module load singularity/3.8.7-python-3.10.8-gcc-8.5.0-e6f6onc
    singularity exec --home $PWD:$HOME /scratch/c7701178/bio/angsd+ngsrelate.sif /opt/angsd-0.939/angsd -b synthesis_daphnia/list/df3_realignedbam.list -ref ref/Dgaleata_M5_PBasm.FINAL.fasta -anc ref/Dgaleata_M5_PBasm.FINAL.fasta -out synthesis_daphnia/mafs/df3.mafs -GL 2 -doGlf 2 -doMaf 1 -doMajorMinor 3 -uniqueOnly 1 -remove_bads 1 -only_proper_pairs 1 -trim 0 -C 50 -minQ 20 -minMapQ 30 -minInd 1 -sites synthesis_daphnia/list/PRE_long_LC_ALL_gal_LC_PEL_long_LC.SNPs.tsv -rf synthesis_daphnia/list/PRE_long_LC_ALL_gal_LC_PEL_long_LC.SNPs.chr 2> log/synthesis_daphnia/mafs/df3.mafs.log
    
Submitted job 44 with external jobid 'Submitted batch job 187891'.

[Thu Jun  1 15:23:02 2023]
Job 59:  Compute site allele frequency likelihood (.saf.idx) for each population using angsd 
Reason: Missing output files: synthesis_daphnia/mafs/df18.mafs.done


    module load singularity/3.8.7-python-3.10.8-gcc-8.5.0-e6f6onc
    singularity exec --home $PWD:$HOME /scratch/c7701178/bio/angsd+ngsrelate.sif /opt/angsd-0.939/angsd -b synthesis_daphnia/list/df18_realignedbam.list -ref ref/Dgaleata_M5_PBasm.FINAL.fasta -anc ref/Dgaleata_M5_PBasm.FINAL.fasta -out synthesis_daphnia/mafs/df18.mafs -GL 2 -doGlf 2 -doMaf 1 -doMajorMinor 3 -uniqueOnly 1 -remove_bads 1 -only_proper_pairs 1 -trim 0 -C 50 -minQ 20 -minMapQ 30 -minInd 1 -sites synthesis_daphnia/list/PRE_long_LC_ALL_gal_LC_PEL_long_LC.SNPs.tsv -rf synthesis_daphnia/list/PRE_long_LC_ALL_gal_LC_PEL_long_LC.SNPs.chr 2> log/synthesis_daphnia/mafs/df18.mafs.log
    
Submitted job 59 with external jobid 'Submitted batch job 187892'.

[Thu Jun  1 15:23:02 2023]
Job 51:  Compute site allele frequency likelihood (.saf.idx) for each population using angsd 
Reason: Missing output files: synthesis_daphnia/mafs/df10.mafs.done


    module load singularity/3.8.7-python-3.10.8-gcc-8.5.0-e6f6onc
    singularity exec --home $PWD:$HOME /scratch/c7701178/bio/angsd+ngsrelate.sif /opt/angsd-0.939/angsd -b synthesis_daphnia/list/df10_realignedbam.list -ref ref/Dgaleata_M5_PBasm.FINAL.fasta -anc ref/Dgaleata_M5_PBasm.FINAL.fasta -out synthesis_daphnia/mafs/df10.mafs -GL 2 -doGlf 2 -doMaf 1 -doMajorMinor 3 -uniqueOnly 1 -remove_bads 1 -only_proper_pairs 1 -trim 0 -C 50 -minQ 20 -minMapQ 30 -minInd 1 -sites synthesis_daphnia/list/PRE_long_LC_ALL_gal_LC_PEL_long_LC.SNPs.tsv -rf synthesis_daphnia/list/PRE_long_LC_ALL_gal_LC_PEL_long_LC.SNPs.chr 2> log/synthesis_daphnia/mafs/df10.mafs.log
    
Submitted job 51 with external jobid 'Submitted batch job 187893'.

[Thu Jun  1 15:23:02 2023]
Job 46:  Compute site allele frequency likelihood (.saf.idx) for each population using angsd 
Reason: Missing output files: synthesis_daphnia/mafs/df5.mafs.done


    module load singularity/3.8.7-python-3.10.8-gcc-8.5.0-e6f6onc
    singularity exec --home $PWD:$HOME /scratch/c7701178/bio/angsd+ngsrelate.sif /opt/angsd-0.939/angsd -b synthesis_daphnia/list/df5_realignedbam.list -ref ref/Dgaleata_M5_PBasm.FINAL.fasta -anc ref/Dgaleata_M5_PBasm.FINAL.fasta -out synthesis_daphnia/mafs/df5.mafs -GL 2 -doGlf 2 -doMaf 1 -doMajorMinor 3 -uniqueOnly 1 -remove_bads 1 -only_proper_pairs 1 -trim 0 -C 50 -minQ 20 -minMapQ 30 -minInd 1 -sites synthesis_daphnia/list/PRE_long_LC_ALL_gal_LC_PEL_long_LC.SNPs.tsv -rf synthesis_daphnia/list/PRE_long_LC_ALL_gal_LC_PEL_long_LC.SNPs.chr 2> log/synthesis_daphnia/mafs/df5.mafs.log
    
Submitted job 46 with external jobid 'Submitted batch job 187894'.

[Thu Jun  1 15:23:02 2023]
Job 55:  Compute site allele frequency likelihood (.saf.idx) for each population using angsd 
Reason: Missing output files: synthesis_daphnia/mafs/df14.mafs.done


    module load singularity/3.8.7-python-3.10.8-gcc-8.5.0-e6f6onc
    singularity exec --home $PWD:$HOME /scratch/c7701178/bio/angsd+ngsrelate.sif /opt/angsd-0.939/angsd -b synthesis_daphnia/list/df14_realignedbam.list -ref ref/Dgaleata_M5_PBasm.FINAL.fasta -anc ref/Dgaleata_M5_PBasm.FINAL.fasta -out synthesis_daphnia/mafs/df14.mafs -GL 2 -doGlf 2 -doMaf 1 -doMajorMinor 3 -uniqueOnly 1 -remove_bads 1 -only_proper_pairs 1 -trim 0 -C 50 -minQ 20 -minMapQ 30 -minInd 1 -sites synthesis_daphnia/list/PRE_long_LC_ALL_gal_LC_PEL_long_LC.SNPs.tsv -rf synthesis_daphnia/list/PRE_long_LC_ALL_gal_LC_PEL_long_LC.SNPs.chr 2> log/synthesis_daphnia/mafs/df14.mafs.log
    
Submitted job 55 with external jobid 'Submitted batch job 187895'.

[Thu Jun  1 15:23:02 2023]
Job 53:  Compute site allele frequency likelihood (.saf.idx) for each population using angsd 
Reason: Missing output files: synthesis_daphnia/mafs/df12.mafs.done


    module load singularity/3.8.7-python-3.10.8-gcc-8.5.0-e6f6onc
    singularity exec --home $PWD:$HOME /scratch/c7701178/bio/angsd+ngsrelate.sif /opt/angsd-0.939/angsd -b synthesis_daphnia/list/df12_realignedbam.list -ref ref/Dgaleata_M5_PBasm.FINAL.fasta -anc ref/Dgaleata_M5_PBasm.FINAL.fasta -out synthesis_daphnia/mafs/df12.mafs -GL 2 -doGlf 2 -doMaf 1 -doMajorMinor 3 -uniqueOnly 1 -remove_bads 1 -only_proper_pairs 1 -trim 0 -C 50 -minQ 20 -minMapQ 30 -minInd 1 -sites synthesis_daphnia/list/PRE_long_LC_ALL_gal_LC_PEL_long_LC.SNPs.tsv -rf synthesis_daphnia/list/PRE_long_LC_ALL_gal_LC_PEL_long_LC.SNPs.chr 2> log/synthesis_daphnia/mafs/df12.mafs.log
    
Submitted job 53 with external jobid 'Submitted batch job 187896'.

[Thu Jun  1 15:23:02 2023]
Job 57:  Compute site allele frequency likelihood (.saf.idx) for each population using angsd 
Reason: Missing output files: synthesis_daphnia/mafs/df16.mafs.done


    module load singularity/3.8.7-python-3.10.8-gcc-8.5.0-e6f6onc
    singularity exec --home $PWD:$HOME /scratch/c7701178/bio/angsd+ngsrelate.sif /opt/angsd-0.939/angsd -b synthesis_daphnia/list/df16_realignedbam.list -ref ref/Dgaleata_M5_PBasm.FINAL.fasta -anc ref/Dgaleata_M5_PBasm.FINAL.fasta -out synthesis_daphnia/mafs/df16.mafs -GL 2 -doGlf 2 -doMaf 1 -doMajorMinor 3 -uniqueOnly 1 -remove_bads 1 -only_proper_pairs 1 -trim 0 -C 50 -minQ 20 -minMapQ 30 -minInd 1 -sites synthesis_daphnia/list/PRE_long_LC_ALL_gal_LC_PEL_long_LC.SNPs.tsv -rf synthesis_daphnia/list/PRE_long_LC_ALL_gal_LC_PEL_long_LC.SNPs.chr 2> log/synthesis_daphnia/mafs/df16.mafs.log
    
Submitted job 57 with external jobid 'Submitted batch job 187897'.

[Thu Jun  1 15:23:02 2023]
Job 48:  Compute site allele frequency likelihood (.saf.idx) for each population using angsd 
Reason: Missing output files: synthesis_daphnia/mafs/df7.mafs.done


    module load singularity/3.8.7-python-3.10.8-gcc-8.5.0-e6f6onc
    singularity exec --home $PWD:$HOME /scratch/c7701178/bio/angsd+ngsrelate.sif /opt/angsd-0.939/angsd -b synthesis_daphnia/list/df7_realignedbam.list -ref ref/Dgaleata_M5_PBasm.FINAL.fasta -anc ref/Dgaleata_M5_PBasm.FINAL.fasta -out synthesis_daphnia/mafs/df7.mafs -GL 2 -doGlf 2 -doMaf 1 -doMajorMinor 3 -uniqueOnly 1 -remove_bads 1 -only_proper_pairs 1 -trim 0 -C 50 -minQ 20 -minMapQ 30 -minInd 1 -sites synthesis_daphnia/list/PRE_long_LC_ALL_gal_LC_PEL_long_LC.SNPs.tsv -rf synthesis_daphnia/list/PRE_long_LC_ALL_gal_LC_PEL_long_LC.SNPs.chr 2> log/synthesis_daphnia/mafs/df7.mafs.log
    
Submitted job 48 with external jobid 'Submitted batch job 187898'.

[Thu Jun  1 15:23:02 2023]
Job 43:  Compute site allele frequency likelihood (.saf.idx) for each population using angsd 
Reason: Missing output files: synthesis_daphnia/mafs/df2.mafs.done


    module load singularity/3.8.7-python-3.10.8-gcc-8.5.0-e6f6onc
    singularity exec --home $PWD:$HOME /scratch/c7701178/bio/angsd+ngsrelate.sif /opt/angsd-0.939/angsd -b synthesis_daphnia/list/df2_realignedbam.list -ref ref/Dgaleata_M5_PBasm.FINAL.fasta -anc ref/Dgaleata_M5_PBasm.FINAL.fasta -out synthesis_daphnia/mafs/df2.mafs -GL 2 -doGlf 2 -doMaf 1 -doMajorMinor 3 -uniqueOnly 1 -remove_bads 1 -only_proper_pairs 1 -trim 0 -C 50 -minQ 20 -minMapQ 30 -minInd 1 -sites synthesis_daphnia/list/PRE_long_LC_ALL_gal_LC_PEL_long_LC.SNPs.tsv -rf synthesis_daphnia/list/PRE_long_LC_ALL_gal_LC_PEL_long_LC.SNPs.chr 2> log/synthesis_daphnia/mafs/df2.mafs.log
    
Submitted job 43 with external jobid 'Submitted batch job 187899'.

[Thu Jun  1 15:23:02 2023]
Job 50:  Compute site allele frequency likelihood (.saf.idx) for each population using angsd 
Reason: Missing output files: synthesis_daphnia/mafs/df9.mafs.done


    module load singularity/3.8.7-python-3.10.8-gcc-8.5.0-e6f6onc
    singularity exec --home $PWD:$HOME /scratch/c7701178/bio/angsd+ngsrelate.sif /opt/angsd-0.939/angsd -b synthesis_daphnia/list/df9_realignedbam.list -ref ref/Dgaleata_M5_PBasm.FINAL.fasta -anc ref/Dgaleata_M5_PBasm.FINAL.fasta -out synthesis_daphnia/mafs/df9.mafs -GL 2 -doGlf 2 -doMaf 1 -doMajorMinor 3 -uniqueOnly 1 -remove_bads 1 -only_proper_pairs 1 -trim 0 -C 50 -minQ 20 -minMapQ 30 -minInd 1 -sites synthesis_daphnia/list/PRE_long_LC_ALL_gal_LC_PEL_long_LC.SNPs.tsv -rf synthesis_daphnia/list/PRE_long_LC_ALL_gal_LC_PEL_long_LC.SNPs.chr 2> log/synthesis_daphnia/mafs/df9.mafs.log
    
Submitted job 50 with external jobid 'Submitted batch job 187900'.

[Thu Jun  1 15:23:02 2023]
Job 45:  Compute site allele frequency likelihood (.saf.idx) for each population using angsd 
Reason: Missing output files: synthesis_daphnia/mafs/df4.mafs.done


    module load singularity/3.8.7-python-3.10.8-gcc-8.5.0-e6f6onc
    singularity exec --home $PWD:$HOME /scratch/c7701178/bio/angsd+ngsrelate.sif /opt/angsd-0.939/angsd -b synthesis_daphnia/list/df4_realignedbam.list -ref ref/Dgaleata_M5_PBasm.FINAL.fasta -anc ref/Dgaleata_M5_PBasm.FINAL.fasta -out synthesis_daphnia/mafs/df4.mafs -GL 2 -doGlf 2 -doMaf 1 -doMajorMinor 3 -uniqueOnly 1 -remove_bads 1 -only_proper_pairs 1 -trim 0 -C 50 -minQ 20 -minMapQ 30 -minInd 1 -sites synthesis_daphnia/list/PRE_long_LC_ALL_gal_LC_PEL_long_LC.SNPs.tsv -rf synthesis_daphnia/list/PRE_long_LC_ALL_gal_LC_PEL_long_LC.SNPs.chr 2> log/synthesis_daphnia/mafs/df4.mafs.log
    
Submitted job 45 with external jobid 'Submitted batch job 187901'.

[Thu Jun  1 15:23:02 2023]
Job 52:  Compute site allele frequency likelihood (.saf.idx) for each population using angsd 
Reason: Missing output files: synthesis_daphnia/mafs/df11.mafs.done


    module load singularity/3.8.7-python-3.10.8-gcc-8.5.0-e6f6onc
    singularity exec --home $PWD:$HOME /scratch/c7701178/bio/angsd+ngsrelate.sif /opt/angsd-0.939/angsd -b synthesis_daphnia/list/df11_realignedbam.list -ref ref/Dgaleata_M5_PBasm.FINAL.fasta -anc ref/Dgaleata_M5_PBasm.FINAL.fasta -out synthesis_daphnia/mafs/df11.mafs -GL 2 -doGlf 2 -doMaf 1 -doMajorMinor 3 -uniqueOnly 1 -remove_bads 1 -only_proper_pairs 1 -trim 0 -C 50 -minQ 20 -minMapQ 30 -minInd 1 -sites synthesis_daphnia/list/PRE_long_LC_ALL_gal_LC_PEL_long_LC.SNPs.tsv -rf synthesis_daphnia/list/PRE_long_LC_ALL_gal_LC_PEL_long_LC.SNPs.chr 2> log/synthesis_daphnia/mafs/df11.mafs.log
    
Submitted job 52 with external jobid 'Submitted batch job 187902'.
[Thu Jun  1 15:23:38 2023]
Error in rule get_mafs_df_sites:
    jobid: 47
    input: ref/Dgaleata_M5_PBasm.FINAL.fasta, synthesis_daphnia/list/df6_realignedbam.list, synthesis_daphnia/list/PRE_long_LC_ALL_gal_LC_PEL_long_LC.SNPs_index.done, synthesis_daphnia/list/PRE_long_LC_ALL_gal_LC_PEL_long_LC.SNPs.tsv, synthesis_daphnia/list/PRE_long_LC_ALL_gal_LC_PEL_long_LC.SNPs.chr
    output: synthesis_daphnia/mafs/df6.mafs.done
    log: log/synthesis_daphnia/mafs/df6.mafs.log (check log file(s) for error details)
    shell:
        
    module load singularity/3.8.7-python-3.10.8-gcc-8.5.0-e6f6onc
    singularity exec --home $PWD:$HOME /scratch/c7701178/bio/angsd+ngsrelate.sif /opt/angsd-0.939/angsd -b synthesis_daphnia/list/df6_realignedbam.list -ref ref/Dgaleata_M5_PBasm.FINAL.fasta -anc ref/Dgaleata_M5_PBasm.FINAL.fasta -out synthesis_daphnia/mafs/df6.mafs -GL 2 -doGlf 2 -doMaf 1 -doMajorMinor 3 -uniqueOnly 1 -remove_bads 1 -only_proper_pairs 1 -trim 0 -C 50 -minQ 20 -minMapQ 30 -minInd 1 -sites synthesis_daphnia/list/PRE_long_LC_ALL_gal_LC_PEL_long_LC.SNPs.tsv -rf synthesis_daphnia/list/PRE_long_LC_ALL_gal_LC_PEL_long_LC.SNPs.chr 2> log/synthesis_daphnia/mafs/df6.mafs.log
    
        (one of the commands exited with non-zero exit code; note that snakemake uses bash strict mode!)
    cluster_jobid: Submitted batch job 187885

Error executing rule get_mafs_df_sites on cluster (jobid: 47, external: Submitted batch job 187885, jobscript: /gpfs/gpfs1/scratch/c7701178/mach2/DAPHNIA/Daphnia_RestEggs_snakemake_pbs_2.0_HiC_SLURM/.snakemake/tmp.awu4nu6n/snakejob.get_mafs_df_sites.47.sh). For error details see the cluster log and the log files of the involved rule(s).
[Thu Jun  1 15:23:39 2023]
Error in rule get_mafs_df_sites:
    jobid: 56
    input: ref/Dgaleata_M5_PBasm.FINAL.fasta, synthesis_daphnia/list/df15_realignedbam.list, synthesis_daphnia/list/PRE_long_LC_ALL_gal_LC_PEL_long_LC.SNPs_index.done, synthesis_daphnia/list/PRE_long_LC_ALL_gal_LC_PEL_long_LC.SNPs.tsv, synthesis_daphnia/list/PRE_long_LC_ALL_gal_LC_PEL_long_LC.SNPs.chr
    output: synthesis_daphnia/mafs/df15.mafs.done
    log: log/synthesis_daphnia/mafs/df15.mafs.log (check log file(s) for error details)
    shell:
        
    module load singularity/3.8.7-python-3.10.8-gcc-8.5.0-e6f6onc
    singularity exec --home $PWD:$HOME /scratch/c7701178/bio/angsd+ngsrelate.sif /opt/angsd-0.939/angsd -b synthesis_daphnia/list/df15_realignedbam.list -ref ref/Dgaleata_M5_PBasm.FINAL.fasta -anc ref/Dgaleata_M5_PBasm.FINAL.fasta -out synthesis_daphnia/mafs/df15.mafs -GL 2 -doGlf 2 -doMaf 1 -doMajorMinor 3 -uniqueOnly 1 -remove_bads 1 -only_proper_pairs 1 -trim 0 -C 50 -minQ 20 -minMapQ 30 -minInd 1 -sites synthesis_daphnia/list/PRE_long_LC_ALL_gal_LC_PEL_long_LC.SNPs.tsv -rf synthesis_daphnia/list/PRE_long_LC_ALL_gal_LC_PEL_long_LC.SNPs.chr 2> log/synthesis_daphnia/mafs/df15.mafs.log
    
        (one of the commands exited with non-zero exit code; note that snakemake uses bash strict mode!)
    cluster_jobid: Submitted batch job 187886

Error executing rule get_mafs_df_sites on cluster (jobid: 56, external: Submitted batch job 187886, jobscript: /gpfs/gpfs1/scratch/c7701178/mach2/DAPHNIA/Daphnia_RestEggs_snakemake_pbs_2.0_HiC_SLURM/.snakemake/tmp.awu4nu6n/snakejob.get_mafs_df_sites.56.sh). For error details see the cluster log and the log files of the involved rule(s).
[Thu Jun  1 15:23:40 2023]
Error in rule get_mafs_df_sites:
    jobid: 54
    input: ref/Dgaleata_M5_PBasm.FINAL.fasta, synthesis_daphnia/list/df13_realignedbam.list, synthesis_daphnia/list/PRE_long_LC_ALL_gal_LC_PEL_long_LC.SNPs_index.done, synthesis_daphnia/list/PRE_long_LC_ALL_gal_LC_PEL_long_LC.SNPs.tsv, synthesis_daphnia/list/PRE_long_LC_ALL_gal_LC_PEL_long_LC.SNPs.chr
    output: synthesis_daphnia/mafs/df13.mafs.done
    log: log/synthesis_daphnia/mafs/df13.mafs.log (check log file(s) for error details)
    shell:
        
    module load singularity/3.8.7-python-3.10.8-gcc-8.5.0-e6f6onc
    singularity exec --home $PWD:$HOME /scratch/c7701178/bio/angsd+ngsrelate.sif /opt/angsd-0.939/angsd -b synthesis_daphnia/list/df13_realignedbam.list -ref ref/Dgaleata_M5_PBasm.FINAL.fasta -anc ref/Dgaleata_M5_PBasm.FINAL.fasta -out synthesis_daphnia/mafs/df13.mafs -GL 2 -doGlf 2 -doMaf 1 -doMajorMinor 3 -uniqueOnly 1 -remove_bads 1 -only_proper_pairs 1 -trim 0 -C 50 -minQ 20 -minMapQ 30 -minInd 1 -sites synthesis_daphnia/list/PRE_long_LC_ALL_gal_LC_PEL_long_LC.SNPs.tsv -rf synthesis_daphnia/list/PRE_long_LC_ALL_gal_LC_PEL_long_LC.SNPs.chr 2> log/synthesis_daphnia/mafs/df13.mafs.log
    
        (one of the commands exited with non-zero exit code; note that snakemake uses bash strict mode!)
    cluster_jobid: Submitted batch job 187887

Error executing rule get_mafs_df_sites on cluster (jobid: 54, external: Submitted batch job 187887, jobscript: /gpfs/gpfs1/scratch/c7701178/mach2/DAPHNIA/Daphnia_RestEggs_snakemake_pbs_2.0_HiC_SLURM/.snakemake/tmp.awu4nu6n/snakejob.get_mafs_df_sites.54.sh). For error details see the cluster log and the log files of the involved rule(s).
[Thu Jun  1 15:23:41 2023]
Error in rule get_mafs_df_sites:
    jobid: 58
    input: ref/Dgaleata_M5_PBasm.FINAL.fasta, synthesis_daphnia/list/df17_realignedbam.list, synthesis_daphnia/list/PRE_long_LC_ALL_gal_LC_PEL_long_LC.SNPs_index.done, synthesis_daphnia/list/PRE_long_LC_ALL_gal_LC_PEL_long_LC.SNPs.tsv, synthesis_daphnia/list/PRE_long_LC_ALL_gal_LC_PEL_long_LC.SNPs.chr
    output: synthesis_daphnia/mafs/df17.mafs.done
    log: log/synthesis_daphnia/mafs/df17.mafs.log (check log file(s) for error details)
    shell:
        
    module load singularity/3.8.7-python-3.10.8-gcc-8.5.0-e6f6onc
    singularity exec --home $PWD:$HOME /scratch/c7701178/bio/angsd+ngsrelate.sif /opt/angsd-0.939/angsd -b synthesis_daphnia/list/df17_realignedbam.list -ref ref/Dgaleata_M5_PBasm.FINAL.fasta -anc ref/Dgaleata_M5_PBasm.FINAL.fasta -out synthesis_daphnia/mafs/df17.mafs -GL 2 -doGlf 2 -doMaf 1 -doMajorMinor 3 -uniqueOnly 1 -remove_bads 1 -only_proper_pairs 1 -trim 0 -C 50 -minQ 20 -minMapQ 30 -minInd 1 -sites synthesis_daphnia/list/PRE_long_LC_ALL_gal_LC_PEL_long_LC.SNPs.tsv -rf synthesis_daphnia/list/PRE_long_LC_ALL_gal_LC_PEL_long_LC.SNPs.chr 2> log/synthesis_daphnia/mafs/df17.mafs.log
    
        (one of the commands exited with non-zero exit code; note that snakemake uses bash strict mode!)
    cluster_jobid: Submitted batch job 187888

Error executing rule get_mafs_df_sites on cluster (jobid: 58, external: Submitted batch job 187888, jobscript: /gpfs/gpfs1/scratch/c7701178/mach2/DAPHNIA/Daphnia_RestEggs_snakemake_pbs_2.0_HiC_SLURM/.snakemake/tmp.awu4nu6n/snakejob.get_mafs_df_sites.58.sh). For error details see the cluster log and the log files of the involved rule(s).
[Thu Jun  1 15:23:42 2023]
Error in rule get_mafs_df_sites:
    jobid: 42
    input: ref/Dgaleata_M5_PBasm.FINAL.fasta, synthesis_daphnia/list/df1_realignedbam.list, synthesis_daphnia/list/PRE_long_LC_ALL_gal_LC_PEL_long_LC.SNPs_index.done, synthesis_daphnia/list/PRE_long_LC_ALL_gal_LC_PEL_long_LC.SNPs.tsv, synthesis_daphnia/list/PRE_long_LC_ALL_gal_LC_PEL_long_LC.SNPs.chr
    output: synthesis_daphnia/mafs/df1.mafs.done
    log: log/synthesis_daphnia/mafs/df1.mafs.log (check log file(s) for error details)
    shell:
        
    module load singularity/3.8.7-python-3.10.8-gcc-8.5.0-e6f6onc
    singularity exec --home $PWD:$HOME /scratch/c7701178/bio/angsd+ngsrelate.sif /opt/angsd-0.939/angsd -b synthesis_daphnia/list/df1_realignedbam.list -ref ref/Dgaleata_M5_PBasm.FINAL.fasta -anc ref/Dgaleata_M5_PBasm.FINAL.fasta -out synthesis_daphnia/mafs/df1.mafs -GL 2 -doGlf 2 -doMaf 1 -doMajorMinor 3 -uniqueOnly 1 -remove_bads 1 -only_proper_pairs 1 -trim 0 -C 50 -minQ 20 -minMapQ 30 -minInd 1 -sites synthesis_daphnia/list/PRE_long_LC_ALL_gal_LC_PEL_long_LC.SNPs.tsv -rf synthesis_daphnia/list/PRE_long_LC_ALL_gal_LC_PEL_long_LC.SNPs.chr 2> log/synthesis_daphnia/mafs/df1.mafs.log
    
        (one of the commands exited with non-zero exit code; note that snakemake uses bash strict mode!)
    cluster_jobid: Submitted batch job 187889

Error executing rule get_mafs_df_sites on cluster (jobid: 42, external: Submitted batch job 187889, jobscript: /gpfs/gpfs1/scratch/c7701178/mach2/DAPHNIA/Daphnia_RestEggs_snakemake_pbs_2.0_HiC_SLURM/.snakemake/tmp.awu4nu6n/snakejob.get_mafs_df_sites.42.sh). For error details see the cluster log and the log files of the involved rule(s).
[Thu Jun  1 15:23:43 2023]
Error in rule get_mafs_df_sites:
    jobid: 49
    input: ref/Dgaleata_M5_PBasm.FINAL.fasta, synthesis_daphnia/list/df8_realignedbam.list, synthesis_daphnia/list/PRE_long_LC_ALL_gal_LC_PEL_long_LC.SNPs_index.done, synthesis_daphnia/list/PRE_long_LC_ALL_gal_LC_PEL_long_LC.SNPs.tsv, synthesis_daphnia/list/PRE_long_LC_ALL_gal_LC_PEL_long_LC.SNPs.chr
    output: synthesis_daphnia/mafs/df8.mafs.done
    log: log/synthesis_daphnia/mafs/df8.mafs.log (check log file(s) for error details)
    shell:
        
    module load singularity/3.8.7-python-3.10.8-gcc-8.5.0-e6f6onc
    singularity exec --home $PWD:$HOME /scratch/c7701178/bio/angsd+ngsrelate.sif /opt/angsd-0.939/angsd -b synthesis_daphnia/list/df8_realignedbam.list -ref ref/Dgaleata_M5_PBasm.FINAL.fasta -anc ref/Dgaleata_M5_PBasm.FINAL.fasta -out synthesis_daphnia/mafs/df8.mafs -GL 2 -doGlf 2 -doMaf 1 -doMajorMinor 3 -uniqueOnly 1 -remove_bads 1 -only_proper_pairs 1 -trim 0 -C 50 -minQ 20 -minMapQ 30 -minInd 1 -sites synthesis_daphnia/list/PRE_long_LC_ALL_gal_LC_PEL_long_LC.SNPs.tsv -rf synthesis_daphnia/list/PRE_long_LC_ALL_gal_LC_PEL_long_LC.SNPs.chr 2> log/synthesis_daphnia/mafs/df8.mafs.log
    
        (one of the commands exited with non-zero exit code; note that snakemake uses bash strict mode!)
    cluster_jobid: Submitted batch job 187890

Error executing rule get_mafs_df_sites on cluster (jobid: 49, external: Submitted batch job 187890, jobscript: /gpfs/gpfs1/scratch/c7701178/mach2/DAPHNIA/Daphnia_RestEggs_snakemake_pbs_2.0_HiC_SLURM/.snakemake/tmp.awu4nu6n/snakejob.get_mafs_df_sites.49.sh). For error details see the cluster log and the log files of the involved rule(s).
[Thu Jun  1 15:23:44 2023]
Error in rule get_mafs_df_sites:
    jobid: 44
    input: ref/Dgaleata_M5_PBasm.FINAL.fasta, synthesis_daphnia/list/df3_realignedbam.list, synthesis_daphnia/list/PRE_long_LC_ALL_gal_LC_PEL_long_LC.SNPs_index.done, synthesis_daphnia/list/PRE_long_LC_ALL_gal_LC_PEL_long_LC.SNPs.tsv, synthesis_daphnia/list/PRE_long_LC_ALL_gal_LC_PEL_long_LC.SNPs.chr
    output: synthesis_daphnia/mafs/df3.mafs.done
    log: log/synthesis_daphnia/mafs/df3.mafs.log (check log file(s) for error details)
    shell:
        
    module load singularity/3.8.7-python-3.10.8-gcc-8.5.0-e6f6onc
    singularity exec --home $PWD:$HOME /scratch/c7701178/bio/angsd+ngsrelate.sif /opt/angsd-0.939/angsd -b synthesis_daphnia/list/df3_realignedbam.list -ref ref/Dgaleata_M5_PBasm.FINAL.fasta -anc ref/Dgaleata_M5_PBasm.FINAL.fasta -out synthesis_daphnia/mafs/df3.mafs -GL 2 -doGlf 2 -doMaf 1 -doMajorMinor 3 -uniqueOnly 1 -remove_bads 1 -only_proper_pairs 1 -trim 0 -C 50 -minQ 20 -minMapQ 30 -minInd 1 -sites synthesis_daphnia/list/PRE_long_LC_ALL_gal_LC_PEL_long_LC.SNPs.tsv -rf synthesis_daphnia/list/PRE_long_LC_ALL_gal_LC_PEL_long_LC.SNPs.chr 2> log/synthesis_daphnia/mafs/df3.mafs.log
    
        (one of the commands exited with non-zero exit code; note that snakemake uses bash strict mode!)
    cluster_jobid: Submitted batch job 187891

Error executing rule get_mafs_df_sites on cluster (jobid: 44, external: Submitted batch job 187891, jobscript: /gpfs/gpfs1/scratch/c7701178/mach2/DAPHNIA/Daphnia_RestEggs_snakemake_pbs_2.0_HiC_SLURM/.snakemake/tmp.awu4nu6n/snakejob.get_mafs_df_sites.44.sh). For error details see the cluster log and the log files of the involved rule(s).
[Thu Jun  1 15:23:45 2023]
Error in rule get_mafs_df_sites:
    jobid: 59
    input: ref/Dgaleata_M5_PBasm.FINAL.fasta, synthesis_daphnia/list/df18_realignedbam.list, synthesis_daphnia/list/PRE_long_LC_ALL_gal_LC_PEL_long_LC.SNPs_index.done, synthesis_daphnia/list/PRE_long_LC_ALL_gal_LC_PEL_long_LC.SNPs.tsv, synthesis_daphnia/list/PRE_long_LC_ALL_gal_LC_PEL_long_LC.SNPs.chr
    output: synthesis_daphnia/mafs/df18.mafs.done
    log: log/synthesis_daphnia/mafs/df18.mafs.log (check log file(s) for error details)
    shell:
        
    module load singularity/3.8.7-python-3.10.8-gcc-8.5.0-e6f6onc
    singularity exec --home $PWD:$HOME /scratch/c7701178/bio/angsd+ngsrelate.sif /opt/angsd-0.939/angsd -b synthesis_daphnia/list/df18_realignedbam.list -ref ref/Dgaleata_M5_PBasm.FINAL.fasta -anc ref/Dgaleata_M5_PBasm.FINAL.fasta -out synthesis_daphnia/mafs/df18.mafs -GL 2 -doGlf 2 -doMaf 1 -doMajorMinor 3 -uniqueOnly 1 -remove_bads 1 -only_proper_pairs 1 -trim 0 -C 50 -minQ 20 -minMapQ 30 -minInd 1 -sites synthesis_daphnia/list/PRE_long_LC_ALL_gal_LC_PEL_long_LC.SNPs.tsv -rf synthesis_daphnia/list/PRE_long_LC_ALL_gal_LC_PEL_long_LC.SNPs.chr 2> log/synthesis_daphnia/mafs/df18.mafs.log
    
        (one of the commands exited with non-zero exit code; note that snakemake uses bash strict mode!)
    cluster_jobid: Submitted batch job 187892

Error executing rule get_mafs_df_sites on cluster (jobid: 59, external: Submitted batch job 187892, jobscript: /gpfs/gpfs1/scratch/c7701178/mach2/DAPHNIA/Daphnia_RestEggs_snakemake_pbs_2.0_HiC_SLURM/.snakemake/tmp.awu4nu6n/snakejob.get_mafs_df_sites.59.sh). For error details see the cluster log and the log files of the involved rule(s).
[Thu Jun  1 15:23:46 2023]
Error in rule get_mafs_df_sites:
    jobid: 51
    input: ref/Dgaleata_M5_PBasm.FINAL.fasta, synthesis_daphnia/list/df10_realignedbam.list, synthesis_daphnia/list/PRE_long_LC_ALL_gal_LC_PEL_long_LC.SNPs_index.done, synthesis_daphnia/list/PRE_long_LC_ALL_gal_LC_PEL_long_LC.SNPs.tsv, synthesis_daphnia/list/PRE_long_LC_ALL_gal_LC_PEL_long_LC.SNPs.chr
    output: synthesis_daphnia/mafs/df10.mafs.done
    log: log/synthesis_daphnia/mafs/df10.mafs.log (check log file(s) for error details)
    shell:
        
    module load singularity/3.8.7-python-3.10.8-gcc-8.5.0-e6f6onc
    singularity exec --home $PWD:$HOME /scratch/c7701178/bio/angsd+ngsrelate.sif /opt/angsd-0.939/angsd -b synthesis_daphnia/list/df10_realignedbam.list -ref ref/Dgaleata_M5_PBasm.FINAL.fasta -anc ref/Dgaleata_M5_PBasm.FINAL.fasta -out synthesis_daphnia/mafs/df10.mafs -GL 2 -doGlf 2 -doMaf 1 -doMajorMinor 3 -uniqueOnly 1 -remove_bads 1 -only_proper_pairs 1 -trim 0 -C 50 -minQ 20 -minMapQ 30 -minInd 1 -sites synthesis_daphnia/list/PRE_long_LC_ALL_gal_LC_PEL_long_LC.SNPs.tsv -rf synthesis_daphnia/list/PRE_long_LC_ALL_gal_LC_PEL_long_LC.SNPs.chr 2> log/synthesis_daphnia/mafs/df10.mafs.log
    
        (one of the commands exited with non-zero exit code; note that snakemake uses bash strict mode!)
    cluster_jobid: Submitted batch job 187893

Error executing rule get_mafs_df_sites on cluster (jobid: 51, external: Submitted batch job 187893, jobscript: /gpfs/gpfs1/scratch/c7701178/mach2/DAPHNIA/Daphnia_RestEggs_snakemake_pbs_2.0_HiC_SLURM/.snakemake/tmp.awu4nu6n/snakejob.get_mafs_df_sites.51.sh). For error details see the cluster log and the log files of the involved rule(s).
[Thu Jun  1 15:23:47 2023]
Error in rule get_mafs_df_sites:
    jobid: 46
    input: ref/Dgaleata_M5_PBasm.FINAL.fasta, synthesis_daphnia/list/df5_realignedbam.list, synthesis_daphnia/list/PRE_long_LC_ALL_gal_LC_PEL_long_LC.SNPs_index.done, synthesis_daphnia/list/PRE_long_LC_ALL_gal_LC_PEL_long_LC.SNPs.tsv, synthesis_daphnia/list/PRE_long_LC_ALL_gal_LC_PEL_long_LC.SNPs.chr
    output: synthesis_daphnia/mafs/df5.mafs.done
    log: log/synthesis_daphnia/mafs/df5.mafs.log (check log file(s) for error details)
    shell:
        
    module load singularity/3.8.7-python-3.10.8-gcc-8.5.0-e6f6onc
    singularity exec --home $PWD:$HOME /scratch/c7701178/bio/angsd+ngsrelate.sif /opt/angsd-0.939/angsd -b synthesis_daphnia/list/df5_realignedbam.list -ref ref/Dgaleata_M5_PBasm.FINAL.fasta -anc ref/Dgaleata_M5_PBasm.FINAL.fasta -out synthesis_daphnia/mafs/df5.mafs -GL 2 -doGlf 2 -doMaf 1 -doMajorMinor 3 -uniqueOnly 1 -remove_bads 1 -only_proper_pairs 1 -trim 0 -C 50 -minQ 20 -minMapQ 30 -minInd 1 -sites synthesis_daphnia/list/PRE_long_LC_ALL_gal_LC_PEL_long_LC.SNPs.tsv -rf synthesis_daphnia/list/PRE_long_LC_ALL_gal_LC_PEL_long_LC.SNPs.chr 2> log/synthesis_daphnia/mafs/df5.mafs.log
    
        (one of the commands exited with non-zero exit code; note that snakemake uses bash strict mode!)
    cluster_jobid: Submitted batch job 187894

Error executing rule get_mafs_df_sites on cluster (jobid: 46, external: Submitted batch job 187894, jobscript: /gpfs/gpfs1/scratch/c7701178/mach2/DAPHNIA/Daphnia_RestEggs_snakemake_pbs_2.0_HiC_SLURM/.snakemake/tmp.awu4nu6n/snakejob.get_mafs_df_sites.46.sh). For error details see the cluster log and the log files of the involved rule(s).
[Thu Jun  1 15:23:48 2023]
Error in rule get_mafs_df_sites:
    jobid: 55
    input: ref/Dgaleata_M5_PBasm.FINAL.fasta, synthesis_daphnia/list/df14_realignedbam.list, synthesis_daphnia/list/PRE_long_LC_ALL_gal_LC_PEL_long_LC.SNPs_index.done, synthesis_daphnia/list/PRE_long_LC_ALL_gal_LC_PEL_long_LC.SNPs.tsv, synthesis_daphnia/list/PRE_long_LC_ALL_gal_LC_PEL_long_LC.SNPs.chr
    output: synthesis_daphnia/mafs/df14.mafs.done
    log: log/synthesis_daphnia/mafs/df14.mafs.log (check log file(s) for error details)
    shell:
        
    module load singularity/3.8.7-python-3.10.8-gcc-8.5.0-e6f6onc
    singularity exec --home $PWD:$HOME /scratch/c7701178/bio/angsd+ngsrelate.sif /opt/angsd-0.939/angsd -b synthesis_daphnia/list/df14_realignedbam.list -ref ref/Dgaleata_M5_PBasm.FINAL.fasta -anc ref/Dgaleata_M5_PBasm.FINAL.fasta -out synthesis_daphnia/mafs/df14.mafs -GL 2 -doGlf 2 -doMaf 1 -doMajorMinor 3 -uniqueOnly 1 -remove_bads 1 -only_proper_pairs 1 -trim 0 -C 50 -minQ 20 -minMapQ 30 -minInd 1 -sites synthesis_daphnia/list/PRE_long_LC_ALL_gal_LC_PEL_long_LC.SNPs.tsv -rf synthesis_daphnia/list/PRE_long_LC_ALL_gal_LC_PEL_long_LC.SNPs.chr 2> log/synthesis_daphnia/mafs/df14.mafs.log
    
        (one of the commands exited with non-zero exit code; note that snakemake uses bash strict mode!)
    cluster_jobid: Submitted batch job 187895

Error executing rule get_mafs_df_sites on cluster (jobid: 55, external: Submitted batch job 187895, jobscript: /gpfs/gpfs1/scratch/c7701178/mach2/DAPHNIA/Daphnia_RestEggs_snakemake_pbs_2.0_HiC_SLURM/.snakemake/tmp.awu4nu6n/snakejob.get_mafs_df_sites.55.sh). For error details see the cluster log and the log files of the involved rule(s).
[Thu Jun  1 15:23:49 2023]
Error in rule get_mafs_df_sites:
    jobid: 53
    input: ref/Dgaleata_M5_PBasm.FINAL.fasta, synthesis_daphnia/list/df12_realignedbam.list, synthesis_daphnia/list/PRE_long_LC_ALL_gal_LC_PEL_long_LC.SNPs_index.done, synthesis_daphnia/list/PRE_long_LC_ALL_gal_LC_PEL_long_LC.SNPs.tsv, synthesis_daphnia/list/PRE_long_LC_ALL_gal_LC_PEL_long_LC.SNPs.chr
    output: synthesis_daphnia/mafs/df12.mafs.done
    log: log/synthesis_daphnia/mafs/df12.mafs.log (check log file(s) for error details)
    shell:
        
    module load singularity/3.8.7-python-3.10.8-gcc-8.5.0-e6f6onc
    singularity exec --home $PWD:$HOME /scratch/c7701178/bio/angsd+ngsrelate.sif /opt/angsd-0.939/angsd -b synthesis_daphnia/list/df12_realignedbam.list -ref ref/Dgaleata_M5_PBasm.FINAL.fasta -anc ref/Dgaleata_M5_PBasm.FINAL.fasta -out synthesis_daphnia/mafs/df12.mafs -GL 2 -doGlf 2 -doMaf 1 -doMajorMinor 3 -uniqueOnly 1 -remove_bads 1 -only_proper_pairs 1 -trim 0 -C 50 -minQ 20 -minMapQ 30 -minInd 1 -sites synthesis_daphnia/list/PRE_long_LC_ALL_gal_LC_PEL_long_LC.SNPs.tsv -rf synthesis_daphnia/list/PRE_long_LC_ALL_gal_LC_PEL_long_LC.SNPs.chr 2> log/synthesis_daphnia/mafs/df12.mafs.log
    
        (one of the commands exited with non-zero exit code; note that snakemake uses bash strict mode!)
    cluster_jobid: Submitted batch job 187896

Error executing rule get_mafs_df_sites on cluster (jobid: 53, external: Submitted batch job 187896, jobscript: /gpfs/gpfs1/scratch/c7701178/mach2/DAPHNIA/Daphnia_RestEggs_snakemake_pbs_2.0_HiC_SLURM/.snakemake/tmp.awu4nu6n/snakejob.get_mafs_df_sites.53.sh). For error details see the cluster log and the log files of the involved rule(s).
[Thu Jun  1 15:23:50 2023]
Error in rule get_mafs_df_sites:
    jobid: 57
    input: ref/Dgaleata_M5_PBasm.FINAL.fasta, synthesis_daphnia/list/df16_realignedbam.list, synthesis_daphnia/list/PRE_long_LC_ALL_gal_LC_PEL_long_LC.SNPs_index.done, synthesis_daphnia/list/PRE_long_LC_ALL_gal_LC_PEL_long_LC.SNPs.tsv, synthesis_daphnia/list/PRE_long_LC_ALL_gal_LC_PEL_long_LC.SNPs.chr
    output: synthesis_daphnia/mafs/df16.mafs.done
    log: log/synthesis_daphnia/mafs/df16.mafs.log (check log file(s) for error details)
    shell:
        
    module load singularity/3.8.7-python-3.10.8-gcc-8.5.0-e6f6onc
    singularity exec --home $PWD:$HOME /scratch/c7701178/bio/angsd+ngsrelate.sif /opt/angsd-0.939/angsd -b synthesis_daphnia/list/df16_realignedbam.list -ref ref/Dgaleata_M5_PBasm.FINAL.fasta -anc ref/Dgaleata_M5_PBasm.FINAL.fasta -out synthesis_daphnia/mafs/df16.mafs -GL 2 -doGlf 2 -doMaf 1 -doMajorMinor 3 -uniqueOnly 1 -remove_bads 1 -only_proper_pairs 1 -trim 0 -C 50 -minQ 20 -minMapQ 30 -minInd 1 -sites synthesis_daphnia/list/PRE_long_LC_ALL_gal_LC_PEL_long_LC.SNPs.tsv -rf synthesis_daphnia/list/PRE_long_LC_ALL_gal_LC_PEL_long_LC.SNPs.chr 2> log/synthesis_daphnia/mafs/df16.mafs.log
    
        (one of the commands exited with non-zero exit code; note that snakemake uses bash strict mode!)
    cluster_jobid: Submitted batch job 187897

Error executing rule get_mafs_df_sites on cluster (jobid: 57, external: Submitted batch job 187897, jobscript: /gpfs/gpfs1/scratch/c7701178/mach2/DAPHNIA/Daphnia_RestEggs_snakemake_pbs_2.0_HiC_SLURM/.snakemake/tmp.awu4nu6n/snakejob.get_mafs_df_sites.57.sh). For error details see the cluster log and the log files of the involved rule(s).
[Thu Jun  1 15:23:51 2023]
Error in rule get_mafs_df_sites:
    jobid: 48
    input: ref/Dgaleata_M5_PBasm.FINAL.fasta, synthesis_daphnia/list/df7_realignedbam.list, synthesis_daphnia/list/PRE_long_LC_ALL_gal_LC_PEL_long_LC.SNPs_index.done, synthesis_daphnia/list/PRE_long_LC_ALL_gal_LC_PEL_long_LC.SNPs.tsv, synthesis_daphnia/list/PRE_long_LC_ALL_gal_LC_PEL_long_LC.SNPs.chr
    output: synthesis_daphnia/mafs/df7.mafs.done
    log: log/synthesis_daphnia/mafs/df7.mafs.log (check log file(s) for error details)
    shell:
        
    module load singularity/3.8.7-python-3.10.8-gcc-8.5.0-e6f6onc
    singularity exec --home $PWD:$HOME /scratch/c7701178/bio/angsd+ngsrelate.sif /opt/angsd-0.939/angsd -b synthesis_daphnia/list/df7_realignedbam.list -ref ref/Dgaleata_M5_PBasm.FINAL.fasta -anc ref/Dgaleata_M5_PBasm.FINAL.fasta -out synthesis_daphnia/mafs/df7.mafs -GL 2 -doGlf 2 -doMaf 1 -doMajorMinor 3 -uniqueOnly 1 -remove_bads 1 -only_proper_pairs 1 -trim 0 -C 50 -minQ 20 -minMapQ 30 -minInd 1 -sites synthesis_daphnia/list/PRE_long_LC_ALL_gal_LC_PEL_long_LC.SNPs.tsv -rf synthesis_daphnia/list/PRE_long_LC_ALL_gal_LC_PEL_long_LC.SNPs.chr 2> log/synthesis_daphnia/mafs/df7.mafs.log
    
        (one of the commands exited with non-zero exit code; note that snakemake uses bash strict mode!)
    cluster_jobid: Submitted batch job 187898

Error executing rule get_mafs_df_sites on cluster (jobid: 48, external: Submitted batch job 187898, jobscript: /gpfs/gpfs1/scratch/c7701178/mach2/DAPHNIA/Daphnia_RestEggs_snakemake_pbs_2.0_HiC_SLURM/.snakemake/tmp.awu4nu6n/snakejob.get_mafs_df_sites.48.sh). For error details see the cluster log and the log files of the involved rule(s).
[Thu Jun  1 15:23:52 2023]
Error in rule get_mafs_df_sites:
    jobid: 43
    input: ref/Dgaleata_M5_PBasm.FINAL.fasta, synthesis_daphnia/list/df2_realignedbam.list, synthesis_daphnia/list/PRE_long_LC_ALL_gal_LC_PEL_long_LC.SNPs_index.done, synthesis_daphnia/list/PRE_long_LC_ALL_gal_LC_PEL_long_LC.SNPs.tsv, synthesis_daphnia/list/PRE_long_LC_ALL_gal_LC_PEL_long_LC.SNPs.chr
    output: synthesis_daphnia/mafs/df2.mafs.done
    log: log/synthesis_daphnia/mafs/df2.mafs.log (check log file(s) for error details)
    shell:
        
    module load singularity/3.8.7-python-3.10.8-gcc-8.5.0-e6f6onc
    singularity exec --home $PWD:$HOME /scratch/c7701178/bio/angsd+ngsrelate.sif /opt/angsd-0.939/angsd -b synthesis_daphnia/list/df2_realignedbam.list -ref ref/Dgaleata_M5_PBasm.FINAL.fasta -anc ref/Dgaleata_M5_PBasm.FINAL.fasta -out synthesis_daphnia/mafs/df2.mafs -GL 2 -doGlf 2 -doMaf 1 -doMajorMinor 3 -uniqueOnly 1 -remove_bads 1 -only_proper_pairs 1 -trim 0 -C 50 -minQ 20 -minMapQ 30 -minInd 1 -sites synthesis_daphnia/list/PRE_long_LC_ALL_gal_LC_PEL_long_LC.SNPs.tsv -rf synthesis_daphnia/list/PRE_long_LC_ALL_gal_LC_PEL_long_LC.SNPs.chr 2> log/synthesis_daphnia/mafs/df2.mafs.log
    
        (one of the commands exited with non-zero exit code; note that snakemake uses bash strict mode!)
    cluster_jobid: Submitted batch job 187899

Error executing rule get_mafs_df_sites on cluster (jobid: 43, external: Submitted batch job 187899, jobscript: /gpfs/gpfs1/scratch/c7701178/mach2/DAPHNIA/Daphnia_RestEggs_snakemake_pbs_2.0_HiC_SLURM/.snakemake/tmp.awu4nu6n/snakejob.get_mafs_df_sites.43.sh). For error details see the cluster log and the log files of the involved rule(s).
[Thu Jun  1 15:23:53 2023]
Error in rule get_mafs_df_sites:
    jobid: 50
    input: ref/Dgaleata_M5_PBasm.FINAL.fasta, synthesis_daphnia/list/df9_realignedbam.list, synthesis_daphnia/list/PRE_long_LC_ALL_gal_LC_PEL_long_LC.SNPs_index.done, synthesis_daphnia/list/PRE_long_LC_ALL_gal_LC_PEL_long_LC.SNPs.tsv, synthesis_daphnia/list/PRE_long_LC_ALL_gal_LC_PEL_long_LC.SNPs.chr
    output: synthesis_daphnia/mafs/df9.mafs.done
    log: log/synthesis_daphnia/mafs/df9.mafs.log (check log file(s) for error details)
    shell:
        
    module load singularity/3.8.7-python-3.10.8-gcc-8.5.0-e6f6onc
    singularity exec --home $PWD:$HOME /scratch/c7701178/bio/angsd+ngsrelate.sif /opt/angsd-0.939/angsd -b synthesis_daphnia/list/df9_realignedbam.list -ref ref/Dgaleata_M5_PBasm.FINAL.fasta -anc ref/Dgaleata_M5_PBasm.FINAL.fasta -out synthesis_daphnia/mafs/df9.mafs -GL 2 -doGlf 2 -doMaf 1 -doMajorMinor 3 -uniqueOnly 1 -remove_bads 1 -only_proper_pairs 1 -trim 0 -C 50 -minQ 20 -minMapQ 30 -minInd 1 -sites synthesis_daphnia/list/PRE_long_LC_ALL_gal_LC_PEL_long_LC.SNPs.tsv -rf synthesis_daphnia/list/PRE_long_LC_ALL_gal_LC_PEL_long_LC.SNPs.chr 2> log/synthesis_daphnia/mafs/df9.mafs.log
    
        (one of the commands exited with non-zero exit code; note that snakemake uses bash strict mode!)
    cluster_jobid: Submitted batch job 187900

Error executing rule get_mafs_df_sites on cluster (jobid: 50, external: Submitted batch job 187900, jobscript: /gpfs/gpfs1/scratch/c7701178/mach2/DAPHNIA/Daphnia_RestEggs_snakemake_pbs_2.0_HiC_SLURM/.snakemake/tmp.awu4nu6n/snakejob.get_mafs_df_sites.50.sh). For error details see the cluster log and the log files of the involved rule(s).
[Thu Jun  1 15:23:54 2023]
Error in rule get_mafs_df_sites:
    jobid: 45
    input: ref/Dgaleata_M5_PBasm.FINAL.fasta, synthesis_daphnia/list/df4_realignedbam.list, synthesis_daphnia/list/PRE_long_LC_ALL_gal_LC_PEL_long_LC.SNPs_index.done, synthesis_daphnia/list/PRE_long_LC_ALL_gal_LC_PEL_long_LC.SNPs.tsv, synthesis_daphnia/list/PRE_long_LC_ALL_gal_LC_PEL_long_LC.SNPs.chr
    output: synthesis_daphnia/mafs/df4.mafs.done
    log: log/synthesis_daphnia/mafs/df4.mafs.log (check log file(s) for error details)
    shell:
        
    module load singularity/3.8.7-python-3.10.8-gcc-8.5.0-e6f6onc
    singularity exec --home $PWD:$HOME /scratch/c7701178/bio/angsd+ngsrelate.sif /opt/angsd-0.939/angsd -b synthesis_daphnia/list/df4_realignedbam.list -ref ref/Dgaleata_M5_PBasm.FINAL.fasta -anc ref/Dgaleata_M5_PBasm.FINAL.fasta -out synthesis_daphnia/mafs/df4.mafs -GL 2 -doGlf 2 -doMaf 1 -doMajorMinor 3 -uniqueOnly 1 -remove_bads 1 -only_proper_pairs 1 -trim 0 -C 50 -minQ 20 -minMapQ 30 -minInd 1 -sites synthesis_daphnia/list/PRE_long_LC_ALL_gal_LC_PEL_long_LC.SNPs.tsv -rf synthesis_daphnia/list/PRE_long_LC_ALL_gal_LC_PEL_long_LC.SNPs.chr 2> log/synthesis_daphnia/mafs/df4.mafs.log
    
        (one of the commands exited with non-zero exit code; note that snakemake uses bash strict mode!)
    cluster_jobid: Submitted batch job 187901

Error executing rule get_mafs_df_sites on cluster (jobid: 45, external: Submitted batch job 187901, jobscript: /gpfs/gpfs1/scratch/c7701178/mach2/DAPHNIA/Daphnia_RestEggs_snakemake_pbs_2.0_HiC_SLURM/.snakemake/tmp.awu4nu6n/snakejob.get_mafs_df_sites.45.sh). For error details see the cluster log and the log files of the involved rule(s).
[Thu Jun  1 15:23:55 2023]
Error in rule get_mafs_df_sites:
    jobid: 52
    input: ref/Dgaleata_M5_PBasm.FINAL.fasta, synthesis_daphnia/list/df11_realignedbam.list, synthesis_daphnia/list/PRE_long_LC_ALL_gal_LC_PEL_long_LC.SNPs_index.done, synthesis_daphnia/list/PRE_long_LC_ALL_gal_LC_PEL_long_LC.SNPs.tsv, synthesis_daphnia/list/PRE_long_LC_ALL_gal_LC_PEL_long_LC.SNPs.chr
    output: synthesis_daphnia/mafs/df11.mafs.done
    log: log/synthesis_daphnia/mafs/df11.mafs.log (check log file(s) for error details)
    shell:
        
    module load singularity/3.8.7-python-3.10.8-gcc-8.5.0-e6f6onc
    singularity exec --home $PWD:$HOME /scratch/c7701178/bio/angsd+ngsrelate.sif /opt/angsd-0.939/angsd -b synthesis_daphnia/list/df11_realignedbam.list -ref ref/Dgaleata_M5_PBasm.FINAL.fasta -anc ref/Dgaleata_M5_PBasm.FINAL.fasta -out synthesis_daphnia/mafs/df11.mafs -GL 2 -doGlf 2 -doMaf 1 -doMajorMinor 3 -uniqueOnly 1 -remove_bads 1 -only_proper_pairs 1 -trim 0 -C 50 -minQ 20 -minMapQ 30 -minInd 1 -sites synthesis_daphnia/list/PRE_long_LC_ALL_gal_LC_PEL_long_LC.SNPs.tsv -rf synthesis_daphnia/list/PRE_long_LC_ALL_gal_LC_PEL_long_LC.SNPs.chr 2> log/synthesis_daphnia/mafs/df11.mafs.log
    
        (one of the commands exited with non-zero exit code; note that snakemake uses bash strict mode!)
    cluster_jobid: Submitted batch job 187902

Error executing rule get_mafs_df_sites on cluster (jobid: 52, external: Submitted batch job 187902, jobscript: /gpfs/gpfs1/scratch/c7701178/mach2/DAPHNIA/Daphnia_RestEggs_snakemake_pbs_2.0_HiC_SLURM/.snakemake/tmp.awu4nu6n/snakejob.get_mafs_df_sites.52.sh). For error details see the cluster log and the log files of the involved rule(s).
Exiting because a job execution failed. Look above for error message
Complete log: .snakemake/log/2023-06-01T152300.509676.snakemake.log
