Building DAG of jobs...
Using shell: /usr/bin/bash
Provided cluster nodes: 5000
Job stats:
job                    count    min threads    max threads
-------------------  -------  -------------  -------------
all                        1              1              1
angsd_SAF_POP_sites        1              2              2
total                      2              1              2

Select jobs to execute...

[Thu May 25 10:28:00 2023]
Job 1:  Compute site allele frequency likelihood (.saf.idx) for each population using angsd 
Reason: Missing output files: saf/POPS/sites/PRE_long_LC_8_8_276.GL2.sites.saf.idx.done; Code has changed since last execution


    module load singularity/3.8.7-python-3.10.8-gcc-8.5.0-e6f6onc
    pwd
    singularity exec /scratch/c7701178/bio/angsd+ngsrelate.sif pwd
    singularity exec --home $PWD:$HOME /scratch/c7701178/bio/angsd+ngsrelate.sif /opt/angsd/angsd -b list/saf/PRE_long_LC.list -ref ref/Dgaleata_M5_PBasm.FINAL.fasta -anc ref/Dgaleata_M5_PBasm.FINAL.fasta -out saf/POPS/sites/PRE_long_LC_8_8_276.GL2.sites -uniqueOnly 1 -remove_bads 1 -only_proper_pairs 1 -trim 0 -C 50 -minQ 20 -minMapQ 30 -minInd 8 -setMinDepth 8 -setMaxDepth 276 -GL 2 -doCounts 1 -doSaf 1 -doMaf 1 -doMajorMinor 3 -sites /scratch/c7701178/mach2/DAPHNIA/Daphnia_RestEggs_snakemake_pbs_2.0_HiC/angsd/LC/angsd_GL2_minInd202_maf0.05_minDepth202_maxDepth9051_globalSNP.list -rf /scratch/c7701178/mach2/DAPHNIA/Daphnia_RestEggs_snakemake_pbs_2.0_HiC/angsd/LC/angsd_GL2_minInd202_maf0.05_minDepth202_maxDepth9051_globalSNP.chr 2> log/saf_POPS/sites/PRE_long_LC_8_8_276.GL2.sites.saf.idx.log
    
Submitted job 1 with external jobid 'Submitted batch job 176415'.
[Thu May 25 10:45:11 2023]
Finished job 1.
1 of 2 steps (50%) done
Select jobs to execute...

[Thu May 25 10:45:11 2023]
localrule all:
    input: saf/POPS/ALL_gal_LC_100_100_5343.GL2.saf.idx.done, saf/POPS/cucREF7_7_7_284.GL2.saf.idx.done, saf/POPS/curvirostris_8_8_82.GL2.saf.idx.done, saf/POPS/EGGS_gal_LC_78_78_4182.GL2.saf.idx.done, saf/POPS/galREF9_9_9_467.GL2.saf.idx.done, saf/POPS/hatched_gal_LC_22_22_1161.GL2.saf.idx.done, saf/POPS/longREF7_7_7_317.GL2.saf.idx.done, saf/POPS/longREF9_9_9_393.GL2.saf.idx.done, saf/POPS/PEL_cuc_LC_8_8_215.GL2.saf.idx.done, saf/POPS/PEL_long_LC_17_17_480.GL2.saf.idx.done, saf/POPS/PRE_long_LC_8_8_276.GL2.saf.idx.done, saf/POPS/ALL_gal_LC_100_100_5343.GL2.1D.sfs, saf/POPS/cucREF7_7_7_284.GL2.1D.sfs, saf/POPS/curvirostris_8_8_82.GL2.1D.sfs, saf/POPS/EGGS_gal_LC_78_78_4182.GL2.1D.sfs, saf/POPS/galREF9_9_9_467.GL2.1D.sfs, saf/POPS/hatched_gal_LC_22_22_1161.GL2.1D.sfs, saf/POPS/longREF7_7_7_317.GL2.1D.sfs, saf/POPS/longREF9_9_9_393.GL2.1D.sfs, saf/POPS/PEL_cuc_LC_8_8_215.GL2.1D.sfs, saf/POPS/PEL_long_LC_17_17_480.GL2.1D.sfs, saf/POPS/PRE_long_LC_8_8_276.GL2.1D.sfs, saf/POPS/ALL_gal_LC_100_100_5343.GL2.sfs2theta.done, saf/POPS/cucREF7_7_7_284.GL2.sfs2theta.done, saf/POPS/curvirostris_8_8_82.GL2.sfs2theta.done, saf/POPS/EGGS_gal_LC_78_78_4182.GL2.sfs2theta.done, saf/POPS/galREF9_9_9_467.GL2.sfs2theta.done, saf/POPS/hatched_gal_LC_22_22_1161.GL2.sfs2theta.done, saf/POPS/longREF7_7_7_317.GL2.sfs2theta.done, saf/POPS/longREF9_9_9_393.GL2.sfs2theta.done, saf/POPS/PEL_cuc_LC_8_8_215.GL2.sfs2theta.done, saf/POPS/PEL_long_LC_17_17_480.GL2.sfs2theta.done, saf/POPS/PRE_long_LC_8_8_276.GL2.sfs2theta.done, saf/POPS/ALL_gal_LC_100_100_5343.GL2.theta_stats_chrom.done, saf/POPS/cucREF7_7_7_284.GL2.theta_stats_chrom.done, saf/POPS/curvirostris_8_8_82.GL2.theta_stats_chrom.done, saf/POPS/EGGS_gal_LC_78_78_4182.GL2.theta_stats_chrom.done, saf/POPS/galREF9_9_9_467.GL2.theta_stats_chrom.done, saf/POPS/hatched_gal_LC_22_22_1161.GL2.theta_stats_chrom.done, saf/POPS/longREF7_7_7_317.GL2.theta_stats_chrom.done, saf/POPS/longREF9_9_9_393.GL2.theta_stats_chrom.done, saf/POPS/PEL_cuc_LC_8_8_215.GL2.theta_stats_chrom.done, saf/POPS/PEL_long_LC_17_17_480.GL2.theta_stats_chrom.done, saf/POPS/PRE_long_LC_8_8_276.GL2.theta_stats_chrom.done, saf/POPS/ALL_gal_LC_100_100_5343.GL2.theta_stats_Window10kb.done, saf/POPS/cucREF7_7_7_284.GL2.theta_stats_Window10kb.done, saf/POPS/curvirostris_8_8_82.GL2.theta_stats_Window10kb.done, saf/POPS/EGGS_gal_LC_78_78_4182.GL2.theta_stats_Window10kb.done, saf/POPS/galREF9_9_9_467.GL2.theta_stats_Window10kb.done, saf/POPS/hatched_gal_LC_22_22_1161.GL2.theta_stats_Window10kb.done, saf/POPS/longREF7_7_7_317.GL2.theta_stats_Window10kb.done, saf/POPS/longREF9_9_9_393.GL2.theta_stats_Window10kb.done, saf/POPS/PEL_cuc_LC_8_8_215.GL2.theta_stats_Window10kb.done, saf/POPS/PEL_long_LC_17_17_480.GL2.theta_stats_Window10kb.done, saf/POPS/PRE_long_LC_8_8_276.GL2.theta_stats_Window10kb.done, saf/POPS/PRE_long_LC_vs_PEL_long_LC_2D.sfs, saf/POPS/PRE_long_LC_vs_PEL_cuc_LC_2D.sfs, saf/POPS/PRE_long_LC_vs_ALL_gal_LC_2D.sfs, saf/POPS/ALL_gal_LC_vs_PEL_long_LC_2D.sfs, saf/POPS/PEL_long_LC_vs_PEL_cuc_LC_2D.sfs, saf/POPS/ALL_gal_LC_vs_PEL_cuc_LC_2D.sfs, saf/POPS/longREF9_vs_galREF9_2D.sfs, saf/POPS/longREF9_vs_cucREF7_2D.sfs, saf/POPS/longREF7_vs_galREF9_2D.sfs, saf/POPS/longREF7_vs_cucREF7_2D.sfs, saf/POPS/galREF9_vs_cucREF7_2D.sfs, saf/POPS/2pops/PRE_long_LC_vs_PEL_long_LC.fstIndex.done, saf/POPS/2pops/PRE_long_LC_vs_PEL_cuc_LC.fstIndex.done, saf/POPS/2pops/PRE_long_LC_vs_ALL_gal_LC.fstIndex.done, saf/POPS/2pops/ALL_gal_LC_vs_PEL_long_LC.fstIndex.done, saf/POPS/2pops/PEL_long_LC_vs_PEL_cuc_LC.fstIndex.done, saf/POPS/2pops/ALL_gal_LC_vs_PEL_cuc_LC.fstIndex.done, saf/POPS/2pops/longREF9_vs_galREF9.fstIndex.done, saf/POPS/2pops/longREF9_vs_cucREF7.fstIndex.done, saf/POPS/2pops/longREF7_vs_galREF9.fstIndex.done, saf/POPS/2pops/longREF7_vs_cucREF7.fstIndex.done, saf/POPS/2pops/galREF9_vs_cucREF7.fstIndex.done, saf/POPS/3pops/PRE_long_LC_vs_ALL_gal_LC_vs_PEL_long_LC.fstIndex.done, saf/POPS/2pops/PRE_long_LC_vs_PEL_long_LC.fst.global.tsv, saf/POPS/2pops/PRE_long_LC_vs_PEL_cuc_LC.fst.global.tsv, saf/POPS/2pops/PRE_long_LC_vs_ALL_gal_LC.fst.global.tsv, saf/POPS/2pops/ALL_gal_LC_vs_PEL_long_LC.fst.global.tsv, saf/POPS/2pops/PEL_long_LC_vs_PEL_cuc_LC.fst.global.tsv, saf/POPS/2pops/ALL_gal_LC_vs_PEL_cuc_LC.fst.global.tsv, saf/POPS/2pops/longREF9_vs_galREF9.fst.global.tsv, saf/POPS/2pops/longREF9_vs_cucREF7.fst.global.tsv, saf/POPS/2pops/longREF7_vs_galREF9.fst.global.tsv, saf/POPS/2pops/longREF7_vs_cucREF7.fst.global.tsv, saf/POPS/2pops/galREF9_vs_cucREF7.fst.global.tsv, saf/POPS/2pops/PRE_long_LC_vs_PEL_long_LC.fst.Window10kb.type1.tsv, saf/POPS/2pops/PRE_long_LC_vs_PEL_cuc_LC.fst.Window10kb.type1.tsv, saf/POPS/2pops/PRE_long_LC_vs_ALL_gal_LC.fst.Window10kb.type1.tsv, saf/POPS/2pops/ALL_gal_LC_vs_PEL_long_LC.fst.Window10kb.type1.tsv, saf/POPS/2pops/PEL_long_LC_vs_PEL_cuc_LC.fst.Window10kb.type1.tsv, saf/POPS/2pops/ALL_gal_LC_vs_PEL_cuc_LC.fst.Window10kb.type1.tsv, saf/POPS/2pops/longREF9_vs_galREF9.fst.Window10kb.type1.tsv, saf/POPS/2pops/longREF9_vs_cucREF7.fst.Window10kb.type1.tsv, saf/POPS/2pops/longREF7_vs_galREF9.fst.Window10kb.type1.tsv, saf/POPS/2pops/longREF7_vs_cucREF7.fst.Window10kb.type1.tsv, saf/POPS/2pops/galREF9_vs_cucREF7.fst.Window10kb.type1.tsv, saf/POPS/3pops/PRE_long_LC_vs_ALL_gal_LC_vs_PEL_long_LC.fst.global.tsv, saf/POPS/3pops/PRE_long_LC_vs_ALL_gal_LC_vs_PEL_long_LC.fst.Window10kb.type1.tsv, saf/POPS/3pops/PRE_long_LC_vs_ALL_gal_LC_vs_PEL_long_LC.fst.Window10kb.type2.tsv, saf/POPS/3pops/PRE_long_LC_vs_ALL_gal_LC_vs_PEL_long_LC.fst.Window10kb.type3.tsv, saf/POPS/2pops/PRE_long_LC_vs_PEL_long_LC.A_B.tsv.gz, saf/POPS/2pops/PRE_long_LC_vs_PEL_cuc_LC.A_B.tsv.gz, saf/POPS/2pops/PRE_long_LC_vs_ALL_gal_LC.A_B.tsv.gz, saf/POPS/2pops/ALL_gal_LC_vs_PEL_long_LC.A_B.tsv.gz, saf/POPS/2pops/PEL_long_LC_vs_PEL_cuc_LC.A_B.tsv.gz, saf/POPS/2pops/ALL_gal_LC_vs_PEL_cuc_LC.A_B.tsv.gz, saf/POPS/2pops/longREF9_vs_galREF9.A_B.tsv.gz, saf/POPS/2pops/longREF9_vs_cucREF7.A_B.tsv.gz, saf/POPS/2pops/longREF7_vs_galREF9.A_B.tsv.gz, saf/POPS/2pops/longREF7_vs_cucREF7.A_B.tsv.gz, saf/POPS/2pops/galREF9_vs_cucREF7.A_B.tsv.gz, saf/POPS/3pops/PRE_long_LC_vs_ALL_gal_LC_vs_PEL_long_LC.A_B.tsv.gz, ngsRelate/PEL_cuc_LC.glf3.freq, ngsRelate/PEL_long_LC.glf3.freq, ngsRelate/PRE_long_LC.glf3.freq, ngsRelate/PEL_F1_LC.glf3.freq, saf/POPS/sites/PRE_long_LC_8_8_276.GL2.sites.saf.idx.done
    jobid: 0
    reason: Input files updated by another job: saf/POPS/sites/PRE_long_LC_8_8_276.GL2.sites.saf.idx.done
    resources: mem_mb=1000, mem_mib=954, disk_mb=4172, disk_mib=3979, tmpdir=/tmp, partition=std, walltime=120:00:00

[Thu May 25 10:45:11 2023]
Finished job 0.
2 of 2 steps (100%) done
Complete log: .snakemake/log/2023-05-25T102759.959308.snakemake.log
