Building DAG of jobs...
Using shell: /usr/bin/bash
Provided cluster nodes: 5000
Job stats:
job              count    min threads    max threads
-------------  -------  -------------  -------------
all                  1              1              1
angsd_SAF_POP        1             12             12
total                2              1             12

Select jobs to execute...

[Mon Apr 24 17:09:28 2023]
Job 9:  Compute site allele frequency likelihood (.saf.idx) for each population using angsd 
Reason: Missing output files: saf/POPS/PEL_cuc_LC_8_8_215.GL2.saf.idx.done


    angsd -b list/saf/PEL_cuc_LC.list -ref ref/Dgaleata_M5_PBasm.FINAL.fasta -anc ref/Dgaleata_M5_PBasm.FINAL.fasta -out saf/POPS/PEL_cuc_LC_8_8_215.GL2 -uniqueOnly 1 -remove_bads 1 -only_proper_pairs 1 -trim 0 -C 50 -minQ 20 -minMapQ 30 -minInd 8 -setMinDepth 8 -setMaxDepth 215 -GL 2 -doCounts 1 -doSaf 1 2> log/saf_POPS/PEL_cuc_LC_8_8_215.GL2.saf.idx.log
    
Submitted job 9 with external jobid 'Submitted batch job 141353'.
[Mon Apr 24 17:09:38 2023]
Error in rule angsd_SAF_POP:
    jobid: 9
    input: ref/Dgaleata_M5_PBasm.FINAL.fasta, list/saf/PEL_cuc_LC.list
    output: saf/POPS/PEL_cuc_LC_8_8_215.GL2.saf.idx.done
    log: log/saf_POPS/PEL_cuc_LC_8_8_215.GL2.saf.idx.log (check log file(s) for error details)
    shell:
        
    angsd -b list/saf/PEL_cuc_LC.list -ref ref/Dgaleata_M5_PBasm.FINAL.fasta -anc ref/Dgaleata_M5_PBasm.FINAL.fasta -out saf/POPS/PEL_cuc_LC_8_8_215.GL2 -uniqueOnly 1 -remove_bads 1 -only_proper_pairs 1 -trim 0 -C 50 -minQ 20 -minMapQ 30 -minInd 8 -setMinDepth 8 -setMaxDepth 215 -GL 2 -doCounts 1 -doSaf 1 2> log/saf_POPS/PEL_cuc_LC_8_8_215.GL2.saf.idx.log
    
        (one of the commands exited with non-zero exit code; note that snakemake uses bash strict mode!)
    cluster_jobid: Submitted batch job 141353

Error executing rule angsd_SAF_POP on cluster (jobid: 9, external: Submitted batch job 141353, jobscript: /gpfs/gpfs1/scratch/c7701178/mach2/DAPHNIA/Daphnia_RestEggs_snakemake_pbs_2.0_HiC_SLURM/.snakemake/tmp.0u736ic5/snakejob.angsd_SAF_POP.9.sh). For error details see the cluster log and the log files of the involved rule(s).
Exiting because a job execution failed. Look above for error message
Complete log: .snakemake/log/2023-04-24T170927.997558.snakemake.log
