Building DAG of jobs...
Using shell: /usr/bin/bash
Provided cluster nodes: 5000
Job stats:
job            count    min threads    max threads
-----------  -------  -------------  -------------
Fst_windows       11             12             12
all                1              1              1
total             12              1             12

Select jobs to execute...

[Sun Apr 30 16:14:19 2023]
Job 98:  Get the Fst estimates per window 
Reason: Missing output files: saf/POPS/2pops/longREF7_vs_galREF9.fst.Window10kb.done


    for i in {1..3}; do
      realSFS fst stats2 saf/POPS/2pops/longREF7_vs_galREF9.fst.idx -win 10000 -step 1000 -type $i > saf/POPS/2pops/longREF7_vs_galREF9.fst.Window10kb.type${i}.tsv 2> log/saf_POPS/longREF7_vs_galREF9.fst.Window10kb.log
    done
    
Submitted job 98 with external jobid 'Submitted batch job 146352'.

[Sun Apr 30 16:14:20 2023]
Job 91:  Get the Fst estimates per window 
Reason: Missing output files: saf/POPS/2pops/PRE_long_LC_vs_PEL_cuc_LC.fst.Window10kb.done


    for i in {1..3}; do
      realSFS fst stats2 saf/POPS/2pops/PRE_long_LC_vs_PEL_cuc_LC.fst.idx -win 10000 -step 1000 -type $i > saf/POPS/2pops/PRE_long_LC_vs_PEL_cuc_LC.fst.Window10kb.type${i}.tsv 2> log/saf_POPS/PRE_long_LC_vs_PEL_cuc_LC.fst.Window10kb.log
    done
    
Submitted job 91 with external jobid 'Submitted batch job 146353'.

[Sun Apr 30 16:14:20 2023]
Job 100:  Get the Fst estimates per window 
Reason: Missing output files: saf/POPS/2pops/galREF9_vs_cucREF7.fst.Window10kb.done


    for i in {1..3}; do
      realSFS fst stats2 saf/POPS/2pops/galREF9_vs_cucREF7.fst.idx -win 10000 -step 1000 -type $i > saf/POPS/2pops/galREF9_vs_cucREF7.fst.Window10kb.type${i}.tsv 2> log/saf_POPS/galREF9_vs_cucREF7.fst.Window10kb.log
    done
    
Submitted job 100 with external jobid 'Submitted batch job 146354'.

[Sun Apr 30 16:14:20 2023]
Job 93:  Get the Fst estimates per window 
Reason: Missing output files: saf/POPS/2pops/ALL_gal_LC_vs_PEL_long_LC.fst.Window10kb.done


    for i in {1..3}; do
      realSFS fst stats2 saf/POPS/2pops/ALL_gal_LC_vs_PEL_long_LC.fst.idx -win 10000 -step 1000 -type $i > saf/POPS/2pops/ALL_gal_LC_vs_PEL_long_LC.fst.Window10kb.type${i}.tsv 2> log/saf_POPS/ALL_gal_LC_vs_PEL_long_LC.fst.Window10kb.log
    done
    
Submitted job 93 with external jobid 'Submitted batch job 146355'.

[Sun Apr 30 16:14:20 2023]
Job 95:  Get the Fst estimates per window 
Reason: Missing output files: saf/POPS/2pops/ALL_gal_LC_vs_PEL_cuc_LC.fst.Window10kb.done


    for i in {1..3}; do
      realSFS fst stats2 saf/POPS/2pops/ALL_gal_LC_vs_PEL_cuc_LC.fst.idx -win 10000 -step 1000 -type $i > saf/POPS/2pops/ALL_gal_LC_vs_PEL_cuc_LC.fst.Window10kb.type${i}.tsv 2> log/saf_POPS/ALL_gal_LC_vs_PEL_cuc_LC.fst.Window10kb.log
    done
    
Submitted job 95 with external jobid 'Submitted batch job 146356'.

[Sun Apr 30 16:14:20 2023]
Job 97:  Get the Fst estimates per window 
Reason: Missing output files: saf/POPS/2pops/longREF9_vs_cucREF7.fst.Window10kb.done


    for i in {1..3}; do
      realSFS fst stats2 saf/POPS/2pops/longREF9_vs_cucREF7.fst.idx -win 10000 -step 1000 -type $i > saf/POPS/2pops/longREF9_vs_cucREF7.fst.Window10kb.type${i}.tsv 2> log/saf_POPS/longREF9_vs_cucREF7.fst.Window10kb.log
    done
    
Submitted job 97 with external jobid 'Submitted batch job 146357'.

[Sun Apr 30 16:14:20 2023]
Job 90:  Get the Fst estimates per window 
Reason: Missing output files: saf/POPS/2pops/PRE_long_LC_vs_PEL_long_LC.fst.Window10kb.done


    for i in {1..3}; do
      realSFS fst stats2 saf/POPS/2pops/PRE_long_LC_vs_PEL_long_LC.fst.idx -win 10000 -step 1000 -type $i > saf/POPS/2pops/PRE_long_LC_vs_PEL_long_LC.fst.Window10kb.type${i}.tsv 2> log/saf_POPS/PRE_long_LC_vs_PEL_long_LC.fst.Window10kb.log
    done
    
Submitted job 90 with external jobid 'Submitted batch job 146358'.

[Sun Apr 30 16:14:20 2023]
Job 99:  Get the Fst estimates per window 
Reason: Missing output files: saf/POPS/2pops/longREF7_vs_cucREF7.fst.Window10kb.done


    for i in {1..3}; do
      realSFS fst stats2 saf/POPS/2pops/longREF7_vs_cucREF7.fst.idx -win 10000 -step 1000 -type $i > saf/POPS/2pops/longREF7_vs_cucREF7.fst.Window10kb.type${i}.tsv 2> log/saf_POPS/longREF7_vs_cucREF7.fst.Window10kb.log
    done
    
Submitted job 99 with external jobid 'Submitted batch job 146359'.

[Sun Apr 30 16:14:20 2023]
Job 92:  Get the Fst estimates per window 
Reason: Missing output files: saf/POPS/2pops/PRE_long_LC_vs_ALL_gal_LC.fst.Window10kb.done


    for i in {1..3}; do
      realSFS fst stats2 saf/POPS/2pops/PRE_long_LC_vs_ALL_gal_LC.fst.idx -win 10000 -step 1000 -type $i > saf/POPS/2pops/PRE_long_LC_vs_ALL_gal_LC.fst.Window10kb.type${i}.tsv 2> log/saf_POPS/PRE_long_LC_vs_ALL_gal_LC.fst.Window10kb.log
    done
    
Submitted job 92 with external jobid 'Submitted batch job 146360'.

[Sun Apr 30 16:14:20 2023]
Job 94:  Get the Fst estimates per window 
Reason: Missing output files: saf/POPS/2pops/PEL_long_LC_vs_PEL_cuc_LC.fst.Window10kb.done


    for i in {1..3}; do
      realSFS fst stats2 saf/POPS/2pops/PEL_long_LC_vs_PEL_cuc_LC.fst.idx -win 10000 -step 1000 -type $i > saf/POPS/2pops/PEL_long_LC_vs_PEL_cuc_LC.fst.Window10kb.type${i}.tsv 2> log/saf_POPS/PEL_long_LC_vs_PEL_cuc_LC.fst.Window10kb.log
    done
    
Submitted job 94 with external jobid 'Submitted batch job 146361'.

[Sun Apr 30 16:14:20 2023]
Job 96:  Get the Fst estimates per window 
Reason: Missing output files: saf/POPS/2pops/longREF9_vs_galREF9.fst.Window10kb.done


    for i in {1..3}; do
      realSFS fst stats2 saf/POPS/2pops/longREF9_vs_galREF9.fst.idx -win 10000 -step 1000 -type $i > saf/POPS/2pops/longREF9_vs_galREF9.fst.Window10kb.type${i}.tsv 2> log/saf_POPS/longREF9_vs_galREF9.fst.Window10kb.log
    done
    
Submitted job 96 with external jobid 'Submitted batch job 146362'.
[Sun Apr 30 16:14:58 2023]
Error in rule Fst_windows:
    jobid: 94
    input: saf/POPS/2pops/PEL_long_LC_vs_PEL_cuc_LC.fstIndex.done
    output: saf/POPS/2pops/PEL_long_LC_vs_PEL_cuc_LC.fst.Window10kb.done
    log: log/saf_POPS/PEL_long_LC_vs_PEL_cuc_LC.fst.Window10kb.log (check log file(s) for error details)
    shell:
        
    for i in {1..3}; do
      realSFS fst stats2 saf/POPS/2pops/PEL_long_LC_vs_PEL_cuc_LC.fst.idx -win 10000 -step 1000 -type $i > saf/POPS/2pops/PEL_long_LC_vs_PEL_cuc_LC.fst.Window10kb.type${i}.tsv 2> log/saf_POPS/PEL_long_LC_vs_PEL_cuc_LC.fst.Window10kb.log
    done
    
        (one of the commands exited with non-zero exit code; note that snakemake uses bash strict mode!)
    cluster_jobid: Submitted batch job 146361

Error executing rule Fst_windows on cluster (jobid: 94, external: Submitted batch job 146361, jobscript: /gpfs/gpfs1/scratch/c7701178/mach2/DAPHNIA/Daphnia_RestEggs_snakemake_pbs_2.0_HiC_SLURM/.snakemake/tmp.pek2u51z/snakejob.Fst_windows.94.sh). For error details see the cluster log and the log files of the involved rule(s).
[Sun Apr 30 16:15:13 2023]
Error in rule Fst_windows:
    jobid: 95
    input: saf/POPS/2pops/ALL_gal_LC_vs_PEL_cuc_LC.fstIndex.done
    output: saf/POPS/2pops/ALL_gal_LC_vs_PEL_cuc_LC.fst.Window10kb.done
    log: log/saf_POPS/ALL_gal_LC_vs_PEL_cuc_LC.fst.Window10kb.log (check log file(s) for error details)
    shell:
        
    for i in {1..3}; do
      realSFS fst stats2 saf/POPS/2pops/ALL_gal_LC_vs_PEL_cuc_LC.fst.idx -win 10000 -step 1000 -type $i > saf/POPS/2pops/ALL_gal_LC_vs_PEL_cuc_LC.fst.Window10kb.type${i}.tsv 2> log/saf_POPS/ALL_gal_LC_vs_PEL_cuc_LC.fst.Window10kb.log
    done
    
        (one of the commands exited with non-zero exit code; note that snakemake uses bash strict mode!)
    cluster_jobid: Submitted batch job 146356

Error executing rule Fst_windows on cluster (jobid: 95, external: Submitted batch job 146356, jobscript: /gpfs/gpfs1/scratch/c7701178/mach2/DAPHNIA/Daphnia_RestEggs_snakemake_pbs_2.0_HiC_SLURM/.snakemake/tmp.pek2u51z/snakejob.Fst_windows.95.sh). For error details see the cluster log and the log files of the involved rule(s).
[Sun Apr 30 16:15:15 2023]
Error in rule Fst_windows:
    jobid: 90
    input: saf/POPS/2pops/PRE_long_LC_vs_PEL_long_LC.fstIndex.done
    output: saf/POPS/2pops/PRE_long_LC_vs_PEL_long_LC.fst.Window10kb.done
    log: log/saf_POPS/PRE_long_LC_vs_PEL_long_LC.fst.Window10kb.log (check log file(s) for error details)
    shell:
        
    for i in {1..3}; do
      realSFS fst stats2 saf/POPS/2pops/PRE_long_LC_vs_PEL_long_LC.fst.idx -win 10000 -step 1000 -type $i > saf/POPS/2pops/PRE_long_LC_vs_PEL_long_LC.fst.Window10kb.type${i}.tsv 2> log/saf_POPS/PRE_long_LC_vs_PEL_long_LC.fst.Window10kb.log
    done
    
        (one of the commands exited with non-zero exit code; note that snakemake uses bash strict mode!)
    cluster_jobid: Submitted batch job 146358

Error executing rule Fst_windows on cluster (jobid: 90, external: Submitted batch job 146358, jobscript: /gpfs/gpfs1/scratch/c7701178/mach2/DAPHNIA/Daphnia_RestEggs_snakemake_pbs_2.0_HiC_SLURM/.snakemake/tmp.pek2u51z/snakejob.Fst_windows.90.sh). For error details see the cluster log and the log files of the involved rule(s).
[Sun Apr 30 16:16:03 2023]
Error in rule Fst_windows:
    jobid: 91
    input: saf/POPS/2pops/PRE_long_LC_vs_PEL_cuc_LC.fstIndex.done
    output: saf/POPS/2pops/PRE_long_LC_vs_PEL_cuc_LC.fst.Window10kb.done
    log: log/saf_POPS/PRE_long_LC_vs_PEL_cuc_LC.fst.Window10kb.log (check log file(s) for error details)
    shell:
        
    for i in {1..3}; do
      realSFS fst stats2 saf/POPS/2pops/PRE_long_LC_vs_PEL_cuc_LC.fst.idx -win 10000 -step 1000 -type $i > saf/POPS/2pops/PRE_long_LC_vs_PEL_cuc_LC.fst.Window10kb.type${i}.tsv 2> log/saf_POPS/PRE_long_LC_vs_PEL_cuc_LC.fst.Window10kb.log
    done
    
        (one of the commands exited with non-zero exit code; note that snakemake uses bash strict mode!)
    cluster_jobid: Submitted batch job 146353

Error executing rule Fst_windows on cluster (jobid: 91, external: Submitted batch job 146353, jobscript: /gpfs/gpfs1/scratch/c7701178/mach2/DAPHNIA/Daphnia_RestEggs_snakemake_pbs_2.0_HiC_SLURM/.snakemake/tmp.pek2u51z/snakejob.Fst_windows.91.sh). For error details see the cluster log and the log files of the involved rule(s).
[Sun Apr 30 16:16:04 2023]
Error in rule Fst_windows:
    jobid: 100
    input: saf/POPS/2pops/galREF9_vs_cucREF7.fstIndex.done
    output: saf/POPS/2pops/galREF9_vs_cucREF7.fst.Window10kb.done
    log: log/saf_POPS/galREF9_vs_cucREF7.fst.Window10kb.log (check log file(s) for error details)
    shell:
        
    for i in {1..3}; do
      realSFS fst stats2 saf/POPS/2pops/galREF9_vs_cucREF7.fst.idx -win 10000 -step 1000 -type $i > saf/POPS/2pops/galREF9_vs_cucREF7.fst.Window10kb.type${i}.tsv 2> log/saf_POPS/galREF9_vs_cucREF7.fst.Window10kb.log
    done
    
        (one of the commands exited with non-zero exit code; note that snakemake uses bash strict mode!)
    cluster_jobid: Submitted batch job 146354

Error executing rule Fst_windows on cluster (jobid: 100, external: Submitted batch job 146354, jobscript: /gpfs/gpfs1/scratch/c7701178/mach2/DAPHNIA/Daphnia_RestEggs_snakemake_pbs_2.0_HiC_SLURM/.snakemake/tmp.pek2u51z/snakejob.Fst_windows.100.sh). For error details see the cluster log and the log files of the involved rule(s).
[Sun Apr 30 16:16:05 2023]
Error in rule Fst_windows:
    jobid: 93
    input: saf/POPS/2pops/ALL_gal_LC_vs_PEL_long_LC.fstIndex.done
    output: saf/POPS/2pops/ALL_gal_LC_vs_PEL_long_LC.fst.Window10kb.done
    log: log/saf_POPS/ALL_gal_LC_vs_PEL_long_LC.fst.Window10kb.log (check log file(s) for error details)
    shell:
        
    for i in {1..3}; do
      realSFS fst stats2 saf/POPS/2pops/ALL_gal_LC_vs_PEL_long_LC.fst.idx -win 10000 -step 1000 -type $i > saf/POPS/2pops/ALL_gal_LC_vs_PEL_long_LC.fst.Window10kb.type${i}.tsv 2> log/saf_POPS/ALL_gal_LC_vs_PEL_long_LC.fst.Window10kb.log
    done
    
        (one of the commands exited with non-zero exit code; note that snakemake uses bash strict mode!)
    cluster_jobid: Submitted batch job 146355

Error executing rule Fst_windows on cluster (jobid: 93, external: Submitted batch job 146355, jobscript: /gpfs/gpfs1/scratch/c7701178/mach2/DAPHNIA/Daphnia_RestEggs_snakemake_pbs_2.0_HiC_SLURM/.snakemake/tmp.pek2u51z/snakejob.Fst_windows.93.sh). For error details see the cluster log and the log files of the involved rule(s).
[Sun Apr 30 16:16:06 2023]
Error in rule Fst_windows:
    jobid: 97
    input: saf/POPS/2pops/longREF9_vs_cucREF7.fstIndex.done
    output: saf/POPS/2pops/longREF9_vs_cucREF7.fst.Window10kb.done
    log: log/saf_POPS/longREF9_vs_cucREF7.fst.Window10kb.log (check log file(s) for error details)
    shell:
        
    for i in {1..3}; do
      realSFS fst stats2 saf/POPS/2pops/longREF9_vs_cucREF7.fst.idx -win 10000 -step 1000 -type $i > saf/POPS/2pops/longREF9_vs_cucREF7.fst.Window10kb.type${i}.tsv 2> log/saf_POPS/longREF9_vs_cucREF7.fst.Window10kb.log
    done
    
        (one of the commands exited with non-zero exit code; note that snakemake uses bash strict mode!)
    cluster_jobid: Submitted batch job 146357

Error executing rule Fst_windows on cluster (jobid: 97, external: Submitted batch job 146357, jobscript: /gpfs/gpfs1/scratch/c7701178/mach2/DAPHNIA/Daphnia_RestEggs_snakemake_pbs_2.0_HiC_SLURM/.snakemake/tmp.pek2u51z/snakejob.Fst_windows.97.sh). For error details see the cluster log and the log files of the involved rule(s).
[Sun Apr 30 16:16:07 2023]
Error in rule Fst_windows:
    jobid: 99
    input: saf/POPS/2pops/longREF7_vs_cucREF7.fstIndex.done
    output: saf/POPS/2pops/longREF7_vs_cucREF7.fst.Window10kb.done
    log: log/saf_POPS/longREF7_vs_cucREF7.fst.Window10kb.log (check log file(s) for error details)
    shell:
        
    for i in {1..3}; do
      realSFS fst stats2 saf/POPS/2pops/longREF7_vs_cucREF7.fst.idx -win 10000 -step 1000 -type $i > saf/POPS/2pops/longREF7_vs_cucREF7.fst.Window10kb.type${i}.tsv 2> log/saf_POPS/longREF7_vs_cucREF7.fst.Window10kb.log
    done
    
        (one of the commands exited with non-zero exit code; note that snakemake uses bash strict mode!)
    cluster_jobid: Submitted batch job 146359

Error executing rule Fst_windows on cluster (jobid: 99, external: Submitted batch job 146359, jobscript: /gpfs/gpfs1/scratch/c7701178/mach2/DAPHNIA/Daphnia_RestEggs_snakemake_pbs_2.0_HiC_SLURM/.snakemake/tmp.pek2u51z/snakejob.Fst_windows.99.sh). For error details see the cluster log and the log files of the involved rule(s).
[Sun Apr 30 16:16:08 2023]
Error in rule Fst_windows:
    jobid: 92
    input: saf/POPS/2pops/PRE_long_LC_vs_ALL_gal_LC.fstIndex.done
    output: saf/POPS/2pops/PRE_long_LC_vs_ALL_gal_LC.fst.Window10kb.done
    log: log/saf_POPS/PRE_long_LC_vs_ALL_gal_LC.fst.Window10kb.log (check log file(s) for error details)
    shell:
        
    for i in {1..3}; do
      realSFS fst stats2 saf/POPS/2pops/PRE_long_LC_vs_ALL_gal_LC.fst.idx -win 10000 -step 1000 -type $i > saf/POPS/2pops/PRE_long_LC_vs_ALL_gal_LC.fst.Window10kb.type${i}.tsv 2> log/saf_POPS/PRE_long_LC_vs_ALL_gal_LC.fst.Window10kb.log
    done
    
        (one of the commands exited with non-zero exit code; note that snakemake uses bash strict mode!)
    cluster_jobid: Submitted batch job 146360

Error executing rule Fst_windows on cluster (jobid: 92, external: Submitted batch job 146360, jobscript: /gpfs/gpfs1/scratch/c7701178/mach2/DAPHNIA/Daphnia_RestEggs_snakemake_pbs_2.0_HiC_SLURM/.snakemake/tmp.pek2u51z/snakejob.Fst_windows.92.sh). For error details see the cluster log and the log files of the involved rule(s).
[Sun Apr 30 16:16:09 2023]
Error in rule Fst_windows:
    jobid: 96
    input: saf/POPS/2pops/longREF9_vs_galREF9.fstIndex.done
    output: saf/POPS/2pops/longREF9_vs_galREF9.fst.Window10kb.done
    log: log/saf_POPS/longREF9_vs_galREF9.fst.Window10kb.log (check log file(s) for error details)
    shell:
        
    for i in {1..3}; do
      realSFS fst stats2 saf/POPS/2pops/longREF9_vs_galREF9.fst.idx -win 10000 -step 1000 -type $i > saf/POPS/2pops/longREF9_vs_galREF9.fst.Window10kb.type${i}.tsv 2> log/saf_POPS/longREF9_vs_galREF9.fst.Window10kb.log
    done
    
        (one of the commands exited with non-zero exit code; note that snakemake uses bash strict mode!)
    cluster_jobid: Submitted batch job 146362

Error executing rule Fst_windows on cluster (jobid: 96, external: Submitted batch job 146362, jobscript: /gpfs/gpfs1/scratch/c7701178/mach2/DAPHNIA/Daphnia_RestEggs_snakemake_pbs_2.0_HiC_SLURM/.snakemake/tmp.pek2u51z/snakejob.Fst_windows.96.sh). For error details see the cluster log and the log files of the involved rule(s).
[Sun Apr 30 16:16:19 2023]
Error in rule Fst_windows:
    jobid: 98
    input: saf/POPS/2pops/longREF7_vs_galREF9.fstIndex.done
    output: saf/POPS/2pops/longREF7_vs_galREF9.fst.Window10kb.done
    log: log/saf_POPS/longREF7_vs_galREF9.fst.Window10kb.log (check log file(s) for error details)
    shell:
        
    for i in {1..3}; do
      realSFS fst stats2 saf/POPS/2pops/longREF7_vs_galREF9.fst.idx -win 10000 -step 1000 -type $i > saf/POPS/2pops/longREF7_vs_galREF9.fst.Window10kb.type${i}.tsv 2> log/saf_POPS/longREF7_vs_galREF9.fst.Window10kb.log
    done
    
        (one of the commands exited with non-zero exit code; note that snakemake uses bash strict mode!)
    cluster_jobid: Submitted batch job 146352

Error executing rule Fst_windows on cluster (jobid: 98, external: Submitted batch job 146352, jobscript: /gpfs/gpfs1/scratch/c7701178/mach2/DAPHNIA/Daphnia_RestEggs_snakemake_pbs_2.0_HiC_SLURM/.snakemake/tmp.pek2u51z/snakejob.Fst_windows.98.sh). For error details see the cluster log and the log files of the involved rule(s).
Exiting because a job execution failed. Look above for error message
Complete log: .snakemake/log/2023-04-30T161418.221150.snakemake.log
