Building DAG of jobs...
Using shell: /usr/bin/bash
Provided cluster nodes: 5000
Job stats:
job                 count    min threads    max threads
----------------  -------  -------------  -------------
Fst_index_2pops        11              4              4
Fst_index_3pops         1              4              4
all                     1              1              1
angsd_SAF_POP           1              6              6
onedsfs_folded          1              2              2
sfs2theta               1              2              2
theta_stat_SW           1             12             12
theta_stat_chrom        1              2              2
twodsfs_folded         11              2              2
total                  29              1             12

Select jobs to execute...

[Wed Apr 26 11:20:18 2023]
Job 9:  Compute site allele frequency likelihood (.saf.idx) for each population using angsd 
Reason: Missing output files: saf/POPS/PEL_cuc_LC_8_8_215.GL2.saf.idx.done


    angsd -b list/saf/PEL_cuc_LC.list -ref ref/Dgaleata_M5_PBasm.FINAL.fasta -anc ref/Dgaleata_M5_PBasm.FINAL.fasta -out saf/POPS/PEL_cuc_LC_8_8_215.GL2 -uniqueOnly 1 -remove_bads 1 -only_proper_pairs 1 -trim 0 -C 50 -minQ 20 -minMapQ 30 -minInd 8 -setMinDepth 8 -setMaxDepth 215 -GL 2 -doCounts 1 -doSaf 1 2> log/saf_POPS/PEL_cuc_LC_8_8_215.GL2.saf.idx.log
    
Submitted job 9 with external jobid 'Submitted batch job 142841'.
slurmstepd-n019: error: *** JOB 142840 ON n019 CANCELLED AT 2023-04-27T09:30:22 ***
